2026-03-14 16:22:15,916 [trainer.py:178] => ----------------------------------------------------------------------------------------------------
2026-03-14 16:22:15,935 [trainer.py:182] => Python version: 3.12.13
2026-03-14 16:22:15,935 [trainer.py:183] => PyTorch version: 2.10.0+cu130,TorchVision version: 0.25.0+cu130
2026-03-14 16:22:15,935 [trainer.py:184] => GPU Name: NVIDIA GeForce RTX 4090
2026-03-14 16:22:15,935 [trainer.py:185] => Driver: 580.126.09
2026-03-14 16:22:15,935 [trainer.py:188] => config: ./exps/deforest_dil.json
2026-03-14 16:22:15,935 [trainer.py:188] => order: 3
2026-03-14 16:22:15,935 [trainer.py:188] => device: [device(type='cuda', index=0)]
2026-03-14 16:22:15,936 [trainer.py:188] => prefix: CONEC_LoRA
2026-03-14 16:22:15,936 [trainer.py:188] => dataset: deforest_dil
2026-03-14 16:22:15,936 [trainer.py:188] => data_path: /home/rizal/rizal_projects/CONEC-LoRA/Datasets/DIL/deforest_dil
2026-03-14 16:22:15,936 [trainer.py:188] => total_sessions: 5
2026-03-14 16:22:15,936 [trainer.py:188] => shuffle: False
2026-03-14 16:22:15,936 [trainer.py:188] => init_cls: 6
2026-03-14 16:22:15,936 [trainer.py:188] => increment: 6
2026-03-14 16:22:15,936 [trainer.py:188] => model_name: conec_lora
2026-03-14 16:22:15,936 [trainer.py:188] => backbone_type: vit_base_patch16_224_conec_lora
2026-03-14 16:22:15,936 [trainer.py:188] => temporary_classifier_type: ClassifierType.Single_Stochastic_Classifier
2026-03-14 16:22:15,936 [trainer.py:188] => classifier_type: ClassifierType.Separate_Stochastic_Classifiers
2026-03-14 16:22:15,936 [trainer.py:188] => use_proxy_classifier: True
2026-03-14 16:22:15,936 [trainer.py:188] => cache_synthetic_embeddings: True
2026-03-14 16:22:15,936 [trainer.py:188] => max_iter_for_GMM: 150
2026-03-14 16:22:15,936 [trainer.py:188] => tol_for_GMM: 0.002
2026-03-14 16:22:15,936 [trainer.py:188] => max_number_of_embeddings_in_memory: 500000
2026-03-14 16:22:15,936 [trainer.py:188] => LoRA_downsize_dimension: 8
2026-03-14 16:22:15,936 [trainer.py:188] => generation_strategy: GenerationStrategy.GMM_with_generator_loss
2026-03-14 16:22:15,936 [trainer.py:188] => n_components: 2
2026-03-14 16:22:15,936 [trainer.py:188] => use_CLS_token_for_domain_classification: False
2026-03-14 16:22:15,936 [trainer.py:188] => normalize_features_for_domain_classification: False
2026-03-14 16:22:15,936 [trainer.py:188] => chosen_layers_for_intermediate_domain_classifiers: ['0', '1', '2', '3', '4', '5', '6', '7', '8', '9', '10', '11']
2026-03-14 16:22:15,936 [trainer.py:188] => confidence_threshold: 0.9
2026-03-14 16:22:15,936 [trainer.py:188] => freeze_B_matrices_in_shared_LoRAs: True
2026-03-14 16:22:15,936 [trainer.py:188] => epochs: 25
2026-03-14 16:22:15,936 [trainer.py:188] => epochs_domain_classifier_training: 25
2026-03-14 16:22:15,936 [trainer.py:188] => use_transformation_module: True
2026-03-14 16:22:15,936 [trainer.py:188] => lr_default: 0.02
2026-03-14 16:22:15,936 [trainer.py:188] => lr_LoRAs: 0.02
2026-03-14 16:22:15,936 [trainer.py:188] => lr_classifier: 0.02
2026-03-14 16:22:15,936 [trainer.py:188] => lr_temporary_classifier: 0.02
2026-03-14 16:22:15,936 [trainer.py:188] => lr_Auxiliary_network: 0.02
2026-03-14 16:22:15,936 [trainer.py:188] => lr_domain_classifiers: 0.002
2026-03-14 16:22:15,936 [trainer.py:188] => lr_transformation_module: 0.0001
2026-03-14 16:22:15,936 [trainer.py:188] => weight_decay: 0.0002
2026-03-14 16:22:15,936 [trainer.py:188] => weight_decay_classifiers: 2e-05
2026-03-14 16:22:15,936 [trainer.py:188] => weight_decay_domain_classifiers: 0.0002
2026-03-14 16:22:15,936 [trainer.py:188] => weight_decay_transformation_module: 0.0002
2026-03-14 16:22:15,936 [trainer.py:188] => bias_domain_classifier: False
2026-03-14 16:22:15,936 [trainer.py:188] => min_lr: 0
2026-03-14 16:22:15,936 [trainer.py:188] => optimizer: sgd
2026-03-14 16:22:15,936 [trainer.py:188] => scheduler: cosine
2026-03-14 16:22:15,936 [trainer.py:188] => lambda_1: 5.0
2026-03-14 16:22:15,936 [trainer.py:188] => lambda_2: 2.0
2026-03-14 16:22:15,936 [trainer.py:188] => margin: 1.0
2026-03-14 16:22:15,936 [trainer.py:188] => kd_temperature: 2.0
2026-03-14 16:22:15,936 [trainer.py:188] => LoRA_qkv_mask: [1, 0, 1]
2026-03-14 16:22:15,936 [trainer.py:188] => LoRA_shared_layers_ids_list: ['0', '1', '2', '3', '4', '5']
2026-03-14 16:22:15,936 [trainer.py:188] => LoRA_domain_specfic_layers_ids_list: ['6', '7', '8', '9', '10', '11']
2026-03-14 16:22:15,936 [trainer.py:188] => use_block_weight: False
2026-03-14 16:22:15,936 [trainer.py:188] => use_reweight: False
2026-03-14 16:22:15,936 [trainer.py:188] => embd_dim: 768
2026-03-14 16:22:15,936 [trainer.py:188] => seed: 0
2026-03-14 16:22:15,936 [trainer.py:188] => epsilon: 1e-08
2026-03-14 16:22:15,936 [trainer.py:188] => init_milestones: [20, 30, 40]
2026-03-14 16:22:15,936 [trainer.py:188] => lr_default_decay: 0.1
2026-03-14 16:22:15,936 [trainer.py:188] => milestones: [20, 30]
2026-03-14 16:22:15,936 [trainer.py:188] => batch_size: 64
2026-03-14 16:22:15,936 [trainer.py:188] => num_workers: 8
2026-03-14 16:22:15,936 [trainer.py:188] => save_model_after_each_task: True
2026-03-14 16:22:15,936 [trainer.py:188] => debugging: False
2026-03-14 16:22:15,936 [trainer.py:188] => logdir: logs
2026-03-14 16:22:15,936 [trainer.py:188] => save_last_model: False
2026-03-14 16:22:15,936 [trainer.py:188] => load_path: 
2026-03-14 16:22:15,936 [trainer.py:188] => temperature_stochastic_classifier: 16.0
2026-03-14 16:22:15,936 [trainer.py:188] => UMAP: False
2026-03-14 16:22:15,936 [trainer.py:189] => ----------------------------------------------------------------------------------------------------
2026-03-14 16:22:16,039 [data_manager.py:166] => [0, 1, 2, 3, 4, 5, 6, 7, 8, 9, 10, 11, 12, 13, 14, 15, 16, 17, 18, 19, 20, 21, 22, 23, 24, 25, 26, 27, 28, 29]
2026-03-14 16:22:16,864 [_builder.py:217] => Loading pretrained weights from Hugging Face hub (timm/vit_base_patch16_224.augreg2_in21k_ft_in1k)
2026-03-14 16:22:17,186 [_client.py:1025] => HTTP Request: HEAD https://huggingface.co/timm/vit_base_patch16_224.augreg2_in21k_ft_in1k/resolve/main/model.safetensors "HTTP/1.1 302 Found"
2026-03-14 16:22:17,191 [_hub.py:232] => [timm/vit_base_patch16_224.augreg2_in21k_ft_in1k] Safe alternative available for 'pytorch_model.bin' (as 'model.safetensors'). Loading weights using safetensors.
2026-03-14 16:22:17,242 [conec_lora.py:109] => Learning on 0-6
2026-03-14 16:22:17,294 [our_utils.py:157] => Number of learnable parameters of LoRAs regularized: 221184
2026-03-14 16:22:17,294 [our_utils.py:157] => Number of learnable parameters of proxy_fc regularized: 9216
2026-03-14 16:22:17,294 [our_utils.py:159] => Total number of learnable parameters: 230400
2026-03-14 16:22:17,295 [conec_lora.py:161] => Training the domain 0 ...
2026-03-14 16:22:45,110 [conec_lora.py:236] => Task 0, Epoch 1/25 => Loss 1.277, Train_accy 53.58
2026-03-14 16:23:12,822 [conec_lora.py:236] => Task 0, Epoch 2/25 => Loss 1.110, Train_accy 59.28
2026-03-14 16:23:40,614 [conec_lora.py:236] => Task 0, Epoch 3/25 => Loss 1.071, Train_accy 60.29
2026-03-14 16:24:08,455 [conec_lora.py:236] => Task 0, Epoch 4/25 => Loss 1.040, Train_accy 61.40
2026-03-14 16:24:36,295 [conec_lora.py:236] => Task 0, Epoch 5/25 => Loss 1.019, Train_accy 62.28
2026-03-14 16:25:04,177 [conec_lora.py:236] => Task 0, Epoch 6/25 => Loss 1.011, Train_accy 62.55
2026-03-14 16:25:32,056 [conec_lora.py:236] => Task 0, Epoch 7/25 => Loss 0.989, Train_accy 63.39
2026-03-14 16:25:59,939 [conec_lora.py:236] => Task 0, Epoch 8/25 => Loss 0.974, Train_accy 63.95
2026-03-14 16:26:27,805 [conec_lora.py:236] => Task 0, Epoch 9/25 => Loss 0.961, Train_accy 64.24
2026-03-14 16:26:55,701 [conec_lora.py:236] => Task 0, Epoch 10/25 => Loss 0.944, Train_accy 64.90
2026-03-14 16:27:23,588 [conec_lora.py:236] => Task 0, Epoch 11/25 => Loss 0.934, Train_accy 65.25
2026-03-14 16:27:51,474 [conec_lora.py:236] => Task 0, Epoch 12/25 => Loss 0.922, Train_accy 65.53
2026-03-14 16:28:19,371 [conec_lora.py:236] => Task 0, Epoch 13/25 => Loss 0.905, Train_accy 66.41
2026-03-14 16:28:47,285 [conec_lora.py:236] => Task 0, Epoch 14/25 => Loss 0.891, Train_accy 67.41
2026-03-14 16:29:15,204 [conec_lora.py:236] => Task 0, Epoch 15/25 => Loss 0.880, Train_accy 67.15
2026-03-14 16:29:43,116 [conec_lora.py:236] => Task 0, Epoch 16/25 => Loss 0.867, Train_accy 67.84
2026-03-14 16:30:10,985 [conec_lora.py:236] => Task 0, Epoch 17/25 => Loss 0.858, Train_accy 68.41
2026-03-14 16:30:38,885 [conec_lora.py:236] => Task 0, Epoch 18/25 => Loss 0.844, Train_accy 68.94
2026-03-14 16:31:06,771 [conec_lora.py:236] => Task 0, Epoch 19/25 => Loss 0.829, Train_accy 69.59
2026-03-14 16:31:34,666 [conec_lora.py:236] => Task 0, Epoch 20/25 => Loss 0.824, Train_accy 69.62
2026-03-14 16:32:02,560 [conec_lora.py:236] => Task 0, Epoch 21/25 => Loss 0.813, Train_accy 69.90
2026-03-14 16:32:30,447 [conec_lora.py:236] => Task 0, Epoch 22/25 => Loss 0.808, Train_accy 70.08
2026-03-14 16:32:58,341 [conec_lora.py:236] => Task 0, Epoch 23/25 => Loss 0.805, Train_accy 70.68
2026-03-14 16:33:26,227 [conec_lora.py:236] => Task 0, Epoch 24/25 => Loss 0.801, Train_accy 70.12
2026-03-14 16:33:54,119 [conec_lora.py:236] => Task 0, Epoch 25/25 => Loss 0.794, Train_accy 70.78
2026-03-14 16:33:54,120 [conec_lora.py:365] => Calculating the prototypes for the classifier ...
2026-03-14 16:33:54,120 [conec_lora.py:334] => Obtaining the embeddings for domain 0
2026-03-14 16:34:08,628 [conec_lora.py:423] => Training the domain classifier ...
2026-03-14 16:34:08,628 [conec_lora.py:408] => Finding the number of samples to be generated ...
2026-03-14 16:34:08,628 [conec_lora.py:414] =>     We use 0 old + 64 new samples for each batch
2026-03-14 16:34:08,694 [conec_lora.py:543] => ==> Computing the statistics ...
2026-03-14 16:34:08,694 [conec_lora.py:277] => Obtaining the embeddings for domain 0 ...
2026-03-14 16:34:21,813 [conec_lora.py:556] =>     Statistics are ready for task: 0
2026-03-14 16:34:21,813 [conec_lora.py:560] => ==> Compression ...
2026-03-14 16:37:02,871 [conec_lora.py:572] => ==> Compression is done!
2026-03-14 16:37:16,523 [conec_lora.py:533] => Domain classifier training: Task 0, Epoch [1/25] lr 0.00199 Loss 0.1175, Train_acc 98.74
2026-03-14 16:37:30,059 [conec_lora.py:533] => Domain classifier training: Task 0, Epoch [2/25] lr 0.00197 Loss 0.0091, Train_acc 100.00
2026-03-14 16:37:43,632 [conec_lora.py:533] => Domain classifier training: Task 0, Epoch [3/25] lr 0.00193 Loss 0.0061, Train_acc 100.00
2026-03-14 16:37:57,289 [conec_lora.py:533] => Domain classifier training: Task 0, Epoch [4/25] lr 0.00188 Loss 0.0047, Train_acc 100.00
2026-03-14 16:38:10,935 [conec_lora.py:533] => Domain classifier training: Task 0, Epoch [5/25] lr 0.00181 Loss 0.0039, Train_acc 100.00
2026-03-14 16:38:24,583 [conec_lora.py:533] => Domain classifier training: Task 0, Epoch [6/25] lr 0.00173 Loss 0.0033, Train_acc 100.00
2026-03-14 16:38:38,276 [conec_lora.py:533] => Domain classifier training: Task 0, Epoch [7/25] lr 0.00164 Loss 0.0029, Train_acc 100.00
2026-03-14 16:38:51,968 [conec_lora.py:533] => Domain classifier training: Task 0, Epoch [8/25] lr 0.00154 Loss 0.0026, Train_acc 100.00
2026-03-14 16:39:05,666 [conec_lora.py:533] => Domain classifier training: Task 0, Epoch [9/25] lr 0.00143 Loss 0.0024, Train_acc 100.00
2026-03-14 16:39:19,376 [conec_lora.py:533] => Domain classifier training: Task 0, Epoch [10/25] lr 0.00131 Loss 0.0023, Train_acc 100.00
2026-03-14 16:39:33,062 [conec_lora.py:533] => Domain classifier training: Task 0, Epoch [11/25] lr 0.00119 Loss 0.0021, Train_acc 100.00
2026-03-14 16:39:46,781 [conec_lora.py:533] => Domain classifier training: Task 0, Epoch [12/25] lr 0.00106 Loss 0.0020, Train_acc 100.00
2026-03-14 16:40:00,525 [conec_lora.py:533] => Domain classifier training: Task 0, Epoch [13/25] lr 0.00094 Loss 0.0019, Train_acc 100.00
2026-03-14 16:40:14,278 [conec_lora.py:533] => Domain classifier training: Task 0, Epoch [14/25] lr 0.00081 Loss 0.0019, Train_acc 100.00
2026-03-14 16:40:27,978 [conec_lora.py:533] => Domain classifier training: Task 0, Epoch [15/25] lr 0.00069 Loss 0.0018, Train_acc 100.00
2026-03-14 16:40:41,690 [conec_lora.py:533] => Domain classifier training: Task 0, Epoch [16/25] lr 0.00057 Loss 0.0018, Train_acc 100.00
2026-03-14 16:40:55,402 [conec_lora.py:533] => Domain classifier training: Task 0, Epoch [17/25] lr 0.00046 Loss 0.0017, Train_acc 100.00
2026-03-14 16:41:09,116 [conec_lora.py:533] => Domain classifier training: Task 0, Epoch [18/25] lr 0.00036 Loss 0.0017, Train_acc 100.00
2026-03-14 16:41:22,816 [conec_lora.py:533] => Domain classifier training: Task 0, Epoch [19/25] lr 0.00027 Loss 0.0017, Train_acc 100.00
2026-03-14 16:41:36,500 [conec_lora.py:533] => Domain classifier training: Task 0, Epoch [20/25] lr 0.00019 Loss 0.0017, Train_acc 100.00
2026-03-14 16:41:50,214 [conec_lora.py:533] => Domain classifier training: Task 0, Epoch [21/25] lr 0.00012 Loss 0.0016, Train_acc 100.00
2026-03-14 16:42:03,941 [conec_lora.py:533] => Domain classifier training: Task 0, Epoch [22/25] lr 0.00007 Loss 0.0016, Train_acc 100.00
2026-03-14 16:42:17,657 [conec_lora.py:533] => Domain classifier training: Task 0, Epoch [23/25] lr 0.00003 Loss 0.0016, Train_acc 100.00
2026-03-14 16:42:31,375 [conec_lora.py:533] => Domain classifier training: Task 0, Epoch [24/25] lr 0.00001 Loss 0.0016, Train_acc 100.00
2026-03-14 16:42:45,093 [conec_lora.py:533] => Domain classifier training: Task 0, Epoch [25/25] lr 0.00000 Loss 0.0016, Train_acc 100.00
2026-03-14 16:42:45,242 [conec_lora.py:699] => Evaluating on the test set ...
2026-03-14 16:42:52,632 [trainer.py:102] => CNN (w/o oracle): {'total': 48.23, '0': 48.23, '0_many': 48.23, '0_medium': -1.0, '0_few': -1.0, '00-01': 49.86, '02-03': 60.31, '04-05': 41.94, 'old': 0.0, 'new': 48.23, 'many_shot': np.float64(48.23)}
2026-03-14 16:42:52,632 [trainer.py:107] => Accuracies (w/o oracle) for order 3: [48.23] -> Avg.: 48.23
2026-03-14 16:42:52,632 [trainer.py:110] => CNN (with oracle): {'total': 48.31, '0': 48.31, '0_many': 48.31, '0_medium': -1.0, '0_few': -1.0, '00-01': 49.86, '02-03': 60.31, '04-05': 42.17, 'old': 0.0, 'new': 48.31, 'many_shot': np.float64(48.31)}
2026-03-14 16:42:52,632 [trainer.py:115] => Accuracies (with oracle) for order 3: [48.31] -> Avg.: 48.31
2026-03-14 16:42:52,632 [trainer.py:119] => Domain classification accuracies (after each domain) for order 3:  [100.00] -> Avg.: 100.00
2026-03-14 16:42:52,996 [trainer.py:141] => The parameters are saved after task: 0!
2026-03-14 16:42:52,997 [conec_lora.py:109] => Learning on 6-12
2026-03-14 16:42:53,003 [our_utils.py:157] => Number of learnable parameters of LoRAs regularized: 221184
2026-03-14 16:42:53,003 [our_utils.py:157] => Number of learnable parameters of proxy_fc regularized: 9216
2026-03-14 16:42:53,003 [our_utils.py:159] => Total number of learnable parameters: 230400
2026-03-14 16:42:53,003 [conec_lora.py:161] => Training the domain 1 ...
2026-03-14 16:43:21,923 [conec_lora.py:236] => Task 1, Epoch 1/25 => Loss 0.974, Train_accy 65.44
2026-03-14 16:43:50,799 [conec_lora.py:236] => Task 1, Epoch 2/25 => Loss 0.869, Train_accy 68.72
2026-03-14 16:44:19,675 [conec_lora.py:236] => Task 1, Epoch 3/25 => Loss 0.812, Train_accy 70.82
2026-03-14 16:44:48,555 [conec_lora.py:236] => Task 1, Epoch 4/25 => Loss 0.797, Train_accy 71.04
2026-03-14 16:45:17,420 [conec_lora.py:236] => Task 1, Epoch 5/25 => Loss 0.763, Train_accy 72.14
2026-03-14 16:45:46,297 [conec_lora.py:236] => Task 1, Epoch 6/25 => Loss 0.751, Train_accy 72.58
2026-03-14 16:46:15,168 [conec_lora.py:236] => Task 1, Epoch 7/25 => Loss 0.730, Train_accy 73.29
2026-03-14 16:46:44,051 [conec_lora.py:236] => Task 1, Epoch 8/25 => Loss 0.729, Train_accy 73.60
2026-03-14 16:47:12,936 [conec_lora.py:236] => Task 1, Epoch 9/25 => Loss 0.694, Train_accy 74.33
2026-03-14 16:47:41,797 [conec_lora.py:236] => Task 1, Epoch 10/25 => Loss 0.681, Train_accy 75.25
2026-03-14 16:48:10,694 [conec_lora.py:236] => Task 1, Epoch 11/25 => Loss 0.660, Train_accy 75.84
2026-03-14 16:48:39,595 [conec_lora.py:236] => Task 1, Epoch 12/25 => Loss 0.645, Train_accy 76.27
2026-03-14 16:49:08,498 [conec_lora.py:236] => Task 1, Epoch 13/25 => Loss 0.622, Train_accy 76.84
2026-03-14 16:49:37,383 [conec_lora.py:236] => Task 1, Epoch 14/25 => Loss 0.603, Train_accy 78.34
2026-03-14 16:50:06,254 [conec_lora.py:236] => Task 1, Epoch 15/25 => Loss 0.592, Train_accy 78.68
2026-03-14 16:50:35,117 [conec_lora.py:236] => Task 1, Epoch 16/25 => Loss 0.565, Train_accy 79.49
2026-03-14 16:51:03,981 [conec_lora.py:236] => Task 1, Epoch 17/25 => Loss 0.559, Train_accy 79.69
2026-03-14 16:51:32,853 [conec_lora.py:236] => Task 1, Epoch 18/25 => Loss 0.535, Train_accy 80.51
2026-03-14 16:52:01,764 [conec_lora.py:236] => Task 1, Epoch 19/25 => Loss 0.520, Train_accy 81.35
2026-03-14 16:52:30,647 [conec_lora.py:236] => Task 1, Epoch 20/25 => Loss 0.506, Train_accy 81.68
2026-03-14 16:52:59,538 [conec_lora.py:236] => Task 1, Epoch 21/25 => Loss 0.498, Train_accy 82.32
2026-03-14 16:53:28,435 [conec_lora.py:236] => Task 1, Epoch 22/25 => Loss 0.488, Train_accy 82.99
2026-03-14 16:53:57,332 [conec_lora.py:236] => Task 1, Epoch 23/25 => Loss 0.482, Train_accy 82.86
2026-03-14 16:54:26,204 [conec_lora.py:236] => Task 1, Epoch 24/25 => Loss 0.470, Train_accy 83.32
2026-03-14 16:54:55,054 [conec_lora.py:236] => Task 1, Epoch 25/25 => Loss 0.471, Train_accy 83.01
2026-03-14 16:54:55,054 [conec_lora.py:365] => Calculating the prototypes for the classifier ...
2026-03-14 16:54:55,055 [conec_lora.py:334] => Obtaining the embeddings for domain 1
2026-03-14 16:55:04,098 [conec_lora.py:423] => Training the domain classifier ...
2026-03-14 16:55:04,098 [conec_lora.py:408] => Finding the number of samples to be generated ...
2026-03-14 16:55:04,098 [conec_lora.py:414] =>     We use 32 old + 32 new samples for each batch
2026-03-14 16:55:04,163 [conec_lora.py:543] => ==> Computing the statistics ...
2026-03-14 16:55:04,163 [conec_lora.py:277] => Obtaining the embeddings for domain 1 ...
2026-03-14 16:55:12,385 [conec_lora.py:556] =>     Statistics are ready for task: 1
2026-03-14 16:55:12,386 [conec_lora.py:560] => ==> Compression ...
2026-03-14 16:57:03,670 [conec_lora.py:572] => ==> Compression is done!
2026-03-14 16:57:03,738 [conec_lora.py:576] => => Generating synthetic embeddings
2026-03-14 16:57:17,128 [conec_lora.py:533] => Domain classifier training: Task 1, Epoch [1/25] lr 0.00199 Loss 129.5450, Train_acc 63.54
2026-03-14 16:57:26,988 [conec_lora.py:533] => Domain classifier training: Task 1, Epoch [2/25] lr 0.00197 Loss 122.7066, Train_acc 73.49
2026-03-14 16:57:36,764 [conec_lora.py:533] => Domain classifier training: Task 1, Epoch [3/25] lr 0.00193 Loss 118.9110, Train_acc 77.02
2026-03-14 16:57:46,630 [conec_lora.py:533] => Domain classifier training: Task 1, Epoch [4/25] lr 0.00188 Loss 116.1480, Train_acc 78.58
2026-03-14 16:57:56,459 [conec_lora.py:533] => Domain classifier training: Task 1, Epoch [5/25] lr 0.00181 Loss 113.6976, Train_acc 79.75
2026-03-14 16:58:06,299 [conec_lora.py:533] => Domain classifier training: Task 1, Epoch [6/25] lr 0.00173 Loss 110.7946, Train_acc 81.92
2026-03-14 16:58:16,157 [conec_lora.py:533] => Domain classifier training: Task 1, Epoch [7/25] lr 0.00164 Loss 108.2364, Train_acc 81.51
2026-03-14 16:58:26,122 [conec_lora.py:533] => Domain classifier training: Task 1, Epoch [8/25] lr 0.00154 Loss 105.6494, Train_acc 82.81
2026-03-14 16:58:36,012 [conec_lora.py:533] => Domain classifier training: Task 1, Epoch [9/25] lr 0.00143 Loss 103.9125, Train_acc 83.95
2026-03-14 16:58:45,836 [conec_lora.py:533] => Domain classifier training: Task 1, Epoch [10/25] lr 0.00131 Loss 102.8971, Train_acc 84.08
2026-03-14 16:58:55,796 [conec_lora.py:533] => Domain classifier training: Task 1, Epoch [11/25] lr 0.00119 Loss 101.9781, Train_acc 83.90
2026-03-14 16:59:05,638 [conec_lora.py:533] => Domain classifier training: Task 1, Epoch [12/25] lr 0.00106 Loss 100.9343, Train_acc 84.44
2026-03-14 16:59:15,656 [conec_lora.py:533] => Domain classifier training: Task 1, Epoch [13/25] lr 0.00094 Loss 100.3441, Train_acc 84.88
2026-03-14 16:59:25,548 [conec_lora.py:533] => Domain classifier training: Task 1, Epoch [14/25] lr 0.00081 Loss 99.3795, Train_acc 84.98
2026-03-14 16:59:35,450 [conec_lora.py:533] => Domain classifier training: Task 1, Epoch [15/25] lr 0.00069 Loss 98.7981, Train_acc 85.32
2026-03-14 16:59:45,424 [conec_lora.py:533] => Domain classifier training: Task 1, Epoch [16/25] lr 0.00057 Loss 97.4705, Train_acc 85.32
2026-03-14 16:59:55,361 [conec_lora.py:533] => Domain classifier training: Task 1, Epoch [17/25] lr 0.00046 Loss 96.4396, Train_acc 85.37
2026-03-14 17:00:05,276 [conec_lora.py:533] => Domain classifier training: Task 1, Epoch [18/25] lr 0.00036 Loss 95.7559, Train_acc 85.71
2026-03-14 17:00:15,178 [conec_lora.py:533] => Domain classifier training: Task 1, Epoch [19/25] lr 0.00027 Loss 94.8917, Train_acc 85.92
2026-03-14 17:00:25,077 [conec_lora.py:533] => Domain classifier training: Task 1, Epoch [20/25] lr 0.00019 Loss 94.2558, Train_acc 85.42
2026-03-14 17:00:34,936 [conec_lora.py:533] => Domain classifier training: Task 1, Epoch [21/25] lr 0.00012 Loss 93.8758, Train_acc 86.30
2026-03-14 17:00:44,854 [conec_lora.py:533] => Domain classifier training: Task 1, Epoch [22/25] lr 0.00007 Loss 93.8695, Train_acc 85.68
2026-03-14 17:00:54,797 [conec_lora.py:533] => Domain classifier training: Task 1, Epoch [23/25] lr 0.00003 Loss 93.9310, Train_acc 85.89
2026-03-14 17:01:04,709 [conec_lora.py:533] => Domain classifier training: Task 1, Epoch [24/25] lr 0.00001 Loss 93.6902, Train_acc 85.73
2026-03-14 17:01:14,671 [conec_lora.py:533] => Domain classifier training: Task 1, Epoch [25/25] lr 0.00000 Loss 93.4977, Train_acc 86.33
2026-03-14 17:01:14,831 [conec_lora.py:699] => Evaluating on the test set ...
2026-03-14 17:01:31,199 [trainer.py:102] => CNN (w/o oracle): {'total': 47.91, '0': 46.52, '0_many': 46.52, '0_medium': -1.0, '0_few': -1.0, '1': 50.2, '1_many': 50.2, '1_medium': -1.0, '1_few': -1.0, '00-01': 46.65, '02-03': 62.26, '04-05': 41.59, '06-07': 50.0, '08-09': 52.88, '10-11': 50.0, 'old': 46.52, 'new': 50.2, 'many_shot': np.float64(48.36)}
2026-03-14 17:01:31,199 [trainer.py:107] => Accuracies (w/o oracle) for order 3: [48.23, 47.91] -> Avg.: 48.07
2026-03-14 17:01:31,199 [trainer.py:110] => CNN (with oracle): {'total': 49.05, '0': 48.23, '0_many': 48.23, '0_medium': -1.0, '0_few': -1.0, '1': 50.39, '1_many': 50.39, '1_medium': -1.0, '1_few': -1.0, '00-01': 49.86, '02-03': 60.31, '04-05': 41.94, '06-07': 50.08, '08-09': 53.85, '10-11': 50.91, 'old': 48.23, 'new': 50.39, 'many_shot': np.float64(49.31)}
2026-03-14 17:01:31,199 [trainer.py:115] => Accuracies (with oracle) for order 3: [48.31, 49.05] -> Avg.: 48.68
2026-03-14 17:01:31,199 [trainer.py:119] => Domain classification accuracies (after each domain) for order 3:  [100.00, 82.40] -> Avg.: 91.20
2026-03-14 17:01:31,561 [trainer.py:141] => The parameters are saved after task: 1!
2026-03-14 17:01:31,561 [conec_lora.py:109] => Learning on 12-18
2026-03-14 17:01:31,567 [our_utils.py:157] => Number of learnable parameters of LoRAs regularized: 221184
2026-03-14 17:01:31,567 [our_utils.py:157] => Number of learnable parameters of proxy_fc regularized: 9216
2026-03-14 17:01:31,567 [our_utils.py:159] => Total number of learnable parameters: 230400
2026-03-14 17:01:31,567 [conec_lora.py:161] => Training the domain 2 ...
2026-03-14 17:01:50,289 [conec_lora.py:236] => Task 2, Epoch 1/25 => Loss 1.049, Train_accy 60.66
2026-03-14 17:02:08,983 [conec_lora.py:236] => Task 2, Epoch 2/25 => Loss 0.898, Train_accy 65.45
2026-03-14 17:02:27,675 [conec_lora.py:236] => Task 2, Epoch 3/25 => Loss 0.857, Train_accy 67.67
2026-03-14 17:02:46,382 [conec_lora.py:236] => Task 2, Epoch 4/25 => Loss 0.823, Train_accy 68.67
2026-03-14 17:03:05,113 [conec_lora.py:236] => Task 2, Epoch 5/25 => Loss 0.785, Train_accy 70.13
2026-03-14 17:03:23,815 [conec_lora.py:236] => Task 2, Epoch 6/25 => Loss 0.767, Train_accy 71.06
2026-03-14 17:03:42,505 [conec_lora.py:236] => Task 2, Epoch 7/25 => Loss 0.734, Train_accy 71.90
2026-03-14 17:04:01,212 [conec_lora.py:236] => Task 2, Epoch 8/25 => Loss 0.717, Train_accy 72.52
2026-03-14 17:04:19,913 [conec_lora.py:236] => Task 2, Epoch 9/25 => Loss 0.680, Train_accy 74.85
2026-03-14 17:04:38,626 [conec_lora.py:236] => Task 2, Epoch 10/25 => Loss 0.659, Train_accy 75.49
2026-03-14 17:04:57,340 [conec_lora.py:236] => Task 2, Epoch 11/25 => Loss 0.617, Train_accy 77.84
2026-03-14 17:05:16,039 [conec_lora.py:236] => Task 2, Epoch 12/25 => Loss 0.592, Train_accy 78.74
2026-03-14 17:05:34,751 [conec_lora.py:236] => Task 2, Epoch 13/25 => Loss 0.569, Train_accy 79.00
2026-03-14 17:05:53,460 [conec_lora.py:236] => Task 2, Epoch 14/25 => Loss 0.543, Train_accy 80.40
2026-03-14 17:06:12,163 [conec_lora.py:236] => Task 2, Epoch 15/25 => Loss 0.509, Train_accy 82.04
2026-03-14 17:06:30,874 [conec_lora.py:236] => Task 2, Epoch 16/25 => Loss 0.479, Train_accy 83.56
2026-03-14 17:06:49,568 [conec_lora.py:236] => Task 2, Epoch 17/25 => Loss 0.460, Train_accy 84.43
2026-03-14 17:07:08,263 [conec_lora.py:236] => Task 2, Epoch 18/25 => Loss 0.434, Train_accy 85.19
2026-03-14 17:07:26,940 [conec_lora.py:236] => Task 2, Epoch 19/25 => Loss 0.417, Train_accy 85.94
2026-03-14 17:07:45,627 [conec_lora.py:236] => Task 2, Epoch 20/25 => Loss 0.393, Train_accy 87.91
2026-03-14 17:08:04,331 [conec_lora.py:236] => Task 2, Epoch 21/25 => Loss 0.382, Train_accy 87.91
2026-03-14 17:08:23,016 [conec_lora.py:236] => Task 2, Epoch 22/25 => Loss 0.365, Train_accy 88.68
2026-03-14 17:08:41,715 [conec_lora.py:236] => Task 2, Epoch 23/25 => Loss 0.362, Train_accy 88.96
2026-03-14 17:09:00,416 [conec_lora.py:236] => Task 2, Epoch 24/25 => Loss 0.360, Train_accy 88.65
2026-03-14 17:09:19,112 [conec_lora.py:236] => Task 2, Epoch 25/25 => Loss 0.359, Train_accy 88.55
2026-03-14 17:09:19,113 [conec_lora.py:365] => Calculating the prototypes for the classifier ...
2026-03-14 17:09:19,113 [conec_lora.py:334] => Obtaining the embeddings for domain 2
2026-03-14 17:09:25,131 [conec_lora.py:423] => Training the domain classifier ...
2026-03-14 17:09:25,131 [conec_lora.py:408] => Finding the number of samples to be generated ...
2026-03-14 17:09:25,131 [conec_lora.py:414] =>     We use 43 old + 21 new samples for each batch
2026-03-14 17:09:25,200 [conec_lora.py:543] => ==> Computing the statistics ...
2026-03-14 17:09:25,200 [conec_lora.py:277] => Obtaining the embeddings for domain 2 ...
2026-03-14 17:09:30,621 [conec_lora.py:556] =>     Statistics are ready for task: 2
2026-03-14 17:09:30,621 [conec_lora.py:560] => ==> Compression ...
2026-03-14 17:10:34,547 [conec_lora.py:572] => ==> Compression is done!
2026-03-14 17:10:34,625 [conec_lora.py:576] => => Generating synthetic embeddings
2026-03-14 17:10:47,121 [conec_lora.py:533] => Domain classifier training: Task 2, Epoch [1/25] lr 0.00199 Loss 214.8593, Train_acc 55.32
2026-03-14 17:10:53,690 [conec_lora.py:533] => Domain classifier training: Task 2, Epoch [2/25] lr 0.00197 Loss 209.1741, Train_acc 60.01
2026-03-14 17:11:00,252 [conec_lora.py:533] => Domain classifier training: Task 2, Epoch [3/25] lr 0.00193 Loss 206.5134, Train_acc 64.94
2026-03-14 17:11:06,927 [conec_lora.py:533] => Domain classifier training: Task 2, Epoch [4/25] lr 0.00188 Loss 204.7106, Train_acc 65.68
2026-03-14 17:11:13,498 [conec_lora.py:533] => Domain classifier training: Task 2, Epoch [5/25] lr 0.00181 Loss 202.7886, Train_acc 64.87
2026-03-14 17:11:20,060 [conec_lora.py:533] => Domain classifier training: Task 2, Epoch [6/25] lr 0.00173 Loss 200.4039, Train_acc 68.62
2026-03-14 17:11:26,632 [conec_lora.py:533] => Domain classifier training: Task 2, Epoch [7/25] lr 0.00164 Loss 199.4322, Train_acc 67.87
2026-03-14 17:11:33,287 [conec_lora.py:533] => Domain classifier training: Task 2, Epoch [8/25] lr 0.00154 Loss 197.7567, Train_acc 68.90
2026-03-14 17:11:39,879 [conec_lora.py:533] => Domain classifier training: Task 2, Epoch [9/25] lr 0.00143 Loss 196.1079, Train_acc 68.02
2026-03-14 17:11:46,486 [conec_lora.py:533] => Domain classifier training: Task 2, Epoch [10/25] lr 0.00131 Loss 194.4565, Train_acc 70.09
2026-03-14 17:11:53,070 [conec_lora.py:533] => Domain classifier training: Task 2, Epoch [11/25] lr 0.00119 Loss 193.4991, Train_acc 69.30
2026-03-14 17:11:59,643 [conec_lora.py:533] => Domain classifier training: Task 2, Epoch [12/25] lr 0.00106 Loss 192.8240, Train_acc 70.77
2026-03-14 17:12:06,210 [conec_lora.py:533] => Domain classifier training: Task 2, Epoch [13/25] lr 0.00094 Loss 190.1838, Train_acc 72.35
2026-03-14 17:12:12,774 [conec_lora.py:533] => Domain classifier training: Task 2, Epoch [14/25] lr 0.00081 Loss 188.7255, Train_acc 72.23
2026-03-14 17:12:19,370 [conec_lora.py:533] => Domain classifier training: Task 2, Epoch [15/25] lr 0.00069 Loss 188.9191, Train_acc 71.55
2026-03-14 17:12:26,033 [conec_lora.py:533] => Domain classifier training: Task 2, Epoch [16/25] lr 0.00057 Loss 187.5062, Train_acc 72.63
2026-03-14 17:12:32,694 [conec_lora.py:533] => Domain classifier training: Task 2, Epoch [17/25] lr 0.00046 Loss 187.8612, Train_acc 72.35
2026-03-14 17:12:39,272 [conec_lora.py:533] => Domain classifier training: Task 2, Epoch [18/25] lr 0.00036 Loss 186.1032, Train_acc 74.50
2026-03-14 17:12:45,952 [conec_lora.py:533] => Domain classifier training: Task 2, Epoch [19/25] lr 0.00027 Loss 185.3756, Train_acc 74.42
2026-03-14 17:12:52,589 [conec_lora.py:533] => Domain classifier training: Task 2, Epoch [20/25] lr 0.00019 Loss 185.1711, Train_acc 74.45
2026-03-14 17:12:59,185 [conec_lora.py:533] => Domain classifier training: Task 2, Epoch [21/25] lr 0.00012 Loss 184.2227, Train_acc 75.73
2026-03-14 17:13:05,861 [conec_lora.py:533] => Domain classifier training: Task 2, Epoch [22/25] lr 0.00007 Loss 183.8404, Train_acc 74.67
2026-03-14 17:13:12,531 [conec_lora.py:533] => Domain classifier training: Task 2, Epoch [23/25] lr 0.00003 Loss 183.6602, Train_acc 75.96
2026-03-14 17:13:19,223 [conec_lora.py:533] => Domain classifier training: Task 2, Epoch [24/25] lr 0.00001 Loss 184.0189, Train_acc 74.72
2026-03-14 17:13:25,949 [conec_lora.py:533] => Domain classifier training: Task 2, Epoch [25/25] lr 0.00000 Loss 183.8997, Train_acc 74.42
2026-03-14 17:13:26,114 [conec_lora.py:699] => Evaluating on the test set ...
2026-03-14 17:13:46,599 [trainer.py:102] => CNN (w/o oracle): {'total': 48.9, '0': 46.88, '0_many': 46.88, '0_medium': -1.0, '0_few': -1.0, '1': 51.11, '1_many': 51.11, '1_medium': -1.0, '1_few': -1.0, '2': 50.6, '2_many': 50.6, '2_medium': -1.0, '2_few': -1.0, '00-01': 47.5, '02-03': 61.87, '04-05': 41.36, '06-07': 51.06, '08-09': 53.85, '10-11': 49.09, '12-13': 48.91, '14-15': 74.78, '16-17': 43.46, 'old': 48.48, 'new': 50.6, 'many_shot': np.float64(49.53)}
2026-03-14 17:13:46,599 [trainer.py:107] => Accuracies (w/o oracle) for order 3: [48.23, 47.91, 48.90] -> Avg.: 48.35
2026-03-14 17:13:46,599 [trainer.py:110] => CNN (with oracle): {'total': 49.99, '0': 48.31, '0_many': 48.31, '0_medium': -1.0, '0_few': -1.0, '1': 50.46, '1_many': 50.46, '1_medium': -1.0, '1_few': -1.0, '2': 53.53, '2_many': 53.53, '2_medium': -1.0, '2_few': -1.0, '00-01': 50.0, '02-03': 60.31, '04-05': 41.94, '06-07': 50.08, '08-09': 54.81, '10-11': 50.91, '12-13': 50.62, '14-15': 68.7, '16-17': 54.01, 'old': 49.12, 'new': 53.53, 'many_shot': np.float64(50.76666666666667)}
2026-03-14 17:13:46,599 [trainer.py:115] => Accuracies (with oracle) for order 3: [48.31, 49.05, 49.99] -> Avg.: 49.12
2026-03-14 17:13:46,599 [trainer.py:119] => Domain classification accuracies (after each domain) for order 3:  [100.00, 82.40, 68.08] -> Avg.: 83.49
2026-03-14 17:13:46,779 [trainer.py:141] => The parameters are saved after task: 2!
2026-03-14 17:13:46,779 [conec_lora.py:109] => Learning on 18-24
2026-03-14 17:13:46,791 [our_utils.py:157] => Number of learnable parameters of LoRAs regularized: 221184
2026-03-14 17:13:46,791 [our_utils.py:157] => Number of learnable parameters of proxy_fc regularized: 9216
2026-03-14 17:13:46,791 [our_utils.py:159] => Total number of learnable parameters: 230400
2026-03-14 17:13:46,792 [conec_lora.py:161] => Training the domain 3 ...
2026-03-14 17:14:50,865 [conec_lora.py:236] => Task 3, Epoch 1/25 => Loss 1.032, Train_accy 59.75
2026-03-14 17:15:54,979 [conec_lora.py:236] => Task 3, Epoch 2/25 => Loss 0.950, Train_accy 62.73
2026-03-14 17:16:59,095 [conec_lora.py:236] => Task 3, Epoch 3/25 => Loss 0.921, Train_accy 63.89
2026-03-14 17:18:03,218 [conec_lora.py:236] => Task 3, Epoch 4/25 => Loss 0.895, Train_accy 65.07
2026-03-14 17:19:07,330 [conec_lora.py:236] => Task 3, Epoch 5/25 => Loss 0.870, Train_accy 66.00
2026-03-14 17:20:11,399 [conec_lora.py:236] => Task 3, Epoch 6/25 => Loss 0.856, Train_accy 66.19
2026-03-14 17:21:15,511 [conec_lora.py:236] => Task 3, Epoch 7/25 => Loss 0.836, Train_accy 66.76
2026-03-14 17:22:19,604 [conec_lora.py:236] => Task 3, Epoch 8/25 => Loss 0.816, Train_accy 67.97
2026-03-14 17:23:23,694 [conec_lora.py:236] => Task 3, Epoch 9/25 => Loss 0.792, Train_accy 68.71
2026-03-14 17:24:27,824 [conec_lora.py:236] => Task 3, Epoch 10/25 => Loss 0.766, Train_accy 69.70
2026-03-14 17:25:31,932 [conec_lora.py:236] => Task 3, Epoch 11/25 => Loss 0.751, Train_accy 70.64
2026-03-14 17:26:36,031 [conec_lora.py:236] => Task 3, Epoch 12/25 => Loss 0.727, Train_accy 71.20
2026-03-14 17:27:40,128 [conec_lora.py:236] => Task 3, Epoch 13/25 => Loss 0.706, Train_accy 72.54
2026-03-14 17:28:44,220 [conec_lora.py:236] => Task 3, Epoch 14/25 => Loss 0.680, Train_accy 73.50
2026-03-14 17:29:48,297 [conec_lora.py:236] => Task 3, Epoch 15/25 => Loss 0.652, Train_accy 74.94
2026-03-14 17:30:52,388 [conec_lora.py:236] => Task 3, Epoch 16/25 => Loss 0.630, Train_accy 75.67
2026-03-14 17:31:56,462 [conec_lora.py:236] => Task 3, Epoch 17/25 => Loss 0.608, Train_accy 76.45
2026-03-14 17:33:00,529 [conec_lora.py:236] => Task 3, Epoch 18/25 => Loss 0.579, Train_accy 78.10
2026-03-14 17:34:04,629 [conec_lora.py:236] => Task 3, Epoch 19/25 => Loss 0.558, Train_accy 78.97
2026-03-14 17:35:08,733 [conec_lora.py:236] => Task 3, Epoch 20/25 => Loss 0.538, Train_accy 79.91
2026-03-14 17:36:12,818 [conec_lora.py:236] => Task 3, Epoch 21/25 => Loss 0.515, Train_accy 80.63
2026-03-14 17:37:16,935 [conec_lora.py:236] => Task 3, Epoch 22/25 => Loss 0.497, Train_accy 81.71
2026-03-14 17:38:21,078 [conec_lora.py:236] => Task 3, Epoch 23/25 => Loss 0.484, Train_accy 82.55
2026-03-14 17:39:25,172 [conec_lora.py:236] => Task 3, Epoch 24/25 => Loss 0.480, Train_accy 82.70
2026-03-14 17:40:29,266 [conec_lora.py:236] => Task 3, Epoch 25/25 => Loss 0.476, Train_accy 82.89
2026-03-14 17:40:29,266 [conec_lora.py:365] => Calculating the prototypes for the classifier ...
2026-03-14 17:40:29,266 [conec_lora.py:334] => Obtaining the embeddings for domain 3
2026-03-14 17:40:48,974 [conec_lora.py:423] => Training the domain classifier ...
2026-03-14 17:40:48,974 [conec_lora.py:408] => Finding the number of samples to be generated ...
2026-03-14 17:40:48,974 [conec_lora.py:414] =>     We use 48 old + 16 new samples for each batch
2026-03-14 17:40:49,040 [conec_lora.py:543] => ==> Computing the statistics ...
2026-03-14 17:40:49,040 [conec_lora.py:277] => Obtaining the embeddings for domain 3 ...
2026-03-14 17:41:06,797 [conec_lora.py:556] =>     Statistics are ready for task: 3
2026-03-14 17:41:06,797 [conec_lora.py:560] => ==> Compression ...
2026-03-14 17:47:33,769 [conec_lora.py:572] => ==> Compression is done!
2026-03-14 17:47:33,848 [conec_lora.py:576] => => Generating synthetic embeddings
2026-03-14 17:48:18,417 [conec_lora.py:533] => Domain classifier training: Task 3, Epoch [1/25] lr 0.00199 Loss 298.1346, Train_acc 53.09
2026-03-14 17:48:40,158 [conec_lora.py:533] => Domain classifier training: Task 3, Epoch [2/25] lr 0.00197 Loss 277.6624, Train_acc 60.42
2026-03-14 17:49:01,792 [conec_lora.py:533] => Domain classifier training: Task 3, Epoch [3/25] lr 0.00193 Loss 265.4118, Train_acc 62.65
2026-03-14 17:49:23,707 [conec_lora.py:533] => Domain classifier training: Task 3, Epoch [4/25] lr 0.00188 Loss 257.4036, Train_acc 64.62
2026-03-14 17:49:45,551 [conec_lora.py:533] => Domain classifier training: Task 3, Epoch [5/25] lr 0.00181 Loss 247.8607, Train_acc 66.79
2026-03-14 17:50:07,464 [conec_lora.py:533] => Domain classifier training: Task 3, Epoch [6/25] lr 0.00173 Loss 239.1547, Train_acc 68.03
2026-03-14 17:50:29,364 [conec_lora.py:533] => Domain classifier training: Task 3, Epoch [7/25] lr 0.00164 Loss 228.5915, Train_acc 70.82
2026-03-14 17:50:51,255 [conec_lora.py:533] => Domain classifier training: Task 3, Epoch [8/25] lr 0.00154 Loss 223.7870, Train_acc 71.66
2026-03-14 17:51:13,115 [conec_lora.py:533] => Domain classifier training: Task 3, Epoch [9/25] lr 0.00143 Loss 217.8309, Train_acc 72.47
2026-03-14 17:51:35,023 [conec_lora.py:533] => Domain classifier training: Task 3, Epoch [10/25] lr 0.00131 Loss 213.0951, Train_acc 75.14
2026-03-14 17:51:56,969 [conec_lora.py:533] => Domain classifier training: Task 3, Epoch [11/25] lr 0.00119 Loss 209.0016, Train_acc 74.85
2026-03-14 17:52:18,963 [conec_lora.py:533] => Domain classifier training: Task 3, Epoch [12/25] lr 0.00106 Loss 201.8750, Train_acc 75.74
2026-03-14 17:52:40,888 [conec_lora.py:533] => Domain classifier training: Task 3, Epoch [13/25] lr 0.00094 Loss 197.4723, Train_acc 76.91
2026-03-14 17:53:02,718 [conec_lora.py:533] => Domain classifier training: Task 3, Epoch [14/25] lr 0.00081 Loss 194.7732, Train_acc 78.62
2026-03-14 17:53:24,668 [conec_lora.py:533] => Domain classifier training: Task 3, Epoch [15/25] lr 0.00069 Loss 188.7072, Train_acc 79.50
2026-03-14 17:53:46,538 [conec_lora.py:533] => Domain classifier training: Task 3, Epoch [16/25] lr 0.00057 Loss 185.9367, Train_acc 79.40
2026-03-14 17:54:08,466 [conec_lora.py:533] => Domain classifier training: Task 3, Epoch [17/25] lr 0.00046 Loss 182.5389, Train_acc 81.10
2026-03-14 17:54:30,413 [conec_lora.py:533] => Domain classifier training: Task 3, Epoch [18/25] lr 0.00036 Loss 180.4085, Train_acc 81.61
2026-03-14 17:54:52,288 [conec_lora.py:533] => Domain classifier training: Task 3, Epoch [19/25] lr 0.00027 Loss 179.4228, Train_acc 81.93
2026-03-14 17:55:14,143 [conec_lora.py:533] => Domain classifier training: Task 3, Epoch [20/25] lr 0.00019 Loss 177.4911, Train_acc 82.77
2026-03-14 17:55:36,084 [conec_lora.py:533] => Domain classifier training: Task 3, Epoch [21/25] lr 0.00012 Loss 176.5572, Train_acc 83.12
2026-03-14 17:55:57,990 [conec_lora.py:533] => Domain classifier training: Task 3, Epoch [22/25] lr 0.00007 Loss 176.2238, Train_acc 83.21
2026-03-14 17:56:19,940 [conec_lora.py:533] => Domain classifier training: Task 3, Epoch [23/25] lr 0.00003 Loss 174.4165, Train_acc 84.05
2026-03-14 17:56:41,757 [conec_lora.py:533] => Domain classifier training: Task 3, Epoch [24/25] lr 0.00001 Loss 174.6687, Train_acc 83.37
2026-03-14 17:57:03,806 [conec_lora.py:533] => Domain classifier training: Task 3, Epoch [25/25] lr 0.00000 Loss 174.6850, Train_acc 83.82
2026-03-14 17:57:04,002 [conec_lora.py:699] => Evaluating on the test set ...
2026-03-14 17:57:38,496 [trainer.py:102] => CNN (w/o oracle): {'total': 49.95, '0': 46.12, '0_many': 46.12, '0_medium': -1.0, '0_few': -1.0, '1': 50.13, '1_many': 50.13, '1_medium': -1.0, '1_few': -1.0, '2': 52.02, '2_many': 52.02, '2_medium': -1.0, '2_few': -1.0, '3': 52.09, '3_many': 52.17, '3_medium': 27.27, '3_few': -1.0, '00-01': 48.07, '02-03': 58.75, '04-05': 39.14, '06-07': 50.68, '08-09': 48.08, '10-11': 45.45, '12-13': 53.12, '14-15': 62.61, '16-17': 43.88, '18-19': 35.97, '20-21': 72.62, '22-23': 55.85, 'old': 48.5, 'new': 52.09, 'many_shot': np.float64(50.11), 'medium_shot': np.float64(27.27)}
2026-03-14 17:57:38,496 [trainer.py:107] => Accuracies (w/o oracle) for order 3: [48.23, 47.91, 48.90, 49.95] -> Avg.: 48.75
2026-03-14 17:57:38,496 [trainer.py:110] => CNN (with oracle): {'total': 52.23, '0': 48.19, '0_many': 48.19, '0_medium': -1.0, '0_few': -1.0, '1': 50.33, '1_many': 50.33, '1_medium': -1.0, '1_few': -1.0, '2': 53.63, '2_many': 53.63, '2_medium': -1.0, '2_few': -1.0, '3': 55.66, '3_many': 55.78, '3_medium': 18.18, '3_few': -1.0, '00-01': 49.86, '02-03': 60.31, '04-05': 41.82, '06-07': 49.92, '08-09': 54.81, '10-11': 50.91, '12-13': 50.94, '14-15': 68.7, '16-17': 53.59, '18-19': 44.75, '20-21': 70.98, '22-23': 57.67, 'old': 49.91, 'new': 55.66, 'many_shot': np.float64(51.9825), 'medium_shot': np.float64(18.18)}
2026-03-14 17:57:38,496 [trainer.py:115] => Accuracies (with oracle) for order 3: [48.31, 49.05, 49.99, 52.23] -> Avg.: 49.89
2026-03-14 17:57:38,496 [trainer.py:119] => Domain classification accuracies (after each domain) for order 3:  [100.00, 82.40, 68.08, 66.92] -> Avg.: 79.35
2026-03-14 17:57:38,860 [trainer.py:141] => The parameters are saved after task: 3!
2026-03-14 17:57:38,860 [conec_lora.py:109] => Learning on 24-30
2026-03-14 17:57:38,908 [our_utils.py:157] => Number of learnable parameters of LoRAs regularized: 221184
2026-03-14 17:57:38,908 [our_utils.py:157] => Number of learnable parameters of proxy_fc regularized: 9216
2026-03-14 17:57:38,908 [our_utils.py:159] => Total number of learnable parameters: 230400
2026-03-14 17:57:38,909 [conec_lora.py:161] => Training the domain 4 ...
2026-03-14 17:58:15,969 [conec_lora.py:236] => Task 4, Epoch 1/25 => Loss 1.136, Train_accy 57.10
2026-03-14 17:58:53,000 [conec_lora.py:236] => Task 4, Epoch 2/25 => Loss 0.999, Train_accy 62.19
2026-03-14 17:59:30,035 [conec_lora.py:236] => Task 4, Epoch 3/25 => Loss 0.953, Train_accy 64.06
2026-03-14 18:00:07,079 [conec_lora.py:236] => Task 4, Epoch 4/25 => Loss 0.912, Train_accy 65.77
2026-03-14 18:00:44,131 [conec_lora.py:236] => Task 4, Epoch 5/25 => Loss 0.880, Train_accy 66.50
2026-03-14 18:01:21,194 [conec_lora.py:236] => Task 4, Epoch 6/25 => Loss 0.841, Train_accy 68.56
2026-03-14 18:01:58,271 [conec_lora.py:236] => Task 4, Epoch 7/25 => Loss 0.814, Train_accy 69.44
2026-03-14 18:02:35,331 [conec_lora.py:236] => Task 4, Epoch 8/25 => Loss 0.780, Train_accy 70.85
2026-03-14 18:03:12,387 [conec_lora.py:236] => Task 4, Epoch 9/25 => Loss 0.744, Train_accy 72.08
2026-03-14 18:03:49,501 [conec_lora.py:236] => Task 4, Epoch 10/25 => Loss 0.703, Train_accy 73.60
2026-03-14 18:04:26,565 [conec_lora.py:236] => Task 4, Epoch 11/25 => Loss 0.671, Train_accy 74.94
2026-03-14 18:05:03,669 [conec_lora.py:236] => Task 4, Epoch 12/25 => Loss 0.634, Train_accy 76.68
2026-03-14 18:05:40,755 [conec_lora.py:236] => Task 4, Epoch 13/25 => Loss 0.601, Train_accy 77.88
2026-03-14 18:06:17,821 [conec_lora.py:236] => Task 4, Epoch 14/25 => Loss 0.569, Train_accy 78.98
2026-03-14 18:06:54,858 [conec_lora.py:236] => Task 4, Epoch 15/25 => Loss 0.532, Train_accy 80.39
2026-03-14 18:07:31,882 [conec_lora.py:236] => Task 4, Epoch 16/25 => Loss 0.486, Train_accy 82.54
2026-03-14 18:08:08,938 [conec_lora.py:236] => Task 4, Epoch 17/25 => Loss 0.454, Train_accy 84.22
2026-03-14 18:08:45,998 [conec_lora.py:236] => Task 4, Epoch 18/25 => Loss 0.426, Train_accy 84.87
2026-03-14 18:09:23,035 [conec_lora.py:236] => Task 4, Epoch 19/25 => Loss 0.407, Train_accy 86.03
2026-03-14 18:10:00,127 [conec_lora.py:236] => Task 4, Epoch 20/25 => Loss 0.375, Train_accy 87.18
2026-03-14 18:10:37,169 [conec_lora.py:236] => Task 4, Epoch 21/25 => Loss 0.360, Train_accy 87.92
2026-03-14 18:11:14,216 [conec_lora.py:236] => Task 4, Epoch 22/25 => Loss 0.344, Train_accy 88.76
2026-03-14 18:11:51,261 [conec_lora.py:236] => Task 4, Epoch 23/25 => Loss 0.323, Train_accy 89.43
2026-03-14 18:12:28,307 [conec_lora.py:236] => Task 4, Epoch 24/25 => Loss 0.321, Train_accy 89.73
2026-03-14 18:13:05,375 [conec_lora.py:236] => Task 4, Epoch 25/25 => Loss 0.314, Train_accy 89.32
2026-03-14 18:13:05,376 [conec_lora.py:365] => Calculating the prototypes for the classifier ...
2026-03-14 18:13:05,376 [conec_lora.py:334] => Obtaining the embeddings for domain 4
2026-03-14 18:13:16,977 [conec_lora.py:423] => Training the domain classifier ...
2026-03-14 18:13:16,977 [conec_lora.py:408] => Finding the number of samples to be generated ...
2026-03-14 18:13:16,977 [conec_lora.py:414] =>     We use 52 old + 12 new samples for each batch
2026-03-14 18:13:17,043 [conec_lora.py:543] => ==> Computing the statistics ...
2026-03-14 18:13:17,044 [conec_lora.py:277] => Obtaining the embeddings for domain 4 ...
2026-03-14 18:13:27,494 [conec_lora.py:556] =>     Statistics are ready for task: 4
2026-03-14 18:13:27,590 [conec_lora.py:576] => => Generating synthetic embeddings
2026-03-14 18:14:07,058 [conec_lora.py:533] => Domain classifier training: Task 4, Epoch [1/25] lr 0.00199 Loss 276.0577, Train_acc 55.90
2026-03-14 18:14:19,853 [conec_lora.py:533] => Domain classifier training: Task 4, Epoch [2/25] lr 0.00197 Loss 263.1625, Train_acc 63.10
2026-03-14 18:14:32,608 [conec_lora.py:533] => Domain classifier training: Task 4, Epoch [3/25] lr 0.00193 Loss 257.7391, Train_acc 65.66
2026-03-14 18:14:45,443 [conec_lora.py:533] => Domain classifier training: Task 4, Epoch [4/25] lr 0.00188 Loss 252.8425, Train_acc 65.43
2026-03-14 18:14:58,229 [conec_lora.py:533] => Domain classifier training: Task 4, Epoch [5/25] lr 0.00181 Loss 249.4226, Train_acc 69.15
2026-03-14 18:15:11,020 [conec_lora.py:533] => Domain classifier training: Task 4, Epoch [6/25] lr 0.00173 Loss 244.9536, Train_acc 70.18
2026-03-14 18:15:23,886 [conec_lora.py:533] => Domain classifier training: Task 4, Epoch [7/25] lr 0.00164 Loss 241.8989, Train_acc 71.62
2026-03-14 18:15:36,723 [conec_lora.py:533] => Domain classifier training: Task 4, Epoch [8/25] lr 0.00154 Loss 237.6507, Train_acc 71.80
2026-03-14 18:15:49,555 [conec_lora.py:533] => Domain classifier training: Task 4, Epoch [9/25] lr 0.00143 Loss 236.7640, Train_acc 73.47
2026-03-14 18:16:02,593 [conec_lora.py:533] => Domain classifier training: Task 4, Epoch [10/25] lr 0.00131 Loss 231.8553, Train_acc 75.69
2026-03-14 18:16:15,399 [conec_lora.py:533] => Domain classifier training: Task 4, Epoch [11/25] lr 0.00119 Loss 230.5791, Train_acc 76.83
2026-03-14 18:16:28,240 [conec_lora.py:533] => Domain classifier training: Task 4, Epoch [12/25] lr 0.00106 Loss 226.9287, Train_acc 76.58
2026-03-14 18:16:41,161 [conec_lora.py:533] => Domain classifier training: Task 4, Epoch [13/25] lr 0.00094 Loss 225.5252, Train_acc 78.29
2026-03-14 18:16:54,005 [conec_lora.py:533] => Domain classifier training: Task 4, Epoch [14/25] lr 0.00081 Loss 222.3631, Train_acc 78.55
2026-03-14 18:17:06,844 [conec_lora.py:533] => Domain classifier training: Task 4, Epoch [15/25] lr 0.00069 Loss 221.4496, Train_acc 79.33
2026-03-14 18:17:19,650 [conec_lora.py:533] => Domain classifier training: Task 4, Epoch [16/25] lr 0.00057 Loss 217.8559, Train_acc 79.82
2026-03-14 18:17:32,518 [conec_lora.py:533] => Domain classifier training: Task 4, Epoch [17/25] lr 0.00046 Loss 216.6462, Train_acc 81.32
2026-03-14 18:17:45,326 [conec_lora.py:533] => Domain classifier training: Task 4, Epoch [18/25] lr 0.00036 Loss 215.8145, Train_acc 81.24
2026-03-14 18:17:58,250 [conec_lora.py:533] => Domain classifier training: Task 4, Epoch [19/25] lr 0.00027 Loss 214.9590, Train_acc 81.05
2026-03-14 18:18:11,092 [conec_lora.py:533] => Domain classifier training: Task 4, Epoch [20/25] lr 0.00019 Loss 212.9379, Train_acc 81.81
2026-03-14 18:18:23,999 [conec_lora.py:533] => Domain classifier training: Task 4, Epoch [21/25] lr 0.00012 Loss 213.5907, Train_acc 83.17
2026-03-14 18:18:36,855 [conec_lora.py:533] => Domain classifier training: Task 4, Epoch [22/25] lr 0.00007 Loss 211.9538, Train_acc 83.83
2026-03-14 18:18:49,640 [conec_lora.py:533] => Domain classifier training: Task 4, Epoch [23/25] lr 0.00003 Loss 211.4384, Train_acc 82.97
2026-03-14 18:19:02,363 [conec_lora.py:533] => Domain classifier training: Task 4, Epoch [24/25] lr 0.00001 Loss 210.6394, Train_acc 84.47
2026-03-14 18:19:15,315 [conec_lora.py:533] => Domain classifier training: Task 4, Epoch [25/25] lr 0.00000 Loss 212.2571, Train_acc 83.41
2026-03-14 18:19:15,513 [conec_lora.py:699] => Evaluating on the test set ...
2026-03-14 18:19:58,673 [trainer.py:102] => CNN (w/o oracle): {'total': 49.73, '0': 45.45, '0_many': 45.45, '0_medium': -1.0, '0_few': -1.0, '1': 50.59, '1_many': 50.59, '1_medium': -1.0, '1_few': -1.0, '2': 48.79, '2_many': 48.79, '2_medium': -1.0, '2_few': -1.0, '3': 50.37, '3_many': 50.47, '3_medium': 18.18, '3_few': -1.0, '4': 53.91, '4_many': 54.11, '4_medium': 0.0, '4_few': -1.0, '00-01': 47.08, '02-03': 56.81, '04-05': 39.37, '06-07': 51.06, '08-09': 49.04, '10-11': 46.36, '12-13': 49.06, '14-15': 60.87, '16-17': 42.19, '18-19': 34.08, '20-21': 71.97, '22-23': 53.85, '24-25': 46.1, '26-27': 47.27, '28-29': 63.25, 'old': 48.76, 'new': 53.91, 'many_shot': np.float64(49.882000000000005), 'medium_shot': np.float64(9.09)}
2026-03-14 18:19:58,673 [trainer.py:107] => Accuracies (w/o oracle) for order 3: [48.23, 47.91, 48.90, 49.95, 49.73] -> Avg.: 48.94
2026-03-14 18:19:58,673 [trainer.py:110] => CNN (with oracle): {'total': 53.22, '0': 48.15, '0_many': 48.15, '0_medium': -1.0, '0_few': -1.0, '1': 50.39, '1_many': 50.39, '1_medium': -1.0, '1_few': -1.0, '2': 53.73, '2_many': 53.73, '2_medium': -1.0, '2_few': -1.0, '3': 55.51, '3_many': 55.63, '3_medium': 18.18, '3_few': -1.0, '4': 57.7, '4_many': 57.91, '4_medium': 0.0, '4_few': -1.0, '00-01': 49.86, '02-03': 60.31, '04-05': 41.71, '06-07': 50.08, '08-09': 54.81, '10-11': 50.0, '12-13': 50.94, '14-15': 67.83, '16-17': 54.43, '18-19': 44.75, '20-21': 70.82, '22-23': 57.43, '24-25': 53.5, '26-27': 47.88, '28-29': 65.09, 'old': 52.19, 'new': 57.7, 'many_shot': np.float64(53.16199999999999), 'medium_shot': np.float64(9.09)}
2026-03-14 18:19:58,673 [trainer.py:115] => Accuracies (with oracle) for order 3: [48.31, 49.05, 49.99, 52.23, 53.22] -> Avg.: 50.56
2026-03-14 18:19:58,673 [trainer.py:119] => Domain classification accuracies (after each domain) for order 3:  [100.00, 82.40, 68.08, 66.92, 58.71] -> Avg.: 75.22
2026-03-14 18:19:58,862 [trainer.py:141] => The parameters are saved after task: 4!
2026-03-14 18:19:58,863 [trainer.py:127] => The process is finished!
