2026-03-13 09:10:14,864 [trainer.py:178] => ----------------------------------------------------------------------------------------------------
2026-03-13 09:10:14,884 [trainer.py:182] => Python version: 3.12.13
2026-03-13 09:10:14,884 [trainer.py:183] => PyTorch version: 2.10.0+cu130,TorchVision version: 0.25.0+cu130
2026-03-13 09:10:14,884 [trainer.py:184] => GPU Name: NVIDIA GeForce RTX 4090
2026-03-13 09:10:14,884 [trainer.py:185] => Driver: 580.126.09
2026-03-13 09:10:14,884 [trainer.py:188] => config: ./exps/deforest_dil.json
2026-03-13 09:10:14,884 [trainer.py:188] => order: 1
2026-03-13 09:10:14,884 [trainer.py:188] => device: [device(type='cuda', index=0)]
2026-03-13 09:10:14,884 [trainer.py:188] => prefix: CONEC_LoRA
2026-03-13 09:10:14,884 [trainer.py:188] => dataset: deforest_dil
2026-03-13 09:10:14,884 [trainer.py:188] => data_path: /home/rizal/rizal_projects/CONEC-LoRA/Datasets/DIL/deforest_dil
2026-03-13 09:10:14,884 [trainer.py:188] => total_sessions: 5
2026-03-13 09:10:14,884 [trainer.py:188] => shuffle: False
2026-03-13 09:10:14,884 [trainer.py:188] => init_cls: 6
2026-03-13 09:10:14,884 [trainer.py:188] => increment: 6
2026-03-13 09:10:14,884 [trainer.py:188] => model_name: conec_lora
2026-03-13 09:10:14,884 [trainer.py:188] => backbone_type: vit_base_patch16_224_conec_lora
2026-03-13 09:10:14,884 [trainer.py:188] => temporary_classifier_type: ClassifierType.Single_Stochastic_Classifier
2026-03-13 09:10:14,884 [trainer.py:188] => classifier_type: ClassifierType.Separate_Stochastic_Classifiers
2026-03-13 09:10:14,884 [trainer.py:188] => use_proxy_classifier: True
2026-03-13 09:10:14,884 [trainer.py:188] => cache_synthetic_embeddings: True
2026-03-13 09:10:14,885 [trainer.py:188] => max_iter_for_GMM: 150
2026-03-13 09:10:14,885 [trainer.py:188] => tol_for_GMM: 0.002
2026-03-13 09:10:14,885 [trainer.py:188] => max_number_of_embeddings_in_memory: 500000
2026-03-13 09:10:14,885 [trainer.py:188] => LoRA_downsize_dimension: 8
2026-03-13 09:10:14,885 [trainer.py:188] => generation_strategy: GenerationStrategy.GMM_with_generator_loss
2026-03-13 09:10:14,885 [trainer.py:188] => n_components: 2
2026-03-13 09:10:14,885 [trainer.py:188] => use_CLS_token_for_domain_classification: False
2026-03-13 09:10:14,885 [trainer.py:188] => normalize_features_for_domain_classification: False
2026-03-13 09:10:14,885 [trainer.py:188] => chosen_layers_for_intermediate_domain_classifiers: ['0', '1', '2', '3', '4', '5', '6', '7', '8', '9', '10', '11']
2026-03-13 09:10:14,885 [trainer.py:188] => confidence_threshold: 0.9
2026-03-13 09:10:14,885 [trainer.py:188] => freeze_B_matrices_in_shared_LoRAs: True
2026-03-13 09:10:14,885 [trainer.py:188] => epochs: 25
2026-03-13 09:10:14,885 [trainer.py:188] => epochs_domain_classifier_training: 25
2026-03-13 09:10:14,885 [trainer.py:188] => use_transformation_module: True
2026-03-13 09:10:14,885 [trainer.py:188] => lr_default: 0.02
2026-03-13 09:10:14,885 [trainer.py:188] => lr_LoRAs: 0.02
2026-03-13 09:10:14,885 [trainer.py:188] => lr_classifier: 0.02
2026-03-13 09:10:14,885 [trainer.py:188] => lr_temporary_classifier: 0.02
2026-03-13 09:10:14,885 [trainer.py:188] => lr_Auxiliary_network: 0.02
2026-03-13 09:10:14,885 [trainer.py:188] => lr_domain_classifiers: 0.002
2026-03-13 09:10:14,885 [trainer.py:188] => lr_transformation_module: 0.0001
2026-03-13 09:10:14,885 [trainer.py:188] => weight_decay: 0.0002
2026-03-13 09:10:14,885 [trainer.py:188] => weight_decay_classifiers: 2e-05
2026-03-13 09:10:14,885 [trainer.py:188] => weight_decay_domain_classifiers: 0.0002
2026-03-13 09:10:14,885 [trainer.py:188] => weight_decay_transformation_module: 0.0002
2026-03-13 09:10:14,885 [trainer.py:188] => bias_domain_classifier: False
2026-03-13 09:10:14,885 [trainer.py:188] => min_lr: 0
2026-03-13 09:10:14,885 [trainer.py:188] => optimizer: sgd
2026-03-13 09:10:14,885 [trainer.py:188] => scheduler: cosine
2026-03-13 09:10:14,885 [trainer.py:188] => lambda_1: 5.0
2026-03-13 09:10:14,885 [trainer.py:188] => lambda_2: 2.0
2026-03-13 09:10:14,885 [trainer.py:188] => margin: 1.0
2026-03-13 09:10:14,885 [trainer.py:188] => kd_temperature: 2.0
2026-03-13 09:10:14,885 [trainer.py:188] => LoRA_qkv_mask: [1, 0, 1]
2026-03-13 09:10:14,886 [trainer.py:188] => LoRA_shared_layers_ids_list: ['0', '1', '2', '3', '4', '5']
2026-03-13 09:10:14,886 [trainer.py:188] => LoRA_domain_specfic_layers_ids_list: ['6', '7', '8', '9', '10', '11']
2026-03-13 09:10:14,886 [trainer.py:188] => use_block_weight: False
2026-03-13 09:10:14,886 [trainer.py:188] => use_reweight: False
2026-03-13 09:10:14,886 [trainer.py:188] => embd_dim: 768
2026-03-13 09:10:14,886 [trainer.py:188] => seed: 0
2026-03-13 09:10:14,886 [trainer.py:188] => epsilon: 1e-08
2026-03-13 09:10:14,886 [trainer.py:188] => init_milestones: [20, 30, 40]
2026-03-13 09:10:14,886 [trainer.py:188] => lr_default_decay: 0.1
2026-03-13 09:10:14,886 [trainer.py:188] => milestones: [20, 30]
2026-03-13 09:10:14,886 [trainer.py:188] => batch_size: 64
2026-03-13 09:10:14,886 [trainer.py:188] => num_workers: 8
2026-03-13 09:10:14,886 [trainer.py:188] => save_model_after_each_task: True
2026-03-13 09:10:14,886 [trainer.py:188] => debugging: False
2026-03-13 09:10:14,886 [trainer.py:188] => logdir: logs
2026-03-13 09:10:14,886 [trainer.py:188] => save_last_model: False
2026-03-13 09:10:14,886 [trainer.py:188] => load_path: 
2026-03-13 09:10:14,886 [trainer.py:188] => temperature_stochastic_classifier: 16.0
2026-03-13 09:10:14,886 [trainer.py:188] => UMAP: False
2026-03-13 09:10:14,886 [trainer.py:189] => ----------------------------------------------------------------------------------------------------
2026-03-13 09:10:14,948 [data_manager.py:166] => [0, 1, 2, 3, 4, 5, 6, 7, 8, 9, 10, 11, 12, 13, 14, 15, 16, 17, 18, 19, 20, 21, 22, 23, 24, 25, 26, 27, 28, 29]
2026-03-13 09:10:15,688 [_builder.py:217] => Loading pretrained weights from Hugging Face hub (timm/vit_base_patch16_224.augreg2_in21k_ft_in1k)
2026-03-13 09:10:15,961 [_client.py:1025] => HTTP Request: HEAD https://huggingface.co/timm/vit_base_patch16_224.augreg2_in21k_ft_in1k/resolve/main/model.safetensors "HTTP/1.1 302 Found"
2026-03-13 09:10:15,962 [_hub.py:232] => [timm/vit_base_patch16_224.augreg2_in21k_ft_in1k] Safe alternative available for 'pytorch_model.bin' (as 'model.safetensors'). Loading weights using safetensors.
2026-03-13 09:10:16,011 [conec_lora.py:109] => Learning on 0-6
2026-03-13 09:10:16,071 [our_utils.py:157] => Number of learnable parameters of LoRAs regularized: 221184
2026-03-13 09:10:16,071 [our_utils.py:157] => Number of learnable parameters of proxy_fc regularized: 9216
2026-03-13 09:10:16,071 [our_utils.py:159] => Total number of learnable parameters: 230400
2026-03-13 09:10:16,072 [conec_lora.py:161] => Training the domain 0 ...
2026-03-13 09:10:53,682 [conec_lora.py:236] => Task 0, Epoch 1/25 => Loss 1.121, Train_accy 55.25
2026-03-13 09:11:31,286 [conec_lora.py:236] => Task 0, Epoch 2/25 => Loss 1.016, Train_accy 59.06
2026-03-13 09:12:09,014 [conec_lora.py:236] => Task 0, Epoch 3/25 => Loss 0.989, Train_accy 60.93
2026-03-13 09:12:46,734 [conec_lora.py:236] => Task 0, Epoch 4/25 => Loss 0.965, Train_accy 61.67
2026-03-13 09:13:24,452 [conec_lora.py:236] => Task 0, Epoch 5/25 => Loss 0.952, Train_accy 62.33
2026-03-13 09:14:02,235 [conec_lora.py:236] => Task 0, Epoch 6/25 => Loss 0.931, Train_accy 63.09
2026-03-13 09:14:40,023 [conec_lora.py:236] => Task 0, Epoch 7/25 => Loss 0.920, Train_accy 63.45
2026-03-13 09:15:17,822 [conec_lora.py:236] => Task 0, Epoch 8/25 => Loss 0.908, Train_accy 64.08
2026-03-13 09:15:55,611 [conec_lora.py:236] => Task 0, Epoch 9/25 => Loss 0.899, Train_accy 64.37
2026-03-13 09:16:33,420 [conec_lora.py:236] => Task 0, Epoch 10/25 => Loss 0.883, Train_accy 65.16
2026-03-13 09:17:11,258 [conec_lora.py:236] => Task 0, Epoch 11/25 => Loss 0.877, Train_accy 65.28
2026-03-13 09:17:49,081 [conec_lora.py:236] => Task 0, Epoch 12/25 => Loss 0.862, Train_accy 65.58
2026-03-13 09:18:26,914 [conec_lora.py:236] => Task 0, Epoch 13/25 => Loss 0.855, Train_accy 66.12
2026-03-13 09:19:04,729 [conec_lora.py:236] => Task 0, Epoch 14/25 => Loss 0.843, Train_accy 66.41
2026-03-13 09:19:42,536 [conec_lora.py:236] => Task 0, Epoch 15/25 => Loss 0.832, Train_accy 67.22
2026-03-13 09:20:20,345 [conec_lora.py:236] => Task 0, Epoch 16/25 => Loss 0.821, Train_accy 67.81
2026-03-13 09:20:58,139 [conec_lora.py:236] => Task 0, Epoch 17/25 => Loss 0.806, Train_accy 68.24
2026-03-13 09:21:35,942 [conec_lora.py:236] => Task 0, Epoch 18/25 => Loss 0.799, Train_accy 68.24
2026-03-13 09:22:13,746 [conec_lora.py:236] => Task 0, Epoch 19/25 => Loss 0.789, Train_accy 68.94
2026-03-13 09:22:51,595 [conec_lora.py:236] => Task 0, Epoch 20/25 => Loss 0.781, Train_accy 69.16
2026-03-13 09:23:29,397 [conec_lora.py:236] => Task 0, Epoch 21/25 => Loss 0.772, Train_accy 69.42
2026-03-13 09:24:07,207 [conec_lora.py:236] => Task 0, Epoch 22/25 => Loss 0.761, Train_accy 69.91
2026-03-13 09:24:45,017 [conec_lora.py:236] => Task 0, Epoch 23/25 => Loss 0.759, Train_accy 70.28
2026-03-13 09:25:22,791 [conec_lora.py:236] => Task 0, Epoch 24/25 => Loss 0.755, Train_accy 70.27
2026-03-13 09:26:00,611 [conec_lora.py:236] => Task 0, Epoch 25/25 => Loss 0.755, Train_accy 70.21
2026-03-13 09:26:00,611 [conec_lora.py:365] => Calculating the prototypes for the classifier ...
2026-03-13 09:26:00,611 [conec_lora.py:334] => Obtaining the embeddings for domain 0
2026-03-13 09:26:20,637 [conec_lora.py:423] => Training the domain classifier ...
2026-03-13 09:26:20,637 [conec_lora.py:408] => Finding the number of samples to be generated ...
2026-03-13 09:26:20,637 [conec_lora.py:414] =>     We use 0 old + 64 new samples for each batch
2026-03-13 09:26:20,702 [conec_lora.py:543] => ==> Computing the statistics ...
2026-03-13 09:26:20,702 [conec_lora.py:277] => Obtaining the embeddings for domain 0 ...
2026-03-13 09:26:38,365 [conec_lora.py:556] =>     Statistics are ready for task: 0
2026-03-13 09:26:38,365 [conec_lora.py:560] => ==> Compression ...
2026-03-13 09:29:50,979 [conec_lora.py:572] => ==> Compression is done!
2026-03-13 09:30:09,482 [conec_lora.py:533] => Domain classifier training: Task 0, Epoch [1/25] lr 0.00199 Loss 0.0909, Train_acc 99.20
2026-03-13 09:30:27,723 [conec_lora.py:533] => Domain classifier training: Task 0, Epoch [2/25] lr 0.00197 Loss 0.0074, Train_acc 100.00
2026-03-13 09:30:46,058 [conec_lora.py:533] => Domain classifier training: Task 0, Epoch [3/25] lr 0.00193 Loss 0.0048, Train_acc 100.00
2026-03-13 09:31:04,432 [conec_lora.py:533] => Domain classifier training: Task 0, Epoch [4/25] lr 0.00188 Loss 0.0036, Train_acc 100.00
2026-03-13 09:31:22,875 [conec_lora.py:533] => Domain classifier training: Task 0, Epoch [5/25] lr 0.00181 Loss 0.0029, Train_acc 100.00
2026-03-13 09:31:41,275 [conec_lora.py:533] => Domain classifier training: Task 0, Epoch [6/25] lr 0.00173 Loss 0.0025, Train_acc 100.00
2026-03-13 09:31:59,723 [conec_lora.py:533] => Domain classifier training: Task 0, Epoch [7/25] lr 0.00164 Loss 0.0022, Train_acc 100.00
2026-03-13 09:32:18,169 [conec_lora.py:533] => Domain classifier training: Task 0, Epoch [8/25] lr 0.00154 Loss 0.0020, Train_acc 100.00
2026-03-13 09:32:36,657 [conec_lora.py:533] => Domain classifier training: Task 0, Epoch [9/25] lr 0.00143 Loss 0.0018, Train_acc 100.00
2026-03-13 09:32:55,173 [conec_lora.py:533] => Domain classifier training: Task 0, Epoch [10/25] lr 0.00131 Loss 0.0017, Train_acc 100.00
2026-03-13 09:33:13,662 [conec_lora.py:533] => Domain classifier training: Task 0, Epoch [11/25] lr 0.00119 Loss 0.0015, Train_acc 100.00
2026-03-13 09:33:32,146 [conec_lora.py:533] => Domain classifier training: Task 0, Epoch [12/25] lr 0.00106 Loss 0.0015, Train_acc 100.00
2026-03-13 09:33:50,612 [conec_lora.py:533] => Domain classifier training: Task 0, Epoch [13/25] lr 0.00094 Loss 0.0014, Train_acc 100.00
2026-03-13 09:34:09,121 [conec_lora.py:533] => Domain classifier training: Task 0, Epoch [14/25] lr 0.00081 Loss 0.0013, Train_acc 100.00
2026-03-13 09:34:27,607 [conec_lora.py:533] => Domain classifier training: Task 0, Epoch [15/25] lr 0.00069 Loss 0.0013, Train_acc 100.00
2026-03-13 09:34:46,094 [conec_lora.py:533] => Domain classifier training: Task 0, Epoch [16/25] lr 0.00057 Loss 0.0013, Train_acc 100.00
2026-03-13 09:35:04,597 [conec_lora.py:533] => Domain classifier training: Task 0, Epoch [17/25] lr 0.00046 Loss 0.0012, Train_acc 100.00
2026-03-13 09:35:23,063 [conec_lora.py:533] => Domain classifier training: Task 0, Epoch [18/25] lr 0.00036 Loss 0.0012, Train_acc 100.00
2026-03-13 09:35:41,565 [conec_lora.py:533] => Domain classifier training: Task 0, Epoch [19/25] lr 0.00027 Loss 0.0012, Train_acc 100.00
2026-03-13 09:36:00,102 [conec_lora.py:533] => Domain classifier training: Task 0, Epoch [20/25] lr 0.00019 Loss 0.0012, Train_acc 100.00
2026-03-13 09:36:18,602 [conec_lora.py:533] => Domain classifier training: Task 0, Epoch [21/25] lr 0.00012 Loss 0.0012, Train_acc 100.00
2026-03-13 09:36:37,076 [conec_lora.py:533] => Domain classifier training: Task 0, Epoch [22/25] lr 0.00007 Loss 0.0012, Train_acc 100.00
2026-03-13 09:36:55,611 [conec_lora.py:533] => Domain classifier training: Task 0, Epoch [23/25] lr 0.00003 Loss 0.0012, Train_acc 100.00
2026-03-13 09:37:14,148 [conec_lora.py:533] => Domain classifier training: Task 0, Epoch [24/25] lr 0.00001 Loss 0.0012, Train_acc 100.00
2026-03-13 09:37:32,652 [conec_lora.py:533] => Domain classifier training: Task 0, Epoch [25/25] lr 0.00000 Loss 0.0012, Train_acc 100.00
2026-03-13 09:37:32,801 [conec_lora.py:699] => Evaluating on the test set ...
2026-03-13 09:37:42,606 [trainer.py:102] => CNN (w/o oracle): {'total': 51.15, '0': 51.15, '0_many': 51.14, '0_medium': 54.55, '0_few': -1.0, '00-01': 41.91, '02-03': 75.9, '04-05': 48.51, 'old': 0.0, 'new': 51.15, 'many_shot': np.float64(51.14), 'medium_shot': np.float64(54.55)}
2026-03-13 09:37:42,606 [trainer.py:107] => Accuracies (w/o oracle) for order 1: [51.15] -> Avg.: 51.15
2026-03-13 09:37:42,606 [trainer.py:110] => CNN (with oracle): {'total': 51.13, '0': 51.13, '0_many': 51.11, '0_medium': 54.55, '0_few': -1.0, '00-01': 42.17, '02-03': 76.07, '04-05': 48.21, 'old': 0.0, 'new': 51.13, 'many_shot': np.float64(51.11), 'medium_shot': np.float64(54.55)}
2026-03-13 09:37:42,606 [trainer.py:115] => Accuracies (with oracle) for order 1: [51.13] -> Avg.: 51.13
2026-03-13 09:37:42,606 [trainer.py:119] => Domain classification accuracies (after each domain) for order 1:  [100.00] -> Avg.: 100.00
2026-03-13 09:37:42,788 [trainer.py:141] => The parameters are saved after task: 0!
2026-03-13 09:37:42,788 [conec_lora.py:109] => Learning on 6-12
2026-03-13 09:37:42,792 [our_utils.py:157] => Number of learnable parameters of LoRAs regularized: 221184
2026-03-13 09:37:42,792 [our_utils.py:157] => Number of learnable parameters of proxy_fc regularized: 9216
2026-03-13 09:37:42,792 [our_utils.py:159] => Total number of learnable parameters: 230400
2026-03-13 09:37:42,792 [conec_lora.py:161] => Training the domain 1 ...
2026-03-13 09:38:01,391 [conec_lora.py:236] => Task 1, Epoch 1/25 => Loss 1.081, Train_accy 60.53
2026-03-13 09:38:19,978 [conec_lora.py:236] => Task 1, Epoch 2/25 => Loss 0.927, Train_accy 64.42
2026-03-13 09:38:38,572 [conec_lora.py:236] => Task 1, Epoch 3/25 => Loss 0.900, Train_accy 65.96
2026-03-13 09:38:57,142 [conec_lora.py:236] => Task 1, Epoch 4/25 => Loss 0.848, Train_accy 67.80
2026-03-13 09:39:15,722 [conec_lora.py:236] => Task 1, Epoch 5/25 => Loss 0.834, Train_accy 68.72
2026-03-13 09:39:34,302 [conec_lora.py:236] => Task 1, Epoch 6/25 => Loss 0.793, Train_accy 70.13
2026-03-13 09:39:52,878 [conec_lora.py:236] => Task 1, Epoch 7/25 => Loss 0.782, Train_accy 70.90
2026-03-13 09:40:11,448 [conec_lora.py:236] => Task 1, Epoch 8/25 => Loss 0.753, Train_accy 72.05
2026-03-13 09:40:30,019 [conec_lora.py:236] => Task 1, Epoch 9/25 => Loss 0.728, Train_accy 74.15
2026-03-13 09:40:48,600 [conec_lora.py:236] => Task 1, Epoch 10/25 => Loss 0.698, Train_accy 74.15
2026-03-13 09:41:07,174 [conec_lora.py:236] => Task 1, Epoch 11/25 => Loss 0.677, Train_accy 75.15
2026-03-13 09:41:25,752 [conec_lora.py:236] => Task 1, Epoch 12/25 => Loss 0.645, Train_accy 76.66
2026-03-13 09:41:44,326 [conec_lora.py:236] => Task 1, Epoch 13/25 => Loss 0.618, Train_accy 78.28
2026-03-13 09:42:02,908 [conec_lora.py:236] => Task 1, Epoch 14/25 => Loss 0.597, Train_accy 78.94
2026-03-13 09:42:21,476 [conec_lora.py:236] => Task 1, Epoch 15/25 => Loss 0.577, Train_accy 79.66
2026-03-13 09:42:40,042 [conec_lora.py:236] => Task 1, Epoch 16/25 => Loss 0.544, Train_accy 80.64
2026-03-13 09:42:58,619 [conec_lora.py:236] => Task 1, Epoch 17/25 => Loss 0.525, Train_accy 82.04
2026-03-13 09:43:17,181 [conec_lora.py:236] => Task 1, Epoch 18/25 => Loss 0.512, Train_accy 82.94
2026-03-13 09:43:35,755 [conec_lora.py:236] => Task 1, Epoch 19/25 => Loss 0.487, Train_accy 83.84
2026-03-13 09:43:54,316 [conec_lora.py:236] => Task 1, Epoch 20/25 => Loss 0.469, Train_accy 84.12
2026-03-13 09:44:12,893 [conec_lora.py:236] => Task 1, Epoch 21/25 => Loss 0.449, Train_accy 85.14
2026-03-13 09:44:31,461 [conec_lora.py:236] => Task 1, Epoch 22/25 => Loss 0.437, Train_accy 85.73
2026-03-13 09:44:50,043 [conec_lora.py:236] => Task 1, Epoch 23/25 => Loss 0.429, Train_accy 86.19
2026-03-13 09:45:08,610 [conec_lora.py:236] => Task 1, Epoch 24/25 => Loss 0.422, Train_accy 86.76
2026-03-13 09:45:27,178 [conec_lora.py:236] => Task 1, Epoch 25/25 => Loss 0.421, Train_accy 85.99
2026-03-13 09:45:27,178 [conec_lora.py:365] => Calculating the prototypes for the classifier ...
2026-03-13 09:45:27,179 [conec_lora.py:334] => Obtaining the embeddings for domain 1
2026-03-13 09:45:33,147 [conec_lora.py:423] => Training the domain classifier ...
2026-03-13 09:45:33,147 [conec_lora.py:408] => Finding the number of samples to be generated ...
2026-03-13 09:45:33,147 [conec_lora.py:414] =>     We use 32 old + 32 new samples for each batch
2026-03-13 09:45:33,221 [conec_lora.py:543] => ==> Computing the statistics ...
2026-03-13 09:45:33,221 [conec_lora.py:277] => Obtaining the embeddings for domain 1 ...
2026-03-13 09:45:38,593 [conec_lora.py:556] =>     Statistics are ready for task: 1
2026-03-13 09:45:38,593 [conec_lora.py:560] => ==> Compression ...
2026-03-13 09:46:13,917 [conec_lora.py:572] => ==> Compression is done!
2026-03-13 09:46:13,985 [conec_lora.py:576] => => Generating synthetic embeddings
2026-03-13 09:46:23,586 [conec_lora.py:533] => Domain classifier training: Task 1, Epoch [1/25] lr 0.00199 Loss 136.3352, Train_acc 54.56
2026-03-13 09:46:30,040 [conec_lora.py:533] => Domain classifier training: Task 1, Epoch [2/25] lr 0.00197 Loss 125.8515, Train_acc 59.43
2026-03-13 09:46:36,498 [conec_lora.py:533] => Domain classifier training: Task 1, Epoch [3/25] lr 0.00193 Loss 123.6642, Train_acc 64.21
2026-03-13 09:46:42,976 [conec_lora.py:533] => Domain classifier training: Task 1, Epoch [4/25] lr 0.00188 Loss 122.2729, Train_acc 65.85
2026-03-13 09:46:49,419 [conec_lora.py:533] => Domain classifier training: Task 1, Epoch [5/25] lr 0.00181 Loss 121.1588, Train_acc 66.81
2026-03-13 09:46:55,992 [conec_lora.py:533] => Domain classifier training: Task 1, Epoch [6/25] lr 0.00173 Loss 119.7673, Train_acc 69.05
2026-03-13 09:47:02,469 [conec_lora.py:533] => Domain classifier training: Task 1, Epoch [7/25] lr 0.00164 Loss 119.3212, Train_acc 69.15
2026-03-13 09:47:08,900 [conec_lora.py:533] => Domain classifier training: Task 1, Epoch [8/25] lr 0.00154 Loss 118.3586, Train_acc 70.69
2026-03-13 09:47:15,370 [conec_lora.py:533] => Domain classifier training: Task 1, Epoch [9/25] lr 0.00143 Loss 117.6243, Train_acc 70.51
2026-03-13 09:47:21,860 [conec_lora.py:533] => Domain classifier training: Task 1, Epoch [10/25] lr 0.00131 Loss 117.1317, Train_acc 71.95
2026-03-13 09:47:28,401 [conec_lora.py:533] => Domain classifier training: Task 1, Epoch [11/25] lr 0.00119 Loss 116.5774, Train_acc 71.85
2026-03-13 09:47:34,870 [conec_lora.py:533] => Domain classifier training: Task 1, Epoch [12/25] lr 0.00106 Loss 116.4442, Train_acc 72.08
2026-03-13 09:47:41,345 [conec_lora.py:533] => Domain classifier training: Task 1, Epoch [13/25] lr 0.00094 Loss 115.8361, Train_acc 71.88
2026-03-13 09:47:47,788 [conec_lora.py:533] => Domain classifier training: Task 1, Epoch [14/25] lr 0.00081 Loss 115.6512, Train_acc 72.73
2026-03-13 09:47:54,261 [conec_lora.py:533] => Domain classifier training: Task 1, Epoch [15/25] lr 0.00069 Loss 115.1696, Train_acc 72.58
2026-03-13 09:48:00,775 [conec_lora.py:533] => Domain classifier training: Task 1, Epoch [16/25] lr 0.00057 Loss 114.9069, Train_acc 73.03
2026-03-13 09:48:07,259 [conec_lora.py:533] => Domain classifier training: Task 1, Epoch [17/25] lr 0.00046 Loss 114.7860, Train_acc 72.88
2026-03-13 09:48:13,720 [conec_lora.py:533] => Domain classifier training: Task 1, Epoch [18/25] lr 0.00036 Loss 114.4423, Train_acc 73.54
2026-03-13 09:48:20,226 [conec_lora.py:533] => Domain classifier training: Task 1, Epoch [19/25] lr 0.00027 Loss 114.3357, Train_acc 74.75
2026-03-13 09:48:26,779 [conec_lora.py:533] => Domain classifier training: Task 1, Epoch [20/25] lr 0.00019 Loss 114.0933, Train_acc 73.71
2026-03-13 09:48:33,329 [conec_lora.py:533] => Domain classifier training: Task 1, Epoch [21/25] lr 0.00012 Loss 114.1108, Train_acc 73.21
2026-03-13 09:48:39,922 [conec_lora.py:533] => Domain classifier training: Task 1, Epoch [22/25] lr 0.00007 Loss 114.2174, Train_acc 72.61
2026-03-13 09:48:46,443 [conec_lora.py:533] => Domain classifier training: Task 1, Epoch [23/25] lr 0.00003 Loss 113.8338, Train_acc 74.09
2026-03-13 09:48:53,004 [conec_lora.py:533] => Domain classifier training: Task 1, Epoch [24/25] lr 0.00001 Loss 113.9001, Train_acc 73.56
2026-03-13 09:48:59,531 [conec_lora.py:533] => Domain classifier training: Task 1, Epoch [25/25] lr 0.00000 Loss 113.9343, Train_acc 74.42
2026-03-13 09:48:59,682 [conec_lora.py:699] => Evaluating on the test set ...
2026-03-13 09:49:17,419 [trainer.py:102] => CNN (w/o oracle): {'total': 50.83, '0': 50.72, '0_many': 50.7, '0_medium': 54.55, '0_few': -1.0, '1': 51.21, '1_many': 51.21, '1_medium': -1.0, '1_few': -1.0, '00-01': 33.05, '02-03': 75.74, '04-05': 53.91, '06-07': 49.38, '08-09': 66.09, '10-11': 48.95, 'old': 50.72, 'new': 51.21, 'many_shot': np.float64(50.955), 'medium_shot': np.float64(54.55)}
2026-03-13 09:49:17,419 [trainer.py:107] => Accuracies (w/o oracle) for order 1: [51.15, 50.83] -> Avg.: 50.99
2026-03-13 09:49:17,419 [trainer.py:110] => CNN (with oracle): {'total': 51.53, '0': 51.15, '0_many': 51.14, '0_medium': 54.55, '0_few': -1.0, '1': 52.82, '1_many': 52.82, '1_medium': -1.0, '1_few': -1.0, '00-01': 41.82, '02-03': 76.07, '04-05': 48.51, '06-07': 48.28, '08-09': 70.43, '10-11': 56.54, 'old': 51.15, 'new': 52.82, 'many_shot': np.float64(51.980000000000004), 'medium_shot': np.float64(54.55)}
2026-03-13 09:49:17,419 [trainer.py:115] => Accuracies (with oracle) for order 1: [51.13, 51.53] -> Avg.: 51.33
2026-03-13 09:49:17,419 [trainer.py:119] => Domain classification accuracies (after each domain) for order 1:  [100.00, 68.55] -> Avg.: 84.27
2026-03-13 09:49:17,616 [trainer.py:141] => The parameters are saved after task: 1!
2026-03-13 09:49:17,616 [conec_lora.py:109] => Learning on 12-18
2026-03-13 09:49:17,625 [our_utils.py:157] => Number of learnable parameters of LoRAs regularized: 221184
2026-03-13 09:49:17,625 [our_utils.py:157] => Number of learnable parameters of proxy_fc regularized: 9216
2026-03-13 09:49:17,625 [our_utils.py:159] => Total number of learnable parameters: 230400
2026-03-13 09:49:17,626 [conec_lora.py:161] => Training the domain 2 ...
2026-03-13 09:49:54,444 [conec_lora.py:236] => Task 2, Epoch 1/25 => Loss 1.124, Train_accy 56.88
2026-03-13 09:50:31,247 [conec_lora.py:236] => Task 2, Epoch 2/25 => Loss 1.014, Train_accy 61.10
2026-03-13 09:51:08,034 [conec_lora.py:236] => Task 2, Epoch 3/25 => Loss 0.976, Train_accy 62.96
2026-03-13 09:51:44,844 [conec_lora.py:236] => Task 2, Epoch 4/25 => Loss 0.944, Train_accy 64.34
2026-03-13 09:52:21,674 [conec_lora.py:236] => Task 2, Epoch 5/25 => Loss 0.911, Train_accy 65.86
2026-03-13 09:52:58,492 [conec_lora.py:236] => Task 2, Epoch 6/25 => Loss 0.883, Train_accy 66.78
2026-03-13 09:53:35,325 [conec_lora.py:236] => Task 2, Epoch 7/25 => Loss 0.860, Train_accy 67.69
2026-03-13 09:54:12,153 [conec_lora.py:236] => Task 2, Epoch 8/25 => Loss 0.845, Train_accy 68.16
2026-03-13 09:54:48,967 [conec_lora.py:236] => Task 2, Epoch 9/25 => Loss 0.815, Train_accy 69.34
2026-03-13 09:55:25,782 [conec_lora.py:236] => Task 2, Epoch 10/25 => Loss 0.797, Train_accy 70.02
2026-03-13 09:56:02,599 [conec_lora.py:236] => Task 2, Epoch 11/25 => Loss 0.761, Train_accy 71.27
2026-03-13 09:56:39,425 [conec_lora.py:236] => Task 2, Epoch 12/25 => Loss 0.732, Train_accy 72.58
2026-03-13 09:57:16,239 [conec_lora.py:236] => Task 2, Epoch 13/25 => Loss 0.710, Train_accy 73.50
2026-03-13 09:57:53,071 [conec_lora.py:236] => Task 2, Epoch 14/25 => Loss 0.678, Train_accy 74.96
2026-03-13 09:58:29,893 [conec_lora.py:236] => Task 2, Epoch 15/25 => Loss 0.649, Train_accy 76.31
2026-03-13 09:59:06,706 [conec_lora.py:236] => Task 2, Epoch 16/25 => Loss 0.622, Train_accy 77.09
2026-03-13 09:59:43,503 [conec_lora.py:236] => Task 2, Epoch 17/25 => Loss 0.597, Train_accy 78.18
2026-03-13 10:00:20,332 [conec_lora.py:236] => Task 2, Epoch 18/25 => Loss 0.572, Train_accy 79.88
2026-03-13 10:00:57,142 [conec_lora.py:236] => Task 2, Epoch 19/25 => Loss 0.537, Train_accy 80.64
2026-03-13 10:01:33,965 [conec_lora.py:236] => Task 2, Epoch 20/25 => Loss 0.522, Train_accy 81.29
2026-03-13 10:02:10,803 [conec_lora.py:236] => Task 2, Epoch 21/25 => Loss 0.497, Train_accy 82.74
2026-03-13 10:02:47,643 [conec_lora.py:236] => Task 2, Epoch 22/25 => Loss 0.478, Train_accy 83.20
2026-03-13 10:03:24,450 [conec_lora.py:236] => Task 2, Epoch 23/25 => Loss 0.465, Train_accy 83.80
2026-03-13 10:04:01,250 [conec_lora.py:236] => Task 2, Epoch 24/25 => Loss 0.456, Train_accy 84.16
2026-03-13 10:04:38,074 [conec_lora.py:236] => Task 2, Epoch 25/25 => Loss 0.451, Train_accy 84.55
2026-03-13 10:04:38,074 [conec_lora.py:365] => Calculating the prototypes for the classifier ...
2026-03-13 10:04:38,075 [conec_lora.py:334] => Obtaining the embeddings for domain 2
2026-03-13 10:04:49,489 [conec_lora.py:423] => Training the domain classifier ...
2026-03-13 10:04:49,489 [conec_lora.py:408] => Finding the number of samples to be generated ...
2026-03-13 10:04:49,489 [conec_lora.py:414] =>     We use 43 old + 21 new samples for each batch
2026-03-13 10:04:49,560 [conec_lora.py:543] => ==> Computing the statistics ...
2026-03-13 10:04:49,560 [conec_lora.py:277] => Obtaining the embeddings for domain 2 ...
2026-03-13 10:04:59,935 [conec_lora.py:556] =>     Statistics are ready for task: 2
2026-03-13 10:04:59,935 [conec_lora.py:560] => ==> Compression ...
2026-03-13 10:06:17,474 [conec_lora.py:572] => ==> Compression is done!
2026-03-13 10:06:17,545 [conec_lora.py:576] => => Generating synthetic embeddings
2026-03-13 10:06:36,915 [conec_lora.py:533] => Domain classifier training: Task 2, Epoch [1/25] lr 0.00199 Loss 231.0219, Train_acc 51.08
2026-03-13 10:06:49,361 [conec_lora.py:533] => Domain classifier training: Task 2, Epoch [2/25] lr 0.00197 Loss 222.6546, Train_acc 57.82
2026-03-13 10:07:01,765 [conec_lora.py:533] => Domain classifier training: Task 2, Epoch [3/25] lr 0.00193 Loss 217.3295, Train_acc 59.31
2026-03-13 10:07:14,289 [conec_lora.py:533] => Domain classifier training: Task 2, Epoch [4/25] lr 0.00188 Loss 213.6704, Train_acc 59.97
2026-03-13 10:07:26,834 [conec_lora.py:533] => Domain classifier training: Task 2, Epoch [5/25] lr 0.00181 Loss 210.5837, Train_acc 61.85
2026-03-13 10:07:39,322 [conec_lora.py:533] => Domain classifier training: Task 2, Epoch [6/25] lr 0.00173 Loss 207.7776, Train_acc 62.46
2026-03-13 10:07:51,890 [conec_lora.py:533] => Domain classifier training: Task 2, Epoch [7/25] lr 0.00164 Loss 204.5994, Train_acc 64.14
2026-03-13 10:08:04,446 [conec_lora.py:533] => Domain classifier training: Task 2, Epoch [8/25] lr 0.00154 Loss 202.5420, Train_acc 65.36
2026-03-13 10:08:16,910 [conec_lora.py:533] => Domain classifier training: Task 2, Epoch [9/25] lr 0.00143 Loss 199.9468, Train_acc 66.01
2026-03-13 10:08:29,564 [conec_lora.py:533] => Domain classifier training: Task 2, Epoch [10/25] lr 0.00131 Loss 197.3819, Train_acc 66.45
2026-03-13 10:08:42,103 [conec_lora.py:533] => Domain classifier training: Task 2, Epoch [11/25] lr 0.00119 Loss 193.9141, Train_acc 66.17
2026-03-13 10:08:54,649 [conec_lora.py:533] => Domain classifier training: Task 2, Epoch [12/25] lr 0.00106 Loss 189.6972, Train_acc 67.53
2026-03-13 10:09:07,200 [conec_lora.py:533] => Domain classifier training: Task 2, Epoch [13/25] lr 0.00094 Loss 186.4303, Train_acc 67.85
2026-03-13 10:09:19,720 [conec_lora.py:533] => Domain classifier training: Task 2, Epoch [14/25] lr 0.00081 Loss 183.3758, Train_acc 67.87
2026-03-13 10:09:32,266 [conec_lora.py:533] => Domain classifier training: Task 2, Epoch [15/25] lr 0.00069 Loss 180.1546, Train_acc 70.51
2026-03-13 10:09:44,809 [conec_lora.py:533] => Domain classifier training: Task 2, Epoch [16/25] lr 0.00057 Loss 178.5078, Train_acc 70.90
2026-03-13 10:09:57,463 [conec_lora.py:533] => Domain classifier training: Task 2, Epoch [17/25] lr 0.00046 Loss 177.8843, Train_acc 71.32
2026-03-13 10:10:10,042 [conec_lora.py:533] => Domain classifier training: Task 2, Epoch [18/25] lr 0.00036 Loss 176.5924, Train_acc 72.29
2026-03-13 10:10:22,568 [conec_lora.py:533] => Domain classifier training: Task 2, Epoch [19/25] lr 0.00027 Loss 175.7202, Train_acc 72.04
2026-03-13 10:10:35,111 [conec_lora.py:533] => Domain classifier training: Task 2, Epoch [20/25] lr 0.00019 Loss 174.5737, Train_acc 73.06
2026-03-13 10:10:47,700 [conec_lora.py:533] => Domain classifier training: Task 2, Epoch [21/25] lr 0.00012 Loss 173.5034, Train_acc 74.06
2026-03-13 10:11:00,244 [conec_lora.py:533] => Domain classifier training: Task 2, Epoch [22/25] lr 0.00007 Loss 173.6141, Train_acc 72.59
2026-03-13 10:11:12,848 [conec_lora.py:533] => Domain classifier training: Task 2, Epoch [23/25] lr 0.00003 Loss 173.3113, Train_acc 74.28
2026-03-13 10:11:25,386 [conec_lora.py:533] => Domain classifier training: Task 2, Epoch [24/25] lr 0.00001 Loss 173.4333, Train_acc 73.27
2026-03-13 10:11:37,998 [conec_lora.py:533] => Domain classifier training: Task 2, Epoch [25/25] lr 0.00000 Loss 173.1694, Train_acc 73.65
2026-03-13 10:11:38,180 [conec_lora.py:699] => Evaluating on the test set ...
2026-03-13 10:12:03,807 [trainer.py:102] => CNN (w/o oracle): {'total': 51.63, '0': 49.52, '0_many': 49.59, '0_medium': 27.27, '0_few': -1.0, '1': 51.51, '1_many': 51.51, '1_medium': -1.0, '1_few': -1.0, '2': 55.4, '2_many': 55.6, '2_medium': 0.0, '2_few': -1.0, '00-01': 37.01, '02-03': 75.25, '04-05': 48.82, '06-07': 49.69, '08-09': 68.7, '10-11': 48.1, '12-13': 49.14, '14-15': 51.52, '16-17': 62.33, 'old': 49.97, 'new': 55.4, 'many_shot': np.float64(52.23333333333333), 'medium_shot': np.float64(13.635)}
2026-03-13 10:12:03,807 [trainer.py:107] => Accuracies (w/o oracle) for order 1: [51.15, 50.83, 51.63] -> Avg.: 51.20
2026-03-13 10:12:03,808 [trainer.py:110] => CNN (with oracle): {'total': 53.34, '0': 51.24, '0_many': 51.23, '0_medium': 54.55, '0_few': -1.0, '1': 52.72, '1_many': 52.72, '1_medium': -1.0, '1_few': -1.0, '2': 57.34, '2_many': 57.55, '2_medium': 0.0, '2_few': -1.0, '00-01': 42.08, '02-03': 75.9, '04-05': 48.57, '06-07': 48.12, '08-09': 69.57, '10-11': 56.96, '12-13': 53.76, '14-15': 50.61, '16-17': 63.02, 'old': 51.57, 'new': 57.34, 'many_shot': np.float64(53.833333333333336), 'medium_shot': np.float64(27.275)}
2026-03-13 10:12:03,808 [trainer.py:115] => Accuracies (with oracle) for order 1: [51.13, 51.53, 53.34] -> Avg.: 52.00
2026-03-13 10:12:03,808 [trainer.py:119] => Domain classification accuracies (after each domain) for order 1:  [100.00, 68.55, 62.81] -> Avg.: 77.12
2026-03-13 10:12:03,972 [trainer.py:141] => The parameters are saved after task: 2!
2026-03-13 10:12:03,972 [conec_lora.py:109] => Learning on 18-24
2026-03-13 10:12:03,979 [our_utils.py:157] => Number of learnable parameters of LoRAs regularized: 221184
2026-03-13 10:12:03,979 [our_utils.py:157] => Number of learnable parameters of proxy_fc regularized: 9216
2026-03-13 10:12:03,979 [our_utils.py:159] => Total number of learnable parameters: 230400
2026-03-13 10:12:03,980 [conec_lora.py:161] => Training the domain 3 ...
2026-03-13 10:12:32,847 [conec_lora.py:236] => Task 3, Epoch 1/25 => Loss 0.949, Train_accy 65.87
2026-03-13 10:13:01,701 [conec_lora.py:236] => Task 3, Epoch 2/25 => Loss 0.843, Train_accy 69.18
2026-03-13 10:13:30,576 [conec_lora.py:236] => Task 3, Epoch 3/25 => Loss 0.810, Train_accy 70.51
2026-03-13 10:13:59,426 [conec_lora.py:236] => Task 3, Epoch 4/25 => Loss 0.785, Train_accy 71.05
2026-03-13 10:14:28,286 [conec_lora.py:236] => Task 3, Epoch 5/25 => Loss 0.748, Train_accy 72.40
2026-03-13 10:14:57,139 [conec_lora.py:236] => Task 3, Epoch 6/25 => Loss 0.728, Train_accy 73.08
2026-03-13 10:15:26,008 [conec_lora.py:236] => Task 3, Epoch 7/25 => Loss 0.703, Train_accy 74.21
2026-03-13 10:15:54,867 [conec_lora.py:236] => Task 3, Epoch 8/25 => Loss 0.680, Train_accy 75.12
2026-03-13 10:16:23,734 [conec_lora.py:236] => Task 3, Epoch 9/25 => Loss 0.655, Train_accy 75.44
2026-03-13 10:16:52,571 [conec_lora.py:236] => Task 3, Epoch 10/25 => Loss 0.627, Train_accy 76.76
2026-03-13 10:17:21,455 [conec_lora.py:236] => Task 3, Epoch 11/25 => Loss 0.588, Train_accy 78.29
2026-03-13 10:17:50,319 [conec_lora.py:236] => Task 3, Epoch 12/25 => Loss 0.562, Train_accy 79.49
2026-03-13 10:18:19,193 [conec_lora.py:236] => Task 3, Epoch 13/25 => Loss 0.529, Train_accy 80.23
2026-03-13 10:18:48,056 [conec_lora.py:236] => Task 3, Epoch 14/25 => Loss 0.502, Train_accy 81.45
2026-03-13 10:19:16,951 [conec_lora.py:236] => Task 3, Epoch 15/25 => Loss 0.484, Train_accy 82.25
2026-03-13 10:19:45,797 [conec_lora.py:236] => Task 3, Epoch 16/25 => Loss 0.445, Train_accy 83.60
2026-03-13 10:20:14,643 [conec_lora.py:236] => Task 3, Epoch 17/25 => Loss 0.422, Train_accy 84.64
2026-03-13 10:20:43,493 [conec_lora.py:236] => Task 3, Epoch 18/25 => Loss 0.387, Train_accy 86.27
2026-03-13 10:21:12,323 [conec_lora.py:236] => Task 3, Epoch 19/25 => Loss 0.353, Train_accy 87.68
2026-03-13 10:21:41,141 [conec_lora.py:236] => Task 3, Epoch 20/25 => Loss 0.343, Train_accy 87.78
2026-03-13 10:22:09,973 [conec_lora.py:236] => Task 3, Epoch 21/25 => Loss 0.323, Train_accy 88.52
2026-03-13 10:22:38,793 [conec_lora.py:236] => Task 3, Epoch 22/25 => Loss 0.309, Train_accy 89.70
2026-03-13 10:23:07,612 [conec_lora.py:236] => Task 3, Epoch 23/25 => Loss 0.302, Train_accy 90.31
2026-03-13 10:23:36,438 [conec_lora.py:236] => Task 3, Epoch 24/25 => Loss 0.291, Train_accy 90.79
2026-03-13 10:24:05,260 [conec_lora.py:236] => Task 3, Epoch 25/25 => Loss 0.288, Train_accy 90.58
2026-03-13 10:24:05,287 [conec_lora.py:365] => Calculating the prototypes for the classifier ...
2026-03-13 10:24:05,287 [conec_lora.py:334] => Obtaining the embeddings for domain 3
2026-03-13 10:24:14,407 [conec_lora.py:423] => Training the domain classifier ...
2026-03-13 10:24:14,407 [conec_lora.py:408] => Finding the number of samples to be generated ...
2026-03-13 10:24:14,407 [conec_lora.py:414] =>     We use 48 old + 16 new samples for each batch
2026-03-13 10:24:14,474 [conec_lora.py:543] => ==> Computing the statistics ...
2026-03-13 10:24:14,474 [conec_lora.py:277] => Obtaining the embeddings for domain 3 ...
2026-03-13 10:24:22,654 [conec_lora.py:556] =>     Statistics are ready for task: 3
2026-03-13 10:24:22,654 [conec_lora.py:560] => ==> Compression ...
2026-03-13 10:25:51,388 [conec_lora.py:572] => ==> Compression is done!
2026-03-13 10:25:51,491 [conec_lora.py:576] => => Generating synthetic embeddings
2026-03-13 10:26:15,494 [conec_lora.py:533] => Domain classifier training: Task 3, Epoch [1/25] lr 0.00199 Loss 285.3096, Train_acc 51.04
2026-03-13 10:26:25,417 [conec_lora.py:533] => Domain classifier training: Task 3, Epoch [2/25] lr 0.00197 Loss 273.5124, Train_acc 54.77
2026-03-13 10:26:35,316 [conec_lora.py:533] => Domain classifier training: Task 3, Epoch [3/25] lr 0.00193 Loss 269.2027, Train_acc 57.65
2026-03-13 10:26:45,186 [conec_lora.py:533] => Domain classifier training: Task 3, Epoch [4/25] lr 0.00188 Loss 262.5363, Train_acc 60.06
2026-03-13 10:26:55,119 [conec_lora.py:533] => Domain classifier training: Task 3, Epoch [5/25] lr 0.00181 Loss 260.5070, Train_acc 60.07
2026-03-13 10:27:05,025 [conec_lora.py:533] => Domain classifier training: Task 3, Epoch [6/25] lr 0.00173 Loss 255.6178, Train_acc 62.84
2026-03-13 10:27:14,940 [conec_lora.py:533] => Domain classifier training: Task 3, Epoch [7/25] lr 0.00164 Loss 250.4340, Train_acc 63.56
2026-03-13 10:27:24,788 [conec_lora.py:533] => Domain classifier training: Task 3, Epoch [8/25] lr 0.00154 Loss 245.4783, Train_acc 67.15
2026-03-13 10:27:34,814 [conec_lora.py:533] => Domain classifier training: Task 3, Epoch [9/25] lr 0.00143 Loss 239.0472, Train_acc 66.46
2026-03-13 10:27:44,786 [conec_lora.py:533] => Domain classifier training: Task 3, Epoch [10/25] lr 0.00131 Loss 232.2365, Train_acc 66.10
2026-03-13 10:27:54,774 [conec_lora.py:533] => Domain classifier training: Task 3, Epoch [11/25] lr 0.00119 Loss 227.2510, Train_acc 70.44
2026-03-13 10:28:04,745 [conec_lora.py:533] => Domain classifier training: Task 3, Epoch [12/25] lr 0.00106 Loss 225.9426, Train_acc 69.45
2026-03-13 10:28:14,641 [conec_lora.py:533] => Domain classifier training: Task 3, Epoch [13/25] lr 0.00094 Loss 221.5587, Train_acc 70.49
2026-03-13 10:28:24,544 [conec_lora.py:533] => Domain classifier training: Task 3, Epoch [14/25] lr 0.00081 Loss 218.8826, Train_acc 71.29
2026-03-13 10:28:34,510 [conec_lora.py:533] => Domain classifier training: Task 3, Epoch [15/25] lr 0.00069 Loss 217.0621, Train_acc 71.52
2026-03-13 10:28:44,402 [conec_lora.py:533] => Domain classifier training: Task 3, Epoch [16/25] lr 0.00057 Loss 214.3805, Train_acc 72.56
2026-03-13 10:28:54,388 [conec_lora.py:533] => Domain classifier training: Task 3, Epoch [17/25] lr 0.00046 Loss 213.4322, Train_acc 74.35
2026-03-13 10:29:04,280 [conec_lora.py:533] => Domain classifier training: Task 3, Epoch [18/25] lr 0.00036 Loss 210.9179, Train_acc 75.03
2026-03-13 10:29:14,174 [conec_lora.py:533] => Domain classifier training: Task 3, Epoch [19/25] lr 0.00027 Loss 209.6619, Train_acc 76.38
2026-03-13 10:29:24,073 [conec_lora.py:533] => Domain classifier training: Task 3, Epoch [20/25] lr 0.00019 Loss 209.1025, Train_acc 75.55
2026-03-13 10:29:34,012 [conec_lora.py:533] => Domain classifier training: Task 3, Epoch [21/25] lr 0.00012 Loss 208.6523, Train_acc 76.46
2026-03-13 10:29:43,967 [conec_lora.py:533] => Domain classifier training: Task 3, Epoch [22/25] lr 0.00007 Loss 207.8487, Train_acc 76.04
2026-03-13 10:29:53,879 [conec_lora.py:533] => Domain classifier training: Task 3, Epoch [23/25] lr 0.00003 Loss 206.9636, Train_acc 76.73
2026-03-13 10:30:03,873 [conec_lora.py:533] => Domain classifier training: Task 3, Epoch [24/25] lr 0.00001 Loss 206.8024, Train_acc 76.87
2026-03-13 10:30:13,834 [conec_lora.py:533] => Domain classifier training: Task 3, Epoch [25/25] lr 0.00000 Loss 206.8490, Train_acc 77.13
2026-03-13 10:30:14,005 [conec_lora.py:699] => Evaluating on the test set ...
2026-03-13 10:30:46,186 [trainer.py:102] => CNN (w/o oracle): {'total': 51.82, '0': 48.44, '0_many': 48.53, '0_medium': 18.18, '0_few': -1.0, '1': 49.9, '1_many': 49.9, '1_medium': -1.0, '1_few': -1.0, '2': 55.09, '2_many': 55.29, '2_medium': 0.0, '2_few': -1.0, '3': 56.47, '3_many': 56.47, '3_medium': -1.0, '3_few': -1.0, '00-01': 36.92, '02-03': 74.26, '04-05': 47.0, '06-07': 51.72, '08-09': 69.57, '10-11': 35.44, '12-13': 49.41, '14-15': 51.52, '16-17': 61.41, '18-19': 59.5, '20-21': 40.38, '22-23': 35.45, 'old': 50.71, 'new': 56.47, 'many_shot': np.float64(52.5475), 'medium_shot': np.float64(9.09)}
2026-03-13 10:30:46,186 [trainer.py:107] => Accuracies (w/o oracle) for order 1: [51.15, 50.83, 51.63, 51.82] -> Avg.: 51.36
2026-03-13 10:30:46,186 [trainer.py:110] => CNN (with oracle): {'total': 54.1, '0': 51.21, '0_many': 51.2, '0_medium': 54.55, '0_few': -1.0, '1': 52.62, '1_many': 52.62, '1_medium': -1.0, '1_few': -1.0, '2': 57.39, '2_many': 57.6, '2_medium': 0.0, '2_few': -1.0, '3': 57.32, '3_many': 57.32, '3_medium': -1.0, '3_few': -1.0, '00-01': 42.08, '02-03': 75.9, '04-05': 48.51, '06-07': 48.12, '08-09': 69.57, '10-11': 56.54, '12-13': 53.63, '14-15': 50.91, '16-17': 63.13, '18-19': 59.42, '20-21': 44.23, '22-23': 44.55, 'old': 53.33, 'new': 57.32, 'many_shot': np.float64(54.684999999999995), 'medium_shot': np.float64(27.275)}
2026-03-13 10:30:46,186 [trainer.py:115] => Accuracies (with oracle) for order 1: [51.13, 51.53, 53.34, 54.10] -> Avg.: 52.52
2026-03-13 10:30:46,186 [trainer.py:119] => Domain classification accuracies (after each domain) for order 1:  [100.00, 68.55, 62.81, 60.93] -> Avg.: 73.07
2026-03-13 10:30:46,353 [trainer.py:141] => The parameters are saved after task: 3!
2026-03-13 10:30:46,353 [conec_lora.py:109] => Learning on 24-30
2026-03-13 10:30:46,368 [our_utils.py:157] => Number of learnable parameters of LoRAs regularized: 221184
2026-03-13 10:30:46,368 [our_utils.py:157] => Number of learnable parameters of proxy_fc regularized: 9216
2026-03-13 10:30:46,368 [our_utils.py:159] => Total number of learnable parameters: 230400
2026-03-13 10:30:46,369 [conec_lora.py:161] => Training the domain 4 ...
2026-03-13 10:30:46,555 [__init__.py:367] => GDAL signalled an error: err_no=4, msg="`/home/rizal/rizal_projects/CONEC-LoRA/Datasets/DIL/deforest_dil/insular_sea/commercial_agriculture/sample_1629857.tif' not recognized as being in a supported file format."
2026-03-13 10:30:46,718 [__init__.py:367] => GDAL signalled an error: err_no=4, msg="`/home/rizal/rizal_projects/CONEC-LoRA/Datasets/DIL/deforest_dil/insular_sea/other_natural_disturbances_or_no_tree-loss_driver/sample_1629866.tif' not recognized as being in a supported file format."
2026-03-13 10:30:47,070 [__init__.py:367] => GDAL signalled an error: err_no=4, msg="`/home/rizal/rizal_projects/CONEC-LoRA/Datasets/DIL/deforest_dil/insular_sea/subsistence_agriculture/sample_1630050.tif' not recognized as being in a supported file format."
2026-03-13 10:30:47,538 [__init__.py:367] => GDAL signalled an error: err_no=4, msg="`/home/rizal/rizal_projects/CONEC-LoRA/Datasets/DIL/deforest_dil/insular_sea/commercial_agriculture/sample_1629552.tif' not recognized as being in a supported file format."
