2026-03-30 15:14:19,211 [trainer.py:178] => ----------------------------------------------------------------------------------------------------
2026-03-30 15:14:19,250 [trainer.py:182] => Python version: 3.11.15
2026-03-30 15:14:19,250 [trainer.py:183] => PyTorch version: 2.5.1+cu121,TorchVision version: 0.20.1+cu121
2026-03-30 15:14:19,251 [trainer.py:184] => GPU Name: NVIDIA RTX A5000
2026-03-30 15:14:19,251 [trainer.py:185] => Driver: 535.230.02
2026-03-30 15:14:19,251 [trainer.py:188] => config: ./exps/deforest_dil.json
2026-03-30 15:14:19,251 [trainer.py:188] => order: 1
2026-03-30 15:14:19,251 [trainer.py:188] => device: [device(type='cuda', index=0)]
2026-03-30 15:14:19,251 [trainer.py:188] => prefix: CONEC_LoRA
2026-03-30 15:14:19,251 [trainer.py:188] => dataset: deforest_dil
2026-03-30 15:14:19,251 [trainer.py:188] => data_path: /newEra/shared/Datasets/deforest_dil
2026-03-30 15:14:19,251 [trainer.py:188] => total_sessions: 5
2026-03-30 15:14:19,251 [trainer.py:188] => shuffle: False
2026-03-30 15:14:19,251 [trainer.py:188] => init_cls: 6
2026-03-30 15:14:19,251 [trainer.py:188] => increment: 6
2026-03-30 15:14:19,251 [trainer.py:188] => model_name: conec_lora
2026-03-30 15:14:19,251 [trainer.py:188] => backbone_type: vit_base_patch16_224_conec_lora
2026-03-30 15:14:19,251 [trainer.py:188] => temporary_classifier_type: ClassifierType.Single_Stochastic_Classifier
2026-03-30 15:14:19,251 [trainer.py:188] => classifier_type: ClassifierType.Separate_Stochastic_Classifiers
2026-03-30 15:14:19,251 [trainer.py:188] => use_proxy_classifier: True
2026-03-30 15:14:19,251 [trainer.py:188] => cache_synthetic_embeddings: True
2026-03-30 15:14:19,251 [trainer.py:188] => max_iter_for_GMM: 150
2026-03-30 15:14:19,251 [trainer.py:188] => tol_for_GMM: 0.002
2026-03-30 15:14:19,251 [trainer.py:188] => max_number_of_embeddings_in_memory: 500000
2026-03-30 15:14:19,251 [trainer.py:188] => LoRA_downsize_dimension: 8
2026-03-30 15:14:19,252 [trainer.py:188] => generation_strategy: GenerationStrategy.GMM_with_generator_loss
2026-03-30 15:14:19,252 [trainer.py:188] => n_components: 2
2026-03-30 15:14:19,252 [trainer.py:188] => use_CLS_token_for_domain_classification: False
2026-03-30 15:14:19,252 [trainer.py:188] => normalize_features_for_domain_classification: False
2026-03-30 15:14:19,252 [trainer.py:188] => chosen_layers_for_intermediate_domain_classifiers: ['0', '1', '2', '3', '4', '5', '6', '7', '8', '9', '10', '11']
2026-03-30 15:14:19,252 [trainer.py:188] => confidence_threshold: 0.9
2026-03-30 15:14:19,252 [trainer.py:188] => freeze_B_matrices_in_shared_LoRAs: True
2026-03-30 15:14:19,252 [trainer.py:188] => epochs: 25
2026-03-30 15:14:19,252 [trainer.py:188] => epochs_domain_classifier_training: 25
2026-03-30 15:14:19,252 [trainer.py:188] => use_transformation_module: True
2026-03-30 15:14:19,252 [trainer.py:188] => lr_default: 0.02
2026-03-30 15:14:19,252 [trainer.py:188] => lr_LoRAs: 0.02
2026-03-30 15:14:19,252 [trainer.py:188] => lr_classifier: 0.02
2026-03-30 15:14:19,252 [trainer.py:188] => lr_temporary_classifier: 0.02
2026-03-30 15:14:19,252 [trainer.py:188] => lr_Auxiliary_network: 0.02
2026-03-30 15:14:19,252 [trainer.py:188] => lr_domain_classifiers: 0.002
2026-03-30 15:14:19,252 [trainer.py:188] => lr_transformation_module: 0.0001
2026-03-30 15:14:19,252 [trainer.py:188] => weight_decay: 0.0002
2026-03-30 15:14:19,252 [trainer.py:188] => weight_decay_classifiers: 2e-05
2026-03-30 15:14:19,252 [trainer.py:188] => weight_decay_domain_classifiers: 0.0002
2026-03-30 15:14:19,252 [trainer.py:188] => weight_decay_transformation_module: 0.0002
2026-03-30 15:14:19,252 [trainer.py:188] => bias_domain_classifier: False
2026-03-30 15:14:19,252 [trainer.py:188] => min_lr: 0
2026-03-30 15:14:19,252 [trainer.py:188] => optimizer: sgd
2026-03-30 15:14:19,252 [trainer.py:188] => scheduler: cosine
2026-03-30 15:14:19,252 [trainer.py:188] => lambda_1: 5.0
2026-03-30 15:14:19,253 [trainer.py:188] => lambda_2: 2.0
2026-03-30 15:14:19,253 [trainer.py:188] => margin: 1.0
2026-03-30 15:14:19,253 [trainer.py:188] => kd_temperature: 2.0
2026-03-30 15:14:19,253 [trainer.py:188] => LoRA_qkv_mask: [1, 0, 1]
2026-03-30 15:14:19,253 [trainer.py:188] => LoRA_shared_layers_ids_list: ['0', '1', '2', '3', '4', '5']
2026-03-30 15:14:19,253 [trainer.py:188] => LoRA_domain_specfic_layers_ids_list: ['6', '7', '8', '9', '10', '11']
2026-03-30 15:14:19,253 [trainer.py:188] => use_block_weight: False
2026-03-30 15:14:19,253 [trainer.py:188] => use_reweight: False
2026-03-30 15:14:19,253 [trainer.py:188] => embd_dim: 768
2026-03-30 15:14:19,253 [trainer.py:188] => seed: 0
2026-03-30 15:14:19,253 [trainer.py:188] => epsilon: 1e-08
2026-03-30 15:14:19,253 [trainer.py:188] => init_milestones: [20, 30, 40]
2026-03-30 15:14:19,253 [trainer.py:188] => lr_default_decay: 0.1
2026-03-30 15:14:19,253 [trainer.py:188] => milestones: [20, 30]
2026-03-30 15:14:19,253 [trainer.py:188] => batch_size: 64
2026-03-30 15:14:19,253 [trainer.py:188] => num_workers: 8
2026-03-30 15:14:19,253 [trainer.py:188] => save_model_after_each_task: True
2026-03-30 15:14:19,253 [trainer.py:188] => debugging: False
2026-03-30 15:14:19,253 [trainer.py:188] => logdir: logs
2026-03-30 15:14:19,253 [trainer.py:188] => save_last_model: False
2026-03-30 15:14:19,253 [trainer.py:188] => load_path: 
2026-03-30 15:14:19,253 [trainer.py:188] => temperature_stochastic_classifier: 16.0
2026-03-30 15:14:19,253 [trainer.py:188] => UMAP: False
2026-03-30 15:14:19,253 [trainer.py:189] => ----------------------------------------------------------------------------------------------------
2026-03-30 15:14:19,470 [data_manager.py:166] => [0, 1, 2, 3, 4, 5, 6, 7, 8, 9, 10, 11, 12, 13, 14, 15, 16, 17, 18, 19, 20, 21, 22, 23, 24, 25, 26, 27, 28, 29]
2026-03-30 15:14:23,027 [_builder.py:217] => Loading pretrained weights from Hugging Face hub (timm/vit_base_patch16_224.augreg2_in21k_ft_in1k)
2026-03-30 15:14:23,372 [_client.py:1025] => HTTP Request: HEAD https://huggingface.co/timm/vit_base_patch16_224.augreg2_in21k_ft_in1k/resolve/main/model.safetensors "HTTP/1.1 302 Found"
2026-03-30 15:14:23,612 [_client.py:1025] => HTTP Request: GET https://huggingface.co/api/models/timm/vit_base_patch16_224.augreg2_in21k_ft_in1k/xet-read-token/063c6c38a5d8510b2e57df480445e94b231dad2c "HTTP/1.1 200 OK"
2026-03-30 15:14:33,039 [_hub.py:232] => [timm/vit_base_patch16_224.augreg2_in21k_ft_in1k] Safe alternative available for 'pytorch_model.bin' (as 'model.safetensors'). Loading weights using safetensors.
2026-03-30 15:14:33,281 [conec_lora.py:109] => Learning on 0-6
2026-03-30 15:14:33,389 [our_utils.py:157] => Number of learnable parameters of LoRAs regularized: 221184
2026-03-30 15:14:33,389 [our_utils.py:157] => Number of learnable parameters of proxy_fc regularized: 9216
2026-03-30 15:14:33,389 [our_utils.py:159] => Total number of learnable parameters: 230400
2026-03-30 15:14:33,390 [conec_lora.py:161] => Training the domain 0 ...
2026-03-30 15:16:57,424 [conec_lora.py:252] => Task 0, Epoch 1/25 => Loss 1.141, Train_accy 55.14
2026-03-30 15:19:21,836 [conec_lora.py:252] => Task 0, Epoch 2/25 => Loss 1.013, Train_accy 59.25
2026-03-30 15:21:47,945 [conec_lora.py:252] => Task 0, Epoch 3/25 => Loss 0.985, Train_accy 61.44
2026-03-30 15:24:16,387 [conec_lora.py:252] => Task 0, Epoch 4/25 => Loss 0.964, Train_accy 61.34
2026-03-30 15:26:45,137 [conec_lora.py:252] => Task 0, Epoch 5/25 => Loss 0.951, Train_accy 61.98
2026-03-30 15:29:13,416 [conec_lora.py:252] => Task 0, Epoch 6/25 => Loss 0.932, Train_accy 62.99
2026-03-30 15:31:41,808 [conec_lora.py:252] => Task 0, Epoch 7/25 => Loss 0.920, Train_accy 63.20
2026-03-30 15:34:10,250 [conec_lora.py:252] => Task 0, Epoch 8/25 => Loss 0.907, Train_accy 64.21
2026-03-30 15:36:38,447 [conec_lora.py:252] => Task 0, Epoch 9/25 => Loss 0.897, Train_accy 64.33
2026-03-30 15:39:06,593 [conec_lora.py:252] => Task 0, Epoch 10/25 => Loss 0.891, Train_accy 64.54
2026-03-30 15:41:35,092 [conec_lora.py:252] => Task 0, Epoch 11/25 => Loss 0.874, Train_accy 65.57
2026-03-30 15:44:03,466 [conec_lora.py:252] => Task 0, Epoch 12/25 => Loss 0.861, Train_accy 65.98
2026-03-30 15:46:31,513 [conec_lora.py:252] => Task 0, Epoch 13/25 => Loss 0.857, Train_accy 65.93
2026-03-30 15:49:00,016 [conec_lora.py:252] => Task 0, Epoch 14/25 => Loss 0.846, Train_accy 66.52
2026-03-30 15:51:28,734 [conec_lora.py:252] => Task 0, Epoch 15/25 => Loss 0.833, Train_accy 67.11
2026-03-30 15:53:56,867 [conec_lora.py:252] => Task 0, Epoch 16/25 => Loss 0.824, Train_accy 67.19
2026-03-30 15:56:24,387 [conec_lora.py:252] => Task 0, Epoch 17/25 => Loss 0.812, Train_accy 67.39
2026-03-30 15:58:52,284 [conec_lora.py:252] => Task 0, Epoch 18/25 => Loss 0.802, Train_accy 68.38
2026-03-30 16:01:30,806 [conec_lora.py:252] => Task 0, Epoch 19/25 => Loss 0.793, Train_accy 68.21
2026-03-30 16:04:11,691 [conec_lora.py:252] => Task 0, Epoch 20/25 => Loss 0.783, Train_accy 69.05
2026-03-30 16:06:51,221 [conec_lora.py:252] => Task 0, Epoch 21/25 => Loss 0.774, Train_accy 69.03
2026-03-30 16:09:31,177 [conec_lora.py:252] => Task 0, Epoch 22/25 => Loss 0.768, Train_accy 69.70
2026-03-30 16:12:10,653 [conec_lora.py:252] => Task 0, Epoch 23/25 => Loss 0.762, Train_accy 69.95
2026-03-30 16:14:50,208 [conec_lora.py:252] => Task 0, Epoch 24/25 => Loss 0.759, Train_accy 69.99
2026-03-30 16:17:30,820 [conec_lora.py:252] => Task 0, Epoch 25/25 => Loss 0.762, Train_accy 69.98
2026-03-30 16:17:30,822 [conec_lora.py:381] => Calculating the prototypes for the classifier ...
2026-03-30 16:17:30,822 [conec_lora.py:350] => Obtaining the embeddings for domain 0
2026-03-30 16:18:56,601 [conec_lora.py:439] => Training the domain classifier ...
2026-03-30 16:18:56,602 [conec_lora.py:424] => Finding the number of samples to be generated ...
2026-03-30 16:18:56,602 [conec_lora.py:430] =>     We use 0 old + 64 new samples for each batch
2026-03-30 16:18:56,730 [conec_lora.py:559] => ==> Computing the statistics ...
2026-03-30 16:18:56,730 [conec_lora.py:293] => Obtaining the embeddings for domain 0 ...
2026-03-30 16:20:30,700 [conec_lora.py:572] =>     Statistics are ready for task: 0
2026-03-30 16:20:30,700 [conec_lora.py:576] => ==> Compression ...
2026-03-30 16:34:33,182 [conec_lora.py:588] => ==> Compression is done!
2026-03-30 16:35:42,865 [conec_lora.py:549] => Domain classifier training: Task 0, Epoch [1/25] lr 0.00199 Loss 0.0914, Train_acc 99.19
2026-03-30 16:36:53,062 [conec_lora.py:549] => Domain classifier training: Task 0, Epoch [2/25] lr 0.00197 Loss 0.0074, Train_acc 100.00
2026-03-30 16:38:03,133 [conec_lora.py:549] => Domain classifier training: Task 0, Epoch [3/25] lr 0.00193 Loss 0.0048, Train_acc 100.00
2026-03-30 16:39:13,554 [conec_lora.py:549] => Domain classifier training: Task 0, Epoch [4/25] lr 0.00188 Loss 0.0036, Train_acc 100.00
2026-03-30 16:40:24,145 [conec_lora.py:549] => Domain classifier training: Task 0, Epoch [5/25] lr 0.00181 Loss 0.0029, Train_acc 100.00
2026-03-30 16:41:34,606 [conec_lora.py:549] => Domain classifier training: Task 0, Epoch [6/25] lr 0.00173 Loss 0.0025, Train_acc 100.00
2026-03-30 16:42:48,094 [conec_lora.py:549] => Domain classifier training: Task 0, Epoch [7/25] lr 0.00164 Loss 0.0022, Train_acc 100.00
2026-03-30 16:44:06,125 [conec_lora.py:549] => Domain classifier training: Task 0, Epoch [8/25] lr 0.00154 Loss 0.0020, Train_acc 100.00
2026-03-30 16:45:25,081 [conec_lora.py:549] => Domain classifier training: Task 0, Epoch [9/25] lr 0.00143 Loss 0.0018, Train_acc 100.00
2026-03-30 16:46:44,627 [conec_lora.py:549] => Domain classifier training: Task 0, Epoch [10/25] lr 0.00131 Loss 0.0017, Train_acc 100.00
2026-03-30 16:48:02,345 [conec_lora.py:549] => Domain classifier training: Task 0, Epoch [11/25] lr 0.00119 Loss 0.0016, Train_acc 100.00
2026-03-30 16:49:18,141 [conec_lora.py:549] => Domain classifier training: Task 0, Epoch [12/25] lr 0.00106 Loss 0.0015, Train_acc 100.00
2026-03-30 16:50:34,911 [conec_lora.py:549] => Domain classifier training: Task 0, Epoch [13/25] lr 0.00094 Loss 0.0014, Train_acc 100.00
2026-03-30 16:51:50,793 [conec_lora.py:549] => Domain classifier training: Task 0, Epoch [14/25] lr 0.00081 Loss 0.0013, Train_acc 100.00
2026-03-30 16:53:10,301 [conec_lora.py:549] => Domain classifier training: Task 0, Epoch [15/25] lr 0.00069 Loss 0.0013, Train_acc 100.00
2026-03-30 16:54:26,831 [conec_lora.py:549] => Domain classifier training: Task 0, Epoch [16/25] lr 0.00057 Loss 0.0013, Train_acc 100.00
2026-03-30 16:55:43,059 [conec_lora.py:549] => Domain classifier training: Task 0, Epoch [17/25] lr 0.00046 Loss 0.0012, Train_acc 100.00
2026-03-30 16:56:59,558 [conec_lora.py:549] => Domain classifier training: Task 0, Epoch [18/25] lr 0.00036 Loss 0.0012, Train_acc 100.00
2026-03-30 16:58:15,642 [conec_lora.py:549] => Domain classifier training: Task 0, Epoch [19/25] lr 0.00027 Loss 0.0012, Train_acc 100.00
2026-03-30 16:59:32,591 [conec_lora.py:549] => Domain classifier training: Task 0, Epoch [20/25] lr 0.00019 Loss 0.0012, Train_acc 100.00
2026-03-30 17:00:50,160 [conec_lora.py:549] => Domain classifier training: Task 0, Epoch [21/25] lr 0.00012 Loss 0.0012, Train_acc 100.00
2026-03-30 17:02:05,476 [conec_lora.py:549] => Domain classifier training: Task 0, Epoch [22/25] lr 0.00007 Loss 0.0012, Train_acc 100.00
2026-03-30 17:03:20,771 [conec_lora.py:549] => Domain classifier training: Task 0, Epoch [23/25] lr 0.00003 Loss 0.0012, Train_acc 100.00
2026-03-30 17:04:37,116 [conec_lora.py:549] => Domain classifier training: Task 0, Epoch [24/25] lr 0.00001 Loss 0.0012, Train_acc 100.00
2026-03-30 17:05:57,779 [conec_lora.py:549] => Domain classifier training: Task 0, Epoch [25/25] lr 0.00000 Loss 0.0012, Train_acc 100.00
2026-03-30 17:05:58,056 [conec_lora.py:715] => Evaluating on the test set ...
2026-03-30 17:06:41,048 [trainer.py:102] => CNN (w/o oracle): {'total': 52.79, '0': 52.79, '0_many': 52.87, '0_medium': 27.27, '0_few': -1.0, '00-01': 45.45, '02-03': 76.97, '04-05': 49.0, 'old': 0.0, 'new': 52.79, 'many_shot': np.float64(52.87), 'medium_shot': np.float64(27.27)}
2026-03-30 17:06:41,048 [trainer.py:107] => Accuracies (w/o oracle) for order 1: [52.79] -> Avg.: 52.79
2026-03-30 17:06:41,048 [trainer.py:110] => CNN (with oracle): {'total': 53.02, '0': 53.02, '0_many': 53.11, '0_medium': 27.27, '0_few': -1.0, '00-01': 45.8, '02-03': 76.81, '04-05': 49.3, 'old': 0.0, 'new': 53.02, 'many_shot': np.float64(53.11), 'medium_shot': np.float64(27.27)}
2026-03-30 17:06:41,048 [trainer.py:115] => Accuracies (with oracle) for order 1: [53.02] -> Avg.: 53.02
2026-03-30 17:06:41,048 [trainer.py:119] => Domain classification accuracies (after each domain) for order 1:  [100.00] -> Avg.: 100.00
2026-03-30 17:06:41,418 [trainer.py:141] => The parameters are saved after task: 0!
2026-03-30 17:06:41,418 [conec_lora.py:109] => Learning on 6-12
2026-03-30 17:06:41,427 [our_utils.py:157] => Number of learnable parameters of LoRAs regularized: 221184
2026-03-30 17:06:41,427 [our_utils.py:157] => Number of learnable parameters of proxy_fc regularized: 9216
2026-03-30 17:06:41,427 [our_utils.py:159] => Total number of learnable parameters: 230400
2026-03-30 17:06:41,427 [conec_lora.py:161] => Training the domain 1 ...
2026-03-30 17:07:55,989 [conec_lora.py:252] => Task 1, Epoch 1/25 => Loss 1.474, Train_accy 61.23
2026-03-30 17:09:10,537 [conec_lora.py:252] => Task 1, Epoch 2/25 => Loss 0.903, Train_accy 65.94
2026-03-30 17:10:26,831 [conec_lora.py:252] => Task 1, Epoch 3/25 => Loss 0.872, Train_accy 67.13
2026-03-30 17:11:43,322 [conec_lora.py:252] => Task 1, Epoch 4/25 => Loss 0.824, Train_accy 68.64
2026-03-30 17:12:59,349 [conec_lora.py:252] => Task 1, Epoch 5/25 => Loss 0.793, Train_accy 69.78
2026-03-30 17:14:15,586 [conec_lora.py:252] => Task 1, Epoch 6/25 => Loss 0.775, Train_accy 70.55
2026-03-30 17:15:31,892 [conec_lora.py:252] => Task 1, Epoch 7/25 => Loss 0.746, Train_accy 71.19
2026-03-30 17:16:48,252 [conec_lora.py:252] => Task 1, Epoch 8/25 => Loss 0.725, Train_accy 72.72
2026-03-30 17:18:05,734 [conec_lora.py:252] => Task 1, Epoch 9/25 => Loss 0.701, Train_accy 72.91
2026-03-30 17:19:22,123 [conec_lora.py:252] => Task 1, Epoch 10/25 => Loss 0.670, Train_accy 74.47
2026-03-30 17:20:38,476 [conec_lora.py:252] => Task 1, Epoch 11/25 => Loss 0.635, Train_accy 76.14
2026-03-30 17:21:54,832 [conec_lora.py:252] => Task 1, Epoch 12/25 => Loss 0.623, Train_accy 76.77
2026-03-30 17:23:11,295 [conec_lora.py:252] => Task 1, Epoch 13/25 => Loss 0.587, Train_accy 77.44
2026-03-30 17:24:28,031 [conec_lora.py:252] => Task 1, Epoch 14/25 => Loss 0.555, Train_accy 79.48
2026-03-30 17:25:45,844 [conec_lora.py:252] => Task 1, Epoch 15/25 => Loss 0.544, Train_accy 79.63
2026-03-30 17:27:02,182 [conec_lora.py:252] => Task 1, Epoch 16/25 => Loss 0.516, Train_accy 80.80
2026-03-30 17:28:18,518 [conec_lora.py:252] => Task 1, Epoch 17/25 => Loss 0.477, Train_accy 82.87
2026-03-30 17:29:34,635 [conec_lora.py:252] => Task 1, Epoch 18/25 => Loss 0.452, Train_accy 83.58
2026-03-30 17:30:50,921 [conec_lora.py:252] => Task 1, Epoch 19/25 => Loss 0.444, Train_accy 84.59
2026-03-30 17:32:08,519 [conec_lora.py:252] => Task 1, Epoch 20/25 => Loss 0.417, Train_accy 85.81
2026-03-30 17:33:28,037 [conec_lora.py:252] => Task 1, Epoch 21/25 => Loss 0.404, Train_accy 86.31
2026-03-30 17:34:44,985 [conec_lora.py:252] => Task 1, Epoch 22/25 => Loss 0.394, Train_accy 86.89
2026-03-30 17:36:01,365 [conec_lora.py:252] => Task 1, Epoch 23/25 => Loss 0.381, Train_accy 87.34
2026-03-30 17:37:17,327 [conec_lora.py:252] => Task 1, Epoch 24/25 => Loss 0.376, Train_accy 87.92
2026-03-30 17:38:33,793 [conec_lora.py:252] => Task 1, Epoch 25/25 => Loss 0.373, Train_accy 88.08
2026-03-30 17:38:33,794 [conec_lora.py:381] => Calculating the prototypes for the classifier ...
2026-03-30 17:38:33,795 [conec_lora.py:350] => Obtaining the embeddings for domain 1
2026-03-30 17:38:56,528 [conec_lora.py:439] => Training the domain classifier ...
2026-03-30 17:38:56,528 [conec_lora.py:424] => Finding the number of samples to be generated ...
2026-03-30 17:38:56,528 [conec_lora.py:430] =>     We use 32 old + 32 new samples for each batch
2026-03-30 17:38:56,660 [conec_lora.py:559] => ==> Computing the statistics ...
2026-03-30 17:38:56,661 [conec_lora.py:293] => Obtaining the embeddings for domain 1 ...
2026-03-30 17:39:17,783 [conec_lora.py:572] =>     Statistics are ready for task: 1
2026-03-30 17:39:17,783 [conec_lora.py:576] => ==> Compression ...
2026-03-30 17:40:40,415 [conec_lora.py:588] => ==> Compression is done!
2026-03-30 17:40:40,553 [conec_lora.py:592] => => Generating synthetic embeddings
2026-03-30 17:43:38,702 [conec_lora.py:549] => Domain classifier training: Task 1, Epoch [1/25] lr 0.00199 Loss 132.4445, Train_acc 49.11
2026-03-30 17:44:04,276 [conec_lora.py:549] => Domain classifier training: Task 1, Epoch [2/25] lr 0.00197 Loss 125.8007, Train_acc 59.06
2026-03-30 17:44:29,781 [conec_lora.py:549] => Domain classifier training: Task 1, Epoch [3/25] lr 0.00193 Loss 124.1779, Train_acc 62.76
2026-03-30 17:44:55,221 [conec_lora.py:549] => Domain classifier training: Task 1, Epoch [4/25] lr 0.00188 Loss 122.8051, Train_acc 65.31
2026-03-30 17:45:20,733 [conec_lora.py:549] => Domain classifier training: Task 1, Epoch [5/25] lr 0.00181 Loss 121.4389, Train_acc 67.21
2026-03-30 17:45:46,051 [conec_lora.py:549] => Domain classifier training: Task 1, Epoch [6/25] lr 0.00173 Loss 120.7376, Train_acc 67.40
2026-03-30 17:46:11,315 [conec_lora.py:549] => Domain classifier training: Task 1, Epoch [7/25] lr 0.00164 Loss 119.8833, Train_acc 68.59
2026-03-30 17:46:36,476 [conec_lora.py:549] => Domain classifier training: Task 1, Epoch [8/25] lr 0.00154 Loss 119.5042, Train_acc 68.88
2026-03-30 17:47:01,796 [conec_lora.py:549] => Domain classifier training: Task 1, Epoch [9/25] lr 0.00143 Loss 118.5450, Train_acc 71.22
2026-03-30 17:47:27,010 [conec_lora.py:549] => Domain classifier training: Task 1, Epoch [10/25] lr 0.00131 Loss 117.6288, Train_acc 71.43
2026-03-30 17:47:52,349 [conec_lora.py:549] => Domain classifier training: Task 1, Epoch [11/25] lr 0.00119 Loss 116.9373, Train_acc 72.19
2026-03-30 17:48:17,671 [conec_lora.py:549] => Domain classifier training: Task 1, Epoch [12/25] lr 0.00106 Loss 116.5262, Train_acc 72.86
2026-03-30 17:48:43,057 [conec_lora.py:549] => Domain classifier training: Task 1, Epoch [13/25] lr 0.00094 Loss 116.0646, Train_acc 72.86
2026-03-30 17:49:08,083 [conec_lora.py:549] => Domain classifier training: Task 1, Epoch [14/25] lr 0.00081 Loss 115.7301, Train_acc 72.84
2026-03-30 17:49:33,265 [conec_lora.py:549] => Domain classifier training: Task 1, Epoch [15/25] lr 0.00069 Loss 115.0199, Train_acc 73.62
2026-03-30 17:49:58,338 [conec_lora.py:549] => Domain classifier training: Task 1, Epoch [16/25] lr 0.00057 Loss 115.1032, Train_acc 73.12
2026-03-30 17:50:23,442 [conec_lora.py:549] => Domain classifier training: Task 1, Epoch [17/25] lr 0.00046 Loss 114.7109, Train_acc 73.15
2026-03-30 17:50:48,639 [conec_lora.py:549] => Domain classifier training: Task 1, Epoch [18/25] lr 0.00036 Loss 114.8007, Train_acc 72.21
2026-03-30 17:51:13,749 [conec_lora.py:549] => Domain classifier training: Task 1, Epoch [19/25] lr 0.00027 Loss 114.1824, Train_acc 73.72
2026-03-30 17:51:39,048 [conec_lora.py:549] => Domain classifier training: Task 1, Epoch [20/25] lr 0.00019 Loss 114.1164, Train_acc 72.60
2026-03-30 17:52:04,539 [conec_lora.py:549] => Domain classifier training: Task 1, Epoch [21/25] lr 0.00012 Loss 113.9964, Train_acc 73.62
2026-03-30 17:52:29,862 [conec_lora.py:549] => Domain classifier training: Task 1, Epoch [22/25] lr 0.00007 Loss 113.9047, Train_acc 73.31
2026-03-30 17:52:55,505 [conec_lora.py:549] => Domain classifier training: Task 1, Epoch [23/25] lr 0.00003 Loss 113.9675, Train_acc 73.65
2026-03-30 17:53:21,009 [conec_lora.py:549] => Domain classifier training: Task 1, Epoch [24/25] lr 0.00001 Loss 113.8677, Train_acc 73.93
2026-03-30 17:53:46,569 [conec_lora.py:549] => Domain classifier training: Task 1, Epoch [25/25] lr 0.00000 Loss 114.1800, Train_acc 73.26
2026-03-30 17:53:46,857 [conec_lora.py:715] => Evaluating on the test set ...
2026-03-30 17:55:07,344 [trainer.py:102] => CNN (w/o oracle): {'total': 53.24, '0': 52.44, '0_many': 52.52, '0_medium': 27.27, '0_few': -1.0, '1': 56.13, '1_many': 56.13, '1_medium': -1.0, '1_few': -1.0, '00-01': 36.8, '02-03': 76.81, '04-05': 54.41, '06-07': 57.49, '08-09': 62.83, '10-11': 49.12, 'old': 52.44, 'new': 56.13, 'many_shot': np.float64(54.325), 'medium_shot': np.float64(27.27)}
2026-03-30 17:55:07,345 [trainer.py:107] => Accuracies (w/o oracle) for order 1: [52.79, 53.24] -> Avg.: 53.02
2026-03-30 17:55:07,345 [trainer.py:110] => CNN (with oracle): {'total': 53.61, '0': 52.88, '0_many': 52.96, '0_medium': 27.27, '0_few': -1.0, '1': 56.23, '1_many': 56.23, '1_medium': -1.0, '1_few': -1.0, '00-01': 45.54, '02-03': 76.81, '04-05': 49.18, '06-07': 53.42, '08-09': 68.14, '10-11': 57.89, 'old': 52.88, 'new': 56.23, 'many_shot': np.float64(54.595), 'medium_shot': np.float64(27.27)}
2026-03-30 17:55:07,345 [trainer.py:115] => Accuracies (with oracle) for order 1: [53.02, 53.61] -> Avg.: 53.31
2026-03-30 17:55:07,345 [trainer.py:119] => Domain classification accuracies (after each domain) for order 1:  [100.00, 72.58] -> Avg.: 86.29
2026-03-30 17:55:07,703 [trainer.py:141] => The parameters are saved after task: 1!
2026-03-30 17:55:07,703 [conec_lora.py:109] => Learning on 12-18
2026-03-30 17:55:07,715 [our_utils.py:157] => Number of learnable parameters of LoRAs regularized: 221184
2026-03-30 17:55:07,715 [our_utils.py:157] => Number of learnable parameters of proxy_fc regularized: 9216
2026-03-30 17:55:07,715 [our_utils.py:159] => Total number of learnable parameters: 230400
2026-03-30 17:55:07,716 [conec_lora.py:161] => Training the domain 2 ...
