2026-03-17 14:16:09,101 [trainer.py:178] => ----------------------------------------------------------------------------------------------------
2026-03-17 14:16:09,119 [trainer.py:182] => Python version: 3.12.13
2026-03-17 14:16:09,119 [trainer.py:183] => PyTorch version: 2.10.0+cu130,TorchVision version: 0.25.0+cu130
2026-03-17 14:16:09,119 [trainer.py:184] => GPU Name: NVIDIA GeForce RTX 4090
2026-03-17 14:16:09,119 [trainer.py:185] => Driver: 580.126.09
2026-03-17 14:16:09,119 [trainer.py:188] => config: ./exps/deforest_dil.json
2026-03-17 14:16:09,119 [trainer.py:188] => order: 1
2026-03-17 14:16:09,119 [trainer.py:188] => device: [device(type='cuda', index=0)]
2026-03-17 14:16:09,119 [trainer.py:188] => prefix: CONEC_LoRA
2026-03-17 14:16:09,119 [trainer.py:188] => dataset: deforest_dil
2026-03-17 14:16:09,120 [trainer.py:188] => data_path: /home/rizal/rizal_projects/DeforestDIL/datasets/deforest_dil
2026-03-17 14:16:09,120 [trainer.py:188] => total_sessions: 5
2026-03-17 14:16:09,120 [trainer.py:188] => shuffle: False
2026-03-17 14:16:09,120 [trainer.py:188] => init_cls: 6
2026-03-17 14:16:09,120 [trainer.py:188] => increment: 6
2026-03-17 14:16:09,120 [trainer.py:188] => model_name: conec_lora
2026-03-17 14:16:09,120 [trainer.py:188] => backbone_type: vit_base_patch16_224_conec_lora
2026-03-17 14:16:09,120 [trainer.py:188] => temporary_classifier_type: ClassifierType.Single_Stochastic_Classifier
2026-03-17 14:16:09,120 [trainer.py:188] => classifier_type: ClassifierType.Separate_Stochastic_Classifiers
2026-03-17 14:16:09,120 [trainer.py:188] => use_proxy_classifier: True
2026-03-17 14:16:09,120 [trainer.py:188] => cache_synthetic_embeddings: True
2026-03-17 14:16:09,120 [trainer.py:188] => max_iter_for_GMM: 150
2026-03-17 14:16:09,120 [trainer.py:188] => tol_for_GMM: 0.002
2026-03-17 14:16:09,120 [trainer.py:188] => max_number_of_embeddings_in_memory: 500000
2026-03-17 14:16:09,120 [trainer.py:188] => LoRA_downsize_dimension: 8
2026-03-17 14:16:09,120 [trainer.py:188] => generation_strategy: GenerationStrategy.GMM_with_generator_loss
2026-03-17 14:16:09,120 [trainer.py:188] => n_components: 2
2026-03-17 14:16:09,120 [trainer.py:188] => use_CLS_token_for_domain_classification: False
2026-03-17 14:16:09,120 [trainer.py:188] => normalize_features_for_domain_classification: False
2026-03-17 14:16:09,120 [trainer.py:188] => chosen_layers_for_intermediate_domain_classifiers: ['0', '1', '2', '3', '4', '5', '6', '7', '8', '9', '10', '11']
2026-03-17 14:16:09,120 [trainer.py:188] => confidence_threshold: 0.9
2026-03-17 14:16:09,120 [trainer.py:188] => freeze_B_matrices_in_shared_LoRAs: True
2026-03-17 14:16:09,120 [trainer.py:188] => epochs: 25
2026-03-17 14:16:09,120 [trainer.py:188] => epochs_domain_classifier_training: 25
2026-03-17 14:16:09,120 [trainer.py:188] => use_transformation_module: True
2026-03-17 14:16:09,120 [trainer.py:188] => lr_default: 0.02
2026-03-17 14:16:09,120 [trainer.py:188] => lr_LoRAs: 0.02
2026-03-17 14:16:09,120 [trainer.py:188] => lr_classifier: 0.02
2026-03-17 14:16:09,120 [trainer.py:188] => lr_temporary_classifier: 0.02
2026-03-17 14:16:09,120 [trainer.py:188] => lr_Auxiliary_network: 0.02
2026-03-17 14:16:09,120 [trainer.py:188] => lr_domain_classifiers: 0.002
2026-03-17 14:16:09,120 [trainer.py:188] => lr_transformation_module: 0.0001
2026-03-17 14:16:09,120 [trainer.py:188] => weight_decay: 0.0002
2026-03-17 14:16:09,120 [trainer.py:188] => weight_decay_classifiers: 2e-05
2026-03-17 14:16:09,120 [trainer.py:188] => weight_decay_domain_classifiers: 0.0002
2026-03-17 14:16:09,120 [trainer.py:188] => weight_decay_transformation_module: 0.0002
2026-03-17 14:16:09,120 [trainer.py:188] => bias_domain_classifier: False
2026-03-17 14:16:09,120 [trainer.py:188] => min_lr: 0
2026-03-17 14:16:09,120 [trainer.py:188] => optimizer: sgd
2026-03-17 14:16:09,120 [trainer.py:188] => scheduler: cosine
2026-03-17 14:16:09,120 [trainer.py:188] => lambda_1: 5.0
2026-03-17 14:16:09,120 [trainer.py:188] => lambda_2: 2.0
2026-03-17 14:16:09,120 [trainer.py:188] => margin: 1.0
2026-03-17 14:16:09,120 [trainer.py:188] => kd_temperature: 2.0
2026-03-17 14:16:09,120 [trainer.py:188] => LoRA_qkv_mask: [1, 0, 1]
2026-03-17 14:16:09,120 [trainer.py:188] => LoRA_shared_layers_ids_list: ['0', '1', '2', '3', '4', '5']
2026-03-17 14:16:09,120 [trainer.py:188] => LoRA_domain_specfic_layers_ids_list: ['6', '7', '8', '9', '10', '11']
2026-03-17 14:16:09,120 [trainer.py:188] => use_block_weight: False
2026-03-17 14:16:09,120 [trainer.py:188] => use_reweight: False
2026-03-17 14:16:09,120 [trainer.py:188] => embd_dim: 768
2026-03-17 14:16:09,120 [trainer.py:188] => seed: 0
2026-03-17 14:16:09,120 [trainer.py:188] => epsilon: 1e-08
2026-03-17 14:16:09,120 [trainer.py:188] => init_milestones: [20, 30, 40]
2026-03-17 14:16:09,120 [trainer.py:188] => lr_default_decay: 0.1
2026-03-17 14:16:09,120 [trainer.py:188] => milestones: [20, 30]
2026-03-17 14:16:09,121 [trainer.py:188] => batch_size: 64
2026-03-17 14:16:09,121 [trainer.py:188] => num_workers: 8
2026-03-17 14:16:09,121 [trainer.py:188] => save_model_after_each_task: True
2026-03-17 14:16:09,121 [trainer.py:188] => debugging: False
2026-03-17 14:16:09,121 [trainer.py:188] => logdir: logs
2026-03-17 14:16:09,121 [trainer.py:188] => save_last_model: False
2026-03-17 14:16:09,121 [trainer.py:188] => load_path: 
2026-03-17 14:16:09,121 [trainer.py:188] => temperature_stochastic_classifier: 16.0
2026-03-17 14:16:09,121 [trainer.py:188] => UMAP: False
2026-03-17 14:16:09,121 [trainer.py:189] => ----------------------------------------------------------------------------------------------------
2026-03-17 14:16:09,183 [data_manager.py:166] => [0, 1, 2, 3, 4, 5, 6, 7, 8, 9, 10, 11, 12, 13, 14, 15, 16, 17, 18, 19, 20, 21, 22, 23, 24, 25, 26, 27, 28, 29]
2026-03-17 14:16:10,052 [_builder.py:217] => Loading pretrained weights from Hugging Face hub (timm/vit_base_patch16_224.augreg2_in21k_ft_in1k)
2026-03-17 14:16:10,377 [_client.py:1025] => HTTP Request: HEAD https://huggingface.co/timm/vit_base_patch16_224.augreg2_in21k_ft_in1k/resolve/main/model.safetensors "HTTP/1.1 302 Found"
2026-03-17 14:16:10,377 [_http.py:916] => Warning: You are sending unauthenticated requests to the HF Hub. Please set a HF_TOKEN to enable higher rate limits and faster downloads.
2026-03-17 14:16:10,381 [_hub.py:232] => [timm/vit_base_patch16_224.augreg2_in21k_ft_in1k] Safe alternative available for 'pytorch_model.bin' (as 'model.safetensors'). Loading weights using safetensors.
2026-03-17 14:16:10,448 [conec_lora.py:109] => Learning on 0-6
2026-03-17 14:16:10,499 [our_utils.py:157] => Number of learnable parameters of LoRAs regularized: 221184
2026-03-17 14:16:10,499 [our_utils.py:157] => Number of learnable parameters of proxy_fc regularized: 9216
2026-03-17 14:16:10,499 [our_utils.py:159] => Total number of learnable parameters: 230400
2026-03-17 14:16:10,500 [conec_lora.py:163] => Training the domain 0 ...
2026-03-17 14:16:57,461 [conec_lora.py:238] => Task 0, Epoch 1/25 => Loss 1.145, Train_accy 54.69
2026-03-17 14:17:44,417 [conec_lora.py:238] => Task 0, Epoch 2/25 => Loss 1.020, Train_accy 59.78
2026-03-17 14:18:31,457 [conec_lora.py:238] => Task 0, Epoch 3/25 => Loss 0.987, Train_accy 60.77
2026-03-17 14:19:18,526 [conec_lora.py:238] => Task 0, Epoch 4/25 => Loss 0.969, Train_accy 61.55
2026-03-17 14:20:05,618 [conec_lora.py:238] => Task 0, Epoch 5/25 => Loss 0.954, Train_accy 61.45
2026-03-17 14:20:52,642 [conec_lora.py:238] => Task 0, Epoch 6/25 => Loss 0.934, Train_accy 62.99
2026-03-17 14:21:39,742 [conec_lora.py:238] => Task 0, Epoch 7/25 => Loss 0.925, Train_accy 63.17
2026-03-17 14:22:26,874 [conec_lora.py:238] => Task 0, Epoch 8/25 => Loss 0.912, Train_accy 63.79
2026-03-17 14:23:13,946 [conec_lora.py:238] => Task 0, Epoch 9/25 => Loss 0.900, Train_accy 64.30
2026-03-17 14:24:01,059 [conec_lora.py:238] => Task 0, Epoch 10/25 => Loss 0.893, Train_accy 64.48
2026-03-17 14:24:48,159 [conec_lora.py:238] => Task 0, Epoch 11/25 => Loss 0.879, Train_accy 64.99
2026-03-17 14:25:35,198 [conec_lora.py:238] => Task 0, Epoch 12/25 => Loss 0.865, Train_accy 65.58
2026-03-17 14:26:22,264 [conec_lora.py:238] => Task 0, Epoch 13/25 => Loss 0.859, Train_accy 65.93
2026-03-17 14:27:09,358 [conec_lora.py:238] => Task 0, Epoch 14/25 => Loss 0.847, Train_accy 66.08
2026-03-17 14:27:56,448 [conec_lora.py:238] => Task 0, Epoch 15/25 => Loss 0.830, Train_accy 66.94
2026-03-17 14:28:43,545 [conec_lora.py:238] => Task 0, Epoch 16/25 => Loss 0.819, Train_accy 67.23
2026-03-17 14:29:30,624 [conec_lora.py:238] => Task 0, Epoch 17/25 => Loss 0.804, Train_accy 68.06
2026-03-17 14:30:17,737 [conec_lora.py:238] => Task 0, Epoch 18/25 => Loss 0.793, Train_accy 68.18
2026-03-17 14:31:04,746 [conec_lora.py:238] => Task 0, Epoch 19/25 => Loss 0.783, Train_accy 69.06
2026-03-17 14:31:51,858 [conec_lora.py:238] => Task 0, Epoch 20/25 => Loss 0.773, Train_accy 69.35
2026-03-17 14:32:38,990 [conec_lora.py:238] => Task 0, Epoch 21/25 => Loss 0.765, Train_accy 69.55
2026-03-17 14:33:26,136 [conec_lora.py:238] => Task 0, Epoch 22/25 => Loss 0.756, Train_accy 70.25
2026-03-17 14:34:13,252 [conec_lora.py:238] => Task 0, Epoch 23/25 => Loss 0.745, Train_accy 70.62
2026-03-17 14:35:00,361 [conec_lora.py:238] => Task 0, Epoch 24/25 => Loss 0.743, Train_accy 70.85
2026-03-17 14:35:47,413 [conec_lora.py:238] => Task 0, Epoch 25/25 => Loss 0.739, Train_accy 70.75
2026-03-17 14:35:47,414 [conec_lora.py:367] => Calculating the prototypes for the classifier ...
2026-03-17 14:35:47,440 [conec_lora.py:336] => Obtaining the embeddings for domain 0
2026-03-17 14:36:07,072 [conec_lora.py:425] => Training the domain classifier ...
2026-03-17 14:36:07,072 [conec_lora.py:410] => Finding the number of samples to be generated ...
2026-03-17 14:36:07,072 [conec_lora.py:416] =>     We use 0 old + 64 new samples for each batch
2026-03-17 14:36:07,152 [conec_lora.py:545] => ==> Computing the statistics ...
2026-03-17 14:36:07,152 [conec_lora.py:279] => Obtaining the embeddings for domain 0 ...
2026-03-17 14:36:24,767 [conec_lora.py:558] =>     Statistics are ready for task: 0
2026-03-17 14:36:24,767 [conec_lora.py:562] => ==> Compression ...
2026-03-17 14:39:57,303 [conec_lora.py:574] => ==> Compression is done!
2026-03-17 14:40:15,901 [conec_lora.py:535] => Domain classifier training: Task 0, Epoch [1/25] lr 0.00199 Loss 0.0914, Train_acc 99.19
2026-03-17 14:40:34,425 [conec_lora.py:535] => Domain classifier training: Task 0, Epoch [2/25] lr 0.00197 Loss 0.0074, Train_acc 100.00
2026-03-17 14:40:53,014 [conec_lora.py:535] => Domain classifier training: Task 0, Epoch [3/25] lr 0.00193 Loss 0.0048, Train_acc 100.00
2026-03-17 14:41:11,691 [conec_lora.py:535] => Domain classifier training: Task 0, Epoch [4/25] lr 0.00188 Loss 0.0036, Train_acc 100.00
2026-03-17 14:41:30,411 [conec_lora.py:535] => Domain classifier training: Task 0, Epoch [5/25] lr 0.00181 Loss 0.0029, Train_acc 100.00
2026-03-17 14:41:49,098 [conec_lora.py:535] => Domain classifier training: Task 0, Epoch [6/25] lr 0.00173 Loss 0.0025, Train_acc 100.00
2026-03-17 14:42:07,846 [conec_lora.py:535] => Domain classifier training: Task 0, Epoch [7/25] lr 0.00164 Loss 0.0022, Train_acc 100.00
2026-03-17 14:42:26,602 [conec_lora.py:535] => Domain classifier training: Task 0, Epoch [8/25] lr 0.00154 Loss 0.0020, Train_acc 100.00
2026-03-17 14:42:45,360 [conec_lora.py:535] => Domain classifier training: Task 0, Epoch [9/25] lr 0.00143 Loss 0.0018, Train_acc 100.00
2026-03-17 14:43:04,188 [conec_lora.py:535] => Domain classifier training: Task 0, Epoch [10/25] lr 0.00131 Loss 0.0017, Train_acc 100.00
2026-03-17 14:43:22,965 [conec_lora.py:535] => Domain classifier training: Task 0, Epoch [11/25] lr 0.00119 Loss 0.0016, Train_acc 100.00
2026-03-17 14:43:41,707 [conec_lora.py:535] => Domain classifier training: Task 0, Epoch [12/25] lr 0.00106 Loss 0.0015, Train_acc 100.00
2026-03-17 14:44:00,492 [conec_lora.py:535] => Domain classifier training: Task 0, Epoch [13/25] lr 0.00094 Loss 0.0014, Train_acc 100.00
2026-03-17 14:44:19,229 [conec_lora.py:535] => Domain classifier training: Task 0, Epoch [14/25] lr 0.00081 Loss 0.0013, Train_acc 100.00
2026-03-17 14:44:38,019 [conec_lora.py:535] => Domain classifier training: Task 0, Epoch [15/25] lr 0.00069 Loss 0.0013, Train_acc 100.00
2026-03-17 14:44:56,816 [conec_lora.py:535] => Domain classifier training: Task 0, Epoch [16/25] lr 0.00057 Loss 0.0013, Train_acc 100.00
2026-03-17 14:45:15,543 [conec_lora.py:535] => Domain classifier training: Task 0, Epoch [17/25] lr 0.00046 Loss 0.0012, Train_acc 100.00
2026-03-17 14:45:34,349 [conec_lora.py:535] => Domain classifier training: Task 0, Epoch [18/25] lr 0.00036 Loss 0.0012, Train_acc 100.00
2026-03-17 14:45:53,132 [conec_lora.py:535] => Domain classifier training: Task 0, Epoch [19/25] lr 0.00027 Loss 0.0012, Train_acc 100.00
2026-03-17 14:46:11,950 [conec_lora.py:535] => Domain classifier training: Task 0, Epoch [20/25] lr 0.00019 Loss 0.0012, Train_acc 100.00
2026-03-17 14:46:30,694 [conec_lora.py:535] => Domain classifier training: Task 0, Epoch [21/25] lr 0.00012 Loss 0.0012, Train_acc 100.00
2026-03-17 14:46:49,448 [conec_lora.py:535] => Domain classifier training: Task 0, Epoch [22/25] lr 0.00007 Loss 0.0012, Train_acc 100.00
2026-03-17 14:47:08,264 [conec_lora.py:535] => Domain classifier training: Task 0, Epoch [23/25] lr 0.00003 Loss 0.0012, Train_acc 100.00
2026-03-17 14:47:27,028 [conec_lora.py:535] => Domain classifier training: Task 0, Epoch [24/25] lr 0.00001 Loss 0.0012, Train_acc 100.00
2026-03-17 14:47:45,809 [conec_lora.py:535] => Domain classifier training: Task 0, Epoch [25/25] lr 0.00000 Loss 0.0012, Train_acc 100.00
2026-03-17 14:47:45,972 [conec_lora.py:701] => Evaluating on the test set ...
2026-03-17 14:47:55,749 [trainer.py:102] => CNN (w/o oracle): {'total': 52.11, '0': 52.11, '0_many': 52.19, '0_medium': 27.27, '0_few': -1.0, '00-01': 42.6, '02-03': 78.78, '04-05': 48.93, 'old': 0.0, 'new': 52.11, 'many_shot': np.float64(52.19), 'medium_shot': np.float64(27.27)}
2026-03-17 14:47:55,749 [trainer.py:107] => Accuracies (w/o oracle) for order 1: [52.11] -> Avg.: 52.11
2026-03-17 14:47:55,749 [trainer.py:110] => CNN (with oracle): {'total': 52.26, '0': 52.26, '0_many': 52.34, '0_medium': 27.27, '0_few': -1.0, '00-01': 42.94, '02-03': 78.78, '04-05': 49.0, 'old': 0.0, 'new': 52.26, 'many_shot': np.float64(52.34), 'medium_shot': np.float64(27.27)}
2026-03-17 14:47:55,749 [trainer.py:115] => Accuracies (with oracle) for order 1: [52.26] -> Avg.: 52.26
2026-03-17 14:47:55,749 [trainer.py:119] => Domain classification accuracies (after each domain) for order 1:  [100.00] -> Avg.: 100.00
2026-03-17 14:47:55,922 [trainer.py:141] => The parameters are saved after task: 0!
2026-03-17 14:47:55,922 [conec_lora.py:109] => Learning on 6-12
2026-03-17 14:47:55,927 [our_utils.py:157] => Number of learnable parameters of LoRAs regularized: 221184
2026-03-17 14:47:55,927 [our_utils.py:157] => Number of learnable parameters of proxy_fc regularized: 9216
2026-03-17 14:47:55,927 [our_utils.py:159] => Total number of learnable parameters: 230400
2026-03-17 14:47:55,927 [conec_lora.py:163] => Training the domain 1 ...
