2026-03-16 14:30:42,838 [trainer.py:178] => ----------------------------------------------------------------------------------------------------
2026-03-16 14:30:42,858 [trainer.py:182] => Python version: 3.12.13
2026-03-16 14:30:42,858 [trainer.py:183] => PyTorch version: 2.10.0+cu130,TorchVision version: 0.25.0+cu130
2026-03-16 14:30:42,858 [trainer.py:184] => GPU Name: NVIDIA GeForce RTX 4090
2026-03-16 14:30:42,858 [trainer.py:185] => Driver: 580.126.09
2026-03-16 14:30:42,858 [trainer.py:188] => config: ./exps/deforest_dil.json
2026-03-16 14:30:42,858 [trainer.py:188] => order: 1
2026-03-16 14:30:42,858 [trainer.py:188] => device: [device(type='cuda', index=0)]
2026-03-16 14:30:42,858 [trainer.py:188] => prefix: CONEC_LoRA
2026-03-16 14:30:42,858 [trainer.py:188] => dataset: deforest_dil
2026-03-16 14:30:42,858 [trainer.py:188] => data_path: /home/rizal/rizal_projects/DeforestDIL/datasets/deforest_dil
2026-03-16 14:30:42,858 [trainer.py:188] => total_sessions: 5
2026-03-16 14:30:42,858 [trainer.py:188] => shuffle: False
2026-03-16 14:30:42,858 [trainer.py:188] => init_cls: 6
2026-03-16 14:30:42,858 [trainer.py:188] => increment: 6
2026-03-16 14:30:42,858 [trainer.py:188] => model_name: conec_lora
2026-03-16 14:30:42,858 [trainer.py:188] => backbone_type: vit_base_patch16_224_conec_lora
2026-03-16 14:30:42,858 [trainer.py:188] => temporary_classifier_type: ClassifierType.Single_Stochastic_Classifier
2026-03-16 14:30:42,858 [trainer.py:188] => classifier_type: ClassifierType.Separate_Stochastic_Classifiers
2026-03-16 14:30:42,858 [trainer.py:188] => use_proxy_classifier: True
2026-03-16 14:30:42,858 [trainer.py:188] => cache_synthetic_embeddings: True
2026-03-16 14:30:42,858 [trainer.py:188] => max_iter_for_GMM: 150
2026-03-16 14:30:42,858 [trainer.py:188] => tol_for_GMM: 0.002
2026-03-16 14:30:42,858 [trainer.py:188] => max_number_of_embeddings_in_memory: 500000
2026-03-16 14:30:42,858 [trainer.py:188] => LoRA_downsize_dimension: 8
2026-03-16 14:30:42,858 [trainer.py:188] => generation_strategy: GenerationStrategy.GMM_with_generator_loss
2026-03-16 14:30:42,858 [trainer.py:188] => n_components: 2
2026-03-16 14:30:42,858 [trainer.py:188] => use_CLS_token_for_domain_classification: False
2026-03-16 14:30:42,858 [trainer.py:188] => normalize_features_for_domain_classification: False
2026-03-16 14:30:42,858 [trainer.py:188] => chosen_layers_for_intermediate_domain_classifiers: ['0', '1', '2', '3', '4', '5', '6', '7', '8', '9', '10', '11']
2026-03-16 14:30:42,858 [trainer.py:188] => confidence_threshold: 0.9
2026-03-16 14:30:42,858 [trainer.py:188] => freeze_B_matrices_in_shared_LoRAs: True
2026-03-16 14:30:42,858 [trainer.py:188] => epochs: 25
2026-03-16 14:30:42,858 [trainer.py:188] => epochs_domain_classifier_training: 25
2026-03-16 14:30:42,858 [trainer.py:188] => use_transformation_module: True
2026-03-16 14:30:42,858 [trainer.py:188] => lr_default: 0.02
2026-03-16 14:30:42,858 [trainer.py:188] => lr_LoRAs: 0.02
2026-03-16 14:30:42,858 [trainer.py:188] => lr_classifier: 0.02
2026-03-16 14:30:42,858 [trainer.py:188] => lr_temporary_classifier: 0.02
2026-03-16 14:30:42,858 [trainer.py:188] => lr_Auxiliary_network: 0.02
2026-03-16 14:30:42,858 [trainer.py:188] => lr_domain_classifiers: 0.002
2026-03-16 14:30:42,858 [trainer.py:188] => lr_transformation_module: 0.0001
2026-03-16 14:30:42,858 [trainer.py:188] => weight_decay: 0.0002
2026-03-16 14:30:42,858 [trainer.py:188] => weight_decay_classifiers: 2e-05
2026-03-16 14:30:42,858 [trainer.py:188] => weight_decay_domain_classifiers: 0.0002
2026-03-16 14:30:42,858 [trainer.py:188] => weight_decay_transformation_module: 0.0002
2026-03-16 14:30:42,859 [trainer.py:188] => bias_domain_classifier: False
2026-03-16 14:30:42,859 [trainer.py:188] => min_lr: 0
2026-03-16 14:30:42,859 [trainer.py:188] => optimizer: sgd
2026-03-16 14:30:42,859 [trainer.py:188] => scheduler: cosine
2026-03-16 14:30:42,859 [trainer.py:188] => lambda_1: 5.0
2026-03-16 14:30:42,859 [trainer.py:188] => lambda_2: 2.0
2026-03-16 14:30:42,859 [trainer.py:188] => margin: 1.0
2026-03-16 14:30:42,859 [trainer.py:188] => kd_temperature: 2.0
2026-03-16 14:30:42,859 [trainer.py:188] => LoRA_qkv_mask: [1, 0, 1]
2026-03-16 14:30:42,859 [trainer.py:188] => LoRA_shared_layers_ids_list: ['0', '1', '2', '3', '4', '5']
2026-03-16 14:30:42,859 [trainer.py:188] => LoRA_domain_specfic_layers_ids_list: ['6', '7', '8', '9', '10', '11']
2026-03-16 14:30:42,859 [trainer.py:188] => use_block_weight: False
2026-03-16 14:30:42,859 [trainer.py:188] => use_reweight: False
2026-03-16 14:30:42,859 [trainer.py:188] => embd_dim: 768
2026-03-16 14:30:42,859 [trainer.py:188] => seed: 0
2026-03-16 14:30:42,859 [trainer.py:188] => epsilon: 1e-08
2026-03-16 14:30:42,859 [trainer.py:188] => init_milestones: [20, 30, 40]
2026-03-16 14:30:42,859 [trainer.py:188] => lr_default_decay: 0.1
2026-03-16 14:30:42,859 [trainer.py:188] => milestones: [20, 30]
2026-03-16 14:30:42,859 [trainer.py:188] => batch_size: 64
2026-03-16 14:30:42,859 [trainer.py:188] => num_workers: 8
2026-03-16 14:30:42,859 [trainer.py:188] => save_model_after_each_task: True
2026-03-16 14:30:42,859 [trainer.py:188] => debugging: False
2026-03-16 14:30:42,859 [trainer.py:188] => logdir: logs
2026-03-16 14:30:42,859 [trainer.py:188] => save_last_model: False
2026-03-16 14:30:42,859 [trainer.py:188] => load_path: 
2026-03-16 14:30:42,859 [trainer.py:188] => temperature_stochastic_classifier: 16.0
2026-03-16 14:30:42,859 [trainer.py:188] => UMAP: False
2026-03-16 14:30:42,859 [trainer.py:189] => ----------------------------------------------------------------------------------------------------
2026-03-16 14:30:42,917 [data_manager.py:166] => [0, 1, 2, 3, 4, 5, 6, 7, 8, 9, 10, 11, 12, 13, 14, 15, 16, 17, 18, 19, 20, 21, 22, 23, 24, 25, 26, 27, 28, 29]
2026-03-16 14:30:43,652 [_builder.py:217] => Loading pretrained weights from Hugging Face hub (timm/vit_base_patch16_224.augreg2_in21k_ft_in1k)
2026-03-16 14:30:43,918 [_client.py:1025] => HTTP Request: HEAD https://huggingface.co/timm/vit_base_patch16_224.augreg2_in21k_ft_in1k/resolve/main/model.safetensors "HTTP/1.1 302 Found"
2026-03-16 14:30:43,919 [_hub.py:232] => [timm/vit_base_patch16_224.augreg2_in21k_ft_in1k] Safe alternative available for 'pytorch_model.bin' (as 'model.safetensors'). Loading weights using safetensors.
2026-03-16 14:30:43,974 [conec_lora.py:109] => Learning on 0-6
2026-03-16 14:30:44,025 [our_utils.py:157] => Number of learnable parameters of LoRAs regularized: 221184
2026-03-16 14:30:44,025 [our_utils.py:157] => Number of learnable parameters of proxy_fc regularized: 9216
2026-03-16 14:30:44,025 [our_utils.py:159] => Total number of learnable parameters: 230400
2026-03-16 14:30:44,026 [conec_lora.py:161] => Training the domain 0 ...
2026-03-16 14:31:21,278 [conec_lora.py:236] => Task 0, Epoch 1/25 => Loss 1.145, Train_accy 54.69
2026-03-16 14:31:58,513 [conec_lora.py:236] => Task 0, Epoch 2/25 => Loss 1.020, Train_accy 59.78
2026-03-16 14:32:35,828 [conec_lora.py:236] => Task 0, Epoch 3/25 => Loss 0.987, Train_accy 60.77
2026-03-16 14:33:13,205 [conec_lora.py:236] => Task 0, Epoch 4/25 => Loss 0.969, Train_accy 61.55
2026-03-16 14:33:50,649 [conec_lora.py:236] => Task 0, Epoch 5/25 => Loss 0.954, Train_accy 61.45
2026-03-16 14:34:28,080 [conec_lora.py:236] => Task 0, Epoch 6/25 => Loss 0.934, Train_accy 62.99
2026-03-16 14:35:05,589 [conec_lora.py:236] => Task 0, Epoch 7/25 => Loss 0.925, Train_accy 63.17
2026-03-16 14:35:43,070 [conec_lora.py:236] => Task 0, Epoch 8/25 => Loss 0.912, Train_accy 63.79
2026-03-16 14:36:20,544 [conec_lora.py:236] => Task 0, Epoch 9/25 => Loss 0.900, Train_accy 64.30
2026-03-16 14:36:58,056 [conec_lora.py:236] => Task 0, Epoch 10/25 => Loss 0.893, Train_accy 64.48
2026-03-16 14:37:35,541 [conec_lora.py:236] => Task 0, Epoch 11/25 => Loss 0.879, Train_accy 64.99
2026-03-16 14:38:13,028 [conec_lora.py:236] => Task 0, Epoch 12/25 => Loss 0.865, Train_accy 65.58
2026-03-16 14:38:50,515 [conec_lora.py:236] => Task 0, Epoch 13/25 => Loss 0.859, Train_accy 65.93
2026-03-16 14:39:27,999 [conec_lora.py:236] => Task 0, Epoch 14/25 => Loss 0.847, Train_accy 66.08
2026-03-16 14:40:05,479 [conec_lora.py:236] => Task 0, Epoch 15/25 => Loss 0.830, Train_accy 66.94
2026-03-16 14:40:42,951 [conec_lora.py:236] => Task 0, Epoch 16/25 => Loss 0.819, Train_accy 67.23
2026-03-16 14:41:20,445 [conec_lora.py:236] => Task 0, Epoch 17/25 => Loss 0.804, Train_accy 68.06
2026-03-16 14:41:57,934 [conec_lora.py:236] => Task 0, Epoch 18/25 => Loss 0.793, Train_accy 68.18
2026-03-16 14:42:35,420 [conec_lora.py:236] => Task 0, Epoch 19/25 => Loss 0.783, Train_accy 69.06
2026-03-16 14:43:12,908 [conec_lora.py:236] => Task 0, Epoch 20/25 => Loss 0.773, Train_accy 69.35
2026-03-16 14:43:50,378 [conec_lora.py:236] => Task 0, Epoch 21/25 => Loss 0.765, Train_accy 69.55
2026-03-16 14:44:27,853 [conec_lora.py:236] => Task 0, Epoch 22/25 => Loss 0.756, Train_accy 70.25
2026-03-16 14:45:05,341 [conec_lora.py:236] => Task 0, Epoch 23/25 => Loss 0.745, Train_accy 70.62
2026-03-16 14:45:42,841 [conec_lora.py:236] => Task 0, Epoch 24/25 => Loss 0.743, Train_accy 70.85
2026-03-16 14:46:20,304 [conec_lora.py:236] => Task 0, Epoch 25/25 => Loss 0.739, Train_accy 70.75
2026-03-16 14:46:20,305 [conec_lora.py:365] => Calculating the prototypes for the classifier ...
2026-03-16 14:46:20,306 [conec_lora.py:334] => Obtaining the embeddings for domain 0
2026-03-16 14:46:39,933 [conec_lora.py:423] => Training the domain classifier ...
2026-03-16 14:46:39,934 [conec_lora.py:408] => Finding the number of samples to be generated ...
2026-03-16 14:46:39,934 [conec_lora.py:414] =>     We use 0 old + 64 new samples for each batch
2026-03-16 14:46:40,016 [conec_lora.py:543] => ==> Computing the statistics ...
2026-03-16 14:46:40,016 [conec_lora.py:277] => Obtaining the embeddings for domain 0 ...
2026-03-16 14:46:57,610 [conec_lora.py:556] =>     Statistics are ready for task: 0
2026-03-16 14:46:57,610 [conec_lora.py:560] => ==> Compression ...
2026-03-16 15:06:39,158 [conec_lora.py:572] => ==> Compression is done!
2026-03-16 15:06:57,426 [conec_lora.py:533] => Domain classifier training: Task 0, Epoch [1/25] lr 0.00199 Loss 0.0914, Train_acc 99.19
2026-03-16 15:07:15,601 [conec_lora.py:533] => Domain classifier training: Task 0, Epoch [2/25] lr 0.00197 Loss 0.0074, Train_acc 100.00
2026-03-16 15:07:33,829 [conec_lora.py:533] => Domain classifier training: Task 0, Epoch [3/25] lr 0.00193 Loss 0.0048, Train_acc 100.00
2026-03-16 15:07:52,073 [conec_lora.py:533] => Domain classifier training: Task 0, Epoch [4/25] lr 0.00188 Loss 0.0036, Train_acc 100.00
2026-03-16 15:08:10,398 [conec_lora.py:533] => Domain classifier training: Task 0, Epoch [5/25] lr 0.00181 Loss 0.0029, Train_acc 100.00
2026-03-16 15:08:28,721 [conec_lora.py:533] => Domain classifier training: Task 0, Epoch [6/25] lr 0.00173 Loss 0.0025, Train_acc 100.00
2026-03-16 15:08:47,077 [conec_lora.py:533] => Domain classifier training: Task 0, Epoch [7/25] lr 0.00164 Loss 0.0022, Train_acc 100.00
2026-03-16 15:09:05,402 [conec_lora.py:533] => Domain classifier training: Task 0, Epoch [8/25] lr 0.00154 Loss 0.0020, Train_acc 100.00
2026-03-16 15:09:23,757 [conec_lora.py:533] => Domain classifier training: Task 0, Epoch [9/25] lr 0.00143 Loss 0.0018, Train_acc 100.00
2026-03-16 15:09:42,132 [conec_lora.py:533] => Domain classifier training: Task 0, Epoch [10/25] lr 0.00131 Loss 0.0017, Train_acc 100.00
2026-03-16 15:10:00,516 [conec_lora.py:533] => Domain classifier training: Task 0, Epoch [11/25] lr 0.00119 Loss 0.0016, Train_acc 100.00
2026-03-16 15:10:18,915 [conec_lora.py:533] => Domain classifier training: Task 0, Epoch [12/25] lr 0.00106 Loss 0.0015, Train_acc 100.00
2026-03-16 15:10:37,256 [conec_lora.py:533] => Domain classifier training: Task 0, Epoch [13/25] lr 0.00094 Loss 0.0014, Train_acc 100.00
2026-03-16 15:10:55,567 [conec_lora.py:533] => Domain classifier training: Task 0, Epoch [14/25] lr 0.00081 Loss 0.0013, Train_acc 100.00
2026-03-16 15:11:13,963 [conec_lora.py:533] => Domain classifier training: Task 0, Epoch [15/25] lr 0.00069 Loss 0.0013, Train_acc 100.00
2026-03-16 15:11:32,303 [conec_lora.py:533] => Domain classifier training: Task 0, Epoch [16/25] lr 0.00057 Loss 0.0013, Train_acc 100.00
2026-03-16 15:11:50,642 [conec_lora.py:533] => Domain classifier training: Task 0, Epoch [17/25] lr 0.00046 Loss 0.0012, Train_acc 100.00
2026-03-16 15:12:08,998 [conec_lora.py:533] => Domain classifier training: Task 0, Epoch [18/25] lr 0.00036 Loss 0.0012, Train_acc 100.00
2026-03-16 15:12:27,331 [conec_lora.py:533] => Domain classifier training: Task 0, Epoch [19/25] lr 0.00027 Loss 0.0012, Train_acc 100.00
2026-03-16 15:12:45,677 [conec_lora.py:533] => Domain classifier training: Task 0, Epoch [20/25] lr 0.00019 Loss 0.0012, Train_acc 100.00
2026-03-16 15:13:04,043 [conec_lora.py:533] => Domain classifier training: Task 0, Epoch [21/25] lr 0.00012 Loss 0.0012, Train_acc 100.00
2026-03-16 15:13:22,426 [conec_lora.py:533] => Domain classifier training: Task 0, Epoch [22/25] lr 0.00007 Loss 0.0012, Train_acc 100.00
2026-03-16 15:13:40,768 [conec_lora.py:533] => Domain classifier training: Task 0, Epoch [23/25] lr 0.00003 Loss 0.0012, Train_acc 100.00
2026-03-16 15:13:59,164 [conec_lora.py:533] => Domain classifier training: Task 0, Epoch [24/25] lr 0.00001 Loss 0.0012, Train_acc 100.00
2026-03-16 15:14:17,547 [conec_lora.py:533] => Domain classifier training: Task 0, Epoch [25/25] lr 0.00000 Loss 0.0012, Train_acc 100.00
2026-03-16 15:14:17,717 [conec_lora.py:699] => Evaluating on the test set ...
2026-03-16 15:14:27,450 [trainer.py:102] => CNN (w/o oracle): {'total': 52.11, '0': 52.11, '0_many': 52.19, '0_medium': 27.27, '0_few': -1.0, '00-01': 42.6, '02-03': 78.78, '04-05': 48.93, 'old': 0.0, 'new': 52.11, 'many_shot': np.float64(52.19), 'medium_shot': np.float64(27.27)}
2026-03-16 15:14:27,450 [trainer.py:107] => Accuracies (w/o oracle) for order 1: [52.11] -> Avg.: 52.11
2026-03-16 15:14:27,450 [trainer.py:110] => CNN (with oracle): {'total': 52.26, '0': 52.26, '0_many': 52.34, '0_medium': 27.27, '0_few': -1.0, '00-01': 42.94, '02-03': 78.78, '04-05': 49.0, 'old': 0.0, 'new': 52.26, 'many_shot': np.float64(52.34), 'medium_shot': np.float64(27.27)}
2026-03-16 15:14:27,451 [trainer.py:115] => Accuracies (with oracle) for order 1: [52.26] -> Avg.: 52.26
2026-03-16 15:14:27,451 [trainer.py:119] => Domain classification accuracies (after each domain) for order 1:  [100.00] -> Avg.: 100.00
2026-03-16 15:14:28,143 [trainer.py:141] => The parameters are saved after task: 0!
2026-03-16 15:14:28,144 [conec_lora.py:109] => Learning on 6-12
2026-03-16 15:14:28,152 [our_utils.py:157] => Number of learnable parameters of LoRAs regularized: 221184
2026-03-16 15:14:28,152 [our_utils.py:157] => Number of learnable parameters of proxy_fc regularized: 9216
2026-03-16 15:14:28,152 [our_utils.py:159] => Total number of learnable parameters: 230400
2026-03-16 15:14:28,153 [conec_lora.py:161] => Training the domain 1 ...
2026-03-16 15:14:46,269 [conec_lora.py:236] => Task 1, Epoch 1/25 => Loss 1.101, Train_accy 60.17
2026-03-16 15:15:04,316 [conec_lora.py:236] => Task 1, Epoch 2/25 => Loss 0.928, Train_accy 65.25
2026-03-16 15:15:22,335 [conec_lora.py:236] => Task 1, Epoch 3/25 => Loss 0.891, Train_accy 66.26
2026-03-16 15:15:40,362 [conec_lora.py:236] => Task 1, Epoch 4/25 => Loss 0.839, Train_accy 66.90
2026-03-16 15:15:58,407 [conec_lora.py:236] => Task 1, Epoch 5/25 => Loss 0.817, Train_accy 68.30
2026-03-16 15:16:16,433 [conec_lora.py:236] => Task 1, Epoch 6/25 => Loss 0.791, Train_accy 68.80
2026-03-16 15:16:34,447 [conec_lora.py:236] => Task 1, Epoch 7/25 => Loss 0.772, Train_accy 70.68
2026-03-16 15:16:52,473 [conec_lora.py:236] => Task 1, Epoch 8/25 => Loss 0.752, Train_accy 71.08
2026-03-16 15:17:10,497 [conec_lora.py:236] => Task 1, Epoch 9/25 => Loss 0.725, Train_accy 71.93
2026-03-16 15:17:28,535 [conec_lora.py:236] => Task 1, Epoch 10/25 => Loss 0.698, Train_accy 72.75
2026-03-16 15:17:46,560 [conec_lora.py:236] => Task 1, Epoch 11/25 => Loss 0.670, Train_accy 73.97
2026-03-16 15:18:04,591 [conec_lora.py:236] => Task 1, Epoch 12/25 => Loss 0.657, Train_accy 74.34
2026-03-16 15:18:22,628 [conec_lora.py:236] => Task 1, Epoch 13/25 => Loss 0.625, Train_accy 75.64
2026-03-16 15:18:40,655 [conec_lora.py:236] => Task 1, Epoch 14/25 => Loss 0.605, Train_accy 77.25
2026-03-16 15:18:58,708 [conec_lora.py:236] => Task 1, Epoch 15/25 => Loss 0.588, Train_accy 77.41
2026-03-16 15:19:16,760 [conec_lora.py:236] => Task 1, Epoch 16/25 => Loss 0.559, Train_accy 78.31
2026-03-16 15:19:34,785 [conec_lora.py:236] => Task 1, Epoch 17/25 => Loss 0.532, Train_accy 79.56
2026-03-16 15:19:52,815 [conec_lora.py:236] => Task 1, Epoch 18/25 => Loss 0.500, Train_accy 82.10
2026-03-16 15:20:10,861 [conec_lora.py:236] => Task 1, Epoch 19/25 => Loss 0.494, Train_accy 81.97
2026-03-16 15:20:28,896 [conec_lora.py:236] => Task 1, Epoch 20/25 => Loss 0.469, Train_accy 83.24
2026-03-16 15:20:46,921 [conec_lora.py:236] => Task 1, Epoch 21/25 => Loss 0.457, Train_accy 84.16
2026-03-16 15:21:04,956 [conec_lora.py:236] => Task 1, Epoch 22/25 => Loss 0.437, Train_accy 83.63
2026-03-16 15:21:22,975 [conec_lora.py:236] => Task 1, Epoch 23/25 => Loss 0.435, Train_accy 84.69
2026-03-16 15:21:40,994 [conec_lora.py:236] => Task 1, Epoch 24/25 => Loss 0.433, Train_accy 84.53
2026-03-16 15:21:59,028 [conec_lora.py:236] => Task 1, Epoch 25/25 => Loss 0.419, Train_accy 85.70
2026-03-16 15:21:59,029 [conec_lora.py:365] => Calculating the prototypes for the classifier ...
2026-03-16 15:21:59,029 [conec_lora.py:334] => Obtaining the embeddings for domain 1
2026-03-16 15:22:04,856 [conec_lora.py:423] => Training the domain classifier ...
2026-03-16 15:22:04,856 [conec_lora.py:408] => Finding the number of samples to be generated ...
2026-03-16 15:22:04,856 [conec_lora.py:414] =>     We use 32 old + 32 new samples for each batch
2026-03-16 15:22:04,936 [conec_lora.py:543] => ==> Computing the statistics ...
2026-03-16 15:22:04,936 [conec_lora.py:277] => Obtaining the embeddings for domain 1 ...
2026-03-16 15:22:10,174 [conec_lora.py:556] =>     Statistics are ready for task: 1
2026-03-16 15:22:10,174 [conec_lora.py:560] => ==> Compression ...
2026-03-16 15:22:58,116 [conec_lora.py:572] => ==> Compression is done!
2026-03-16 15:22:58,196 [conec_lora.py:576] => => Generating synthetic embeddings
2026-03-16 15:23:07,526 [conec_lora.py:533] => Domain classifier training: Task 1, Epoch [1/25] lr 0.00199 Loss 135.6498, Train_acc 54.74
2026-03-16 15:23:13,801 [conec_lora.py:533] => Domain classifier training: Task 1, Epoch [2/25] lr 0.00197 Loss 125.6966, Train_acc 59.30
2026-03-16 15:23:20,051 [conec_lora.py:533] => Domain classifier training: Task 1, Epoch [3/25] lr 0.00193 Loss 124.0047, Train_acc 63.26
2026-03-16 15:23:26,405 [conec_lora.py:533] => Domain classifier training: Task 1, Epoch [4/25] lr 0.00188 Loss 122.5827, Train_acc 65.16
2026-03-16 15:23:32,643 [conec_lora.py:533] => Domain classifier training: Task 1, Epoch [5/25] lr 0.00181 Loss 121.0950, Train_acc 66.93
2026-03-16 15:23:38,925 [conec_lora.py:533] => Domain classifier training: Task 1, Epoch [6/25] lr 0.00173 Loss 120.4583, Train_acc 67.66
2026-03-16 15:23:45,218 [conec_lora.py:533] => Domain classifier training: Task 1, Epoch [7/25] lr 0.00164 Loss 119.5998, Train_acc 68.93
2026-03-16 15:23:51,519 [conec_lora.py:533] => Domain classifier training: Task 1, Epoch [8/25] lr 0.00154 Loss 119.1960, Train_acc 69.35
2026-03-16 15:23:57,873 [conec_lora.py:533] => Domain classifier training: Task 1, Epoch [9/25] lr 0.00143 Loss 118.2580, Train_acc 72.21
2026-03-16 15:24:04,183 [conec_lora.py:533] => Domain classifier training: Task 1, Epoch [10/25] lr 0.00131 Loss 117.3828, Train_acc 72.01
2026-03-16 15:24:10,451 [conec_lora.py:533] => Domain classifier training: Task 1, Epoch [11/25] lr 0.00119 Loss 116.6840, Train_acc 72.19
2026-03-16 15:24:16,853 [conec_lora.py:533] => Domain classifier training: Task 1, Epoch [12/25] lr 0.00106 Loss 116.3441, Train_acc 73.07
2026-03-16 15:24:23,167 [conec_lora.py:533] => Domain classifier training: Task 1, Epoch [13/25] lr 0.00094 Loss 115.8836, Train_acc 73.36
2026-03-16 15:24:29,469 [conec_lora.py:533] => Domain classifier training: Task 1, Epoch [14/25] lr 0.00081 Loss 115.5234, Train_acc 73.49
2026-03-16 15:24:35,730 [conec_lora.py:533] => Domain classifier training: Task 1, Epoch [15/25] lr 0.00069 Loss 114.8332, Train_acc 73.67
2026-03-16 15:24:42,081 [conec_lora.py:533] => Domain classifier training: Task 1, Epoch [16/25] lr 0.00057 Loss 114.8630, Train_acc 73.20
2026-03-16 15:24:48,504 [conec_lora.py:533] => Domain classifier training: Task 1, Epoch [17/25] lr 0.00046 Loss 114.5201, Train_acc 73.41
2026-03-16 15:24:54,759 [conec_lora.py:533] => Domain classifier training: Task 1, Epoch [18/25] lr 0.00036 Loss 114.6720, Train_acc 72.42
2026-03-16 15:25:01,059 [conec_lora.py:533] => Domain classifier training: Task 1, Epoch [19/25] lr 0.00027 Loss 114.0027, Train_acc 74.61
2026-03-16 15:25:07,367 [conec_lora.py:533] => Domain classifier training: Task 1, Epoch [20/25] lr 0.00019 Loss 113.9482, Train_acc 73.10
2026-03-16 15:25:13,665 [conec_lora.py:533] => Domain classifier training: Task 1, Epoch [21/25] lr 0.00012 Loss 113.7862, Train_acc 74.09
2026-03-16 15:25:20,091 [conec_lora.py:533] => Domain classifier training: Task 1, Epoch [22/25] lr 0.00007 Loss 113.7806, Train_acc 73.65
2026-03-16 15:25:26,368 [conec_lora.py:533] => Domain classifier training: Task 1, Epoch [23/25] lr 0.00003 Loss 113.8105, Train_acc 73.80
2026-03-16 15:25:32,663 [conec_lora.py:533] => Domain classifier training: Task 1, Epoch [24/25] lr 0.00001 Loss 113.7445, Train_acc 74.40
2026-03-16 15:25:38,914 [conec_lora.py:533] => Domain classifier training: Task 1, Epoch [25/25] lr 0.00000 Loss 114.0319, Train_acc 73.52
2026-03-16 15:25:39,081 [conec_lora.py:699] => Evaluating on the test set ...
2026-03-16 15:25:56,658 [trainer.py:102] => CNN (w/o oracle): {'total': 51.36, '0': 50.65, '0_many': 50.72, '0_medium': 27.27, '0_few': -1.0, '1': 53.93, '1_many': 53.93, '1_medium': -1.0, '1_few': -1.0, '00-01': 33.33, '02-03': 77.96, '04-05': 52.71, '06-07': 54.89, '08-09': 57.52, '10-11': 49.56, 'old': 50.65, 'new': 53.93, 'many_shot': np.float64(52.325), 'medium_shot': np.float64(27.27)}
2026-03-16 15:25:56,658 [trainer.py:107] => Accuracies (w/o oracle) for order 1: [52.11, 51.36] -> Avg.: 51.73
2026-03-16 15:25:56,658 [trainer.py:110] => CNN (with oracle): {'total': 52.56, '0': 52.11, '0_many': 52.19, '0_medium': 27.27, '0_few': -1.0, '1': 54.14, '1_many': 54.14, '1_medium': -1.0, '1_few': -1.0, '00-01': 43.03, '02-03': 78.62, '04-05': 48.69, '06-07': 52.44, '08-09': 61.06, '10-11': 55.26, 'old': 52.11, 'new': 54.14, 'many_shot': np.float64(53.165), 'medium_shot': np.float64(27.27)}
2026-03-16 15:25:56,658 [trainer.py:115] => Accuracies (with oracle) for order 1: [52.26, 52.56] -> Avg.: 52.41
2026-03-16 15:25:56,659 [trainer.py:119] => Domain classification accuracies (after each domain) for order 1:  [100.00, 71.80] -> Avg.: 85.90
2026-03-16 15:25:57,047 [trainer.py:141] => The parameters are saved after task: 1!
2026-03-16 15:25:57,047 [conec_lora.py:109] => Learning on 12-18
2026-03-16 15:25:57,053 [our_utils.py:157] => Number of learnable parameters of LoRAs regularized: 221184
2026-03-16 15:25:57,054 [our_utils.py:157] => Number of learnable parameters of proxy_fc regularized: 9216
2026-03-16 15:25:57,054 [our_utils.py:159] => Total number of learnable parameters: 230400
2026-03-16 15:25:57,054 [conec_lora.py:161] => Training the domain 2 ...
2026-03-16 15:26:33,954 [conec_lora.py:236] => Task 2, Epoch 1/25 => Loss 1.111, Train_accy 57.20
2026-03-16 15:27:10,842 [conec_lora.py:236] => Task 2, Epoch 2/25 => Loss 1.010, Train_accy 61.64
2026-03-16 15:27:47,719 [conec_lora.py:236] => Task 2, Epoch 3/25 => Loss 0.960, Train_accy 63.99
2026-03-16 15:28:24,618 [conec_lora.py:236] => Task 2, Epoch 4/25 => Loss 0.932, Train_accy 64.74
2026-03-16 15:29:01,492 [conec_lora.py:236] => Task 2, Epoch 5/25 => Loss 0.905, Train_accy 65.74
2026-03-16 15:29:38,395 [conec_lora.py:236] => Task 2, Epoch 6/25 => Loss 0.892, Train_accy 66.25
2026-03-16 15:30:15,306 [conec_lora.py:236] => Task 2, Epoch 7/25 => Loss 0.858, Train_accy 67.67
2026-03-16 15:30:52,215 [conec_lora.py:236] => Task 2, Epoch 8/25 => Loss 0.823, Train_accy 68.62
2026-03-16 15:31:29,118 [conec_lora.py:236] => Task 2, Epoch 9/25 => Loss 0.809, Train_accy 69.67
2026-03-16 15:32:06,019 [conec_lora.py:236] => Task 2, Epoch 10/25 => Loss 0.788, Train_accy 70.13
2026-03-16 15:32:42,916 [conec_lora.py:236] => Task 2, Epoch 11/25 => Loss 0.756, Train_accy 71.16
2026-03-16 15:33:19,829 [conec_lora.py:236] => Task 2, Epoch 12/25 => Loss 0.718, Train_accy 72.63
2026-03-16 15:33:56,720 [conec_lora.py:236] => Task 2, Epoch 13/25 => Loss 0.682, Train_accy 74.87
2026-03-16 15:34:33,638 [conec_lora.py:236] => Task 2, Epoch 14/25 => Loss 0.646, Train_accy 75.91
2026-03-16 15:35:10,539 [conec_lora.py:236] => Task 2, Epoch 15/25 => Loss 0.621, Train_accy 77.32
2026-03-16 15:35:47,451 [conec_lora.py:236] => Task 2, Epoch 16/25 => Loss 0.593, Train_accy 78.07
2026-03-16 15:36:24,338 [conec_lora.py:236] => Task 2, Epoch 17/25 => Loss 0.560, Train_accy 79.73
2026-03-16 15:37:01,238 [conec_lora.py:236] => Task 2, Epoch 18/25 => Loss 0.519, Train_accy 81.29
2026-03-16 15:37:38,140 [conec_lora.py:236] => Task 2, Epoch 19/25 => Loss 0.481, Train_accy 82.54
2026-03-16 15:38:15,063 [conec_lora.py:236] => Task 2, Epoch 20/25 => Loss 0.454, Train_accy 83.88
2026-03-16 15:38:51,954 [conec_lora.py:236] => Task 2, Epoch 21/25 => Loss 0.434, Train_accy 84.73
2026-03-16 15:39:28,844 [conec_lora.py:236] => Task 2, Epoch 22/25 => Loss 0.411, Train_accy 85.71
2026-03-16 15:40:05,753 [conec_lora.py:236] => Task 2, Epoch 23/25 => Loss 0.391, Train_accy 86.73
2026-03-16 15:40:42,654 [conec_lora.py:236] => Task 2, Epoch 24/25 => Loss 0.385, Train_accy 86.46
2026-03-16 15:41:19,581 [conec_lora.py:236] => Task 2, Epoch 25/25 => Loss 0.383, Train_accy 87.04
2026-03-16 15:41:19,585 [conec_lora.py:365] => Calculating the prototypes for the classifier ...
2026-03-16 15:41:19,586 [conec_lora.py:334] => Obtaining the embeddings for domain 2
2026-03-16 15:41:30,997 [conec_lora.py:423] => Training the domain classifier ...
2026-03-16 15:41:30,997 [conec_lora.py:408] => Finding the number of samples to be generated ...
2026-03-16 15:41:30,997 [conec_lora.py:414] =>     We use 43 old + 21 new samples for each batch
2026-03-16 15:41:31,072 [conec_lora.py:543] => ==> Computing the statistics ...
2026-03-16 15:41:31,072 [conec_lora.py:277] => Obtaining the embeddings for domain 2 ...
2026-03-16 15:41:41,512 [conec_lora.py:556] =>     Statistics are ready for task: 2
2026-03-16 15:41:41,512 [conec_lora.py:560] => ==> Compression ...
2026-03-16 15:43:04,883 [conec_lora.py:572] => ==> Compression is done!
2026-03-16 15:43:04,969 [conec_lora.py:576] => => Generating synthetic embeddings
2026-03-16 15:43:30,276 [conec_lora.py:533] => Domain classifier training: Task 2, Epoch [1/25] lr 0.00199 Loss 231.3254, Train_acc 50.29
2026-03-16 15:43:42,914 [conec_lora.py:533] => Domain classifier training: Task 2, Epoch [2/25] lr 0.00197 Loss 223.1076, Train_acc 58.95
2026-03-16 15:43:55,503 [conec_lora.py:533] => Domain classifier training: Task 2, Epoch [3/25] lr 0.00193 Loss 217.6352, Train_acc 59.88
2026-03-16 15:44:08,049 [conec_lora.py:533] => Domain classifier training: Task 2, Epoch [4/25] lr 0.00188 Loss 212.6722, Train_acc 61.17
2026-03-16 15:44:20,610 [conec_lora.py:533] => Domain classifier training: Task 2, Epoch [5/25] lr 0.00181 Loss 209.4050, Train_acc 62.63
2026-03-16 15:44:33,224 [conec_lora.py:533] => Domain classifier training: Task 2, Epoch [6/25] lr 0.00173 Loss 207.4539, Train_acc 63.39
2026-03-16 15:44:45,849 [conec_lora.py:533] => Domain classifier training: Task 2, Epoch [7/25] lr 0.00164 Loss 205.1488, Train_acc 64.03
2026-03-16 15:44:58,441 [conec_lora.py:533] => Domain classifier training: Task 2, Epoch [8/25] lr 0.00154 Loss 203.8024, Train_acc 65.66
2026-03-16 15:45:10,915 [conec_lora.py:533] => Domain classifier training: Task 2, Epoch [9/25] lr 0.00143 Loss 200.5928, Train_acc 65.95
2026-03-16 15:45:23,542 [conec_lora.py:533] => Domain classifier training: Task 2, Epoch [10/25] lr 0.00131 Loss 199.6910, Train_acc 67.08
2026-03-16 15:45:36,120 [conec_lora.py:533] => Domain classifier training: Task 2, Epoch [11/25] lr 0.00119 Loss 197.3443, Train_acc 67.26
2026-03-16 15:45:48,585 [conec_lora.py:533] => Domain classifier training: Task 2, Epoch [12/25] lr 0.00106 Loss 195.1615, Train_acc 67.73
2026-03-16 15:46:01,136 [conec_lora.py:533] => Domain classifier training: Task 2, Epoch [13/25] lr 0.00094 Loss 192.0286, Train_acc 69.44
2026-03-16 15:46:13,697 [conec_lora.py:533] => Domain classifier training: Task 2, Epoch [14/25] lr 0.00081 Loss 189.1401, Train_acc 69.18
2026-03-16 15:46:26,298 [conec_lora.py:533] => Domain classifier training: Task 2, Epoch [15/25] lr 0.00069 Loss 186.9589, Train_acc 70.30
2026-03-16 15:46:38,894 [conec_lora.py:533] => Domain classifier training: Task 2, Epoch [16/25] lr 0.00057 Loss 184.5438, Train_acc 71.17
2026-03-16 15:46:51,507 [conec_lora.py:533] => Domain classifier training: Task 2, Epoch [17/25] lr 0.00046 Loss 181.7030, Train_acc 72.15
2026-03-16 15:47:04,150 [conec_lora.py:533] => Domain classifier training: Task 2, Epoch [18/25] lr 0.00036 Loss 179.8790, Train_acc 71.92
2026-03-16 15:47:16,838 [conec_lora.py:533] => Domain classifier training: Task 2, Epoch [19/25] lr 0.00027 Loss 179.1211, Train_acc 72.71
2026-03-16 15:47:29,339 [conec_lora.py:533] => Domain classifier training: Task 2, Epoch [20/25] lr 0.00019 Loss 178.0987, Train_acc 72.41
2026-03-16 15:47:41,987 [conec_lora.py:533] => Domain classifier training: Task 2, Epoch [21/25] lr 0.00012 Loss 177.6885, Train_acc 73.70
2026-03-16 15:47:54,718 [conec_lora.py:533] => Domain classifier training: Task 2, Epoch [22/25] lr 0.00007 Loss 176.6154, Train_acc 74.30
2026-03-16 15:48:07,389 [conec_lora.py:533] => Domain classifier training: Task 2, Epoch [23/25] lr 0.00003 Loss 177.6135, Train_acc 74.03
2026-03-16 15:48:20,110 [conec_lora.py:533] => Domain classifier training: Task 2, Epoch [24/25] lr 0.00001 Loss 176.9237, Train_acc 73.72
2026-03-16 15:48:32,766 [conec_lora.py:533] => Domain classifier training: Task 2, Epoch [25/25] lr 0.00000 Loss 176.7144, Train_acc 74.51
2026-03-16 15:48:32,953 [conec_lora.py:699] => Evaluating on the test set ...
2026-03-16 15:48:58,473 [trainer.py:102] => CNN (w/o oracle): {'total': 51.71, '0': 50.12, '0_many': 50.25, '0_medium': 9.09, '0_few': -1.0, '1': 53.4, '1_many': 53.4, '1_medium': -1.0, '1_few': -1.0, '2': 53.66, '2_many': 53.85, '2_medium': 0.0, '2_few': -1.0, '00-01': 33.77, '02-03': 77.8, '04-05': 51.37, '06-07': 54.56, '08-09': 61.95, '10-11': 46.05, '12-13': 41.48, '14-15': 55.45, '16-17': 63.59, 'old': 50.84, 'new': 53.66, 'many_shot': np.float64(52.5), 'medium_shot': np.float64(4.545)}
2026-03-16 15:48:58,473 [trainer.py:107] => Accuracies (w/o oracle) for order 1: [52.11, 51.36, 51.71] -> Avg.: 51.73
2026-03-16 15:48:58,473 [trainer.py:110] => CNN (with oracle): {'total': 53.39, '0': 52.23, '0_many': 52.31, '0_medium': 27.27, '0_few': -1.0, '1': 53.82, '1_many': 53.82, '1_medium': -1.0, '1_few': -1.0, '2': 55.19, '2_many': 55.39, '2_medium': 0.0, '2_few': -1.0, '00-01': 42.77, '02-03': 78.78, '04-05': 49.06, '06-07': 52.28, '08-09': 61.06, '10-11': 54.39, '12-13': 47.56, '14-15': 50.91, '16-17': 63.48, 'old': 52.58, 'new': 55.19, 'many_shot': np.float64(53.839999999999996), 'medium_shot': np.float64(13.635)}
2026-03-16 15:48:58,473 [trainer.py:115] => Accuracies (with oracle) for order 1: [52.26, 52.56, 53.39] -> Avg.: 52.74
2026-03-16 15:48:58,473 [trainer.py:119] => Domain classification accuracies (after each domain) for order 1:  [100.00, 71.80, 63.43] -> Avg.: 78.41
2026-03-16 15:48:58,632 [trainer.py:141] => The parameters are saved after task: 2!
2026-03-16 15:48:58,633 [conec_lora.py:109] => Learning on 18-24
2026-03-16 15:48:58,648 [our_utils.py:157] => Number of learnable parameters of LoRAs regularized: 221184
2026-03-16 15:48:58,648 [our_utils.py:157] => Number of learnable parameters of proxy_fc regularized: 9216
2026-03-16 15:48:58,649 [our_utils.py:159] => Total number of learnable parameters: 230400
2026-03-16 15:48:58,649 [conec_lora.py:161] => Training the domain 3 ...
2026-03-16 15:49:27,512 [conec_lora.py:236] => Task 3, Epoch 1/25 => Loss 0.968, Train_accy 65.56
2026-03-16 15:49:56,362 [conec_lora.py:236] => Task 3, Epoch 2/25 => Loss 0.846, Train_accy 70.00
2026-03-16 15:50:25,208 [conec_lora.py:236] => Task 3, Epoch 3/25 => Loss 0.822, Train_accy 70.25
2026-03-16 15:50:54,070 [conec_lora.py:236] => Task 3, Epoch 4/25 => Loss 0.797, Train_accy 70.79
2026-03-16 15:51:22,908 [conec_lora.py:236] => Task 3, Epoch 5/25 => Loss 0.763, Train_accy 72.34
2026-03-16 15:51:51,756 [conec_lora.py:236] => Task 3, Epoch 6/25 => Loss 0.743, Train_accy 73.19
2026-03-16 15:52:20,598 [conec_lora.py:236] => Task 3, Epoch 7/25 => Loss 0.717, Train_accy 73.91
2026-03-16 15:52:49,453 [conec_lora.py:236] => Task 3, Epoch 8/25 => Loss 0.691, Train_accy 74.67
2026-03-16 15:53:18,299 [conec_lora.py:236] => Task 3, Epoch 9/25 => Loss 0.671, Train_accy 75.62
2026-03-16 15:53:47,139 [conec_lora.py:236] => Task 3, Epoch 10/25 => Loss 0.639, Train_accy 76.86
2026-03-16 15:54:15,999 [conec_lora.py:236] => Task 3, Epoch 11/25 => Loss 0.613, Train_accy 77.57
2026-03-16 15:54:44,840 [conec_lora.py:236] => Task 3, Epoch 12/25 => Loss 0.572, Train_accy 79.42
2026-03-16 15:55:13,680 [conec_lora.py:236] => Task 3, Epoch 13/25 => Loss 0.560, Train_accy 79.90
2026-03-16 15:55:42,525 [conec_lora.py:236] => Task 3, Epoch 14/25 => Loss 0.513, Train_accy 81.60
2026-03-16 15:56:11,376 [conec_lora.py:236] => Task 3, Epoch 15/25 => Loss 0.477, Train_accy 82.60
2026-03-16 15:56:40,241 [conec_lora.py:236] => Task 3, Epoch 16/25 => Loss 0.470, Train_accy 83.01
2026-03-16 15:57:09,091 [conec_lora.py:236] => Task 3, Epoch 17/25 => Loss 0.429, Train_accy 84.64
2026-03-16 15:57:37,957 [conec_lora.py:236] => Task 3, Epoch 18/25 => Loss 0.390, Train_accy 86.13
2026-03-16 15:58:06,822 [conec_lora.py:236] => Task 3, Epoch 19/25 => Loss 0.373, Train_accy 87.06
2026-03-16 15:58:35,678 [conec_lora.py:236] => Task 3, Epoch 20/25 => Loss 0.350, Train_accy 88.03
2026-03-16 15:59:04,535 [conec_lora.py:236] => Task 3, Epoch 21/25 => Loss 0.330, Train_accy 88.62
2026-03-16 15:59:33,375 [conec_lora.py:236] => Task 3, Epoch 22/25 => Loss 0.312, Train_accy 89.31
2026-03-16 16:00:02,211 [conec_lora.py:236] => Task 3, Epoch 23/25 => Loss 0.303, Train_accy 90.20
2026-03-16 16:00:31,067 [conec_lora.py:236] => Task 3, Epoch 24/25 => Loss 0.297, Train_accy 90.13
2026-03-16 16:00:59,905 [conec_lora.py:236] => Task 3, Epoch 25/25 => Loss 0.294, Train_accy 90.21
2026-03-16 16:00:59,906 [conec_lora.py:365] => Calculating the prototypes for the classifier ...
2026-03-16 16:00:59,906 [conec_lora.py:334] => Obtaining the embeddings for domain 3
2026-03-16 16:01:08,976 [conec_lora.py:423] => Training the domain classifier ...
2026-03-16 16:01:08,976 [conec_lora.py:408] => Finding the number of samples to be generated ...
2026-03-16 16:01:08,976 [conec_lora.py:414] =>     We use 48 old + 16 new samples for each batch
2026-03-16 16:01:09,058 [conec_lora.py:543] => ==> Computing the statistics ...
2026-03-16 16:01:09,058 [conec_lora.py:277] => Obtaining the embeddings for domain 3 ...
2026-03-16 16:01:17,270 [conec_lora.py:556] =>     Statistics are ready for task: 3
2026-03-16 16:01:17,270 [conec_lora.py:560] => ==> Compression ...
2026-03-16 16:03:00,676 [conec_lora.py:572] => ==> Compression is done!
2026-03-16 16:03:00,754 [conec_lora.py:576] => => Generating synthetic embeddings
2026-03-16 16:03:21,830 [conec_lora.py:533] => Domain classifier training: Task 3, Epoch [1/25] lr 0.00199 Loss 288.1698, Train_acc 49.14
2026-03-16 16:03:31,789 [conec_lora.py:533] => Domain classifier training: Task 3, Epoch [2/25] lr 0.00197 Loss 276.9585, Train_acc 55.16
2026-03-16 16:03:41,721 [conec_lora.py:533] => Domain classifier training: Task 3, Epoch [3/25] lr 0.00193 Loss 271.2909, Train_acc 57.18
2026-03-16 16:03:51,802 [conec_lora.py:533] => Domain classifier training: Task 3, Epoch [4/25] lr 0.00188 Loss 266.8108, Train_acc 59.29
2026-03-16 16:04:01,754 [conec_lora.py:533] => Domain classifier training: Task 3, Epoch [5/25] lr 0.00181 Loss 263.9151, Train_acc 60.06
2026-03-16 16:04:11,796 [conec_lora.py:533] => Domain classifier training: Task 3, Epoch [6/25] lr 0.00173 Loss 259.3275, Train_acc 62.81
2026-03-16 16:04:21,752 [conec_lora.py:533] => Domain classifier training: Task 3, Epoch [7/25] lr 0.00164 Loss 256.3055, Train_acc 63.92
2026-03-16 16:04:31,736 [conec_lora.py:533] => Domain classifier training: Task 3, Epoch [8/25] lr 0.00154 Loss 254.9170, Train_acc 65.59
2026-03-16 16:04:41,685 [conec_lora.py:533] => Domain classifier training: Task 3, Epoch [9/25] lr 0.00143 Loss 251.9970, Train_acc 64.58
2026-03-16 16:04:51,644 [conec_lora.py:533] => Domain classifier training: Task 3, Epoch [10/25] lr 0.00131 Loss 249.1860, Train_acc 68.12
2026-03-16 16:05:01,594 [conec_lora.py:533] => Domain classifier training: Task 3, Epoch [11/25] lr 0.00119 Loss 247.9329, Train_acc 67.24
2026-03-16 16:05:11,572 [conec_lora.py:533] => Domain classifier training: Task 3, Epoch [12/25] lr 0.00106 Loss 244.1632, Train_acc 71.16
2026-03-16 16:05:21,650 [conec_lora.py:533] => Domain classifier training: Task 3, Epoch [13/25] lr 0.00094 Loss 241.7543, Train_acc 71.89
2026-03-16 16:05:31,761 [conec_lora.py:533] => Domain classifier training: Task 3, Epoch [14/25] lr 0.00081 Loss 235.7662, Train_acc 71.79
2026-03-16 16:05:41,758 [conec_lora.py:533] => Domain classifier training: Task 3, Epoch [15/25] lr 0.00069 Loss 233.1295, Train_acc 73.42
2026-03-16 16:05:51,738 [conec_lora.py:533] => Domain classifier training: Task 3, Epoch [16/25] lr 0.00057 Loss 230.8879, Train_acc 73.21
2026-03-16 16:06:01,767 [conec_lora.py:533] => Domain classifier training: Task 3, Epoch [17/25] lr 0.00046 Loss 229.1729, Train_acc 74.79
2026-03-16 16:06:11,740 [conec_lora.py:533] => Domain classifier training: Task 3, Epoch [18/25] lr 0.00036 Loss 227.7682, Train_acc 74.74
2026-03-16 16:06:21,706 [conec_lora.py:533] => Domain classifier training: Task 3, Epoch [19/25] lr 0.00027 Loss 226.8162, Train_acc 74.06
2026-03-16 16:06:31,848 [conec_lora.py:533] => Domain classifier training: Task 3, Epoch [20/25] lr 0.00019 Loss 224.8445, Train_acc 75.91
2026-03-16 16:06:41,807 [conec_lora.py:533] => Domain classifier training: Task 3, Epoch [21/25] lr 0.00012 Loss 223.4747, Train_acc 76.42
2026-03-16 16:06:51,777 [conec_lora.py:533] => Domain classifier training: Task 3, Epoch [22/25] lr 0.00007 Loss 222.2235, Train_acc 76.90
2026-03-16 16:07:01,844 [conec_lora.py:533] => Domain classifier training: Task 3, Epoch [23/25] lr 0.00003 Loss 221.2396, Train_acc 76.76
2026-03-16 16:07:11,846 [conec_lora.py:533] => Domain classifier training: Task 3, Epoch [24/25] lr 0.00001 Loss 221.2534, Train_acc 77.07
2026-03-16 16:07:21,898 [conec_lora.py:533] => Domain classifier training: Task 3, Epoch [25/25] lr 0.00000 Loss 220.2968, Train_acc 76.63
2026-03-16 16:07:22,087 [conec_lora.py:699] => Evaluating on the test set ...
2026-03-16 16:07:53,978 [trainer.py:102] => CNN (w/o oracle): {'total': 51.59, '0': 49.68, '0_many': 49.81, '0_medium': 9.09, '0_few': -1.0, '1': 51.31, '1_many': 51.31, '1_medium': -1.0, '1_few': -1.0, '2': 52.38, '2_many': 52.57, '2_medium': 0.0, '2_few': -1.0, '3': 55.03, '3_many': 55.03, '3_medium': -1.0, '3_few': -1.0, '00-01': 36.1, '02-03': 77.47, '04-05': 48.93, '06-07': 54.07, '08-09': 58.41, '10-11': 40.35, '12-13': 39.89, '14-15': 53.03, '16-17': 63.02, '18-19': 57.83, '20-21': 36.54, '22-23': 39.09, 'old': 50.76, 'new': 55.03, 'many_shot': np.float64(52.18), 'medium_shot': np.float64(4.545)}
2026-03-16 16:07:53,978 [trainer.py:107] => Accuracies (w/o oracle) for order 1: [52.11, 51.36, 51.71, 51.59] -> Avg.: 51.69
2026-03-16 16:07:53,978 [trainer.py:110] => CNN (with oracle): {'total': 54.32, '0': 52.08, '0_many': 52.16, '0_medium': 27.27, '0_few': -1.0, '1': 53.93, '1_many': 53.93, '1_medium': -1.0, '1_few': -1.0, '2': 55.29, '2_many': 55.49, '2_medium': 0.0, '2_few': -1.0, '3': 58.3, '3_many': 58.3, '3_medium': -1.0, '3_few': -1.0, '00-01': 42.77, '02-03': 78.78, '04-05': 48.75, '06-07': 52.44, '08-09': 61.06, '10-11': 54.39, '12-13': 47.82, '14-15': 50.91, '16-17': 63.48, '18-19': 60.41, '20-21': 44.23, '22-23': 46.36, 'old': 53.36, 'new': 58.3, 'many_shot': np.float64(54.97), 'medium_shot': np.float64(13.635)}
2026-03-16 16:07:53,978 [trainer.py:115] => Accuracies (with oracle) for order 1: [52.26, 52.56, 53.39, 54.32] -> Avg.: 53.13
2026-03-16 16:07:53,978 [trainer.py:119] => Domain classification accuracies (after each domain) for order 1:  [100.00, 71.80, 63.43, 62.86] -> Avg.: 74.52
2026-03-16 16:07:54,140 [trainer.py:141] => The parameters are saved after task: 3!
2026-03-16 16:07:54,141 [conec_lora.py:109] => Learning on 24-30
2026-03-16 16:07:54,166 [our_utils.py:157] => Number of learnable parameters of LoRAs regularized: 221184
2026-03-16 16:07:54,166 [our_utils.py:157] => Number of learnable parameters of proxy_fc regularized: 9216
2026-03-16 16:07:54,166 [our_utils.py:159] => Total number of learnable parameters: 230400
2026-03-16 16:07:54,167 [conec_lora.py:161] => Training the domain 4 ...
2026-03-16 16:08:41,186 [conec_lora.py:236] => Task 4, Epoch 1/25 => Loss 1.185, Train_accy 57.03
2026-03-16 16:09:28,190 [conec_lora.py:236] => Task 4, Epoch 2/25 => Loss 1.065, Train_accy 61.14
2026-03-16 16:10:15,212 [conec_lora.py:236] => Task 4, Epoch 3/25 => Loss 1.026, Train_accy 62.37
2026-03-16 16:11:02,234 [conec_lora.py:236] => Task 4, Epoch 4/25 => Loss 0.994, Train_accy 63.37
2026-03-16 16:11:49,263 [conec_lora.py:236] => Task 4, Epoch 5/25 => Loss 0.968, Train_accy 64.18
2026-03-16 16:12:36,297 [conec_lora.py:236] => Task 4, Epoch 6/25 => Loss 0.938, Train_accy 65.40
2026-03-16 16:13:23,334 [conec_lora.py:236] => Task 4, Epoch 7/25 => Loss 0.916, Train_accy 66.05
2026-03-16 16:14:10,343 [conec_lora.py:236] => Task 4, Epoch 8/25 => Loss 0.887, Train_accy 67.09
2026-03-16 16:14:57,360 [conec_lora.py:236] => Task 4, Epoch 9/25 => Loss 0.864, Train_accy 67.98
2026-03-16 16:15:44,390 [conec_lora.py:236] => Task 4, Epoch 10/25 => Loss 0.833, Train_accy 69.48
2026-03-16 16:16:31,439 [conec_lora.py:236] => Task 4, Epoch 11/25 => Loss 0.808, Train_accy 70.73
2026-03-16 16:17:18,480 [conec_lora.py:236] => Task 4, Epoch 12/25 => Loss 0.775, Train_accy 71.61
2026-03-16 16:18:05,535 [conec_lora.py:236] => Task 4, Epoch 13/25 => Loss 0.745, Train_accy 72.50
2026-03-16 16:18:52,584 [conec_lora.py:236] => Task 4, Epoch 14/25 => Loss 0.714, Train_accy 73.68
2026-03-16 16:19:39,636 [conec_lora.py:236] => Task 4, Epoch 15/25 => Loss 0.674, Train_accy 75.97
2026-03-16 16:20:26,671 [conec_lora.py:236] => Task 4, Epoch 16/25 => Loss 0.643, Train_accy 76.41
2026-03-16 16:21:13,749 [conec_lora.py:236] => Task 4, Epoch 17/25 => Loss 0.603, Train_accy 77.96
2026-03-16 16:22:00,816 [conec_lora.py:236] => Task 4, Epoch 18/25 => Loss 0.576, Train_accy 79.45
2026-03-16 16:22:47,876 [conec_lora.py:236] => Task 4, Epoch 19/25 => Loss 0.543, Train_accy 80.84
2026-03-16 16:23:34,926 [conec_lora.py:236] => Task 4, Epoch 20/25 => Loss 0.509, Train_accy 81.95
2026-03-16 16:24:21,974 [conec_lora.py:236] => Task 4, Epoch 21/25 => Loss 0.487, Train_accy 82.99
2026-03-16 16:25:09,038 [conec_lora.py:236] => Task 4, Epoch 22/25 => Loss 0.468, Train_accy 83.27
2026-03-16 16:25:56,072 [conec_lora.py:236] => Task 4, Epoch 23/25 => Loss 0.450, Train_accy 84.59
2026-03-16 16:26:43,119 [conec_lora.py:236] => Task 4, Epoch 24/25 => Loss 0.441, Train_accy 84.84
2026-03-16 16:27:30,174 [conec_lora.py:236] => Task 4, Epoch 25/25 => Loss 0.443, Train_accy 84.85
2026-03-16 16:27:30,175 [conec_lora.py:365] => Calculating the prototypes for the classifier ...
2026-03-16 16:27:30,175 [conec_lora.py:334] => Obtaining the embeddings for domain 4
2026-03-16 16:27:44,663 [conec_lora.py:423] => Training the domain classifier ...
2026-03-16 16:27:44,663 [conec_lora.py:408] => Finding the number of samples to be generated ...
2026-03-16 16:27:44,663 [conec_lora.py:414] =>     We use 52 old + 12 new samples for each batch
2026-03-16 16:27:44,737 [conec_lora.py:543] => ==> Computing the statistics ...
2026-03-16 16:27:44,737 [conec_lora.py:277] => Obtaining the embeddings for domain 4 ...
2026-03-16 16:27:57,867 [conec_lora.py:556] =>     Statistics are ready for task: 4
2026-03-16 16:27:57,978 [conec_lora.py:576] => => Generating synthetic embeddings
2026-03-16 16:28:41,968 [conec_lora.py:533] => Domain classifier training: Task 4, Epoch [1/25] lr 0.00199 Loss 326.2124, Train_acc 52.83
2026-03-16 16:28:58,045 [conec_lora.py:533] => Domain classifier training: Task 4, Epoch [2/25] lr 0.00197 Loss 310.8352, Train_acc 57.36
2026-03-16 16:29:14,209 [conec_lora.py:533] => Domain classifier training: Task 4, Epoch [3/25] lr 0.00193 Loss 302.1232, Train_acc 61.89
2026-03-16 16:29:30,383 [conec_lora.py:533] => Domain classifier training: Task 4, Epoch [4/25] lr 0.00188 Loss 290.9327, Train_acc 65.40
2026-03-16 16:29:46,515 [conec_lora.py:533] => Domain classifier training: Task 4, Epoch [5/25] lr 0.00181 Loss 281.0436, Train_acc 66.52
2026-03-16 16:30:02,631 [conec_lora.py:533] => Domain classifier training: Task 4, Epoch [6/25] lr 0.00173 Loss 274.7085, Train_acc 68.23
2026-03-16 16:30:18,872 [conec_lora.py:533] => Domain classifier training: Task 4, Epoch [7/25] lr 0.00164 Loss 271.1342, Train_acc 69.31
2026-03-16 16:30:35,149 [conec_lora.py:533] => Domain classifier training: Task 4, Epoch [8/25] lr 0.00154 Loss 262.0462, Train_acc 70.67
2026-03-16 16:30:51,236 [conec_lora.py:533] => Domain classifier training: Task 4, Epoch [9/25] lr 0.00143 Loss 254.9337, Train_acc 71.53
2026-03-16 16:31:07,460 [conec_lora.py:533] => Domain classifier training: Task 4, Epoch [10/25] lr 0.00131 Loss 250.3980, Train_acc 74.16
2026-03-16 16:31:23,719 [conec_lora.py:533] => Domain classifier training: Task 4, Epoch [11/25] lr 0.00119 Loss 249.2088, Train_acc 73.32
2026-03-16 16:31:39,871 [conec_lora.py:533] => Domain classifier training: Task 4, Epoch [12/25] lr 0.00106 Loss 244.5113, Train_acc 74.99
2026-03-16 16:31:56,029 [conec_lora.py:533] => Domain classifier training: Task 4, Epoch [13/25] lr 0.00094 Loss 242.4980, Train_acc 75.76
2026-03-16 16:32:12,246 [conec_lora.py:533] => Domain classifier training: Task 4, Epoch [14/25] lr 0.00081 Loss 238.9158, Train_acc 76.44
2026-03-16 16:32:28,445 [conec_lora.py:533] => Domain classifier training: Task 4, Epoch [15/25] lr 0.00069 Loss 236.6981, Train_acc 77.82
2026-03-16 16:32:44,579 [conec_lora.py:533] => Domain classifier training: Task 4, Epoch [16/25] lr 0.00057 Loss 234.4775, Train_acc 78.54
2026-03-16 16:33:00,706 [conec_lora.py:533] => Domain classifier training: Task 4, Epoch [17/25] lr 0.00046 Loss 233.6583, Train_acc 78.98
2026-03-16 16:33:16,960 [conec_lora.py:533] => Domain classifier training: Task 4, Epoch [18/25] lr 0.00036 Loss 230.9050, Train_acc 80.13
2026-03-16 16:33:33,079 [conec_lora.py:533] => Domain classifier training: Task 4, Epoch [19/25] lr 0.00027 Loss 229.4187, Train_acc 80.12
2026-03-16 16:33:49,378 [conec_lora.py:533] => Domain classifier training: Task 4, Epoch [20/25] lr 0.00019 Loss 228.7522, Train_acc 81.47
2026-03-16 16:34:05,485 [conec_lora.py:533] => Domain classifier training: Task 4, Epoch [21/25] lr 0.00012 Loss 228.1178, Train_acc 81.62
2026-03-16 16:34:21,807 [conec_lora.py:533] => Domain classifier training: Task 4, Epoch [22/25] lr 0.00007 Loss 227.0007, Train_acc 81.27
2026-03-16 16:34:37,890 [conec_lora.py:533] => Domain classifier training: Task 4, Epoch [23/25] lr 0.00003 Loss 225.9542, Train_acc 82.28
2026-03-16 16:34:54,170 [conec_lora.py:533] => Domain classifier training: Task 4, Epoch [24/25] lr 0.00001 Loss 226.5624, Train_acc 81.96
2026-03-16 16:35:10,222 [conec_lora.py:533] => Domain classifier training: Task 4, Epoch [25/25] lr 0.00000 Loss 225.8756, Train_acc 81.88
2026-03-16 16:35:10,431 [conec_lora.py:699] => Evaluating on the test set ...
2026-03-16 16:35:52,988 [trainer.py:102] => CNN (w/o oracle): {'total': 51.71, '0': 48.94, '0_many': 49.07, '0_medium': 9.09, '0_few': -1.0, '1': 51.1, '1_many': 51.1, '1_medium': -1.0, '1_few': -1.0, '2': 52.38, '2_many': 52.57, '2_medium': 0.0, '2_few': -1.0, '3': 56.67, '3_many': 56.67, '3_medium': -1.0, '3_few': -1.0, '4': 52.14, '4_many': 52.14, '4_medium': -1.0, '4_few': -1.0, '00-01': 36.97, '02-03': 76.48, '04-05': 47.17, '06-07': 55.05, '08-09': 58.41, '10-11': 36.84, '12-13': 39.76, '14-15': 53.94, '16-17': 62.79, '18-19': 59.27, '20-21': 39.42, '22-23': 41.82, '24-25': 50.68, '26-27': 54.12, '28-29': 53.92, 'old': 51.57, 'new': 52.14, 'many_shot': np.float64(52.31), 'medium_shot': np.float64(4.545)}
2026-03-16 16:35:52,988 [trainer.py:107] => Accuracies (w/o oracle) for order 1: [52.11, 51.36, 51.71, 51.59, 51.71] -> Avg.: 51.70
2026-03-16 16:35:52,988 [trainer.py:110] => CNN (with oracle): {'total': 54.47, '0': 52.17, '0_many': 52.25, '0_medium': 27.27, '0_few': -1.0, '1': 53.93, '1_many': 53.93, '1_medium': -1.0, '1_few': -1.0, '2': 55.29, '2_many': 55.49, '2_medium': 0.0, '2_few': -1.0, '3': 58.3, '3_many': 58.3, '3_medium': -1.0, '3_few': -1.0, '4': 54.82, '4_many': 54.82, '4_medium': -1.0, '4_few': -1.0, '00-01': 42.6, '02-03': 78.62, '04-05': 49.12, '06-07': 52.28, '08-09': 61.06, '10-11': 54.82, '12-13': 47.56, '14-15': 51.52, '16-17': 63.48, '18-19': 60.49, '20-21': 43.27, '22-23': 46.36, '24-25': 52.56, '26-27': 54.51, '28-29': 58.6, 'old': 54.36, 'new': 54.82, 'many_shot': np.float64(54.958000000000006), 'medium_shot': np.float64(13.635)}
2026-03-16 16:35:52,988 [trainer.py:115] => Accuracies (with oracle) for order 1: [52.26, 52.56, 53.39, 54.32, 54.47] -> Avg.: 53.40
2026-03-16 16:35:52,988 [trainer.py:119] => Domain classification accuracies (after each domain) for order 1:  [100.00, 71.80, 63.43, 62.86, 61.11] -> Avg.: 71.84
2026-03-16 16:35:53,150 [trainer.py:141] => The parameters are saved after task: 4!
2026-03-16 16:35:53,151 [trainer.py:127] => The process is finished!
