2026-03-16 11:12:49,060 [trainer.py:178] => ----------------------------------------------------------------------------------------------------
2026-03-16 11:12:49,082 [trainer.py:182] => Python version: 3.12.13
2026-03-16 11:12:49,082 [trainer.py:183] => PyTorch version: 2.10.0+cu130,TorchVision version: 0.25.0+cu130
2026-03-16 11:12:49,082 [trainer.py:184] => GPU Name: NVIDIA GeForce RTX 4090
2026-03-16 11:12:49,082 [trainer.py:185] => Driver: 580.126.09
2026-03-16 11:12:49,082 [trainer.py:188] => config: ./exps/deforest_dil.json
2026-03-16 11:12:49,082 [trainer.py:188] => order: 1
2026-03-16 11:12:49,082 [trainer.py:188] => device: [device(type='cuda', index=0)]
2026-03-16 11:12:49,082 [trainer.py:188] => prefix: CONEC_LoRA
2026-03-16 11:12:49,082 [trainer.py:188] => dataset: deforest_dil
2026-03-16 11:12:49,082 [trainer.py:188] => data_path: /home/rizal/rizal_projects/DeforestDIL/datasets/deforest_dil
2026-03-16 11:12:49,082 [trainer.py:188] => total_sessions: 5
2026-03-16 11:12:49,082 [trainer.py:188] => shuffle: False
2026-03-16 11:12:49,082 [trainer.py:188] => init_cls: 6
2026-03-16 11:12:49,082 [trainer.py:188] => increment: 6
2026-03-16 11:12:49,082 [trainer.py:188] => model_name: conec_lora
2026-03-16 11:12:49,082 [trainer.py:188] => backbone_type: vit_base_patch16_224_conec_lora
2026-03-16 11:12:49,082 [trainer.py:188] => temporary_classifier_type: ClassifierType.Single_Stochastic_Classifier
2026-03-16 11:12:49,082 [trainer.py:188] => classifier_type: ClassifierType.Separate_Stochastic_Classifiers
2026-03-16 11:12:49,082 [trainer.py:188] => use_proxy_classifier: True
2026-03-16 11:12:49,082 [trainer.py:188] => cache_synthetic_embeddings: True
2026-03-16 11:12:49,082 [trainer.py:188] => max_iter_for_GMM: 150
2026-03-16 11:12:49,082 [trainer.py:188] => tol_for_GMM: 0.002
2026-03-16 11:12:49,082 [trainer.py:188] => max_number_of_embeddings_in_memory: 500000
2026-03-16 11:12:49,082 [trainer.py:188] => LoRA_downsize_dimension: 8
2026-03-16 11:12:49,082 [trainer.py:188] => generation_strategy: GenerationStrategy.GMM_with_generator_loss
2026-03-16 11:12:49,082 [trainer.py:188] => n_components: 2
2026-03-16 11:12:49,082 [trainer.py:188] => use_CLS_token_for_domain_classification: False
2026-03-16 11:12:49,082 [trainer.py:188] => normalize_features_for_domain_classification: False
2026-03-16 11:12:49,082 [trainer.py:188] => chosen_layers_for_intermediate_domain_classifiers: ['0', '1', '2', '3', '4', '5', '6', '7', '8', '9', '10', '11']
2026-03-16 11:12:49,082 [trainer.py:188] => confidence_threshold: 0.9
2026-03-16 11:12:49,082 [trainer.py:188] => freeze_B_matrices_in_shared_LoRAs: True
2026-03-16 11:12:49,082 [trainer.py:188] => epochs: 25
2026-03-16 11:12:49,082 [trainer.py:188] => epochs_domain_classifier_training: 25
2026-03-16 11:12:49,082 [trainer.py:188] => use_transformation_module: True
2026-03-16 11:12:49,082 [trainer.py:188] => lr_default: 0.02
2026-03-16 11:12:49,082 [trainer.py:188] => lr_LoRAs: 0.02
2026-03-16 11:12:49,082 [trainer.py:188] => lr_classifier: 0.02
2026-03-16 11:12:49,082 [trainer.py:188] => lr_temporary_classifier: 0.02
2026-03-16 11:12:49,082 [trainer.py:188] => lr_Auxiliary_network: 0.02
2026-03-16 11:12:49,082 [trainer.py:188] => lr_domain_classifiers: 0.002
2026-03-16 11:12:49,083 [trainer.py:188] => lr_transformation_module: 0.0001
2026-03-16 11:12:49,083 [trainer.py:188] => weight_decay: 0.0002
2026-03-16 11:12:49,083 [trainer.py:188] => weight_decay_classifiers: 2e-05
2026-03-16 11:12:49,083 [trainer.py:188] => weight_decay_domain_classifiers: 0.0002
2026-03-16 11:12:49,083 [trainer.py:188] => weight_decay_transformation_module: 0.0002
2026-03-16 11:12:49,083 [trainer.py:188] => bias_domain_classifier: False
2026-03-16 11:12:49,083 [trainer.py:188] => min_lr: 0
2026-03-16 11:12:49,083 [trainer.py:188] => optimizer: sgd
2026-03-16 11:12:49,083 [trainer.py:188] => scheduler: cosine
2026-03-16 11:12:49,083 [trainer.py:188] => lambda_1: 5.0
2026-03-16 11:12:49,083 [trainer.py:188] => lambda_2: 2.0
2026-03-16 11:12:49,083 [trainer.py:188] => margin: 1.0
2026-03-16 11:12:49,083 [trainer.py:188] => kd_temperature: 2.0
2026-03-16 11:12:49,083 [trainer.py:188] => LoRA_qkv_mask: [1, 0, 1]
2026-03-16 11:12:49,083 [trainer.py:188] => LoRA_shared_layers_ids_list: ['0', '1', '2', '3', '4', '5']
2026-03-16 11:12:49,083 [trainer.py:188] => LoRA_domain_specfic_layers_ids_list: ['6', '7', '8', '9', '10', '11']
2026-03-16 11:12:49,083 [trainer.py:188] => use_block_weight: False
2026-03-16 11:12:49,083 [trainer.py:188] => use_reweight: False
2026-03-16 11:12:49,083 [trainer.py:188] => embd_dim: 768
2026-03-16 11:12:49,083 [trainer.py:188] => seed: 0
2026-03-16 11:12:49,083 [trainer.py:188] => epsilon: 1e-08
2026-03-16 11:12:49,083 [trainer.py:188] => init_milestones: [20, 30, 40]
2026-03-16 11:12:49,083 [trainer.py:188] => lr_default_decay: 0.1
2026-03-16 11:12:49,083 [trainer.py:188] => milestones: [20, 30]
2026-03-16 11:12:49,083 [trainer.py:188] => batch_size: 64
2026-03-16 11:12:49,083 [trainer.py:188] => num_workers: 8
2026-03-16 11:12:49,083 [trainer.py:188] => save_model_after_each_task: True
2026-03-16 11:12:49,083 [trainer.py:188] => debugging: False
2026-03-16 11:12:49,083 [trainer.py:188] => logdir: logs
2026-03-16 11:12:49,083 [trainer.py:188] => save_last_model: False
2026-03-16 11:12:49,083 [trainer.py:188] => load_path: 
2026-03-16 11:12:49,083 [trainer.py:188] => temperature_stochastic_classifier: 16.0
2026-03-16 11:12:49,083 [trainer.py:188] => UMAP: False
2026-03-16 11:12:49,083 [trainer.py:189] => ----------------------------------------------------------------------------------------------------
2026-03-16 11:12:49,143 [data_manager.py:166] => [0, 1, 2, 3, 4, 5, 6, 7, 8, 9, 10, 11, 12, 13, 14, 15, 16, 17, 18, 19, 20, 21, 22, 23, 24, 25, 26, 27, 28, 29]
2026-03-16 11:12:50,029 [_builder.py:217] => Loading pretrained weights from Hugging Face hub (timm/vit_base_patch16_224.augreg2_in21k_ft_in1k)
2026-03-16 11:12:50,329 [_client.py:1025] => HTTP Request: HEAD https://huggingface.co/timm/vit_base_patch16_224.augreg2_in21k_ft_in1k/resolve/main/model.safetensors "HTTP/1.1 302 Found"
2026-03-16 11:12:50,334 [_hub.py:232] => [timm/vit_base_patch16_224.augreg2_in21k_ft_in1k] Safe alternative available for 'pytorch_model.bin' (as 'model.safetensors'). Loading weights using safetensors.
2026-03-16 11:12:50,399 [conec_lora.py:109] => Learning on 0-6
2026-03-16 11:12:50,456 [our_utils.py:157] => Number of learnable parameters of LoRAs regularized: 221184
2026-03-16 11:12:50,457 [our_utils.py:157] => Number of learnable parameters of proxy_fc regularized: 9216
2026-03-16 11:12:50,457 [our_utils.py:159] => Total number of learnable parameters: 230400
2026-03-16 11:12:50,457 [conec_lora.py:161] => Training the domain 0 ...
2026-03-16 11:13:28,042 [conec_lora.py:236] => Task 0, Epoch 1/25 => Loss 1.121, Train_accy 55.25
2026-03-16 11:14:05,729 [conec_lora.py:236] => Task 0, Epoch 2/25 => Loss 1.016, Train_accy 59.06
2026-03-16 11:14:43,527 [conec_lora.py:236] => Task 0, Epoch 3/25 => Loss 0.989, Train_accy 60.93
2026-03-16 11:15:21,312 [conec_lora.py:236] => Task 0, Epoch 4/25 => Loss 0.965, Train_accy 61.67
2026-03-16 11:15:59,139 [conec_lora.py:236] => Task 0, Epoch 5/25 => Loss 0.952, Train_accy 62.33
2026-03-16 11:16:36,958 [conec_lora.py:236] => Task 0, Epoch 6/25 => Loss 0.931, Train_accy 63.09
2026-03-16 11:17:14,799 [conec_lora.py:236] => Task 0, Epoch 7/25 => Loss 0.920, Train_accy 63.45
2026-03-16 11:17:52,672 [conec_lora.py:236] => Task 0, Epoch 8/25 => Loss 0.908, Train_accy 64.08
2026-03-16 11:18:30,538 [conec_lora.py:236] => Task 0, Epoch 9/25 => Loss 0.899, Train_accy 64.37
2026-03-16 11:19:08,415 [conec_lora.py:236] => Task 0, Epoch 10/25 => Loss 0.883, Train_accy 65.16
2026-03-16 11:19:46,270 [conec_lora.py:236] => Task 0, Epoch 11/25 => Loss 0.877, Train_accy 65.28
2026-03-16 11:20:24,133 [conec_lora.py:236] => Task 0, Epoch 12/25 => Loss 0.862, Train_accy 65.58
2026-03-16 11:21:02,010 [conec_lora.py:236] => Task 0, Epoch 13/25 => Loss 0.855, Train_accy 66.12
2026-03-16 11:21:39,838 [conec_lora.py:236] => Task 0, Epoch 14/25 => Loss 0.843, Train_accy 66.41
2026-03-16 11:22:17,667 [conec_lora.py:236] => Task 0, Epoch 15/25 => Loss 0.832, Train_accy 67.22
2026-03-16 11:22:55,522 [conec_lora.py:236] => Task 0, Epoch 16/25 => Loss 0.821, Train_accy 67.81
2026-03-16 11:23:33,400 [conec_lora.py:236] => Task 0, Epoch 17/25 => Loss 0.806, Train_accy 68.24
2026-03-16 11:24:11,238 [conec_lora.py:236] => Task 0, Epoch 18/25 => Loss 0.799, Train_accy 68.24
2026-03-16 11:24:49,098 [conec_lora.py:236] => Task 0, Epoch 19/25 => Loss 0.789, Train_accy 68.94
2026-03-16 11:25:26,970 [conec_lora.py:236] => Task 0, Epoch 20/25 => Loss 0.781, Train_accy 69.16
2026-03-16 11:26:04,780 [conec_lora.py:236] => Task 0, Epoch 21/25 => Loss 0.772, Train_accy 69.42
2026-03-16 11:26:42,633 [conec_lora.py:236] => Task 0, Epoch 22/25 => Loss 0.761, Train_accy 69.91
2026-03-16 11:27:20,507 [conec_lora.py:236] => Task 0, Epoch 23/25 => Loss 0.759, Train_accy 70.28
2026-03-16 11:27:58,365 [conec_lora.py:236] => Task 0, Epoch 24/25 => Loss 0.755, Train_accy 70.27
2026-03-16 11:28:36,203 [conec_lora.py:236] => Task 0, Epoch 25/25 => Loss 0.755, Train_accy 70.21
2026-03-16 11:28:36,203 [conec_lora.py:365] => Calculating the prototypes for the classifier ...
2026-03-16 11:28:36,203 [conec_lora.py:334] => Obtaining the embeddings for domain 0
2026-03-16 11:28:56,236 [conec_lora.py:423] => Training the domain classifier ...
2026-03-16 11:28:56,236 [conec_lora.py:408] => Finding the number of samples to be generated ...
2026-03-16 11:28:56,236 [conec_lora.py:414] =>     We use 0 old + 64 new samples for each batch
2026-03-16 11:28:56,309 [conec_lora.py:543] => ==> Computing the statistics ...
2026-03-16 11:28:56,309 [conec_lora.py:277] => Obtaining the embeddings for domain 0 ...
2026-03-16 11:29:14,075 [conec_lora.py:556] =>     Statistics are ready for task: 0
2026-03-16 11:29:14,075 [conec_lora.py:560] => ==> Compression ...
2026-03-16 11:33:01,472 [conec_lora.py:572] => ==> Compression is done!
2026-03-16 11:33:19,870 [conec_lora.py:533] => Domain classifier training: Task 0, Epoch [1/25] lr 0.00199 Loss 0.0909, Train_acc 99.20
2026-03-16 11:33:38,252 [conec_lora.py:533] => Domain classifier training: Task 0, Epoch [2/25] lr 0.00197 Loss 0.0074, Train_acc 100.00
2026-03-16 11:33:56,676 [conec_lora.py:533] => Domain classifier training: Task 0, Epoch [3/25] lr 0.00193 Loss 0.0048, Train_acc 100.00
2026-03-16 11:34:15,177 [conec_lora.py:533] => Domain classifier training: Task 0, Epoch [4/25] lr 0.00188 Loss 0.0036, Train_acc 100.00
2026-03-16 11:34:33,670 [conec_lora.py:533] => Domain classifier training: Task 0, Epoch [5/25] lr 0.00181 Loss 0.0029, Train_acc 100.00
2026-03-16 11:34:52,153 [conec_lora.py:533] => Domain classifier training: Task 0, Epoch [6/25] lr 0.00173 Loss 0.0025, Train_acc 100.00
2026-03-16 11:35:10,688 [conec_lora.py:533] => Domain classifier training: Task 0, Epoch [7/25] lr 0.00164 Loss 0.0022, Train_acc 100.00
2026-03-16 11:35:29,196 [conec_lora.py:533] => Domain classifier training: Task 0, Epoch [8/25] lr 0.00154 Loss 0.0020, Train_acc 100.00
2026-03-16 11:35:47,736 [conec_lora.py:533] => Domain classifier training: Task 0, Epoch [9/25] lr 0.00143 Loss 0.0018, Train_acc 100.00
2026-03-16 11:36:06,249 [conec_lora.py:533] => Domain classifier training: Task 0, Epoch [10/25] lr 0.00131 Loss 0.0017, Train_acc 100.00
2026-03-16 11:36:24,815 [conec_lora.py:533] => Domain classifier training: Task 0, Epoch [11/25] lr 0.00119 Loss 0.0015, Train_acc 100.00
2026-03-16 11:36:43,360 [conec_lora.py:533] => Domain classifier training: Task 0, Epoch [12/25] lr 0.00106 Loss 0.0015, Train_acc 100.00
2026-03-16 11:37:01,860 [conec_lora.py:533] => Domain classifier training: Task 0, Epoch [13/25] lr 0.00094 Loss 0.0014, Train_acc 100.00
2026-03-16 11:37:20,376 [conec_lora.py:533] => Domain classifier training: Task 0, Epoch [14/25] lr 0.00081 Loss 0.0013, Train_acc 100.00
2026-03-16 11:37:38,896 [conec_lora.py:533] => Domain classifier training: Task 0, Epoch [15/25] lr 0.00069 Loss 0.0013, Train_acc 100.00
2026-03-16 11:37:57,401 [conec_lora.py:533] => Domain classifier training: Task 0, Epoch [16/25] lr 0.00057 Loss 0.0013, Train_acc 100.00
2026-03-16 11:38:15,911 [conec_lora.py:533] => Domain classifier training: Task 0, Epoch [17/25] lr 0.00046 Loss 0.0012, Train_acc 100.00
2026-03-16 11:38:34,454 [conec_lora.py:533] => Domain classifier training: Task 0, Epoch [18/25] lr 0.00036 Loss 0.0012, Train_acc 100.00
2026-03-16 11:38:52,960 [conec_lora.py:533] => Domain classifier training: Task 0, Epoch [19/25] lr 0.00027 Loss 0.0012, Train_acc 100.00
2026-03-16 11:39:11,489 [conec_lora.py:533] => Domain classifier training: Task 0, Epoch [20/25] lr 0.00019 Loss 0.0012, Train_acc 100.00
2026-03-16 11:39:30,023 [conec_lora.py:533] => Domain classifier training: Task 0, Epoch [21/25] lr 0.00012 Loss 0.0012, Train_acc 100.00
2026-03-16 11:39:48,556 [conec_lora.py:533] => Domain classifier training: Task 0, Epoch [22/25] lr 0.00007 Loss 0.0012, Train_acc 100.00
2026-03-16 11:40:07,126 [conec_lora.py:533] => Domain classifier training: Task 0, Epoch [23/25] lr 0.00003 Loss 0.0012, Train_acc 100.00
2026-03-16 11:40:25,634 [conec_lora.py:533] => Domain classifier training: Task 0, Epoch [24/25] lr 0.00001 Loss 0.0012, Train_acc 100.00
2026-03-16 11:40:44,194 [conec_lora.py:533] => Domain classifier training: Task 0, Epoch [25/25] lr 0.00000 Loss 0.0012, Train_acc 100.00
2026-03-16 11:40:44,375 [conec_lora.py:699] => Evaluating on the test set ...
2026-03-16 11:40:54,186 [trainer.py:102] => CNN (w/o oracle): {'total': 51.15, '0': 51.15, '0_many': 51.14, '0_medium': 54.55, '0_few': -1.0, '00-01': 41.91, '02-03': 75.9, '04-05': 48.51, 'old': 0.0, 'new': 51.15, 'many_shot': np.float64(51.14), 'medium_shot': np.float64(54.55)}
2026-03-16 11:40:54,186 [trainer.py:107] => Accuracies (w/o oracle) for order 1: [51.15] -> Avg.: 51.15
2026-03-16 11:40:54,186 [trainer.py:110] => CNN (with oracle): {'total': 51.13, '0': 51.13, '0_many': 51.11, '0_medium': 54.55, '0_few': -1.0, '00-01': 42.17, '02-03': 76.07, '04-05': 48.21, 'old': 0.0, 'new': 51.13, 'many_shot': np.float64(51.11), 'medium_shot': np.float64(54.55)}
2026-03-16 11:40:54,186 [trainer.py:115] => Accuracies (with oracle) for order 1: [51.13] -> Avg.: 51.13
2026-03-16 11:40:54,186 [trainer.py:119] => Domain classification accuracies (after each domain) for order 1:  [100.00] -> Avg.: 100.00
2026-03-16 11:40:54,348 [trainer.py:141] => The parameters are saved after task: 0!
2026-03-16 11:40:54,349 [conec_lora.py:109] => Learning on 6-12
2026-03-16 11:40:54,381 [our_utils.py:157] => Number of learnable parameters of LoRAs regularized: 221184
2026-03-16 11:40:54,381 [our_utils.py:157] => Number of learnable parameters of proxy_fc regularized: 9216
2026-03-16 11:40:54,381 [our_utils.py:159] => Total number of learnable parameters: 230400
2026-03-16 11:40:54,381 [conec_lora.py:161] => Training the domain 1 ...
2026-03-16 11:41:12,994 [conec_lora.py:236] => Task 1, Epoch 1/25 => Loss 1.081, Train_accy 60.53
2026-03-16 11:41:31,532 [conec_lora.py:236] => Task 1, Epoch 2/25 => Loss 0.927, Train_accy 64.42
2026-03-16 11:41:50,096 [conec_lora.py:236] => Task 1, Epoch 3/25 => Loss 0.900, Train_accy 65.96
2026-03-16 11:42:08,654 [conec_lora.py:236] => Task 1, Epoch 4/25 => Loss 0.848, Train_accy 67.80
2026-03-16 11:42:27,221 [conec_lora.py:236] => Task 1, Epoch 5/25 => Loss 0.834, Train_accy 68.72
2026-03-16 11:42:45,810 [conec_lora.py:236] => Task 1, Epoch 6/25 => Loss 0.793, Train_accy 70.13
2026-03-16 11:43:04,384 [conec_lora.py:236] => Task 1, Epoch 7/25 => Loss 0.782, Train_accy 70.90
2026-03-16 11:43:22,976 [conec_lora.py:236] => Task 1, Epoch 8/25 => Loss 0.753, Train_accy 72.05
2026-03-16 11:43:41,536 [conec_lora.py:236] => Task 1, Epoch 9/25 => Loss 0.728, Train_accy 74.15
2026-03-16 11:44:00,095 [conec_lora.py:236] => Task 1, Epoch 10/25 => Loss 0.698, Train_accy 74.15
2026-03-16 11:44:18,652 [conec_lora.py:236] => Task 1, Epoch 11/25 => Loss 0.677, Train_accy 75.15
2026-03-16 11:44:37,220 [conec_lora.py:236] => Task 1, Epoch 12/25 => Loss 0.645, Train_accy 76.66
2026-03-16 11:44:55,812 [conec_lora.py:236] => Task 1, Epoch 13/25 => Loss 0.618, Train_accy 78.28
2026-03-16 11:45:14,368 [conec_lora.py:236] => Task 1, Epoch 14/25 => Loss 0.597, Train_accy 78.94
2026-03-16 11:45:32,932 [conec_lora.py:236] => Task 1, Epoch 15/25 => Loss 0.577, Train_accy 79.66
2026-03-16 11:45:51,496 [conec_lora.py:236] => Task 1, Epoch 16/25 => Loss 0.544, Train_accy 80.64
2026-03-16 11:46:10,071 [conec_lora.py:236] => Task 1, Epoch 17/25 => Loss 0.525, Train_accy 82.04
2026-03-16 11:46:28,626 [conec_lora.py:236] => Task 1, Epoch 18/25 => Loss 0.512, Train_accy 82.94
2026-03-16 11:46:47,203 [conec_lora.py:236] => Task 1, Epoch 19/25 => Loss 0.487, Train_accy 83.84
2026-03-16 11:47:05,764 [conec_lora.py:236] => Task 1, Epoch 20/25 => Loss 0.469, Train_accy 84.12
2026-03-16 11:47:24,350 [conec_lora.py:236] => Task 1, Epoch 21/25 => Loss 0.449, Train_accy 85.14
2026-03-16 11:47:42,916 [conec_lora.py:236] => Task 1, Epoch 22/25 => Loss 0.437, Train_accy 85.73
2026-03-16 11:48:01,478 [conec_lora.py:236] => Task 1, Epoch 23/25 => Loss 0.429, Train_accy 86.19
2026-03-16 11:48:20,052 [conec_lora.py:236] => Task 1, Epoch 24/25 => Loss 0.422, Train_accy 86.76
2026-03-16 11:48:38,615 [conec_lora.py:236] => Task 1, Epoch 25/25 => Loss 0.421, Train_accy 85.99
2026-03-16 11:48:38,616 [conec_lora.py:365] => Calculating the prototypes for the classifier ...
2026-03-16 11:48:38,616 [conec_lora.py:334] => Obtaining the embeddings for domain 1
2026-03-16 11:48:44,571 [conec_lora.py:423] => Training the domain classifier ...
2026-03-16 11:48:44,571 [conec_lora.py:408] => Finding the number of samples to be generated ...
2026-03-16 11:48:44,571 [conec_lora.py:414] =>     We use 32 old + 32 new samples for each batch
2026-03-16 11:48:44,660 [conec_lora.py:543] => ==> Computing the statistics ...
2026-03-16 11:48:44,660 [conec_lora.py:277] => Obtaining the embeddings for domain 1 ...
2026-03-16 11:48:50,015 [conec_lora.py:556] =>     Statistics are ready for task: 1
2026-03-16 11:48:50,016 [conec_lora.py:560] => ==> Compression ...
2026-03-16 11:49:25,497 [conec_lora.py:572] => ==> Compression is done!
2026-03-16 11:49:25,571 [conec_lora.py:576] => => Generating synthetic embeddings
2026-03-16 11:49:35,222 [conec_lora.py:533] => Domain classifier training: Task 1, Epoch [1/25] lr 0.00199 Loss 136.3358, Train_acc 54.56
2026-03-16 11:49:41,617 [conec_lora.py:533] => Domain classifier training: Task 1, Epoch [2/25] lr 0.00197 Loss 125.8519, Train_acc 59.43
2026-03-16 11:49:48,088 [conec_lora.py:533] => Domain classifier training: Task 1, Epoch [3/25] lr 0.00193 Loss 123.6650, Train_acc 64.21
2026-03-16 11:49:54,570 [conec_lora.py:533] => Domain classifier training: Task 1, Epoch [4/25] lr 0.00188 Loss 122.2738, Train_acc 65.85
2026-03-16 11:50:01,123 [conec_lora.py:533] => Domain classifier training: Task 1, Epoch [5/25] lr 0.00181 Loss 121.1597, Train_acc 66.81
2026-03-16 11:50:07,629 [conec_lora.py:533] => Domain classifier training: Task 1, Epoch [6/25] lr 0.00173 Loss 119.7683, Train_acc 69.05
2026-03-16 11:50:14,005 [conec_lora.py:533] => Domain classifier training: Task 1, Epoch [7/25] lr 0.00164 Loss 119.3224, Train_acc 69.15
2026-03-16 11:50:20,445 [conec_lora.py:533] => Domain classifier training: Task 1, Epoch [8/25] lr 0.00154 Loss 118.3599, Train_acc 70.69
2026-03-16 11:50:26,915 [conec_lora.py:533] => Domain classifier training: Task 1, Epoch [9/25] lr 0.00143 Loss 117.6256, Train_acc 70.51
2026-03-16 11:50:33,328 [conec_lora.py:533] => Domain classifier training: Task 1, Epoch [10/25] lr 0.00131 Loss 117.1332, Train_acc 71.95
2026-03-16 11:50:39,897 [conec_lora.py:533] => Domain classifier training: Task 1, Epoch [11/25] lr 0.00119 Loss 116.5790, Train_acc 71.85
2026-03-16 11:50:46,403 [conec_lora.py:533] => Domain classifier training: Task 1, Epoch [12/25] lr 0.00106 Loss 116.4464, Train_acc 72.08
2026-03-16 11:50:52,883 [conec_lora.py:533] => Domain classifier training: Task 1, Epoch [13/25] lr 0.00094 Loss 115.8379, Train_acc 71.88
2026-03-16 11:50:59,361 [conec_lora.py:533] => Domain classifier training: Task 1, Epoch [14/25] lr 0.00081 Loss 115.6535, Train_acc 72.73
2026-03-16 11:51:05,926 [conec_lora.py:533] => Domain classifier training: Task 1, Epoch [15/25] lr 0.00069 Loss 115.1721, Train_acc 72.58
2026-03-16 11:51:12,426 [conec_lora.py:533] => Domain classifier training: Task 1, Epoch [16/25] lr 0.00057 Loss 114.9089, Train_acc 73.03
2026-03-16 11:51:18,839 [conec_lora.py:533] => Domain classifier training: Task 1, Epoch [17/25] lr 0.00046 Loss 114.7882, Train_acc 72.88
2026-03-16 11:51:25,309 [conec_lora.py:533] => Domain classifier training: Task 1, Epoch [18/25] lr 0.00036 Loss 114.4449, Train_acc 73.54
2026-03-16 11:51:31,946 [conec_lora.py:533] => Domain classifier training: Task 1, Epoch [19/25] lr 0.00027 Loss 114.3380, Train_acc 74.75
2026-03-16 11:51:38,395 [conec_lora.py:533] => Domain classifier training: Task 1, Epoch [20/25] lr 0.00019 Loss 114.0954, Train_acc 73.71
2026-03-16 11:51:44,881 [conec_lora.py:533] => Domain classifier training: Task 1, Epoch [21/25] lr 0.00012 Loss 114.1140, Train_acc 73.21
2026-03-16 11:51:51,398 [conec_lora.py:533] => Domain classifier training: Task 1, Epoch [22/25] lr 0.00007 Loss 114.2196, Train_acc 72.61
2026-03-16 11:51:57,883 [conec_lora.py:533] => Domain classifier training: Task 1, Epoch [23/25] lr 0.00003 Loss 113.8363, Train_acc 74.09
2026-03-16 11:52:04,482 [conec_lora.py:533] => Domain classifier training: Task 1, Epoch [24/25] lr 0.00001 Loss 113.9026, Train_acc 73.56
2026-03-16 11:52:11,036 [conec_lora.py:533] => Domain classifier training: Task 1, Epoch [25/25] lr 0.00000 Loss 113.9370, Train_acc 74.42
2026-03-16 11:52:11,204 [conec_lora.py:699] => Evaluating on the test set ...
2026-03-16 11:52:28,950 [trainer.py:102] => CNN (w/o oracle): {'total': 50.83, '0': 50.72, '0_many': 50.7, '0_medium': 54.55, '0_few': -1.0, '1': 51.21, '1_many': 51.21, '1_medium': -1.0, '1_few': -1.0, '00-01': 33.05, '02-03': 75.74, '04-05': 53.91, '06-07': 49.38, '08-09': 66.09, '10-11': 48.95, 'old': 50.72, 'new': 51.21, 'many_shot': np.float64(50.955), 'medium_shot': np.float64(54.55)}
2026-03-16 11:52:28,951 [trainer.py:107] => Accuracies (w/o oracle) for order 1: [51.15, 50.83] -> Avg.: 50.99
2026-03-16 11:52:28,951 [trainer.py:110] => CNN (with oracle): {'total': 51.53, '0': 51.15, '0_many': 51.14, '0_medium': 54.55, '0_few': -1.0, '1': 52.82, '1_many': 52.82, '1_medium': -1.0, '1_few': -1.0, '00-01': 41.82, '02-03': 76.07, '04-05': 48.51, '06-07': 48.28, '08-09': 70.43, '10-11': 56.54, 'old': 51.15, 'new': 52.82, 'many_shot': np.float64(51.980000000000004), 'medium_shot': np.float64(54.55)}
2026-03-16 11:52:28,951 [trainer.py:115] => Accuracies (with oracle) for order 1: [51.13, 51.53] -> Avg.: 51.33
2026-03-16 11:52:28,951 [trainer.py:119] => Domain classification accuracies (after each domain) for order 1:  [100.00, 68.55] -> Avg.: 84.27
2026-03-16 11:52:29,124 [trainer.py:141] => The parameters are saved after task: 1!
2026-03-16 11:52:29,125 [conec_lora.py:109] => Learning on 12-18
2026-03-16 11:52:29,147 [our_utils.py:157] => Number of learnable parameters of LoRAs regularized: 221184
2026-03-16 11:52:29,147 [our_utils.py:157] => Number of learnable parameters of proxy_fc regularized: 9216
2026-03-16 11:52:29,147 [our_utils.py:159] => Total number of learnable parameters: 230400
2026-03-16 11:52:29,147 [conec_lora.py:161] => Training the domain 2 ...
2026-03-16 11:53:05,977 [conec_lora.py:236] => Task 2, Epoch 1/25 => Loss 1.124, Train_accy 56.88
2026-03-16 11:53:42,788 [conec_lora.py:236] => Task 2, Epoch 2/25 => Loss 1.014, Train_accy 61.10
2026-03-16 11:54:19,619 [conec_lora.py:236] => Task 2, Epoch 3/25 => Loss 0.976, Train_accy 62.96
2026-03-16 11:54:56,454 [conec_lora.py:236] => Task 2, Epoch 4/25 => Loss 0.944, Train_accy 64.34
2026-03-16 11:55:33,284 [conec_lora.py:236] => Task 2, Epoch 5/25 => Loss 0.911, Train_accy 65.86
2026-03-16 11:56:10,103 [conec_lora.py:236] => Task 2, Epoch 6/25 => Loss 0.883, Train_accy 66.78
2026-03-16 11:56:46,950 [conec_lora.py:236] => Task 2, Epoch 7/25 => Loss 0.860, Train_accy 67.69
2026-03-16 11:57:23,777 [conec_lora.py:236] => Task 2, Epoch 8/25 => Loss 0.845, Train_accy 68.16
2026-03-16 11:58:00,616 [conec_lora.py:236] => Task 2, Epoch 9/25 => Loss 0.815, Train_accy 69.34
2026-03-16 11:58:37,426 [conec_lora.py:236] => Task 2, Epoch 10/25 => Loss 0.797, Train_accy 70.02
2026-03-16 11:59:14,240 [conec_lora.py:236] => Task 2, Epoch 11/25 => Loss 0.761, Train_accy 71.27
2026-03-16 11:59:51,061 [conec_lora.py:236] => Task 2, Epoch 12/25 => Loss 0.732, Train_accy 72.58
2026-03-16 12:00:27,863 [conec_lora.py:236] => Task 2, Epoch 13/25 => Loss 0.710, Train_accy 73.50
2026-03-16 12:01:04,684 [conec_lora.py:236] => Task 2, Epoch 14/25 => Loss 0.678, Train_accy 74.96
2026-03-16 12:01:41,493 [conec_lora.py:236] => Task 2, Epoch 15/25 => Loss 0.649, Train_accy 76.31
2026-03-16 12:02:18,287 [conec_lora.py:236] => Task 2, Epoch 16/25 => Loss 0.622, Train_accy 77.09
2026-03-16 12:02:55,104 [conec_lora.py:236] => Task 2, Epoch 17/25 => Loss 0.597, Train_accy 78.18
2026-03-16 12:03:31,903 [conec_lora.py:236] => Task 2, Epoch 18/25 => Loss 0.572, Train_accy 79.88
2026-03-16 12:04:08,706 [conec_lora.py:236] => Task 2, Epoch 19/25 => Loss 0.537, Train_accy 80.64
2026-03-16 12:04:45,506 [conec_lora.py:236] => Task 2, Epoch 20/25 => Loss 0.522, Train_accy 81.29
2026-03-16 12:05:22,301 [conec_lora.py:236] => Task 2, Epoch 21/25 => Loss 0.497, Train_accy 82.74
2026-03-16 12:05:59,112 [conec_lora.py:236] => Task 2, Epoch 22/25 => Loss 0.478, Train_accy 83.20
2026-03-16 12:06:35,900 [conec_lora.py:236] => Task 2, Epoch 23/25 => Loss 0.465, Train_accy 83.80
2026-03-16 12:07:12,680 [conec_lora.py:236] => Task 2, Epoch 24/25 => Loss 0.456, Train_accy 84.16
2026-03-16 12:07:49,463 [conec_lora.py:236] => Task 2, Epoch 25/25 => Loss 0.451, Train_accy 84.55
2026-03-16 12:07:49,463 [conec_lora.py:365] => Calculating the prototypes for the classifier ...
2026-03-16 12:07:49,464 [conec_lora.py:334] => Obtaining the embeddings for domain 2
2026-03-16 12:08:00,867 [conec_lora.py:423] => Training the domain classifier ...
2026-03-16 12:08:00,867 [conec_lora.py:408] => Finding the number of samples to be generated ...
2026-03-16 12:08:00,867 [conec_lora.py:414] =>     We use 43 old + 21 new samples for each batch
2026-03-16 12:08:00,941 [conec_lora.py:543] => ==> Computing the statistics ...
2026-03-16 12:08:00,941 [conec_lora.py:277] => Obtaining the embeddings for domain 2 ...
2026-03-16 12:08:11,313 [conec_lora.py:556] =>     Statistics are ready for task: 2
2026-03-16 12:08:11,313 [conec_lora.py:560] => ==> Compression ...
2026-03-16 12:09:29,306 [conec_lora.py:572] => ==> Compression is done!
2026-03-16 12:09:29,385 [conec_lora.py:576] => => Generating synthetic embeddings
2026-03-16 12:09:52,422 [conec_lora.py:533] => Domain classifier training: Task 2, Epoch [1/25] lr 0.00199 Loss 231.0269, Train_acc 51.08
2026-03-16 12:10:04,858 [conec_lora.py:533] => Domain classifier training: Task 2, Epoch [2/25] lr 0.00197 Loss 222.6545, Train_acc 57.82
2026-03-16 12:10:17,353 [conec_lora.py:533] => Domain classifier training: Task 2, Epoch [3/25] lr 0.00193 Loss 217.3347, Train_acc 59.31
2026-03-16 12:10:29,747 [conec_lora.py:533] => Domain classifier training: Task 2, Epoch [4/25] lr 0.00188 Loss 213.6841, Train_acc 59.97
2026-03-16 12:10:42,178 [conec_lora.py:533] => Domain classifier training: Task 2, Epoch [5/25] lr 0.00181 Loss 210.5894, Train_acc 61.85
2026-03-16 12:10:55,415 [conec_lora.py:533] => Domain classifier training: Task 2, Epoch [6/25] lr 0.00173 Loss 207.7890, Train_acc 62.46
2026-03-16 12:11:08,116 [conec_lora.py:533] => Domain classifier training: Task 2, Epoch [7/25] lr 0.00164 Loss 204.6044, Train_acc 64.14
2026-03-16 12:11:20,809 [conec_lora.py:533] => Domain classifier training: Task 2, Epoch [8/25] lr 0.00154 Loss 202.5557, Train_acc 65.36
2026-03-16 12:11:33,238 [conec_lora.py:533] => Domain classifier training: Task 2, Epoch [9/25] lr 0.00143 Loss 199.9509, Train_acc 66.01
2026-03-16 12:11:45,844 [conec_lora.py:533] => Domain classifier training: Task 2, Epoch [10/25] lr 0.00131 Loss 197.3899, Train_acc 66.45
2026-03-16 12:11:58,285 [conec_lora.py:533] => Domain classifier training: Task 2, Epoch [11/25] lr 0.00119 Loss 193.9255, Train_acc 66.17
2026-03-16 12:12:11,340 [conec_lora.py:533] => Domain classifier training: Task 2, Epoch [12/25] lr 0.00106 Loss 189.7136, Train_acc 67.53
2026-03-16 12:12:24,393 [conec_lora.py:533] => Domain classifier training: Task 2, Epoch [13/25] lr 0.00094 Loss 186.4469, Train_acc 67.85
2026-03-16 12:12:36,977 [conec_lora.py:533] => Domain classifier training: Task 2, Epoch [14/25] lr 0.00081 Loss 183.3855, Train_acc 67.87
2026-03-16 12:12:49,569 [conec_lora.py:533] => Domain classifier training: Task 2, Epoch [15/25] lr 0.00069 Loss 180.1704, Train_acc 70.51
2026-03-16 12:13:02,185 [conec_lora.py:533] => Domain classifier training: Task 2, Epoch [16/25] lr 0.00057 Loss 178.5266, Train_acc 70.90
2026-03-16 12:13:14,760 [conec_lora.py:533] => Domain classifier training: Task 2, Epoch [17/25] lr 0.00046 Loss 177.9041, Train_acc 71.32
2026-03-16 12:13:27,296 [conec_lora.py:533] => Domain classifier training: Task 2, Epoch [18/25] lr 0.00036 Loss 176.6125, Train_acc 72.29
2026-03-16 12:13:39,889 [conec_lora.py:533] => Domain classifier training: Task 2, Epoch [19/25] lr 0.00027 Loss 175.7335, Train_acc 72.04
2026-03-16 12:13:52,450 [conec_lora.py:533] => Domain classifier training: Task 2, Epoch [20/25] lr 0.00019 Loss 174.5928, Train_acc 73.06
2026-03-16 12:14:05,098 [conec_lora.py:533] => Domain classifier training: Task 2, Epoch [21/25] lr 0.00012 Loss 173.5218, Train_acc 74.06
2026-03-16 12:14:17,656 [conec_lora.py:533] => Domain classifier training: Task 2, Epoch [22/25] lr 0.00007 Loss 173.6369, Train_acc 72.59
2026-03-16 12:14:30,259 [conec_lora.py:533] => Domain classifier training: Task 2, Epoch [23/25] lr 0.00003 Loss 173.3236, Train_acc 74.28
2026-03-16 12:14:42,764 [conec_lora.py:533] => Domain classifier training: Task 2, Epoch [24/25] lr 0.00001 Loss 173.4593, Train_acc 73.27
2026-03-16 12:14:55,360 [conec_lora.py:533] => Domain classifier training: Task 2, Epoch [25/25] lr 0.00000 Loss 173.1922, Train_acc 73.65
2026-03-16 12:14:55,545 [conec_lora.py:699] => Evaluating on the test set ...
2026-03-16 12:15:21,188 [trainer.py:102] => CNN (w/o oracle): {'total': 51.63, '0': 49.52, '0_many': 49.59, '0_medium': 27.27, '0_few': -1.0, '1': 51.51, '1_many': 51.51, '1_medium': -1.0, '1_few': -1.0, '2': 55.4, '2_many': 55.6, '2_medium': 0.0, '2_few': -1.0, '00-01': 37.01, '02-03': 75.25, '04-05': 48.82, '06-07': 49.69, '08-09': 68.7, '10-11': 48.1, '12-13': 49.14, '14-15': 51.52, '16-17': 62.33, 'old': 49.97, 'new': 55.4, 'many_shot': np.float64(52.23333333333333), 'medium_shot': np.float64(13.635)}
2026-03-16 12:15:21,188 [trainer.py:107] => Accuracies (w/o oracle) for order 1: [51.15, 50.83, 51.63] -> Avg.: 51.20
2026-03-16 12:15:21,188 [trainer.py:110] => CNN (with oracle): {'total': 53.34, '0': 51.24, '0_many': 51.23, '0_medium': 54.55, '0_few': -1.0, '1': 52.72, '1_many': 52.72, '1_medium': -1.0, '1_few': -1.0, '2': 57.34, '2_many': 57.55, '2_medium': 0.0, '2_few': -1.0, '00-01': 42.08, '02-03': 75.9, '04-05': 48.57, '06-07': 48.12, '08-09': 69.57, '10-11': 56.96, '12-13': 53.76, '14-15': 50.61, '16-17': 63.02, 'old': 51.57, 'new': 57.34, 'many_shot': np.float64(53.833333333333336), 'medium_shot': np.float64(27.275)}
2026-03-16 12:15:21,188 [trainer.py:115] => Accuracies (with oracle) for order 1: [51.13, 51.53, 53.34] -> Avg.: 52.00
2026-03-16 12:15:21,188 [trainer.py:119] => Domain classification accuracies (after each domain) for order 1:  [100.00, 68.55, 62.81] -> Avg.: 77.12
2026-03-16 12:15:21,473 [trainer.py:141] => The parameters are saved after task: 2!
2026-03-16 12:15:21,473 [conec_lora.py:109] => Learning on 18-24
2026-03-16 12:15:21,498 [our_utils.py:157] => Number of learnable parameters of LoRAs regularized: 221184
2026-03-16 12:15:21,498 [our_utils.py:157] => Number of learnable parameters of proxy_fc regularized: 9216
2026-03-16 12:15:21,498 [our_utils.py:159] => Total number of learnable parameters: 230400
2026-03-16 12:15:21,498 [conec_lora.py:161] => Training the domain 3 ...
2026-03-16 12:15:50,421 [conec_lora.py:236] => Task 3, Epoch 1/25 => Loss 0.949, Train_accy 65.87
2026-03-16 12:16:19,445 [conec_lora.py:236] => Task 3, Epoch 2/25 => Loss 0.843, Train_accy 69.18
2026-03-16 12:16:48,464 [conec_lora.py:236] => Task 3, Epoch 3/25 => Loss 0.810, Train_accy 70.51
2026-03-16 12:17:17,427 [conec_lora.py:236] => Task 3, Epoch 4/25 => Loss 0.785, Train_accy 71.05
2026-03-16 12:17:46,359 [conec_lora.py:236] => Task 3, Epoch 5/25 => Loss 0.748, Train_accy 72.40
2026-03-16 12:18:15,284 [conec_lora.py:236] => Task 3, Epoch 6/25 => Loss 0.728, Train_accy 73.08
2026-03-16 12:18:44,254 [conec_lora.py:236] => Task 3, Epoch 7/25 => Loss 0.703, Train_accy 74.21
2026-03-16 12:19:13,179 [conec_lora.py:236] => Task 3, Epoch 8/25 => Loss 0.680, Train_accy 75.12
2026-03-16 12:19:42,061 [conec_lora.py:236] => Task 3, Epoch 9/25 => Loss 0.655, Train_accy 75.44
2026-03-16 12:20:10,977 [conec_lora.py:236] => Task 3, Epoch 10/25 => Loss 0.627, Train_accy 76.76
2026-03-16 12:20:39,862 [conec_lora.py:236] => Task 3, Epoch 11/25 => Loss 0.588, Train_accy 78.29
2026-03-16 12:21:08,761 [conec_lora.py:236] => Task 3, Epoch 12/25 => Loss 0.562, Train_accy 79.49
2026-03-16 12:21:37,658 [conec_lora.py:236] => Task 3, Epoch 13/25 => Loss 0.529, Train_accy 80.23
2026-03-16 12:22:06,593 [conec_lora.py:236] => Task 3, Epoch 14/25 => Loss 0.502, Train_accy 81.45
2026-03-16 12:22:35,476 [conec_lora.py:236] => Task 3, Epoch 15/25 => Loss 0.484, Train_accy 82.25
2026-03-16 12:23:04,404 [conec_lora.py:236] => Task 3, Epoch 16/25 => Loss 0.445, Train_accy 83.60
2026-03-16 12:23:33,284 [conec_lora.py:236] => Task 3, Epoch 17/25 => Loss 0.422, Train_accy 84.64
2026-03-16 12:24:02,202 [conec_lora.py:236] => Task 3, Epoch 18/25 => Loss 0.387, Train_accy 86.27
2026-03-16 12:24:31,073 [conec_lora.py:236] => Task 3, Epoch 19/25 => Loss 0.353, Train_accy 87.68
2026-03-16 12:24:59,951 [conec_lora.py:236] => Task 3, Epoch 20/25 => Loss 0.343, Train_accy 87.78
2026-03-16 12:25:28,889 [conec_lora.py:236] => Task 3, Epoch 21/25 => Loss 0.323, Train_accy 88.52
2026-03-16 12:25:57,767 [conec_lora.py:236] => Task 3, Epoch 22/25 => Loss 0.309, Train_accy 89.70
2026-03-16 12:26:26,622 [conec_lora.py:236] => Task 3, Epoch 23/25 => Loss 0.302, Train_accy 90.31
2026-03-16 12:26:55,477 [conec_lora.py:236] => Task 3, Epoch 24/25 => Loss 0.291, Train_accy 90.79
2026-03-16 12:27:24,356 [conec_lora.py:236] => Task 3, Epoch 25/25 => Loss 0.288, Train_accy 90.58
2026-03-16 12:27:24,361 [conec_lora.py:365] => Calculating the prototypes for the classifier ...
2026-03-16 12:27:24,361 [conec_lora.py:334] => Obtaining the embeddings for domain 3
2026-03-16 12:27:33,615 [conec_lora.py:423] => Training the domain classifier ...
2026-03-16 12:27:33,615 [conec_lora.py:408] => Finding the number of samples to be generated ...
2026-03-16 12:27:33,615 [conec_lora.py:414] =>     We use 48 old + 16 new samples for each batch
2026-03-16 12:27:33,688 [conec_lora.py:543] => ==> Computing the statistics ...
2026-03-16 12:27:33,689 [conec_lora.py:277] => Obtaining the embeddings for domain 3 ...
2026-03-16 12:27:41,992 [conec_lora.py:556] =>     Statistics are ready for task: 3
2026-03-16 12:27:41,993 [conec_lora.py:560] => ==> Compression ...
2026-03-16 12:29:16,125 [conec_lora.py:572] => ==> Compression is done!
2026-03-16 12:29:16,205 [conec_lora.py:576] => => Generating synthetic embeddings
2026-03-16 12:29:40,306 [conec_lora.py:533] => Domain classifier training: Task 3, Epoch [1/25] lr 0.00199 Loss 285.3325, Train_acc 51.04
2026-03-16 12:29:50,157 [conec_lora.py:533] => Domain classifier training: Task 3, Epoch [2/25] lr 0.00197 Loss 273.5457, Train_acc 54.77
2026-03-16 12:30:00,113 [conec_lora.py:533] => Domain classifier training: Task 3, Epoch [3/25] lr 0.00193 Loss 269.2223, Train_acc 57.65
2026-03-16 12:30:10,104 [conec_lora.py:533] => Domain classifier training: Task 3, Epoch [4/25] lr 0.00188 Loss 262.5773, Train_acc 60.06
2026-03-16 12:30:20,054 [conec_lora.py:533] => Domain classifier training: Task 3, Epoch [5/25] lr 0.00181 Loss 260.5305, Train_acc 60.07
2026-03-16 12:30:29,929 [conec_lora.py:533] => Domain classifier training: Task 3, Epoch [6/25] lr 0.00173 Loss 255.6424, Train_acc 62.84
2026-03-16 12:30:39,741 [conec_lora.py:533] => Domain classifier training: Task 3, Epoch [7/25] lr 0.00164 Loss 250.5028, Train_acc 63.56
2026-03-16 12:30:49,654 [conec_lora.py:533] => Domain classifier training: Task 3, Epoch [8/25] lr 0.00154 Loss 245.6171, Train_acc 67.15
2026-03-16 12:30:59,550 [conec_lora.py:533] => Domain classifier training: Task 3, Epoch [9/25] lr 0.00143 Loss 240.0272, Train_acc 66.46
2026-03-16 12:31:09,499 [conec_lora.py:533] => Domain classifier training: Task 3, Epoch [10/25] lr 0.00131 Loss 232.7531, Train_acc 66.10
2026-03-16 12:31:19,440 [conec_lora.py:533] => Domain classifier training: Task 3, Epoch [11/25] lr 0.00119 Loss 227.5366, Train_acc 70.44
2026-03-16 12:31:29,348 [conec_lora.py:533] => Domain classifier training: Task 3, Epoch [12/25] lr 0.00106 Loss 226.1691, Train_acc 69.45
2026-03-16 12:31:39,323 [conec_lora.py:533] => Domain classifier training: Task 3, Epoch [13/25] lr 0.00094 Loss 221.7856, Train_acc 70.49
2026-03-16 12:31:49,269 [conec_lora.py:533] => Domain classifier training: Task 3, Epoch [14/25] lr 0.00081 Loss 219.0780, Train_acc 71.29
2026-03-16 12:31:59,179 [conec_lora.py:533] => Domain classifier training: Task 3, Epoch [15/25] lr 0.00069 Loss 217.2206, Train_acc 71.52
2026-03-16 12:32:09,168 [conec_lora.py:533] => Domain classifier training: Task 3, Epoch [16/25] lr 0.00057 Loss 214.5372, Train_acc 72.56
2026-03-16 12:32:19,132 [conec_lora.py:533] => Domain classifier training: Task 3, Epoch [17/25] lr 0.00046 Loss 213.5909, Train_acc 74.35
2026-03-16 12:32:29,035 [conec_lora.py:533] => Domain classifier training: Task 3, Epoch [18/25] lr 0.00036 Loss 211.0765, Train_acc 75.03
2026-03-16 12:32:38,915 [conec_lora.py:533] => Domain classifier training: Task 3, Epoch [19/25] lr 0.00027 Loss 209.7990, Train_acc 76.38
2026-03-16 12:32:48,828 [conec_lora.py:533] => Domain classifier training: Task 3, Epoch [20/25] lr 0.00019 Loss 209.2215, Train_acc 75.55
2026-03-16 12:32:58,818 [conec_lora.py:533] => Domain classifier training: Task 3, Epoch [21/25] lr 0.00012 Loss 208.7949, Train_acc 76.46
2026-03-16 12:33:08,746 [conec_lora.py:533] => Domain classifier training: Task 3, Epoch [22/25] lr 0.00007 Loss 207.9941, Train_acc 76.04
2026-03-16 12:33:18,801 [conec_lora.py:533] => Domain classifier training: Task 3, Epoch [23/25] lr 0.00003 Loss 207.0841, Train_acc 76.73
2026-03-16 12:33:28,770 [conec_lora.py:533] => Domain classifier training: Task 3, Epoch [24/25] lr 0.00001 Loss 206.9297, Train_acc 76.87
2026-03-16 12:33:38,750 [conec_lora.py:533] => Domain classifier training: Task 3, Epoch [25/25] lr 0.00000 Loss 206.9717, Train_acc 77.13
2026-03-16 12:33:38,934 [conec_lora.py:699] => Evaluating on the test set ...
2026-03-16 12:34:11,027 [trainer.py:102] => CNN (w/o oracle): {'total': 51.82, '0': 48.44, '0_many': 48.53, '0_medium': 18.18, '0_few': -1.0, '1': 49.9, '1_many': 49.9, '1_medium': -1.0, '1_few': -1.0, '2': 55.09, '2_many': 55.29, '2_medium': 0.0, '2_few': -1.0, '3': 56.47, '3_many': 56.47, '3_medium': -1.0, '3_few': -1.0, '00-01': 36.92, '02-03': 74.26, '04-05': 47.0, '06-07': 51.72, '08-09': 69.57, '10-11': 35.44, '12-13': 49.41, '14-15': 51.52, '16-17': 61.41, '18-19': 59.5, '20-21': 40.38, '22-23': 35.45, 'old': 50.71, 'new': 56.47, 'many_shot': np.float64(52.5475), 'medium_shot': np.float64(9.09)}
2026-03-16 12:34:11,027 [trainer.py:107] => Accuracies (w/o oracle) for order 1: [51.15, 50.83, 51.63, 51.82] -> Avg.: 51.36
2026-03-16 12:34:11,027 [trainer.py:110] => CNN (with oracle): {'total': 54.1, '0': 51.21, '0_many': 51.2, '0_medium': 54.55, '0_few': -1.0, '1': 52.62, '1_many': 52.62, '1_medium': -1.0, '1_few': -1.0, '2': 57.39, '2_many': 57.6, '2_medium': 0.0, '2_few': -1.0, '3': 57.32, '3_many': 57.32, '3_medium': -1.0, '3_few': -1.0, '00-01': 42.08, '02-03': 75.9, '04-05': 48.51, '06-07': 48.12, '08-09': 69.57, '10-11': 56.54, '12-13': 53.63, '14-15': 50.91, '16-17': 63.13, '18-19': 59.42, '20-21': 44.23, '22-23': 44.55, 'old': 53.33, 'new': 57.32, 'many_shot': np.float64(54.684999999999995), 'medium_shot': np.float64(27.275)}
2026-03-16 12:34:11,027 [trainer.py:115] => Accuracies (with oracle) for order 1: [51.13, 51.53, 53.34, 54.10] -> Avg.: 52.52
2026-03-16 12:34:11,027 [trainer.py:119] => Domain classification accuracies (after each domain) for order 1:  [100.00, 68.55, 62.81, 60.94] -> Avg.: 73.08
2026-03-16 12:34:11,280 [trainer.py:141] => The parameters are saved after task: 3!
2026-03-16 12:34:11,280 [conec_lora.py:109] => Learning on 24-30
2026-03-16 12:34:11,312 [our_utils.py:157] => Number of learnable parameters of LoRAs regularized: 221184
2026-03-16 12:34:11,313 [our_utils.py:157] => Number of learnable parameters of proxy_fc regularized: 9216
2026-03-16 12:34:11,313 [our_utils.py:159] => Total number of learnable parameters: 230400
2026-03-16 12:34:11,313 [conec_lora.py:161] => Training the domain 4 ...
2026-03-16 12:34:58,619 [conec_lora.py:236] => Task 4, Epoch 1/25 => Loss 1.187, Train_accy 56.28
2026-03-16 12:35:45,903 [conec_lora.py:236] => Task 4, Epoch 2/25 => Loss 1.063, Train_accy 61.04
2026-03-16 12:36:33,177 [conec_lora.py:236] => Task 4, Epoch 3/25 => Loss 1.041, Train_accy 61.48
2026-03-16 12:37:20,448 [conec_lora.py:236] => Task 4, Epoch 4/25 => Loss 1.012, Train_accy 62.40
2026-03-16 12:38:07,730 [conec_lora.py:236] => Task 4, Epoch 5/25 => Loss 0.982, Train_accy 63.84
2026-03-16 12:38:54,972 [conec_lora.py:236] => Task 4, Epoch 6/25 => Loss 0.956, Train_accy 65.16
2026-03-16 12:39:42,221 [conec_lora.py:236] => Task 4, Epoch 7/25 => Loss 0.935, Train_accy 65.64
2026-03-16 12:40:29,491 [conec_lora.py:236] => Task 4, Epoch 8/25 => Loss 0.906, Train_accy 66.49
2026-03-16 12:41:16,781 [conec_lora.py:236] => Task 4, Epoch 9/25 => Loss 0.880, Train_accy 67.54
2026-03-16 12:42:04,056 [conec_lora.py:236] => Task 4, Epoch 10/25 => Loss 0.854, Train_accy 68.53
2026-03-16 12:42:51,371 [conec_lora.py:236] => Task 4, Epoch 11/25 => Loss 0.826, Train_accy 69.41
2026-03-16 12:43:38,627 [conec_lora.py:236] => Task 4, Epoch 12/25 => Loss 0.796, Train_accy 70.89
2026-03-16 12:44:25,896 [conec_lora.py:236] => Task 4, Epoch 13/25 => Loss 0.764, Train_accy 72.25
2026-03-16 12:45:13,173 [conec_lora.py:236] => Task 4, Epoch 14/25 => Loss 0.746, Train_accy 73.55
2026-03-16 12:46:00,449 [conec_lora.py:236] => Task 4, Epoch 15/25 => Loss 0.711, Train_accy 74.51
2026-03-16 12:46:47,752 [conec_lora.py:236] => Task 4, Epoch 16/25 => Loss 0.681, Train_accy 75.59
2026-03-16 12:47:35,052 [conec_lora.py:236] => Task 4, Epoch 17/25 => Loss 0.655, Train_accy 76.65
2026-03-16 12:48:22,354 [conec_lora.py:236] => Task 4, Epoch 18/25 => Loss 0.626, Train_accy 77.71
2026-03-16 12:49:09,651 [conec_lora.py:236] => Task 4, Epoch 19/25 => Loss 0.597, Train_accy 78.96
2026-03-16 12:49:56,944 [conec_lora.py:236] => Task 4, Epoch 20/25 => Loss 0.577, Train_accy 80.00
2026-03-16 12:50:44,242 [conec_lora.py:236] => Task 4, Epoch 21/25 => Loss 0.567, Train_accy 80.13
2026-03-16 12:51:31,535 [conec_lora.py:236] => Task 4, Epoch 22/25 => Loss 0.542, Train_accy 81.35
2026-03-16 12:52:18,809 [conec_lora.py:236] => Task 4, Epoch 23/25 => Loss 0.533, Train_accy 81.74
2026-03-16 12:53:06,063 [conec_lora.py:236] => Task 4, Epoch 24/25 => Loss 0.529, Train_accy 81.92
2026-03-16 12:53:53,298 [conec_lora.py:236] => Task 4, Epoch 25/25 => Loss 0.520, Train_accy 82.24
2026-03-16 12:53:53,300 [conec_lora.py:365] => Calculating the prototypes for the classifier ...
2026-03-16 12:53:53,300 [conec_lora.py:334] => Obtaining the embeddings for domain 4
2026-03-16 12:54:07,895 [conec_lora.py:423] => Training the domain classifier ...
2026-03-16 12:54:07,895 [conec_lora.py:408] => Finding the number of samples to be generated ...
2026-03-16 12:54:07,895 [conec_lora.py:414] =>     We use 52 old + 12 new samples for each batch
2026-03-16 12:54:07,969 [conec_lora.py:543] => ==> Computing the statistics ...
2026-03-16 12:54:07,969 [conec_lora.py:277] => Obtaining the embeddings for domain 4 ...
2026-03-16 12:54:21,118 [conec_lora.py:556] =>     Statistics are ready for task: 4
2026-03-16 12:54:21,225 [conec_lora.py:576] => => Generating synthetic embeddings
2026-03-16 12:55:02,253 [conec_lora.py:533] => Domain classifier training: Task 4, Epoch [1/25] lr 0.00199 Loss 315.4550, Train_acc 52.50
2026-03-16 12:55:18,507 [conec_lora.py:533] => Domain classifier training: Task 4, Epoch [2/25] lr 0.00197 Loss 296.5306, Train_acc 58.67
2026-03-16 12:55:34,714 [conec_lora.py:533] => Domain classifier training: Task 4, Epoch [3/25] lr 0.00193 Loss 282.4363, Train_acc 62.39
2026-03-16 12:55:50,925 [conec_lora.py:533] => Domain classifier training: Task 4, Epoch [4/25] lr 0.00188 Loss 274.7867, Train_acc 63.56
2026-03-16 12:56:07,368 [conec_lora.py:533] => Domain classifier training: Task 4, Epoch [5/25] lr 0.00181 Loss 262.8596, Train_acc 66.99
2026-03-16 12:56:23,573 [conec_lora.py:533] => Domain classifier training: Task 4, Epoch [6/25] lr 0.00173 Loss 255.6801, Train_acc 66.26
2026-03-16 12:56:39,875 [conec_lora.py:533] => Domain classifier training: Task 4, Epoch [7/25] lr 0.00164 Loss 252.0546, Train_acc 68.74
2026-03-16 12:56:56,113 [conec_lora.py:533] => Domain classifier training: Task 4, Epoch [8/25] lr 0.00154 Loss 244.6572, Train_acc 71.13
2026-03-16 12:57:12,377 [conec_lora.py:533] => Domain classifier training: Task 4, Epoch [9/25] lr 0.00143 Loss 241.7443, Train_acc 72.60
2026-03-16 12:57:28,609 [conec_lora.py:533] => Domain classifier training: Task 4, Epoch [10/25] lr 0.00131 Loss 238.3989, Train_acc 73.18
2026-03-16 12:57:45,007 [conec_lora.py:533] => Domain classifier training: Task 4, Epoch [11/25] lr 0.00119 Loss 234.0400, Train_acc 73.60
2026-03-16 12:58:01,229 [conec_lora.py:533] => Domain classifier training: Task 4, Epoch [12/25] lr 0.00106 Loss 231.3028, Train_acc 75.23
2026-03-16 12:58:17,515 [conec_lora.py:533] => Domain classifier training: Task 4, Epoch [13/25] lr 0.00094 Loss 229.7534, Train_acc 74.99
2026-03-16 12:58:33,806 [conec_lora.py:533] => Domain classifier training: Task 4, Epoch [14/25] lr 0.00081 Loss 225.2013, Train_acc 77.58
2026-03-16 12:58:50,210 [conec_lora.py:533] => Domain classifier training: Task 4, Epoch [15/25] lr 0.00069 Loss 222.9597, Train_acc 77.82
2026-03-16 12:59:06,506 [conec_lora.py:533] => Domain classifier training: Task 4, Epoch [16/25] lr 0.00057 Loss 222.0335, Train_acc 79.49
2026-03-16 12:59:22,788 [conec_lora.py:533] => Domain classifier training: Task 4, Epoch [17/25] lr 0.00046 Loss 219.6534, Train_acc 78.84
2026-03-16 12:59:39,076 [conec_lora.py:533] => Domain classifier training: Task 4, Epoch [18/25] lr 0.00036 Loss 216.7093, Train_acc 80.58
2026-03-16 12:59:55,422 [conec_lora.py:533] => Domain classifier training: Task 4, Epoch [19/25] lr 0.00027 Loss 215.4296, Train_acc 81.41
2026-03-16 13:00:11,563 [conec_lora.py:533] => Domain classifier training: Task 4, Epoch [20/25] lr 0.00019 Loss 214.4193, Train_acc 81.55
2026-03-16 13:00:27,767 [conec_lora.py:533] => Domain classifier training: Task 4, Epoch [21/25] lr 0.00012 Loss 213.4945, Train_acc 81.88
2026-03-16 13:00:44,060 [conec_lora.py:533] => Domain classifier training: Task 4, Epoch [22/25] lr 0.00007 Loss 212.6977, Train_acc 82.05
2026-03-16 13:01:00,355 [conec_lora.py:533] => Domain classifier training: Task 4, Epoch [23/25] lr 0.00003 Loss 211.0763, Train_acc 83.30
2026-03-16 13:01:16,712 [conec_lora.py:533] => Domain classifier training: Task 4, Epoch [24/25] lr 0.00001 Loss 211.7260, Train_acc 82.63
2026-03-16 13:01:32,980 [conec_lora.py:533] => Domain classifier training: Task 4, Epoch [25/25] lr 0.00000 Loss 211.6781, Train_acc 83.18
2026-03-16 13:01:33,205 [conec_lora.py:699] => Evaluating on the test set ...
2026-03-16 13:02:16,167 [trainer.py:102] => CNN (w/o oracle): {'total': 50.54, '0': 47.97, '0_many': 48.01, '0_medium': 36.36, '0_few': -1.0, '1': 50.3, '1_many': 50.3, '1_medium': -1.0, '1_few': -1.0, '2': 53.96, '2_many': 54.16, '2_medium': 0.0, '2_few': -1.0, '3': 55.75, '3_many': 55.75, '3_medium': -1.0, '3_few': -1.0, '4': 48.31, '4_many': 48.31, '4_medium': -1.0, '4_few': -1.0, '00-01': 36.49, '02-03': 76.07, '04-05': 45.66, '06-07': 51.56, '08-09': 70.43, '10-11': 37.13, '12-13': 46.76, '14-15': 50.61, '16-17': 61.52, '18-19': 58.28, '20-21': 39.42, '22-23': 40.91, '24-25': 47.93, '26-27': 50.58, '28-29': 48.25, 'old': 51.25, 'new': 48.31, 'many_shot': np.float64(51.306), 'medium_shot': np.float64(18.18)}
2026-03-16 13:02:16,167 [trainer.py:107] => Accuracies (w/o oracle) for order 1: [51.15, 50.83, 51.63, 51.82, 50.54] -> Avg.: 51.19
2026-03-16 13:02:16,167 [trainer.py:110] => CNN (with oracle): {'total': 53.62, '0': 51.21, '0_many': 51.2, '0_medium': 54.55, '0_few': -1.0, '1': 52.72, '1_many': 52.72, '1_medium': -1.0, '1_few': -1.0, '2': 57.44, '2_many': 57.65, '2_medium': 0.0, '2_few': -1.0, '3': 57.32, '3_many': 57.32, '3_medium': -1.0, '3_few': -1.0, '4': 52.01, '4_many': 52.01, '4_medium': -1.0, '4_few': -1.0, '00-01': 41.91, '02-03': 75.74, '04-05': 48.7, '06-07': 48.12, '08-09': 70.43, '10-11': 56.54, '12-13': 53.76, '14-15': 50.91, '16-17': 63.13, '18-19': 59.42, '20-21': 44.23, '22-23': 44.55, '24-25': 49.5, '26-27': 56.42, '28-29': 54.79, 'old': 54.13, 'new': 52.01, 'many_shot': np.float64(54.17999999999999), 'medium_shot': np.float64(27.275)}
2026-03-16 13:02:16,167 [trainer.py:115] => Accuracies (with oracle) for order 1: [51.13, 51.53, 53.34, 54.10, 53.62] -> Avg.: 52.74
2026-03-16 13:02:16,167 [trainer.py:119] => Domain classification accuracies (after each domain) for order 1:  [100.00, 68.55, 62.81, 60.94, 61.67] -> Avg.: 70.79
2026-03-16 13:02:16,461 [trainer.py:141] => The parameters are saved after task: 4!
2026-03-16 13:02:16,462 [trainer.py:127] => The process is finished!
