2026-03-14 10:52:13,597 [trainer.py:178] => ----------------------------------------------------------------------------------------------------
2026-03-14 10:52:13,615 [trainer.py:182] => Python version: 3.12.13
2026-03-14 10:52:13,615 [trainer.py:183] => PyTorch version: 2.10.0+cu130,TorchVision version: 0.25.0+cu130
2026-03-14 10:52:13,615 [trainer.py:184] => GPU Name: NVIDIA GeForce RTX 4090
2026-03-14 10:52:13,615 [trainer.py:185] => Driver: 580.126.09
2026-03-14 10:52:13,615 [trainer.py:188] => config: ./exps/deforest_dil.json
2026-03-14 10:52:13,615 [trainer.py:188] => order: 3
2026-03-14 10:52:13,615 [trainer.py:188] => device: [device(type='cuda', index=0)]
2026-03-14 10:52:13,615 [trainer.py:188] => prefix: CONEC_LoRA
2026-03-14 10:52:13,615 [trainer.py:188] => dataset: deforest_dil
2026-03-14 10:52:13,615 [trainer.py:188] => data_path: /home/rizal/rizal_projects/CONEC-LoRA/Datasets/DIL/deforest_dil
2026-03-14 10:52:13,615 [trainer.py:188] => total_sessions: 5
2026-03-14 10:52:13,615 [trainer.py:188] => shuffle: False
2026-03-14 10:52:13,615 [trainer.py:188] => init_cls: 6
2026-03-14 10:52:13,615 [trainer.py:188] => increment: 6
2026-03-14 10:52:13,615 [trainer.py:188] => model_name: conec_lora
2026-03-14 10:52:13,615 [trainer.py:188] => backbone_type: vit_base_patch16_224_conec_lora
2026-03-14 10:52:13,615 [trainer.py:188] => temporary_classifier_type: ClassifierType.Single_Stochastic_Classifier
2026-03-14 10:52:13,615 [trainer.py:188] => classifier_type: ClassifierType.Separate_Stochastic_Classifiers
2026-03-14 10:52:13,615 [trainer.py:188] => use_proxy_classifier: True
2026-03-14 10:52:13,615 [trainer.py:188] => cache_synthetic_embeddings: True
2026-03-14 10:52:13,615 [trainer.py:188] => max_iter_for_GMM: 150
2026-03-14 10:52:13,615 [trainer.py:188] => tol_for_GMM: 0.002
2026-03-14 10:52:13,615 [trainer.py:188] => max_number_of_embeddings_in_memory: 500000
2026-03-14 10:52:13,615 [trainer.py:188] => LoRA_downsize_dimension: 8
2026-03-14 10:52:13,615 [trainer.py:188] => generation_strategy: GenerationStrategy.GMM_with_generator_loss
2026-03-14 10:52:13,615 [trainer.py:188] => n_components: 2
2026-03-14 10:52:13,615 [trainer.py:188] => use_CLS_token_for_domain_classification: False
2026-03-14 10:52:13,615 [trainer.py:188] => normalize_features_for_domain_classification: False
2026-03-14 10:52:13,615 [trainer.py:188] => chosen_layers_for_intermediate_domain_classifiers: ['0', '1', '2', '3', '4', '5', '6', '7', '8', '9', '10', '11']
2026-03-14 10:52:13,615 [trainer.py:188] => confidence_threshold: 0.9
2026-03-14 10:52:13,615 [trainer.py:188] => freeze_B_matrices_in_shared_LoRAs: True
2026-03-14 10:52:13,615 [trainer.py:188] => epochs: 25
2026-03-14 10:52:13,615 [trainer.py:188] => epochs_domain_classifier_training: 25
2026-03-14 10:52:13,615 [trainer.py:188] => use_transformation_module: True
2026-03-14 10:52:13,615 [trainer.py:188] => lr_default: 0.02
2026-03-14 10:52:13,615 [trainer.py:188] => lr_LoRAs: 0.02
2026-03-14 10:52:13,615 [trainer.py:188] => lr_classifier: 0.02
2026-03-14 10:52:13,615 [trainer.py:188] => lr_temporary_classifier: 0.02
2026-03-14 10:52:13,615 [trainer.py:188] => lr_Auxiliary_network: 0.02
2026-03-14 10:52:13,615 [trainer.py:188] => lr_domain_classifiers: 0.002
2026-03-14 10:52:13,615 [trainer.py:188] => lr_transformation_module: 0.0001
2026-03-14 10:52:13,615 [trainer.py:188] => weight_decay: 0.0002
2026-03-14 10:52:13,615 [trainer.py:188] => weight_decay_classifiers: 2e-05
2026-03-14 10:52:13,615 [trainer.py:188] => weight_decay_domain_classifiers: 0.0002
2026-03-14 10:52:13,615 [trainer.py:188] => weight_decay_transformation_module: 0.0002
2026-03-14 10:52:13,615 [trainer.py:188] => bias_domain_classifier: False
2026-03-14 10:52:13,615 [trainer.py:188] => min_lr: 0
2026-03-14 10:52:13,615 [trainer.py:188] => optimizer: sgd
2026-03-14 10:52:13,615 [trainer.py:188] => scheduler: cosine
2026-03-14 10:52:13,615 [trainer.py:188] => lambda_1: 5.0
2026-03-14 10:52:13,615 [trainer.py:188] => lambda_2: 2.0
2026-03-14 10:52:13,615 [trainer.py:188] => margin: 1.0
2026-03-14 10:52:13,615 [trainer.py:188] => kd_temperature: 2.0
2026-03-14 10:52:13,615 [trainer.py:188] => LoRA_qkv_mask: [1, 0, 1]
2026-03-14 10:52:13,615 [trainer.py:188] => LoRA_shared_layers_ids_list: ['0', '1', '2', '3', '4', '5']
2026-03-14 10:52:13,615 [trainer.py:188] => LoRA_domain_specfic_layers_ids_list: ['6', '7', '8', '9', '10', '11']
2026-03-14 10:52:13,615 [trainer.py:188] => use_block_weight: False
2026-03-14 10:52:13,615 [trainer.py:188] => use_reweight: False
2026-03-14 10:52:13,615 [trainer.py:188] => embd_dim: 768
2026-03-14 10:52:13,616 [trainer.py:188] => seed: 0
2026-03-14 10:52:13,616 [trainer.py:188] => epsilon: 1e-08
2026-03-14 10:52:13,616 [trainer.py:188] => init_milestones: [20, 30, 40]
2026-03-14 10:52:13,616 [trainer.py:188] => lr_default_decay: 0.1
2026-03-14 10:52:13,616 [trainer.py:188] => milestones: [20, 30]
2026-03-14 10:52:13,616 [trainer.py:188] => batch_size: 64
2026-03-14 10:52:13,616 [trainer.py:188] => num_workers: 8
2026-03-14 10:52:13,616 [trainer.py:188] => save_model_after_each_task: True
2026-03-14 10:52:13,616 [trainer.py:188] => debugging: False
2026-03-14 10:52:13,616 [trainer.py:188] => logdir: logs
2026-03-14 10:52:13,616 [trainer.py:188] => save_last_model: False
2026-03-14 10:52:13,616 [trainer.py:188] => load_path: 
2026-03-14 10:52:13,616 [trainer.py:188] => temperature_stochastic_classifier: 16.0
2026-03-14 10:52:13,616 [trainer.py:188] => UMAP: False
2026-03-14 10:52:13,616 [trainer.py:189] => ----------------------------------------------------------------------------------------------------
2026-03-14 10:52:13,688 [data_manager.py:166] => [0, 1, 2, 3, 4, 5, 6, 7, 8, 9, 10, 11, 12, 13, 14, 15, 16, 17, 18, 19, 20, 21, 22, 23, 24, 25, 26, 27, 28, 29]
2026-03-14 10:52:14,614 [_builder.py:217] => Loading pretrained weights from Hugging Face hub (timm/vit_base_patch16_224.augreg2_in21k_ft_in1k)
2026-03-14 10:52:14,933 [_client.py:1025] => HTTP Request: HEAD https://huggingface.co/timm/vit_base_patch16_224.augreg2_in21k_ft_in1k/resolve/main/model.safetensors "HTTP/1.1 302 Found"
2026-03-14 10:52:14,940 [_hub.py:232] => [timm/vit_base_patch16_224.augreg2_in21k_ft_in1k] Safe alternative available for 'pytorch_model.bin' (as 'model.safetensors'). Loading weights using safetensors.
2026-03-14 10:52:15,098 [conec_lora.py:109] => Learning on 0-6
2026-03-14 10:52:15,152 [our_utils.py:157] => Number of learnable parameters of LoRAs regularized: 221184
2026-03-14 10:52:15,152 [our_utils.py:157] => Number of learnable parameters of proxy_fc regularized: 9216
2026-03-14 10:52:15,152 [our_utils.py:159] => Total number of learnable parameters: 230400
2026-03-14 10:52:15,154 [conec_lora.py:161] => Training the domain 0 ...
2026-03-14 10:52:15,463 [__init__.py:367] => GDAL signalled an error: err_no=4, msg="`/home/rizal/rizal_projects/CONEC-LoRA/Datasets/DIL/deforest_dil/insular_sea/subsistence_agriculture/sample_1630049.tif' not recognized as being in a supported file format."
2026-03-14 10:52:15,806 [__init__.py:367] => GDAL signalled an error: err_no=4, msg="`/home/rizal/rizal_projects/CONEC-LoRA/Datasets/DIL/deforest_dil/insular_sea/commercial_oil_palm_or_other_palm_plantations/sample_1629906.tif' not recognized as being in a supported file format."
2026-03-14 10:52:16,288 [__init__.py:367] => GDAL signalled an error: err_no=4, msg="`/home/rizal/rizal_projects/CONEC-LoRA/Datasets/DIL/deforest_dil/insular_sea/pasture/sample_1629942.tif' not recognized as being in a supported file format."
2026-03-14 10:52:16,345 [__init__.py:367] => GDAL signalled an error: err_no=4, msg="`/home/rizal/rizal_projects/CONEC-LoRA/Datasets/DIL/deforest_dil/insular_sea/subsistence_agriculture/sample_1630053.tif' not recognized as being in a supported file format."
2026-03-14 10:52:17,162 [__init__.py:367] => GDAL signalled an error: err_no=4, msg="`/home/rizal/rizal_projects/CONEC-LoRA/Datasets/DIL/deforest_dil/insular_sea/commercial_agriculture/sample_1629937.tif' not recognized as being in a supported file format."
