2026-03-10 17:54:17,770 [trainer.py:178] => ----------------------------------------------------------------------------------------------------
2026-03-10 17:54:17,790 [trainer.py:182] => Python version: 3.12.3
2026-03-10 17:54:17,790 [trainer.py:183] => PyTorch version: 2.10.0+cu130,TorchVision version: 0.25.0+cu130
2026-03-10 17:54:17,790 [trainer.py:184] => GPU Name: NVIDIA GeForce RTX 4090
2026-03-10 17:54:17,790 [trainer.py:185] => Driver: 580.126.09
2026-03-10 17:54:17,790 [trainer.py:188] => config: ./exps/officehome.json
2026-03-10 17:54:17,790 [trainer.py:188] => order: 1
2026-03-10 17:54:17,790 [trainer.py:188] => device: [device(type='cuda', index=0)]
2026-03-10 17:54:17,790 [trainer.py:188] => prefix: CONEC_LoRA
2026-03-10 17:54:17,790 [trainer.py:188] => dataset: officehome
2026-03-10 17:54:17,790 [trainer.py:188] => data_path: /home/rizal/rizal_projects/CONEC-LoRA/Datasets/DIL/OfficeHomeDataset_10072016/
2026-03-10 17:54:17,790 [trainer.py:188] => total_sessions: 4
2026-03-10 17:54:17,790 [trainer.py:188] => shuffle: False
2026-03-10 17:54:17,790 [trainer.py:188] => init_cls: 65
2026-03-10 17:54:17,790 [trainer.py:188] => increment: 65
2026-03-10 17:54:17,790 [trainer.py:188] => model_name: conec_lora
2026-03-10 17:54:17,790 [trainer.py:188] => backbone_type: vit_base_patch16_224_conec_lora
2026-03-10 17:54:17,790 [trainer.py:188] => temporary_classifier_type: ClassifierType.Single_Stochastic_Classifier
2026-03-10 17:54:17,790 [trainer.py:188] => classifier_type: ClassifierType.Separate_Stochastic_Classifiers
2026-03-10 17:54:17,790 [trainer.py:188] => use_proxy_classifier: True
2026-03-10 17:54:17,791 [trainer.py:188] => LoRA_downsize_dimension: 8
2026-03-10 17:54:17,791 [trainer.py:188] => generation_strategy: GenerationStrategy.GMM_with_generator_loss
2026-03-10 17:54:17,791 [trainer.py:188] => n_components: 2
2026-03-10 17:54:17,791 [trainer.py:188] => use_CLS_token_for_domain_classification: False
2026-03-10 17:54:17,791 [trainer.py:188] => normalize_features_for_domain_classification: False
2026-03-10 17:54:17,791 [trainer.py:188] => chosen_layers_for_intermediate_domain_classifiers: ['0', '1', '2', '3', '4', '5', '6', '7', '8', '9', '10', '11']
2026-03-10 17:54:17,791 [trainer.py:188] => confidence_threshold: 0.9
2026-03-10 17:54:17,791 [trainer.py:188] => freeze_B_matrices_in_shared_LoRAs: True
2026-03-10 17:54:17,791 [trainer.py:188] => epochs: 40
2026-03-10 17:54:17,791 [trainer.py:188] => epochs_domain_classifier_training: 40
2026-03-10 17:54:17,791 [trainer.py:188] => use_transformation_module: True
2026-03-10 17:54:17,791 [trainer.py:188] => lr_default: 0.02
2026-03-10 17:54:17,791 [trainer.py:188] => lr_LoRAs: 0.02
2026-03-10 17:54:17,791 [trainer.py:188] => lr_classifier: 0.02
2026-03-10 17:54:17,791 [trainer.py:188] => lr_temporary_classifier: 0.02
2026-03-10 17:54:17,791 [trainer.py:188] => lr_Auxiliary_network: 0.02
2026-03-10 17:54:17,791 [trainer.py:188] => lr_domain_classifiers: 0.002
2026-03-10 17:54:17,791 [trainer.py:188] => lr_transformation_module: 0.0001
2026-03-10 17:54:17,791 [trainer.py:188] => weight_decay: 0.0002
2026-03-10 17:54:17,791 [trainer.py:188] => weight_decay_classifiers: 2e-05
2026-03-10 17:54:17,791 [trainer.py:188] => weight_decay_domain_classifiers: 0.0002
2026-03-10 17:54:17,791 [trainer.py:188] => weight_decay_transformation_module: 0.0002
2026-03-10 17:54:17,791 [trainer.py:188] => bias_domain_classifier: False
2026-03-10 17:54:17,791 [trainer.py:188] => min_lr: 0
2026-03-10 17:54:17,791 [trainer.py:188] => optimizer: sgd
2026-03-10 17:54:17,791 [trainer.py:188] => scheduler: cosine
2026-03-10 17:54:17,791 [trainer.py:188] => lambda_1: 5.0
2026-03-10 17:54:17,791 [trainer.py:188] => lambda_2: 2.0
2026-03-10 17:54:17,791 [trainer.py:188] => margin: 1.0
2026-03-10 17:54:17,791 [trainer.py:188] => kd_temperature: 2.0
2026-03-10 17:54:17,791 [trainer.py:188] => LoRA_qkv_mask: [1, 0, 1]
2026-03-10 17:54:17,791 [trainer.py:188] => LoRA_shared_layers_ids_list: ['0', '1', '2', '3', '4', '5']
2026-03-10 17:54:17,791 [trainer.py:188] => LoRA_domain_specfic_layers_ids_list: ['6', '7', '8', '9', '10', '11']
2026-03-10 17:54:17,791 [trainer.py:188] => use_block_weight: False
2026-03-10 17:54:17,791 [trainer.py:188] => use_reweight: False
2026-03-10 17:54:17,791 [trainer.py:188] => embd_dim: 768
2026-03-10 17:54:17,791 [trainer.py:188] => seed: 0
2026-03-10 17:54:17,791 [trainer.py:188] => epsilon: 1e-08
2026-03-10 17:54:17,791 [trainer.py:188] => init_milestones: [20, 30, 40]
2026-03-10 17:54:17,791 [trainer.py:188] => lr_default_decay: 0.1
2026-03-10 17:54:17,791 [trainer.py:188] => milestones: [20, 30]
2026-03-10 17:54:17,791 [trainer.py:188] => batch_size: 64
2026-03-10 17:54:17,791 [trainer.py:188] => num_workers: 8
2026-03-10 17:54:17,791 [trainer.py:188] => debugging: False
2026-03-10 17:54:17,791 [trainer.py:188] => logdir: logs
2026-03-10 17:54:17,791 [trainer.py:188] => save_last_model: False
2026-03-10 17:54:17,791 [trainer.py:188] => save_model_after_each_task: False
2026-03-10 17:54:17,791 [trainer.py:188] => load_path: 
2026-03-10 17:54:17,791 [trainer.py:188] => temperature_stochastic_classifier: 16.0
2026-03-10 17:54:17,791 [trainer.py:188] => max_iter_for_GMM: 100
2026-03-10 17:54:17,791 [trainer.py:188] => tol_for_GMM: 0.001
2026-03-10 17:54:17,791 [trainer.py:188] => cache_synthetic_embeddings: True
2026-03-10 17:54:17,791 [trainer.py:188] => max_number_of_embeddings_in_memory: 100000000.0
2026-03-10 17:54:17,791 [trainer.py:188] => UMAP: False
2026-03-10 17:54:17,791 [trainer.py:189] => ----------------------------------------------------------------------------------------------------
2026-03-10 17:54:17,810 [data_manager.py:165] => [0, 1, 2, 3, 4, 5, 6, 7, 8, 9, 10, 11, 12, 13, 14, 15, 16, 17, 18, 19, 20, 21, 22, 23, 24, 25, 26, 27, 28, 29, 30, 31, 32, 33, 34, 35, 36, 37, 38, 39, 40, 41, 42, 43, 44, 45, 46, 47, 48, 49, 50, 51, 52, 53, 54, 55, 56, 57, 58, 59, 60, 61, 62, 63, 64, 65, 66, 67, 68, 69, 70, 71, 72, 73, 74, 75, 76, 77, 78, 79, 80, 81, 82, 83, 84, 85, 86, 87, 88, 89, 90, 91, 92, 93, 94, 95, 96, 97, 98, 99, 100, 101, 102, 103, 104, 105, 106, 107, 108, 109, 110, 111, 112, 113, 114, 115, 116, 117, 118, 119, 120, 121, 122, 123, 124, 125, 126, 127, 128, 129, 130, 131, 132, 133, 134, 135, 136, 137, 138, 139, 140, 141, 142, 143, 144, 145, 146, 147, 148, 149, 150, 151, 152, 153, 154, 155, 156, 157, 158, 159, 160, 161, 162, 163, 164, 165, 166, 167, 168, 169, 170, 171, 172, 173, 174, 175, 176, 177, 178, 179, 180, 181, 182, 183, 184, 185, 186, 187, 188, 189, 190, 191, 192, 193, 194, 195, 196, 197, 198, 199, 200, 201, 202, 203, 204, 205, 206, 207, 208, 209, 210, 211, 212, 213, 214, 215, 216, 217, 218, 219, 220, 221, 222, 223, 224, 225, 226, 227, 228, 229, 230, 231, 232, 233, 234, 235, 236, 237, 238, 239, 240, 241, 242, 243, 244, 245, 246, 247, 248, 249, 250, 251, 252, 253, 254, 255, 256, 257, 258, 259]
2026-03-10 17:54:18,586 [_builder.py:217] => Loading pretrained weights from Hugging Face hub (timm/vit_base_patch16_224.augreg2_in21k_ft_in1k)
2026-03-10 17:54:18,869 [_client.py:1025] => HTTP Request: HEAD https://huggingface.co/timm/vit_base_patch16_224.augreg2_in21k_ft_in1k/resolve/main/model.safetensors "HTTP/1.1 302 Found"
2026-03-10 17:54:18,870 [_http.py:916] => Warning: You are sending unauthenticated requests to the HF Hub. Please set a HF_TOKEN to enable higher rate limits and faster downloads.
2026-03-10 17:54:18,870 [_hub.py:232] => [timm/vit_base_patch16_224.augreg2_in21k_ft_in1k] Safe alternative available for 'pytorch_model.bin' (as 'model.safetensors'). Loading weights using safetensors.
2026-03-10 17:54:18,917 [conec_lora.py:109] => Learning on 0-65
2026-03-10 17:54:18,960 [our_utils.py:157] => Number of learnable parameters of LoRAs regularized: 221184
2026-03-10 17:54:18,960 [our_utils.py:157] => Number of learnable parameters of proxy_fc regularized: 99840
2026-03-10 17:54:18,960 [our_utils.py:159] => Total number of learnable parameters: 321024
2026-03-10 17:54:18,960 [conec_lora.py:161] => Training the domain 0 ...
2026-03-10 17:54:24,258 [conec_lora.py:236] => Task 0, Epoch 1/40 => Loss 2.223, Train_accy 53.18
2026-03-10 17:54:29,405 [conec_lora.py:236] => Task 0, Epoch 2/40 => Loss 0.669, Train_accy 86.17
2026-03-10 17:54:34,529 [conec_lora.py:236] => Task 0, Epoch 3/40 => Loss 0.423, Train_accy 91.38
2026-03-10 17:54:39,639 [conec_lora.py:236] => Task 0, Epoch 4/40 => Loss 0.351, Train_accy 93.11
2026-03-10 17:54:44,768 [conec_lora.py:236] => Task 0, Epoch 5/40 => Loss 0.294, Train_accy 94.16
2026-03-10 17:54:49,940 [conec_lora.py:236] => Task 0, Epoch 6/40 => Loss 0.264, Train_accy 95.83
2026-03-10 17:54:55,065 [conec_lora.py:236] => Task 0, Epoch 7/40 => Loss 0.227, Train_accy 96.30
2026-03-10 17:55:00,229 [conec_lora.py:236] => Task 0, Epoch 8/40 => Loss 0.215, Train_accy 97.16
2026-03-10 17:55:05,370 [conec_lora.py:236] => Task 0, Epoch 9/40 => Loss 0.191, Train_accy 97.05
2026-03-10 17:55:10,522 [conec_lora.py:236] => Task 0, Epoch 10/40 => Loss 0.181, Train_accy 97.86
2026-03-10 17:55:15,664 [conec_lora.py:236] => Task 0, Epoch 11/40 => Loss 0.162, Train_accy 97.69
2026-03-10 17:55:20,804 [conec_lora.py:236] => Task 0, Epoch 12/40 => Loss 0.152, Train_accy 98.15
2026-03-10 17:55:25,961 [conec_lora.py:236] => Task 0, Epoch 13/40 => Loss 0.150, Train_accy 98.26
2026-03-10 17:55:31,148 [conec_lora.py:236] => Task 0, Epoch 14/40 => Loss 0.155, Train_accy 98.32
2026-03-10 17:55:36,293 [conec_lora.py:236] => Task 0, Epoch 15/40 => Loss 0.136, Train_accy 98.50
2026-03-10 17:55:41,525 [conec_lora.py:236] => Task 0, Epoch 16/40 => Loss 0.130, Train_accy 98.61
2026-03-10 17:55:46,689 [conec_lora.py:236] => Task 0, Epoch 17/40 => Loss 0.136, Train_accy 98.21
2026-03-10 17:55:51,832 [conec_lora.py:236] => Task 0, Epoch 18/40 => Loss 0.128, Train_accy 98.50
2026-03-10 17:55:56,992 [conec_lora.py:236] => Task 0, Epoch 19/40 => Loss 0.118, Train_accy 98.50
2026-03-10 17:56:02,134 [conec_lora.py:236] => Task 0, Epoch 20/40 => Loss 0.117, Train_accy 98.67
2026-03-10 17:56:07,299 [conec_lora.py:236] => Task 0, Epoch 21/40 => Loss 0.117, Train_accy 98.67
2026-03-10 17:56:12,476 [conec_lora.py:236] => Task 0, Epoch 22/40 => Loss 0.105, Train_accy 99.13
2026-03-10 17:56:17,665 [conec_lora.py:236] => Task 0, Epoch 23/40 => Loss 0.107, Train_accy 99.07
2026-03-10 17:56:22,836 [conec_lora.py:236] => Task 0, Epoch 24/40 => Loss 0.103, Train_accy 99.19
2026-03-10 17:56:27,985 [conec_lora.py:236] => Task 0, Epoch 25/40 => Loss 0.100, Train_accy 98.84
2026-03-10 17:56:33,166 [conec_lora.py:236] => Task 0, Epoch 26/40 => Loss 0.106, Train_accy 98.90
2026-03-10 17:56:38,350 [conec_lora.py:236] => Task 0, Epoch 27/40 => Loss 0.096, Train_accy 99.02
2026-03-10 17:56:43,522 [conec_lora.py:236] => Task 0, Epoch 28/40 => Loss 0.099, Train_accy 98.90
2026-03-10 17:56:48,725 [conec_lora.py:236] => Task 0, Epoch 29/40 => Loss 0.104, Train_accy 98.73
2026-03-10 17:56:53,899 [conec_lora.py:236] => Task 0, Epoch 30/40 => Loss 0.091, Train_accy 99.19
2026-03-10 17:56:59,022 [conec_lora.py:236] => Task 0, Epoch 31/40 => Loss 0.089, Train_accy 99.13
2026-03-10 17:57:04,205 [conec_lora.py:236] => Task 0, Epoch 32/40 => Loss 0.089, Train_accy 98.96
2026-03-10 17:57:09,341 [conec_lora.py:236] => Task 0, Epoch 33/40 => Loss 0.090, Train_accy 99.25
2026-03-10 17:57:14,509 [conec_lora.py:236] => Task 0, Epoch 34/40 => Loss 0.101, Train_accy 99.07
2026-03-10 17:57:19,690 [conec_lora.py:236] => Task 0, Epoch 35/40 => Loss 0.090, Train_accy 99.25
2026-03-10 17:57:24,844 [conec_lora.py:236] => Task 0, Epoch 36/40 => Loss 0.089, Train_accy 99.36
2026-03-10 17:57:30,005 [conec_lora.py:236] => Task 0, Epoch 37/40 => Loss 0.092, Train_accy 98.90
2026-03-10 17:57:35,213 [conec_lora.py:236] => Task 0, Epoch 38/40 => Loss 0.086, Train_accy 99.48
2026-03-10 17:57:40,372 [conec_lora.py:236] => Task 0, Epoch 39/40 => Loss 0.094, Train_accy 99.02
2026-03-10 17:57:45,564 [conec_lora.py:236] => Task 0, Epoch 40/40 => Loss 0.085, Train_accy 99.25
2026-03-10 17:57:45,564 [conec_lora.py:365] => Calculating the prototypes for the classifier ...
2026-03-10 17:57:45,564 [conec_lora.py:334] => Obtaining the embeddings for domain 0
2026-03-10 17:57:48,409 [conec_lora.py:423] => Training the domain classifier ...
2026-03-10 17:57:48,409 [conec_lora.py:408] => Finding the number of samples to be generated ...
2026-03-10 17:57:48,409 [conec_lora.py:414] =>     We use 0 old + 64 new samples for each batch
2026-03-10 17:57:48,476 [conec_lora.py:543] => ==> Computing the statistics ...
2026-03-10 17:57:48,476 [conec_lora.py:277] => Obtaining the embeddings for domain 0 ...
2026-03-10 17:57:51,040 [conec_lora.py:556] =>     Statistics are ready for task: 0
2026-03-10 17:57:51,040 [conec_lora.py:560] => ==> Compression ...
2026-03-10 17:58:22,510 [conec_lora.py:572] => ==> Compression is done!
2026-03-10 17:58:25,347 [conec_lora.py:533] => Domain classifier training: Task 0, Epoch [1/40] lr 0.00200 Loss 0.8928, Train_acc 89.42
2026-03-10 17:58:28,035 [conec_lora.py:533] => Domain classifier training: Task 0, Epoch [2/40] lr 0.00199 Loss 0.3278, Train_acc 100.00
2026-03-10 17:58:30,728 [conec_lora.py:533] => Domain classifier training: Task 0, Epoch [3/40] lr 0.00197 Loss 0.1816, Train_acc 100.00
2026-03-10 17:58:33,410 [conec_lora.py:533] => Domain classifier training: Task 0, Epoch [4/40] lr 0.00195 Loss 0.1270, Train_acc 100.00
2026-03-10 17:58:36,140 [conec_lora.py:533] => Domain classifier training: Task 0, Epoch [5/40] lr 0.00192 Loss 0.0987, Train_acc 100.00
2026-03-10 17:58:38,847 [conec_lora.py:533] => Domain classifier training: Task 0, Epoch [6/40] lr 0.00189 Loss 0.0814, Train_acc 100.00
2026-03-10 17:58:41,537 [conec_lora.py:533] => Domain classifier training: Task 0, Epoch [7/40] lr 0.00185 Loss 0.0696, Train_acc 100.00
2026-03-10 17:58:44,253 [conec_lora.py:533] => Domain classifier training: Task 0, Epoch [8/40] lr 0.00181 Loss 0.0611, Train_acc 100.00
2026-03-10 17:58:46,970 [conec_lora.py:533] => Domain classifier training: Task 0, Epoch [9/40] lr 0.00176 Loss 0.0546, Train_acc 100.00
2026-03-10 17:58:49,700 [conec_lora.py:533] => Domain classifier training: Task 0, Epoch [10/40] lr 0.00171 Loss 0.0495, Train_acc 100.00
2026-03-10 17:58:52,429 [conec_lora.py:533] => Domain classifier training: Task 0, Epoch [11/40] lr 0.00165 Loss 0.0455, Train_acc 100.00
2026-03-10 17:58:55,140 [conec_lora.py:533] => Domain classifier training: Task 0, Epoch [12/40] lr 0.00159 Loss 0.0421, Train_acc 100.00
2026-03-10 17:58:57,889 [conec_lora.py:533] => Domain classifier training: Task 0, Epoch [13/40] lr 0.00152 Loss 0.0393, Train_acc 100.00
2026-03-10 17:59:00,616 [conec_lora.py:533] => Domain classifier training: Task 0, Epoch [14/40] lr 0.00145 Loss 0.0370, Train_acc 100.00
2026-03-10 17:59:03,361 [conec_lora.py:533] => Domain classifier training: Task 0, Epoch [15/40] lr 0.00138 Loss 0.0350, Train_acc 100.00
2026-03-10 17:59:06,085 [conec_lora.py:533] => Domain classifier training: Task 0, Epoch [16/40] lr 0.00131 Loss 0.0333, Train_acc 100.00
2026-03-10 17:59:08,819 [conec_lora.py:533] => Domain classifier training: Task 0, Epoch [17/40] lr 0.00123 Loss 0.0320, Train_acc 100.00
2026-03-10 17:59:11,549 [conec_lora.py:533] => Domain classifier training: Task 0, Epoch [18/40] lr 0.00116 Loss 0.0307, Train_acc 100.00
2026-03-10 17:59:14,265 [conec_lora.py:533] => Domain classifier training: Task 0, Epoch [19/40] lr 0.00108 Loss 0.0296, Train_acc 100.00
2026-03-10 17:59:16,981 [conec_lora.py:533] => Domain classifier training: Task 0, Epoch [20/40] lr 0.00100 Loss 0.0286, Train_acc 100.00
2026-03-10 17:59:19,692 [conec_lora.py:533] => Domain classifier training: Task 0, Epoch [21/40] lr 0.00092 Loss 0.0278, Train_acc 100.00
2026-03-10 17:59:22,409 [conec_lora.py:533] => Domain classifier training: Task 0, Epoch [22/40] lr 0.00084 Loss 0.0272, Train_acc 100.00
2026-03-10 17:59:25,118 [conec_lora.py:533] => Domain classifier training: Task 0, Epoch [23/40] lr 0.00077 Loss 0.0265, Train_acc 100.00
2026-03-10 17:59:27,830 [conec_lora.py:533] => Domain classifier training: Task 0, Epoch [24/40] lr 0.00069 Loss 0.0259, Train_acc 100.00
2026-03-10 17:59:30,551 [conec_lora.py:533] => Domain classifier training: Task 0, Epoch [25/40] lr 0.00062 Loss 0.0254, Train_acc 100.00
2026-03-10 17:59:33,253 [conec_lora.py:533] => Domain classifier training: Task 0, Epoch [26/40] lr 0.00055 Loss 0.0250, Train_acc 100.00
2026-03-10 17:59:35,975 [conec_lora.py:533] => Domain classifier training: Task 0, Epoch [27/40] lr 0.00048 Loss 0.0247, Train_acc 100.00
2026-03-10 17:59:38,707 [conec_lora.py:533] => Domain classifier training: Task 0, Epoch [28/40] lr 0.00041 Loss 0.0244, Train_acc 100.00
2026-03-10 17:59:41,450 [conec_lora.py:533] => Domain classifier training: Task 0, Epoch [29/40] lr 0.00035 Loss 0.0242, Train_acc 100.00
2026-03-10 17:59:44,168 [conec_lora.py:533] => Domain classifier training: Task 0, Epoch [30/40] lr 0.00029 Loss 0.0239, Train_acc 100.00
2026-03-10 17:59:46,933 [conec_lora.py:533] => Domain classifier training: Task 0, Epoch [31/40] lr 0.00024 Loss 0.0237, Train_acc 100.00
2026-03-10 17:59:49,704 [conec_lora.py:533] => Domain classifier training: Task 0, Epoch [32/40] lr 0.00019 Loss 0.0236, Train_acc 100.00
2026-03-10 17:59:52,419 [conec_lora.py:533] => Domain classifier training: Task 0, Epoch [33/40] lr 0.00015 Loss 0.0235, Train_acc 100.00
2026-03-10 17:59:55,136 [conec_lora.py:533] => Domain classifier training: Task 0, Epoch [34/40] lr 0.00011 Loss 0.0234, Train_acc 100.00
2026-03-10 17:59:57,872 [conec_lora.py:533] => Domain classifier training: Task 0, Epoch [35/40] lr 0.00008 Loss 0.0234, Train_acc 100.00
2026-03-10 18:00:00,598 [conec_lora.py:533] => Domain classifier training: Task 0, Epoch [36/40] lr 0.00005 Loss 0.0232, Train_acc 100.00
2026-03-10 18:00:03,343 [conec_lora.py:533] => Domain classifier training: Task 0, Epoch [37/40] lr 0.00003 Loss 0.0232, Train_acc 100.00
2026-03-10 18:00:06,059 [conec_lora.py:533] => Domain classifier training: Task 0, Epoch [38/40] lr 0.00001 Loss 0.0232, Train_acc 100.00
2026-03-10 18:00:08,779 [conec_lora.py:533] => Domain classifier training: Task 0, Epoch [39/40] lr 0.00000 Loss 0.0232, Train_acc 100.00
2026-03-10 18:00:11,556 [conec_lora.py:533] => Domain classifier training: Task 0, Epoch [40/40] lr 0.00000 Loss 0.0232, Train_acc 100.00
2026-03-10 18:00:11,704 [conec_lora.py:699] => Evaluating on the test set ...
2026-03-10 18:00:13,904 [trainer.py:102] => CNN (w/o oracle): {'total': 84.62, '0': 84.62, '0_many': 95.71, '0_medium': 85.17, '0_few': 81.38, '00-01': 90.0, '02-03': 75.0, '04-05': 90.0, '06-07': 100.0, '08-09': 100.0, '10-11': 40.0, '12-13': 85.0, '14-15': 80.0, '16-17': 65.0, '18-19': 85.0, '20-21': 95.0, '22-23': 100.0, '24-25': 90.0, '26-27': 100.0, '28-29': 90.0, '30-31': 85.0, '32-33': 80.0, '34-35': 60.0, '36-37': 100.0, '38-39': 70.0, '40-41': 80.0, '42-43': 85.0, '44-45': 85.0, '46-47': 85.0, '48-49': 90.0, '50-51': 90.0, '52-53': 90.0, '54-55': 85.0, '56-57': 90.0, '58-59': 80.0, '60-61': 80.0, '62-63': 85.0, 'old': 0.0, 'new': 84.62, 'many_shot': np.float64(95.71), 'medium_shot': np.float64(85.17), 'few_shot': np.float64(81.38)}
2026-03-10 18:00:13,904 [trainer.py:107] => Accuracies (w/o oracle) for order 1: [84.62] -> Avg.: 84.62
2026-03-10 18:00:13,904 [trainer.py:110] => CNN (with oracle): {'total': 84.31, '0': 84.31, '0_many': 95.71, '0_medium': 84.83, '0_few': 81.03, '00-01': 90.0, '02-03': 75.0, '04-05': 90.0, '06-07': 100.0, '08-09': 100.0, '10-11': 40.0, '12-13': 85.0, '14-15': 80.0, '16-17': 60.0, '18-19': 85.0, '20-21': 95.0, '22-23': 100.0, '24-25': 90.0, '26-27': 100.0, '28-29': 90.0, '30-31': 85.0, '32-33': 80.0, '34-35': 55.0, '36-37': 100.0, '38-39': 70.0, '40-41': 80.0, '42-43': 85.0, '44-45': 85.0, '46-47': 85.0, '48-49': 90.0, '50-51': 90.0, '52-53': 90.0, '54-55': 85.0, '56-57': 90.0, '58-59': 80.0, '60-61': 80.0, '62-63': 85.0, 'old': 0.0, 'new': 84.31, 'many_shot': np.float64(95.71), 'medium_shot': np.float64(84.83), 'few_shot': np.float64(81.03)}
2026-03-10 18:00:13,904 [trainer.py:115] => Accuracies (with oracle) for order 1: [84.31] -> Avg.: 84.31
2026-03-10 18:00:13,904 [trainer.py:119] => Domain classification accuracies (after each domain) for order 1:  [100.00] -> Avg.: 100.00
2026-03-10 18:00:13,904 [conec_lora.py:109] => Learning on 65-130
2026-03-10 18:00:13,912 [our_utils.py:157] => Number of learnable parameters of LoRAs regularized: 221184
2026-03-10 18:00:13,912 [our_utils.py:157] => Number of learnable parameters of proxy_fc regularized: 99840
2026-03-10 18:00:13,912 [our_utils.py:159] => Total number of learnable parameters: 321024
2026-03-10 18:00:13,913 [conec_lora.py:161] => Training the domain 1 ...
2026-03-10 18:00:31,487 [conec_lora.py:236] => Task 1, Epoch 1/40 => Loss 1.600, Train_accy 62.50
2026-03-10 18:00:49,089 [conec_lora.py:236] => Task 1, Epoch 2/40 => Loss 0.698, Train_accy 82.41
2026-03-10 18:01:06,706 [conec_lora.py:236] => Task 1, Epoch 3/40 => Loss 0.568, Train_accy 85.83
2026-03-10 18:01:24,315 [conec_lora.py:236] => Task 1, Epoch 4/40 => Loss 0.484, Train_accy 88.34
2026-03-10 18:01:41,947 [conec_lora.py:236] => Task 1, Epoch 5/40 => Loss 0.431, Train_accy 89.76
2026-03-10 18:01:59,590 [conec_lora.py:236] => Task 1, Epoch 6/40 => Loss 0.395, Train_accy 90.92
2026-03-10 18:02:17,189 [conec_lora.py:236] => Task 1, Epoch 7/40 => Loss 0.354, Train_accy 91.70
2026-03-10 18:02:34,808 [conec_lora.py:236] => Task 1, Epoch 8/40 => Loss 0.327, Train_accy 92.56
2026-03-10 18:02:52,441 [conec_lora.py:236] => Task 1, Epoch 9/40 => Loss 0.309, Train_accy 93.13
2026-03-10 18:03:10,044 [conec_lora.py:236] => Task 1, Epoch 10/40 => Loss 0.285, Train_accy 93.64
2026-03-10 18:03:27,673 [conec_lora.py:236] => Task 1, Epoch 11/40 => Loss 0.271, Train_accy 93.59
2026-03-10 18:03:45,384 [conec_lora.py:236] => Task 1, Epoch 12/40 => Loss 0.241, Train_accy 94.67
2026-03-10 18:04:03,080 [conec_lora.py:236] => Task 1, Epoch 13/40 => Loss 0.236, Train_accy 94.75
2026-03-10 18:04:20,674 [conec_lora.py:236] => Task 1, Epoch 14/40 => Loss 0.234, Train_accy 94.88
2026-03-10 18:04:38,287 [conec_lora.py:236] => Task 1, Epoch 15/40 => Loss 0.211, Train_accy 95.26
2026-03-10 18:04:55,909 [conec_lora.py:236] => Task 1, Epoch 16/40 => Loss 0.206, Train_accy 95.50
2026-03-10 18:05:13,520 [conec_lora.py:236] => Task 1, Epoch 17/40 => Loss 0.197, Train_accy 95.55
2026-03-10 18:05:31,181 [conec_lora.py:236] => Task 1, Epoch 18/40 => Loss 0.190, Train_accy 95.82
2026-03-10 18:05:48,782 [conec_lora.py:236] => Task 1, Epoch 19/40 => Loss 0.180, Train_accy 96.07
2026-03-10 18:06:06,389 [conec_lora.py:236] => Task 1, Epoch 20/40 => Loss 0.175, Train_accy 96.04
2026-03-10 18:06:23,998 [conec_lora.py:236] => Task 1, Epoch 21/40 => Loss 0.167, Train_accy 96.15
2026-03-10 18:06:41,597 [conec_lora.py:236] => Task 1, Epoch 22/40 => Loss 0.164, Train_accy 96.26
2026-03-10 18:06:59,207 [conec_lora.py:236] => Task 1, Epoch 23/40 => Loss 0.156, Train_accy 96.74
2026-03-10 18:07:16,806 [conec_lora.py:236] => Task 1, Epoch 24/40 => Loss 0.148, Train_accy 96.63
2026-03-10 18:07:34,438 [conec_lora.py:236] => Task 1, Epoch 25/40 => Loss 0.150, Train_accy 97.12
2026-03-10 18:07:52,028 [conec_lora.py:236] => Task 1, Epoch 26/40 => Loss 0.145, Train_accy 96.74
2026-03-10 18:08:09,674 [conec_lora.py:236] => Task 1, Epoch 27/40 => Loss 0.142, Train_accy 96.82
2026-03-10 18:08:27,300 [conec_lora.py:236] => Task 1, Epoch 28/40 => Loss 0.139, Train_accy 97.04
2026-03-10 18:08:44,890 [conec_lora.py:236] => Task 1, Epoch 29/40 => Loss 0.135, Train_accy 97.12
2026-03-10 18:09:02,481 [conec_lora.py:236] => Task 1, Epoch 30/40 => Loss 0.130, Train_accy 97.20
2026-03-10 18:09:20,082 [conec_lora.py:236] => Task 1, Epoch 31/40 => Loss 0.137, Train_accy 97.17
2026-03-10 18:09:37,691 [conec_lora.py:236] => Task 1, Epoch 32/40 => Loss 0.130, Train_accy 97.09
2026-03-10 18:09:55,305 [conec_lora.py:236] => Task 1, Epoch 33/40 => Loss 0.128, Train_accy 97.36
2026-03-10 18:10:12,927 [conec_lora.py:236] => Task 1, Epoch 34/40 => Loss 0.125, Train_accy 97.23
2026-03-10 18:10:30,565 [conec_lora.py:236] => Task 1, Epoch 35/40 => Loss 0.123, Train_accy 97.55
2026-03-10 18:10:48,175 [conec_lora.py:236] => Task 1, Epoch 36/40 => Loss 0.129, Train_accy 97.39
2026-03-10 18:11:05,775 [conec_lora.py:236] => Task 1, Epoch 37/40 => Loss 0.126, Train_accy 97.12
2026-03-10 18:11:23,420 [conec_lora.py:236] => Task 1, Epoch 38/40 => Loss 0.122, Train_accy 97.39
2026-03-10 18:11:41,047 [conec_lora.py:236] => Task 1, Epoch 39/40 => Loss 0.120, Train_accy 97.58
2026-03-10 18:11:58,650 [conec_lora.py:236] => Task 1, Epoch 40/40 => Loss 0.124, Train_accy 97.41
2026-03-10 18:11:58,651 [conec_lora.py:365] => Calculating the prototypes for the classifier ...
2026-03-10 18:11:58,651 [conec_lora.py:334] => Obtaining the embeddings for domain 1
2026-03-10 18:12:04,105 [conec_lora.py:423] => Training the domain classifier ...
2026-03-10 18:12:04,106 [conec_lora.py:408] => Finding the number of samples to be generated ...
2026-03-10 18:12:04,106 [conec_lora.py:414] =>     We use 32 old + 32 new samples for each batch
2026-03-10 18:12:04,172 [conec_lora.py:543] => ==> Computing the statistics ...
2026-03-10 18:12:04,172 [conec_lora.py:277] => Obtaining the embeddings for domain 1 ...
2026-03-10 18:12:09,105 [conec_lora.py:556] =>     Statistics are ready for task: 1
2026-03-10 18:12:09,112 [conec_lora.py:560] => ==> Compression ...
2026-03-10 18:13:01,920 [conec_lora.py:572] => ==> Compression is done!
2026-03-10 18:13:01,987 [conec_lora.py:576] => => Generating synthetic embeddings
2026-03-10 18:13:12,119 [conec_lora.py:533] => Domain classifier training: Task 1, Epoch [1/40] lr 0.00200 Loss 171.8310, Train_acc 52.34
2026-03-10 18:13:17,994 [conec_lora.py:533] => Domain classifier training: Task 1, Epoch [2/40] lr 0.00199 Loss 64.9831, Train_acc 69.58
2026-03-10 18:13:23,900 [conec_lora.py:533] => Domain classifier training: Task 1, Epoch [3/40] lr 0.00197 Loss 51.2304, Train_acc 81.37
2026-03-10 18:13:29,764 [conec_lora.py:533] => Domain classifier training: Task 1, Epoch [4/40] lr 0.00195 Loss 43.6853, Train_acc 86.07
2026-03-10 18:13:35,671 [conec_lora.py:533] => Domain classifier training: Task 1, Epoch [5/40] lr 0.00192 Loss 38.7965, Train_acc 88.44
2026-03-10 18:13:41,630 [conec_lora.py:533] => Domain classifier training: Task 1, Epoch [6/40] lr 0.00189 Loss 35.6042, Train_acc 89.91
2026-03-10 18:13:47,562 [conec_lora.py:533] => Domain classifier training: Task 1, Epoch [7/40] lr 0.00185 Loss 32.3282, Train_acc 90.98
2026-03-10 18:13:53,423 [conec_lora.py:533] => Domain classifier training: Task 1, Epoch [8/40] lr 0.00181 Loss 30.4700, Train_acc 90.61
2026-03-10 18:13:59,389 [conec_lora.py:533] => Domain classifier training: Task 1, Epoch [9/40] lr 0.00176 Loss 27.8950, Train_acc 92.21
2026-03-10 18:14:05,292 [conec_lora.py:533] => Domain classifier training: Task 1, Epoch [10/40] lr 0.00171 Loss 26.7144, Train_acc 92.07
2026-03-10 18:14:11,102 [conec_lora.py:533] => Domain classifier training: Task 1, Epoch [11/40] lr 0.00165 Loss 24.6989, Train_acc 92.71
2026-03-10 18:14:17,050 [conec_lora.py:533] => Domain classifier training: Task 1, Epoch [12/40] lr 0.00159 Loss 23.4730, Train_acc 92.29
2026-03-10 18:14:23,025 [conec_lora.py:533] => Domain classifier training: Task 1, Epoch [13/40] lr 0.00152 Loss 22.0545, Train_acc 92.02
2026-03-10 18:14:28,917 [conec_lora.py:533] => Domain classifier training: Task 1, Epoch [14/40] lr 0.00145 Loss 21.3501, Train_acc 92.79
2026-03-10 18:14:34,788 [conec_lora.py:533] => Domain classifier training: Task 1, Epoch [15/40] lr 0.00138 Loss 20.2902, Train_acc 93.33
2026-03-10 18:14:40,732 [conec_lora.py:533] => Domain classifier training: Task 1, Epoch [16/40] lr 0.00131 Loss 19.5434, Train_acc 93.01
2026-03-10 18:14:46,599 [conec_lora.py:533] => Domain classifier training: Task 1, Epoch [17/40] lr 0.00123 Loss 19.2344, Train_acc 93.54
2026-03-10 18:14:52,516 [conec_lora.py:533] => Domain classifier training: Task 1, Epoch [18/40] lr 0.00116 Loss 18.9969, Train_acc 92.95
2026-03-10 18:14:58,449 [conec_lora.py:533] => Domain classifier training: Task 1, Epoch [19/40] lr 0.00108 Loss 18.4559, Train_acc 93.17
2026-03-10 18:15:04,362 [conec_lora.py:533] => Domain classifier training: Task 1, Epoch [20/40] lr 0.00100 Loss 17.9258, Train_acc 93.67
2026-03-10 18:15:10,281 [conec_lora.py:533] => Domain classifier training: Task 1, Epoch [21/40] lr 0.00092 Loss 17.7820, Train_acc 93.30
2026-03-10 18:15:16,182 [conec_lora.py:533] => Domain classifier training: Task 1, Epoch [22/40] lr 0.00084 Loss 17.0851, Train_acc 93.86
2026-03-10 18:15:22,088 [conec_lora.py:533] => Domain classifier training: Task 1, Epoch [23/40] lr 0.00077 Loss 17.0988, Train_acc 94.48
2026-03-10 18:15:28,050 [conec_lora.py:533] => Domain classifier training: Task 1, Epoch [24/40] lr 0.00069 Loss 16.4576, Train_acc 93.78
2026-03-10 18:15:33,981 [conec_lora.py:533] => Domain classifier training: Task 1, Epoch [25/40] lr 0.00062 Loss 16.5445, Train_acc 93.76
2026-03-10 18:15:40,054 [conec_lora.py:533] => Domain classifier training: Task 1, Epoch [26/40] lr 0.00055 Loss 16.5166, Train_acc 93.57
2026-03-10 18:15:45,988 [conec_lora.py:533] => Domain classifier training: Task 1, Epoch [27/40] lr 0.00048 Loss 16.2991, Train_acc 93.94
2026-03-10 18:15:51,833 [conec_lora.py:533] => Domain classifier training: Task 1, Epoch [28/40] lr 0.00041 Loss 16.3540, Train_acc 93.51
2026-03-10 18:15:57,686 [conec_lora.py:533] => Domain classifier training: Task 1, Epoch [29/40] lr 0.00035 Loss 16.2583, Train_acc 94.32
2026-03-10 18:16:03,638 [conec_lora.py:533] => Domain classifier training: Task 1, Epoch [30/40] lr 0.00029 Loss 16.2786, Train_acc 94.90
2026-03-10 18:16:09,641 [conec_lora.py:533] => Domain classifier training: Task 1, Epoch [31/40] lr 0.00024 Loss 16.0012, Train_acc 93.89
2026-03-10 18:16:15,601 [conec_lora.py:533] => Domain classifier training: Task 1, Epoch [32/40] lr 0.00019 Loss 15.5624, Train_acc 94.50
2026-03-10 18:16:21,488 [conec_lora.py:533] => Domain classifier training: Task 1, Epoch [33/40] lr 0.00015 Loss 16.0958, Train_acc 93.62
2026-03-10 18:16:27,356 [conec_lora.py:533] => Domain classifier training: Task 1, Epoch [34/40] lr 0.00011 Loss 15.7295, Train_acc 94.53
2026-03-10 18:16:33,312 [conec_lora.py:533] => Domain classifier training: Task 1, Epoch [35/40] lr 0.00008 Loss 15.9538, Train_acc 94.58
2026-03-10 18:16:39,280 [conec_lora.py:533] => Domain classifier training: Task 1, Epoch [36/40] lr 0.00005 Loss 15.5857, Train_acc 94.48
2026-03-10 18:16:45,238 [conec_lora.py:533] => Domain classifier training: Task 1, Epoch [37/40] lr 0.00003 Loss 16.0168, Train_acc 94.21
2026-03-10 18:16:51,191 [conec_lora.py:533] => Domain classifier training: Task 1, Epoch [38/40] lr 0.00001 Loss 15.8206, Train_acc 94.72
2026-03-10 18:16:57,108 [conec_lora.py:533] => Domain classifier training: Task 1, Epoch [39/40] lr 0.00000 Loss 15.8431, Train_acc 94.24
2026-03-10 18:17:03,042 [conec_lora.py:533] => Domain classifier training: Task 1, Epoch [40/40] lr 0.00000 Loss 15.7560, Train_acc 93.89
2026-03-10 18:17:03,201 [conec_lora.py:699] => Evaluating on the test set ...
2026-03-10 18:17:08,612 [trainer.py:102] => CNN (w/o oracle): {'total': 83.0, '0': 83.85, '0_many': 95.71, '0_medium': 84.48, '0_few': 80.34, '1': 82.15, '1_many': 85.0, '1_medium': 80.0, '1_few': -1.0, '00-01': 90.0, '02-03': 75.0, '04-05': 90.0, '06-07': 95.0, '08-09': 100.0, '10-11': 45.0, '12-13': 85.0, '14-15': 80.0, '16-17': 65.0, '18-19': 85.0, '20-21': 95.0, '22-23': 80.0, '24-25': 90.0, '26-27': 95.0, '28-29': 90.0, '30-31': 85.0, '32-33': 80.0, '34-35': 55.0, '36-37': 100.0, '38-39': 70.0, '40-41': 75.0, '42-43': 85.0, '44-45': 85.0, '46-47': 85.0, '48-49': 90.0, '50-51': 90.0, '52-53': 90.0, '54-55': 90.0, '56-57': 90.0, '58-59': 80.0, '60-61': 80.0, '62-63': 90.0, '64-65': 90.0, '66-67': 90.0, '68-69': 90.0, '70-71': 85.0, '72-73': 95.0, '74-75': 90.0, '76-77': 80.0, '78-79': 85.0, '80-81': 60.0, '82-83': 75.0, '84-85': 85.0, '86-87': 100.0, '88-89': 85.0, '90-91': 70.0, '92-93': 90.0, '94-95': 65.0, '96-97': 85.0, '98-99': 60.0, '100-101': 70.0, '102-103': 85.0, '104-105': 95.0, '106-107': 95.0, '108-109': 60.0, '110-111': 85.0, '112-113': 85.0, '114-115': 85.0, '116-117': 75.0, '118-119': 95.0, '120-121': 85.0, '122-123': 70.0, '124-125': 95.0, '126-127': 80.0, '128-129': 75.0, 'old': 83.85, 'new': 82.15, 'many_shot': np.float64(90.35499999999999), 'medium_shot': np.float64(82.24000000000001), 'few_shot': np.float64(80.34)}
2026-03-10 18:17:08,612 [trainer.py:107] => Accuracies (w/o oracle) for order 1: [84.62, 83.00] -> Avg.: 83.81
2026-03-10 18:17:08,612 [trainer.py:110] => CNN (with oracle): {'total': 83.38, '0': 84.62, '0_many': 95.71, '0_medium': 85.17, '0_few': 81.38, '1': 82.15, '1_many': 85.36, '1_medium': 79.73, '1_few': -1.0, '00-01': 90.0, '02-03': 75.0, '04-05': 90.0, '06-07': 100.0, '08-09': 100.0, '10-11': 40.0, '12-13': 85.0, '14-15': 80.0, '16-17': 65.0, '18-19': 85.0, '20-21': 95.0, '22-23': 100.0, '24-25': 90.0, '26-27': 100.0, '28-29': 90.0, '30-31': 85.0, '32-33': 80.0, '34-35': 60.0, '36-37': 100.0, '38-39': 70.0, '40-41': 80.0, '42-43': 85.0, '44-45': 85.0, '46-47': 85.0, '48-49': 90.0, '50-51': 90.0, '52-53': 90.0, '54-55': 85.0, '56-57': 90.0, '58-59': 80.0, '60-61': 80.0, '62-63': 85.0, '64-65': 90.0, '66-67': 90.0, '68-69': 90.0, '70-71': 85.0, '72-73': 95.0, '74-75': 90.0, '76-77': 80.0, '78-79': 85.0, '80-81': 60.0, '82-83': 75.0, '84-85': 85.0, '86-87': 100.0, '88-89': 80.0, '90-91': 70.0, '92-93': 90.0, '94-95': 65.0, '96-97': 85.0, '98-99': 60.0, '100-101': 70.0, '102-103': 85.0, '104-105': 95.0, '106-107': 95.0, '108-109': 60.0, '110-111': 85.0, '112-113': 85.0, '114-115': 85.0, '116-117': 75.0, '118-119': 95.0, '120-121': 85.0, '122-123': 70.0, '124-125': 95.0, '126-127': 80.0, '128-129': 80.0, 'old': 84.62, 'new': 82.15, 'many_shot': np.float64(90.535), 'medium_shot': np.float64(82.45), 'few_shot': np.float64(81.38)}
2026-03-10 18:17:08,612 [trainer.py:115] => Accuracies (with oracle) for order 1: [84.31, 83.38] -> Avg.: 83.84
2026-03-10 18:17:08,612 [trainer.py:119] => Domain classification accuracies (after each domain) for order 1:  [100.00, 92.62] -> Avg.: 96.31
2026-03-10 18:17:08,612 [conec_lora.py:109] => Learning on 130-195
2026-03-10 18:17:08,621 [our_utils.py:157] => Number of learnable parameters of LoRAs regularized: 221184
2026-03-10 18:17:08,621 [our_utils.py:157] => Number of learnable parameters of proxy_fc regularized: 99840
2026-03-10 18:17:08,621 [our_utils.py:159] => Total number of learnable parameters: 321024
2026-03-10 18:17:08,621 [conec_lora.py:161] => Training the domain 2 ...
2026-03-10 18:17:26,544 [conec_lora.py:236] => Task 2, Epoch 1/40 => Loss 0.915, Train_accy 80.14
2026-03-10 18:17:44,496 [conec_lora.py:236] => Task 2, Epoch 2/40 => Loss 0.229, Train_accy 94.17
2026-03-10 18:18:02,445 [conec_lora.py:236] => Task 2, Epoch 3/40 => Loss 0.172, Train_accy 95.97
2026-03-10 18:18:20,403 [conec_lora.py:236] => Task 2, Epoch 4/40 => Loss 0.137, Train_accy 97.14
2026-03-10 18:18:38,364 [conec_lora.py:236] => Task 2, Epoch 5/40 => Loss 0.124, Train_accy 97.17
2026-03-10 18:18:56,331 [conec_lora.py:236] => Task 2, Epoch 6/40 => Loss 0.109, Train_accy 97.85
2026-03-10 18:19:14,283 [conec_lora.py:236] => Task 2, Epoch 7/40 => Loss 0.098, Train_accy 98.01
2026-03-10 18:19:32,227 [conec_lora.py:236] => Task 2, Epoch 8/40 => Loss 0.086, Train_accy 98.46
2026-03-10 18:19:50,199 [conec_lora.py:236] => Task 2, Epoch 9/40 => Loss 0.078, Train_accy 98.81
2026-03-10 18:20:08,157 [conec_lora.py:236] => Task 2, Epoch 10/40 => Loss 0.072, Train_accy 98.76
2026-03-10 18:20:26,146 [conec_lora.py:236] => Task 2, Epoch 11/40 => Loss 0.068, Train_accy 98.91
2026-03-10 18:20:44,092 [conec_lora.py:236] => Task 2, Epoch 12/40 => Loss 0.067, Train_accy 98.83
2026-03-10 18:21:02,048 [conec_lora.py:236] => Task 2, Epoch 13/40 => Loss 0.060, Train_accy 98.86
2026-03-10 18:21:19,989 [conec_lora.py:236] => Task 2, Epoch 14/40 => Loss 0.059, Train_accy 98.94
2026-03-10 18:21:37,969 [conec_lora.py:236] => Task 2, Epoch 15/40 => Loss 0.054, Train_accy 99.05
2026-03-10 18:21:55,932 [conec_lora.py:236] => Task 2, Epoch 16/40 => Loss 0.053, Train_accy 99.13
2026-03-10 18:22:13,928 [conec_lora.py:236] => Task 2, Epoch 17/40 => Loss 0.056, Train_accy 98.94
2026-03-10 18:22:31,873 [conec_lora.py:236] => Task 2, Epoch 18/40 => Loss 0.051, Train_accy 99.26
2026-03-10 18:22:49,826 [conec_lora.py:236] => Task 2, Epoch 19/40 => Loss 0.047, Train_accy 99.23
2026-03-10 18:23:07,764 [conec_lora.py:236] => Task 2, Epoch 20/40 => Loss 0.048, Train_accy 99.21
2026-03-10 18:23:25,725 [conec_lora.py:236] => Task 2, Epoch 21/40 => Loss 0.043, Train_accy 99.28
2026-03-10 18:23:43,677 [conec_lora.py:236] => Task 2, Epoch 22/40 => Loss 0.041, Train_accy 99.36
2026-03-10 18:24:01,638 [conec_lora.py:236] => Task 2, Epoch 23/40 => Loss 0.048, Train_accy 99.15
2026-03-10 18:24:19,576 [conec_lora.py:236] => Task 2, Epoch 24/40 => Loss 0.044, Train_accy 99.34
2026-03-10 18:24:37,517 [conec_lora.py:236] => Task 2, Epoch 25/40 => Loss 0.043, Train_accy 99.18
2026-03-10 18:24:55,466 [conec_lora.py:236] => Task 2, Epoch 26/40 => Loss 0.041, Train_accy 99.31
2026-03-10 18:25:13,455 [conec_lora.py:236] => Task 2, Epoch 27/40 => Loss 0.039, Train_accy 99.36
2026-03-10 18:25:31,417 [conec_lora.py:236] => Task 2, Epoch 28/40 => Loss 0.037, Train_accy 99.42
2026-03-10 18:25:49,365 [conec_lora.py:236] => Task 2, Epoch 29/40 => Loss 0.039, Train_accy 99.31
2026-03-10 18:26:07,306 [conec_lora.py:236] => Task 2, Epoch 30/40 => Loss 0.039, Train_accy 99.26
2026-03-10 18:26:25,260 [conec_lora.py:236] => Task 2, Epoch 31/40 => Loss 0.038, Train_accy 99.39
2026-03-10 18:26:43,199 [conec_lora.py:236] => Task 2, Epoch 32/40 => Loss 0.036, Train_accy 99.55
2026-03-10 18:27:01,179 [conec_lora.py:236] => Task 2, Epoch 33/40 => Loss 0.040, Train_accy 99.36
2026-03-10 18:27:19,122 [conec_lora.py:236] => Task 2, Epoch 34/40 => Loss 0.032, Train_accy 99.66
2026-03-10 18:27:37,087 [conec_lora.py:236] => Task 2, Epoch 35/40 => Loss 0.035, Train_accy 99.58
2026-03-10 18:27:55,052 [conec_lora.py:236] => Task 2, Epoch 36/40 => Loss 0.036, Train_accy 99.50
2026-03-10 18:28:13,010 [conec_lora.py:236] => Task 2, Epoch 37/40 => Loss 0.035, Train_accy 99.47
2026-03-10 18:28:30,962 [conec_lora.py:236] => Task 2, Epoch 38/40 => Loss 0.037, Train_accy 99.39
2026-03-10 18:28:48,903 [conec_lora.py:236] => Task 2, Epoch 39/40 => Loss 0.033, Train_accy 99.55
2026-03-10 18:29:06,868 [conec_lora.py:236] => Task 2, Epoch 40/40 => Loss 0.038, Train_accy 99.47
2026-03-10 18:29:06,870 [conec_lora.py:365] => Calculating the prototypes for the classifier ...
2026-03-10 18:29:06,870 [conec_lora.py:334] => Obtaining the embeddings for domain 2
2026-03-10 18:29:12,402 [conec_lora.py:423] => Training the domain classifier ...
2026-03-10 18:29:12,402 [conec_lora.py:408] => Finding the number of samples to be generated ...
2026-03-10 18:29:12,402 [conec_lora.py:414] =>     We use 43 old + 21 new samples for each batch
2026-03-10 18:29:12,468 [conec_lora.py:543] => ==> Computing the statistics ...
2026-03-10 18:29:12,468 [conec_lora.py:277] => Obtaining the embeddings for domain 2 ...
2026-03-10 18:29:17,523 [conec_lora.py:556] =>     Statistics are ready for task: 2
2026-03-10 18:29:17,523 [conec_lora.py:560] => ==> Compression ...
2026-03-10 18:30:07,413 [conec_lora.py:572] => ==> Compression is done!
2026-03-10 18:30:07,482 [conec_lora.py:576] => => Generating synthetic embeddings
2026-03-10 18:30:19,883 [conec_lora.py:533] => Domain classifier training: Task 2, Epoch [1/40] lr 0.00200 Loss 143.2160, Train_acc 60.02
2026-03-10 18:30:26,009 [conec_lora.py:533] => Domain classifier training: Task 2, Epoch [2/40] lr 0.00199 Loss 99.9706, Train_acc 72.03
2026-03-10 18:30:32,033 [conec_lora.py:533] => Domain classifier training: Task 2, Epoch [3/40] lr 0.00197 Loss 84.9306, Train_acc 75.99
2026-03-10 18:30:38,176 [conec_lora.py:533] => Domain classifier training: Task 2, Epoch [4/40] lr 0.00195 Loss 77.4150, Train_acc 79.85
2026-03-10 18:30:44,202 [conec_lora.py:533] => Domain classifier training: Task 2, Epoch [5/40] lr 0.00192 Loss 70.7852, Train_acc 81.50
2026-03-10 18:30:50,342 [conec_lora.py:533] => Domain classifier training: Task 2, Epoch [6/40] lr 0.00189 Loss 67.6610, Train_acc 82.54
2026-03-10 18:30:56,395 [conec_lora.py:533] => Domain classifier training: Task 2, Epoch [7/40] lr 0.00185 Loss 62.4111, Train_acc 84.32
2026-03-10 18:31:02,464 [conec_lora.py:533] => Domain classifier training: Task 2, Epoch [8/40] lr 0.00181 Loss 59.9312, Train_acc 86.09
2026-03-10 18:31:08,562 [conec_lora.py:533] => Domain classifier training: Task 2, Epoch [9/40] lr 0.00176 Loss 55.8043, Train_acc 86.30
2026-03-10 18:31:14,658 [conec_lora.py:533] => Domain classifier training: Task 2, Epoch [10/40] lr 0.00171 Loss 54.5688, Train_acc 86.12
2026-03-10 18:31:20,657 [conec_lora.py:533] => Domain classifier training: Task 2, Epoch [11/40] lr 0.00165 Loss 51.8741, Train_acc 86.48
2026-03-10 18:31:26,865 [conec_lora.py:533] => Domain classifier training: Task 2, Epoch [12/40] lr 0.00159 Loss 50.7816, Train_acc 87.79
2026-03-10 18:31:32,907 [conec_lora.py:533] => Domain classifier training: Task 2, Epoch [13/40] lr 0.00152 Loss 48.2104, Train_acc 87.11
2026-03-10 18:31:39,035 [conec_lora.py:533] => Domain classifier training: Task 2, Epoch [14/40] lr 0.00145 Loss 48.0035, Train_acc 88.00
2026-03-10 18:31:45,094 [conec_lora.py:533] => Domain classifier training: Task 2, Epoch [15/40] lr 0.00138 Loss 46.7211, Train_acc 88.57
2026-03-10 18:31:51,191 [conec_lora.py:533] => Domain classifier training: Task 2, Epoch [16/40] lr 0.00131 Loss 45.5327, Train_acc 88.07
2026-03-10 18:31:57,235 [conec_lora.py:533] => Domain classifier training: Task 2, Epoch [17/40] lr 0.00123 Loss 44.3647, Train_acc 89.67
2026-03-10 18:32:03,267 [conec_lora.py:533] => Domain classifier training: Task 2, Epoch [18/40] lr 0.00116 Loss 43.8652, Train_acc 89.07
2026-03-10 18:32:09,397 [conec_lora.py:533] => Domain classifier training: Task 2, Epoch [19/40] lr 0.00108 Loss 43.5522, Train_acc 90.19
2026-03-10 18:32:15,561 [conec_lora.py:533] => Domain classifier training: Task 2, Epoch [20/40] lr 0.00100 Loss 42.6634, Train_acc 89.09
2026-03-10 18:32:21,645 [conec_lora.py:533] => Domain classifier training: Task 2, Epoch [21/40] lr 0.00092 Loss 41.6543, Train_acc 89.77
2026-03-10 18:32:27,775 [conec_lora.py:533] => Domain classifier training: Task 2, Epoch [22/40] lr 0.00084 Loss 41.3519, Train_acc 89.90
2026-03-10 18:32:33,883 [conec_lora.py:533] => Domain classifier training: Task 2, Epoch [23/40] lr 0.00077 Loss 40.7127, Train_acc 89.56
2026-03-10 18:32:39,926 [conec_lora.py:533] => Domain classifier training: Task 2, Epoch [24/40] lr 0.00069 Loss 40.2510, Train_acc 89.27
2026-03-10 18:32:46,040 [conec_lora.py:533] => Domain classifier training: Task 2, Epoch [25/40] lr 0.00062 Loss 40.9235, Train_acc 89.93
2026-03-10 18:32:52,106 [conec_lora.py:533] => Domain classifier training: Task 2, Epoch [26/40] lr 0.00055 Loss 40.1914, Train_acc 90.66
2026-03-10 18:32:58,159 [conec_lora.py:533] => Domain classifier training: Task 2, Epoch [27/40] lr 0.00048 Loss 39.4725, Train_acc 90.21
2026-03-10 18:33:04,252 [conec_lora.py:533] => Domain classifier training: Task 2, Epoch [28/40] lr 0.00041 Loss 38.9937, Train_acc 90.01
2026-03-10 18:33:10,312 [conec_lora.py:533] => Domain classifier training: Task 2, Epoch [29/40] lr 0.00035 Loss 39.4181, Train_acc 90.61
2026-03-10 18:33:16,406 [conec_lora.py:533] => Domain classifier training: Task 2, Epoch [30/40] lr 0.00029 Loss 38.6009, Train_acc 90.76
2026-03-10 18:33:22,515 [conec_lora.py:533] => Domain classifier training: Task 2, Epoch [31/40] lr 0.00024 Loss 38.4909, Train_acc 90.53
2026-03-10 18:33:28,553 [conec_lora.py:533] => Domain classifier training: Task 2, Epoch [32/40] lr 0.00019 Loss 38.9884, Train_acc 90.42
2026-03-10 18:33:34,715 [conec_lora.py:533] => Domain classifier training: Task 2, Epoch [33/40] lr 0.00015 Loss 39.0983, Train_acc 89.90
2026-03-10 18:33:40,860 [conec_lora.py:533] => Domain classifier training: Task 2, Epoch [34/40] lr 0.00011 Loss 37.1515, Train_acc 91.34
2026-03-10 18:33:46,917 [conec_lora.py:533] => Domain classifier training: Task 2, Epoch [35/40] lr 0.00008 Loss 37.9875, Train_acc 90.58
2026-03-10 18:33:52,982 [conec_lora.py:533] => Domain classifier training: Task 2, Epoch [36/40] lr 0.00005 Loss 38.5209, Train_acc 90.87
2026-03-10 18:33:59,085 [conec_lora.py:533] => Domain classifier training: Task 2, Epoch [37/40] lr 0.00003 Loss 38.2320, Train_acc 90.19
2026-03-10 18:34:05,145 [conec_lora.py:533] => Domain classifier training: Task 2, Epoch [38/40] lr 0.00001 Loss 37.5829, Train_acc 91.00
2026-03-10 18:34:11,160 [conec_lora.py:533] => Domain classifier training: Task 2, Epoch [39/40] lr 0.00000 Loss 38.2276, Train_acc 90.61
2026-03-10 18:34:17,252 [conec_lora.py:533] => Domain classifier training: Task 2, Epoch [40/40] lr 0.00000 Loss 37.6471, Train_acc 90.92
2026-03-10 18:34:17,409 [conec_lora.py:699] => Evaluating on the test set ...
2026-03-10 18:34:25,435 [trainer.py:102] => CNN (w/o oracle): {'total': 85.79, '0': 83.23, '0_many': 94.29, '0_medium': 84.14, '0_few': 79.66, '1': 81.85, '1_many': 85.0, '1_medium': 79.46, '1_few': -1.0, '2': 92.31, '2_many': 93.1, '2_medium': 91.67, '2_few': -1.0, '00-01': 90.0, '02-03': 75.0, '04-05': 85.0, '06-07': 100.0, '08-09': 100.0, '10-11': 40.0, '12-13': 85.0, '14-15': 80.0, '16-17': 70.0, '18-19': 85.0, '20-21': 95.0, '22-23': 80.0, '24-25': 90.0, '26-27': 95.0, '28-29': 90.0, '30-31': 85.0, '32-33': 70.0, '34-35': 55.0, '36-37': 100.0, '38-39': 75.0, '40-41': 65.0, '42-43': 85.0, '44-45': 80.0, '46-47': 90.0, '48-49': 90.0, '50-51': 90.0, '52-53': 90.0, '54-55': 90.0, '56-57': 90.0, '58-59': 80.0, '60-61': 80.0, '62-63': 85.0, '64-65': 90.0, '66-67': 90.0, '68-69': 90.0, '70-71': 85.0, '72-73': 95.0, '74-75': 85.0, '76-77': 80.0, '78-79': 85.0, '80-81': 60.0, '82-83': 75.0, '84-85': 85.0, '86-87': 100.0, '88-89': 85.0, '90-91': 70.0, '92-93': 90.0, '94-95': 65.0, '96-97': 85.0, '98-99': 60.0, '100-101': 70.0, '102-103': 85.0, '104-105': 95.0, '106-107': 95.0, '108-109': 60.0, '110-111': 85.0, '112-113': 85.0, '114-115': 85.0, '116-117': 70.0, '118-119': 95.0, '120-121': 85.0, '122-123': 65.0, '124-125': 95.0, '126-127': 80.0, '128-129': 80.0, '130-131': 90.0, '132-133': 95.0, '134-135': 100.0, '136-137': 100.0, '138-139': 90.0, '140-141': 90.0, '142-143': 80.0, '144-145': 100.0, '146-147': 85.0, '148-149': 95.0, '150-151': 95.0, '152-153': 80.0, '154-155': 95.0, '156-157': 95.0, '158-159': 100.0, '160-161': 95.0, '162-163': 85.0, '164-165': 90.0, '166-167': 90.0, '168-169': 95.0, '170-171': 95.0, '172-173': 75.0, '174-175': 100.0, '176-177': 80.0, '178-179': 100.0, '180-181': 95.0, '182-183': 90.0, '184-185': 100.0, '186-187': 90.0, '188-189': 95.0, '190-191': 85.0, '192-193': 100.0, 'old': 82.54, 'new': 92.31, 'many_shot': np.float64(90.79666666666667), 'medium_shot': np.float64(85.08999999999999), 'few_shot': np.float64(79.66)}
2026-03-10 18:34:25,435 [trainer.py:107] => Accuracies (w/o oracle) for order 1: [84.62, 83.00, 85.79] -> Avg.: 84.47
2026-03-10 18:34:25,435 [trainer.py:110] => CNN (with oracle): {'total': 87.13, '0': 84.62, '0_many': 95.71, '0_medium': 85.17, '0_few': 81.38, '1': 82.0, '1_many': 85.36, '1_medium': 79.46, '1_few': -1.0, '2': 94.77, '2_many': 95.86, '2_medium': 93.89, '2_few': -1.0, '00-01': 90.0, '02-03': 75.0, '04-05': 90.0, '06-07': 100.0, '08-09': 100.0, '10-11': 40.0, '12-13': 85.0, '14-15': 80.0, '16-17': 65.0, '18-19': 85.0, '20-21': 95.0, '22-23': 100.0, '24-25': 90.0, '26-27': 100.0, '28-29': 90.0, '30-31': 85.0, '32-33': 80.0, '34-35': 60.0, '36-37': 100.0, '38-39': 70.0, '40-41': 80.0, '42-43': 85.0, '44-45': 85.0, '46-47': 85.0, '48-49': 90.0, '50-51': 90.0, '52-53': 90.0, '54-55': 85.0, '56-57': 90.0, '58-59': 80.0, '60-61': 80.0, '62-63': 85.0, '64-65': 90.0, '66-67': 90.0, '68-69': 90.0, '70-71': 85.0, '72-73': 95.0, '74-75': 90.0, '76-77': 80.0, '78-79': 85.0, '80-81': 60.0, '82-83': 75.0, '84-85': 85.0, '86-87': 100.0, '88-89': 80.0, '90-91': 70.0, '92-93': 90.0, '94-95': 65.0, '96-97': 85.0, '98-99': 60.0, '100-101': 70.0, '102-103': 85.0, '104-105': 95.0, '106-107': 95.0, '108-109': 60.0, '110-111': 85.0, '112-113': 85.0, '114-115': 85.0, '116-117': 75.0, '118-119': 95.0, '120-121': 80.0, '122-123': 70.0, '124-125': 95.0, '126-127': 80.0, '128-129': 80.0, '130-131': 90.0, '132-133': 100.0, '134-135': 100.0, '136-137': 100.0, '138-139': 95.0, '140-141': 100.0, '142-143': 80.0, '144-145': 100.0, '146-147': 85.0, '148-149': 100.0, '150-151': 95.0, '152-153': 95.0, '154-155': 95.0, '156-157': 95.0, '158-159': 100.0, '160-161': 100.0, '162-163': 90.0, '164-165': 90.0, '166-167': 90.0, '168-169': 100.0, '170-171': 100.0, '172-173': 75.0, '174-175': 100.0, '176-177': 95.0, '178-179': 100.0, '180-181': 95.0, '182-183': 90.0, '184-185': 100.0, '186-187': 95.0, '188-189': 95.0, '190-191': 85.0, '192-193': 100.0, 'old': 83.31, 'new': 94.77, 'many_shot': np.float64(92.31), 'medium_shot': np.float64(86.17333333333333), 'few_shot': np.float64(81.38)}
2026-03-10 18:34:25,435 [trainer.py:115] => Accuracies (with oracle) for order 1: [84.31, 83.38, 87.13] -> Avg.: 84.94
2026-03-10 18:34:25,435 [trainer.py:119] => Domain classification accuracies (after each domain) for order 1:  [100.00, 92.62, 87.49] -> Avg.: 93.37
2026-03-10 18:34:25,435 [conec_lora.py:109] => Learning on 195-260
2026-03-10 18:34:25,443 [our_utils.py:157] => Number of learnable parameters of LoRAs regularized: 221184
2026-03-10 18:34:25,443 [our_utils.py:157] => Number of learnable parameters of proxy_fc regularized: 99840
2026-03-10 18:34:25,443 [our_utils.py:159] => Total number of learnable parameters: 321024
2026-03-10 18:34:25,444 [conec_lora.py:161] => Training the domain 3 ...
2026-03-10 18:34:43,165 [conec_lora.py:236] => Task 3, Epoch 1/40 => Loss 0.855, Train_accy 80.54
2026-03-10 18:35:01,194 [conec_lora.py:236] => Task 3, Epoch 2/40 => Loss 0.227, Train_accy 94.13
2026-03-10 18:35:19,198 [conec_lora.py:236] => Task 3, Epoch 3/40 => Loss 0.180, Train_accy 95.23
2026-03-10 18:35:37,335 [conec_lora.py:236] => Task 3, Epoch 4/40 => Loss 0.149, Train_accy 96.35
2026-03-10 18:35:55,424 [conec_lora.py:236] => Task 3, Epoch 5/40 => Loss 0.128, Train_accy 96.74
2026-03-10 18:36:13,712 [conec_lora.py:236] => Task 3, Epoch 6/40 => Loss 0.118, Train_accy 97.15
2026-03-10 18:36:31,642 [conec_lora.py:236] => Task 3, Epoch 7/40 => Loss 0.108, Train_accy 97.67
2026-03-10 18:36:49,652 [conec_lora.py:236] => Task 3, Epoch 8/40 => Loss 0.101, Train_accy 97.92
2026-03-10 18:37:07,977 [conec_lora.py:236] => Task 3, Epoch 9/40 => Loss 0.089, Train_accy 98.38
2026-03-10 18:37:25,859 [conec_lora.py:236] => Task 3, Epoch 10/40 => Loss 0.084, Train_accy 98.19
2026-03-10 18:37:43,716 [conec_lora.py:236] => Task 3, Epoch 11/40 => Loss 0.079, Train_accy 98.22
2026-03-10 18:38:01,588 [conec_lora.py:236] => Task 3, Epoch 12/40 => Loss 0.081, Train_accy 98.30
2026-03-10 18:38:19,672 [conec_lora.py:236] => Task 3, Epoch 13/40 => Loss 0.074, Train_accy 98.46
2026-03-10 18:38:37,607 [conec_lora.py:236] => Task 3, Epoch 14/40 => Loss 0.067, Train_accy 98.57
2026-03-10 18:38:55,700 [conec_lora.py:236] => Task 3, Epoch 15/40 => Loss 0.063, Train_accy 98.74
2026-03-10 18:39:13,726 [conec_lora.py:236] => Task 3, Epoch 16/40 => Loss 0.061, Train_accy 98.90
2026-03-10 18:39:31,878 [conec_lora.py:236] => Task 3, Epoch 17/40 => Loss 0.058, Train_accy 98.96
2026-03-10 18:39:49,971 [conec_lora.py:236] => Task 3, Epoch 18/40 => Loss 0.055, Train_accy 99.07
2026-03-10 18:40:07,838 [conec_lora.py:236] => Task 3, Epoch 19/40 => Loss 0.057, Train_accy 98.90
2026-03-10 18:40:26,044 [conec_lora.py:236] => Task 3, Epoch 20/40 => Loss 0.055, Train_accy 98.96
2026-03-10 18:40:44,026 [conec_lora.py:236] => Task 3, Epoch 21/40 => Loss 0.053, Train_accy 99.04
2026-03-10 18:41:02,062 [conec_lora.py:236] => Task 3, Epoch 22/40 => Loss 0.048, Train_accy 99.15
2026-03-10 18:41:19,864 [conec_lora.py:236] => Task 3, Epoch 23/40 => Loss 0.045, Train_accy 99.26
2026-03-10 18:41:37,691 [conec_lora.py:236] => Task 3, Epoch 24/40 => Loss 0.046, Train_accy 99.26
2026-03-10 18:41:55,730 [conec_lora.py:236] => Task 3, Epoch 25/40 => Loss 0.048, Train_accy 99.07
2026-03-10 18:42:13,625 [conec_lora.py:236] => Task 3, Epoch 26/40 => Loss 0.042, Train_accy 99.37
2026-03-10 18:42:31,504 [conec_lora.py:236] => Task 3, Epoch 27/40 => Loss 0.045, Train_accy 99.12
2026-03-10 18:42:49,429 [conec_lora.py:236] => Task 3, Epoch 28/40 => Loss 0.041, Train_accy 99.37
2026-03-10 18:43:07,627 [conec_lora.py:236] => Task 3, Epoch 29/40 => Loss 0.044, Train_accy 99.29
2026-03-10 18:43:25,659 [conec_lora.py:236] => Task 3, Epoch 30/40 => Loss 0.041, Train_accy 99.34
2026-03-10 18:43:43,586 [conec_lora.py:236] => Task 3, Epoch 31/40 => Loss 0.039, Train_accy 99.37
2026-03-10 18:44:01,355 [conec_lora.py:236] => Task 3, Epoch 32/40 => Loss 0.039, Train_accy 99.42
2026-03-10 18:44:19,337 [conec_lora.py:236] => Task 3, Epoch 33/40 => Loss 0.039, Train_accy 99.37
2026-03-10 18:44:37,487 [conec_lora.py:236] => Task 3, Epoch 34/40 => Loss 0.040, Train_accy 99.34
2026-03-10 18:44:55,529 [conec_lora.py:236] => Task 3, Epoch 35/40 => Loss 0.043, Train_accy 99.12
2026-03-10 18:45:13,411 [conec_lora.py:236] => Task 3, Epoch 36/40 => Loss 0.038, Train_accy 99.40
2026-03-10 18:45:31,346 [conec_lora.py:236] => Task 3, Epoch 37/40 => Loss 0.037, Train_accy 99.45
2026-03-10 18:45:49,644 [conec_lora.py:236] => Task 3, Epoch 38/40 => Loss 0.037, Train_accy 99.51
2026-03-10 18:46:07,664 [conec_lora.py:236] => Task 3, Epoch 39/40 => Loss 0.039, Train_accy 99.37
2026-03-10 18:46:25,776 [conec_lora.py:236] => Task 3, Epoch 40/40 => Loss 0.038, Train_accy 99.42
2026-03-10 18:46:25,777 [conec_lora.py:365] => Calculating the prototypes for the classifier ...
2026-03-10 18:46:25,777 [conec_lora.py:334] => Obtaining the embeddings for domain 3
2026-03-10 18:46:32,690 [conec_lora.py:423] => Training the domain classifier ...
2026-03-10 18:46:32,690 [conec_lora.py:408] => Finding the number of samples to be generated ...
2026-03-10 18:46:32,690 [conec_lora.py:414] =>     We use 48 old + 16 new samples for each batch
2026-03-10 18:46:32,760 [conec_lora.py:543] => ==> Computing the statistics ...
2026-03-10 18:46:32,760 [conec_lora.py:277] => Obtaining the embeddings for domain 3 ...
2026-03-10 18:46:39,008 [conec_lora.py:556] =>     Statistics are ready for task: 3
2026-03-10 18:46:39,101 [conec_lora.py:576] => => Generating synthetic embeddings
2026-03-10 18:46:54,394 [conec_lora.py:533] => Domain classifier training: Task 3, Epoch [1/40] lr 0.00200 Loss 134.4135, Train_acc 64.74
2026-03-10 18:47:01,522 [conec_lora.py:533] => Domain classifier training: Task 3, Epoch [2/40] lr 0.00199 Loss 128.6014, Train_acc 68.78
2026-03-10 18:47:08,638 [conec_lora.py:533] => Domain classifier training: Task 3, Epoch [3/40] lr 0.00197 Loss 125.4091, Train_acc 69.07
2026-03-10 18:47:15,769 [conec_lora.py:533] => Domain classifier training: Task 3, Epoch [4/40] lr 0.00195 Loss 122.6663, Train_acc 69.72
2026-03-10 18:47:22,884 [conec_lora.py:533] => Domain classifier training: Task 3, Epoch [5/40] lr 0.00192 Loss 121.7117, Train_acc 71.66
2026-03-10 18:47:30,048 [conec_lora.py:533] => Domain classifier training: Task 3, Epoch [6/40] lr 0.00189 Loss 118.3899, Train_acc 72.23
2026-03-10 18:47:37,147 [conec_lora.py:533] => Domain classifier training: Task 3, Epoch [7/40] lr 0.00185 Loss 116.2499, Train_acc 72.41
2026-03-10 18:47:44,267 [conec_lora.py:533] => Domain classifier training: Task 3, Epoch [8/40] lr 0.00181 Loss 114.7610, Train_acc 73.38
2026-03-10 18:47:51,338 [conec_lora.py:533] => Domain classifier training: Task 3, Epoch [9/40] lr 0.00176 Loss 115.8071, Train_acc 73.52
2026-03-10 18:47:58,479 [conec_lora.py:533] => Domain classifier training: Task 3, Epoch [10/40] lr 0.00171 Loss 112.9370, Train_acc 73.36
2026-03-10 18:48:05,554 [conec_lora.py:533] => Domain classifier training: Task 3, Epoch [11/40] lr 0.00165 Loss 111.1691, Train_acc 73.65
2026-03-10 18:48:12,610 [conec_lora.py:533] => Domain classifier training: Task 3, Epoch [12/40] lr 0.00159 Loss 111.8512, Train_acc 75.32
2026-03-10 18:48:19,650 [conec_lora.py:533] => Domain classifier training: Task 3, Epoch [13/40] lr 0.00152 Loss 109.8951, Train_acc 75.16
2026-03-10 18:48:26,848 [conec_lora.py:533] => Domain classifier training: Task 3, Epoch [14/40] lr 0.00145 Loss 108.2800, Train_acc 76.19
2026-03-10 18:48:33,935 [conec_lora.py:533] => Domain classifier training: Task 3, Epoch [15/40] lr 0.00138 Loss 106.7331, Train_acc 76.27
2026-03-10 18:48:41,020 [conec_lora.py:533] => Domain classifier training: Task 3, Epoch [16/40] lr 0.00131 Loss 106.2683, Train_acc 76.64
2026-03-10 18:48:48,059 [conec_lora.py:533] => Domain classifier training: Task 3, Epoch [17/40] lr 0.00123 Loss 105.7186, Train_acc 77.80
2026-03-10 18:48:55,203 [conec_lora.py:533] => Domain classifier training: Task 3, Epoch [18/40] lr 0.00116 Loss 104.4905, Train_acc 77.59
2026-03-10 18:49:02,339 [conec_lora.py:533] => Domain classifier training: Task 3, Epoch [19/40] lr 0.00108 Loss 104.6185, Train_acc 76.32
2026-03-10 18:49:09,353 [conec_lora.py:533] => Domain classifier training: Task 3, Epoch [20/40] lr 0.00100 Loss 103.0412, Train_acc 77.83
2026-03-10 18:49:16,441 [conec_lora.py:533] => Domain classifier training: Task 3, Epoch [21/40] lr 0.00092 Loss 103.4798, Train_acc 76.21
2026-03-10 18:49:23,600 [conec_lora.py:533] => Domain classifier training: Task 3, Epoch [22/40] lr 0.00084 Loss 102.4085, Train_acc 77.24
2026-03-10 18:49:30,850 [conec_lora.py:533] => Domain classifier training: Task 3, Epoch [23/40] lr 0.00077 Loss 101.5693, Train_acc 76.94
2026-03-10 18:49:37,963 [conec_lora.py:533] => Domain classifier training: Task 3, Epoch [24/40] lr 0.00069 Loss 102.4379, Train_acc 78.10
2026-03-10 18:49:44,948 [conec_lora.py:533] => Domain classifier training: Task 3, Epoch [25/40] lr 0.00062 Loss 100.5494, Train_acc 78.26
2026-03-10 18:49:52,026 [conec_lora.py:533] => Domain classifier training: Task 3, Epoch [26/40] lr 0.00055 Loss 100.0154, Train_acc 78.26
2026-03-10 18:49:59,052 [conec_lora.py:533] => Domain classifier training: Task 3, Epoch [27/40] lr 0.00048 Loss 99.9831, Train_acc 77.91
2026-03-10 18:50:06,224 [conec_lora.py:533] => Domain classifier training: Task 3, Epoch [28/40] lr 0.00041 Loss 99.1327, Train_acc 78.21
2026-03-10 18:50:13,320 [conec_lora.py:533] => Domain classifier training: Task 3, Epoch [29/40] lr 0.00035 Loss 99.3518, Train_acc 78.04
2026-03-10 18:50:20,334 [conec_lora.py:533] => Domain classifier training: Task 3, Epoch [30/40] lr 0.00029 Loss 99.5144, Train_acc 79.34
2026-03-10 18:50:27,619 [conec_lora.py:533] => Domain classifier training: Task 3, Epoch [31/40] lr 0.00024 Loss 100.7718, Train_acc 77.77
2026-03-10 18:50:34,617 [conec_lora.py:533] => Domain classifier training: Task 3, Epoch [32/40] lr 0.00019 Loss 98.0996, Train_acc 79.80
2026-03-10 18:50:41,740 [conec_lora.py:533] => Domain classifier training: Task 3, Epoch [33/40] lr 0.00015 Loss 97.9579, Train_acc 79.53
2026-03-10 18:50:48,856 [conec_lora.py:533] => Domain classifier training: Task 3, Epoch [34/40] lr 0.00011 Loss 99.0087, Train_acc 79.09
2026-03-10 18:50:55,982 [conec_lora.py:533] => Domain classifier training: Task 3, Epoch [35/40] lr 0.00008 Loss 98.2419, Train_acc 78.15
2026-03-10 18:51:03,185 [conec_lora.py:533] => Domain classifier training: Task 3, Epoch [36/40] lr 0.00005 Loss 98.9056, Train_acc 77.91
2026-03-10 18:51:10,353 [conec_lora.py:533] => Domain classifier training: Task 3, Epoch [37/40] lr 0.00003 Loss 99.1927, Train_acc 78.04
2026-03-10 18:51:17,514 [conec_lora.py:533] => Domain classifier training: Task 3, Epoch [38/40] lr 0.00001 Loss 99.0701, Train_acc 78.39
2026-03-10 18:51:24,575 [conec_lora.py:533] => Domain classifier training: Task 3, Epoch [39/40] lr 0.00000 Loss 98.0606, Train_acc 79.12
2026-03-10 18:51:31,656 [conec_lora.py:533] => Domain classifier training: Task 3, Epoch [40/40] lr 0.00000 Loss 97.8729, Train_acc 79.12
2026-03-10 18:51:31,822 [conec_lora.py:699] => Evaluating on the test set ...
2026-03-10 18:51:42,677 [trainer.py:102] => CNN (w/o oracle): {'total': 86.58, '0': 83.23, '0_many': 94.29, '0_medium': 84.48, '0_few': 79.31, '1': 81.85, '1_many': 85.0, '1_medium': 79.46, '1_few': -1.0, '2': 93.08, '2_many': 93.45, '2_medium': 92.78, '2_few': -1.0, '3': 88.15, '3_many': 94.07, '3_medium': 85.56, '3_few': 55.0, '00-01': 90.0, '02-03': 75.0, '04-05': 85.0, '06-07': 100.0, '08-09': 100.0, '10-11': 50.0, '12-13': 85.0, '14-15': 75.0, '16-17': 65.0, '18-19': 85.0, '20-21': 95.0, '22-23': 80.0, '24-25': 90.0, '26-27': 95.0, '28-29': 85.0, '30-31': 85.0, '32-33': 65.0, '34-35': 65.0, '36-37': 100.0, '38-39': 75.0, '40-41': 70.0, '42-43': 85.0, '44-45': 85.0, '46-47': 95.0, '48-49': 85.0, '50-51': 90.0, '52-53': 90.0, '54-55': 80.0, '56-57': 90.0, '58-59': 85.0, '60-61': 75.0, '62-63': 85.0, '64-65': 90.0, '66-67': 90.0, '68-69': 90.0, '70-71': 85.0, '72-73': 95.0, '74-75': 85.0, '76-77': 80.0, '78-79': 85.0, '80-81': 60.0, '82-83': 75.0, '84-85': 85.0, '86-87': 100.0, '88-89': 85.0, '90-91': 70.0, '92-93': 90.0, '94-95': 65.0, '96-97': 85.0, '98-99': 60.0, '100-101': 70.0, '102-103': 85.0, '104-105': 95.0, '106-107': 95.0, '108-109': 60.0, '110-111': 85.0, '112-113': 85.0, '114-115': 85.0, '116-117': 70.0, '118-119': 95.0, '120-121': 80.0, '122-123': 70.0, '124-125': 95.0, '126-127': 80.0, '128-129': 80.0, '130-131': 90.0, '132-133': 95.0, '134-135': 100.0, '136-137': 100.0, '138-139': 95.0, '140-141': 90.0, '142-143': 80.0, '144-145': 100.0, '146-147': 85.0, '148-149': 100.0, '150-151': 95.0, '152-153': 80.0, '154-155': 95.0, '156-157': 95.0, '158-159': 100.0, '160-161': 100.0, '162-163': 90.0, '164-165': 90.0, '166-167': 90.0, '168-169': 95.0, '170-171': 100.0, '172-173': 75.0, '174-175': 100.0, '176-177': 90.0, '178-179': 100.0, '180-181': 95.0, '182-183': 90.0, '184-185': 100.0, '186-187': 90.0, '188-189': 95.0, '190-191': 80.0, '192-193': 95.0, '194-195': 100.0, '196-197': 95.0, '198-199': 95.0, '200-201': 80.0, '202-203': 100.0, '204-205': 95.0, '206-207': 40.0, '208-209': 100.0, '210-211': 90.0, '212-213': 95.0, '214-215': 90.0, '216-217': 100.0, '218-219': 80.0, '220-221': 100.0, '222-223': 100.0, '224-225': 100.0, '226-227': 95.0, '228-229': 60.0, '230-231': 100.0, '232-233': 95.0, '234-235': 80.0, '236-237': 90.0, '238-239': 70.0, '240-241': 95.0, '242-243': 80.0, '244-245': 95.0, '246-247': 100.0, '248-249': 100.0, '250-251': 80.0, '252-253': 80.0, '254-255': 90.0, '256-257': 75.0, '258-259': 70.0, 'old': 86.05, 'new': 88.15, 'many_shot': np.float64(91.7025), 'medium_shot': np.float64(85.57000000000001), 'few_shot': np.float64(67.155)}
2026-03-10 18:51:42,677 [trainer.py:107] => Accuracies (w/o oracle) for order 1: [84.62, 83.00, 85.79, 86.58] -> Avg.: 85.00
2026-03-10 18:51:42,677 [trainer.py:110] => CNN (with oracle): {'total': 88.19, '0': 84.62, '0_many': 95.71, '0_medium': 85.17, '0_few': 81.38, '1': 82.31, '1_many': 85.36, '1_medium': 80.0, '1_few': -1.0, '2': 94.77, '2_many': 95.86, '2_medium': 93.89, '2_few': -1.0, '3': 91.08, '3_many': 95.19, '3_medium': 88.89, '3_few': 75.0, '00-01': 90.0, '02-03': 75.0, '04-05': 90.0, '06-07': 100.0, '08-09': 100.0, '10-11': 40.0, '12-13': 85.0, '14-15': 80.0, '16-17': 65.0, '18-19': 85.0, '20-21': 95.0, '22-23': 100.0, '24-25': 90.0, '26-27': 100.0, '28-29': 90.0, '30-31': 85.0, '32-33': 80.0, '34-35': 60.0, '36-37': 100.0, '38-39': 70.0, '40-41': 80.0, '42-43': 85.0, '44-45': 85.0, '46-47': 85.0, '48-49': 90.0, '50-51': 90.0, '52-53': 90.0, '54-55': 85.0, '56-57': 90.0, '58-59': 80.0, '60-61': 80.0, '62-63': 85.0, '64-65': 90.0, '66-67': 90.0, '68-69': 90.0, '70-71': 85.0, '72-73': 95.0, '74-75': 90.0, '76-77': 80.0, '78-79': 85.0, '80-81': 60.0, '82-83': 75.0, '84-85': 85.0, '86-87': 100.0, '88-89': 85.0, '90-91': 70.0, '92-93': 90.0, '94-95': 65.0, '96-97': 85.0, '98-99': 60.0, '100-101': 70.0, '102-103': 85.0, '104-105': 95.0, '106-107': 95.0, '108-109': 60.0, '110-111': 85.0, '112-113': 85.0, '114-115': 85.0, '116-117': 75.0, '118-119': 95.0, '120-121': 85.0, '122-123': 70.0, '124-125': 95.0, '126-127': 80.0, '128-129': 80.0, '130-131': 90.0, '132-133': 100.0, '134-135': 100.0, '136-137': 100.0, '138-139': 95.0, '140-141': 100.0, '142-143': 80.0, '144-145': 100.0, '146-147': 85.0, '148-149': 100.0, '150-151': 95.0, '152-153': 95.0, '154-155': 95.0, '156-157': 95.0, '158-159': 100.0, '160-161': 100.0, '162-163': 90.0, '164-165': 90.0, '166-167': 90.0, '168-169': 100.0, '170-171': 100.0, '172-173': 75.0, '174-175': 100.0, '176-177': 95.0, '178-179': 100.0, '180-181': 95.0, '182-183': 90.0, '184-185': 100.0, '186-187': 95.0, '188-189': 95.0, '190-191': 85.0, '192-193': 100.0, '194-195': 100.0, '196-197': 90.0, '198-199': 95.0, '200-201': 95.0, '202-203': 100.0, '204-205': 100.0, '206-207': 60.0, '208-209': 100.0, '210-211': 95.0, '212-213': 95.0, '214-215': 95.0, '216-217': 100.0, '218-219': 85.0, '220-221': 100.0, '222-223': 100.0, '224-225': 100.0, '226-227': 95.0, '228-229': 65.0, '230-231': 100.0, '232-233': 90.0, '234-235': 85.0, '236-237': 90.0, '238-239': 80.0, '240-241': 95.0, '242-243': 80.0, '244-245': 100.0, '246-247': 100.0, '248-249': 100.0, '250-251': 85.0, '252-253': 80.0, '254-255': 90.0, '256-257': 90.0, '258-259': 75.0, 'old': 87.23, 'new': 91.08, 'many_shot': np.float64(93.03), 'medium_shot': np.float64(86.9875), 'few_shot': np.float64(78.19)}
2026-03-10 18:51:42,677 [trainer.py:115] => Accuracies (with oracle) for order 1: [84.31, 83.38, 87.13, 88.19] -> Avg.: 85.75
2026-03-10 18:51:42,677 [trainer.py:119] => Domain classification accuracies (after each domain) for order 1:  [100.00, 92.62, 87.49, 72.50] -> Avg.: 88.15
2026-03-10 18:51:42,677 [trainer.py:127] => The process is finished!
