2026-03-10 17:41:53,653 [trainer.py:178] => ----------------------------------------------------------------------------------------------------
2026-03-10 17:41:53,672 [trainer.py:182] => Python version: 3.12.3
2026-03-10 17:41:53,672 [trainer.py:183] => PyTorch version: 2.10.0+cu130,TorchVision version: 0.25.0+cu130
2026-03-10 17:41:53,672 [trainer.py:184] => GPU Name: NVIDIA GeForce RTX 4090
2026-03-10 17:41:53,672 [trainer.py:185] => Driver: 580.126.09
2026-03-10 17:41:53,672 [trainer.py:188] => config: ./exps/officehome.json
2026-03-10 17:41:53,672 [trainer.py:188] => order: 1
2026-03-10 17:41:53,672 [trainer.py:188] => device: [device(type='cuda', index=0)]
2026-03-10 17:41:53,672 [trainer.py:188] => prefix: CONEC_LoRA
2026-03-10 17:41:53,672 [trainer.py:188] => dataset: officehome
2026-03-10 17:41:53,672 [trainer.py:188] => data_path: /home/rizal/rizal_projects/CONEC-LoRA/Datasets/DIL/OfficeHomeDataset_10072016/
2026-03-10 17:41:53,672 [trainer.py:188] => total_sessions: 4
2026-03-10 17:41:53,672 [trainer.py:188] => shuffle: False
2026-03-10 17:41:53,672 [trainer.py:188] => init_cls: 65
2026-03-10 17:41:53,672 [trainer.py:188] => increment: 65
2026-03-10 17:41:53,672 [trainer.py:188] => model_name: conec_lora
2026-03-10 17:41:53,672 [trainer.py:188] => backbone_type: vit_base_patch16_224_conec_lora
2026-03-10 17:41:53,672 [trainer.py:188] => temporary_classifier_type: ClassifierType.Single_Stochastic_Classifier
2026-03-10 17:41:53,672 [trainer.py:188] => classifier_type: ClassifierType.Separate_Stochastic_Classifiers
2026-03-10 17:41:53,672 [trainer.py:188] => use_proxy_classifier: True
2026-03-10 17:41:53,672 [trainer.py:188] => LoRA_downsize_dimension: 8
2026-03-10 17:41:53,672 [trainer.py:188] => generation_strategy: GenerationStrategy.GMM_with_generator_loss
2026-03-10 17:41:53,672 [trainer.py:188] => n_components: 2
2026-03-10 17:41:53,672 [trainer.py:188] => use_CLS_token_for_domain_classification: False
2026-03-10 17:41:53,672 [trainer.py:188] => normalize_features_for_domain_classification: False
2026-03-10 17:41:53,672 [trainer.py:188] => chosen_layers_for_intermediate_domain_classifiers: ['0', '1', '2', '3', '4', '5', '6', '7', '8', '9', '10', '11']
2026-03-10 17:41:53,672 [trainer.py:188] => confidence_threshold: 0.9
2026-03-10 17:41:53,672 [trainer.py:188] => freeze_B_matrices_in_shared_LoRAs: True
2026-03-10 17:41:53,672 [trainer.py:188] => epochs: 40
2026-03-10 17:41:53,672 [trainer.py:188] => epochs_domain_classifier_training: 40
2026-03-10 17:41:53,672 [trainer.py:188] => use_transformation_module: True
2026-03-10 17:41:53,672 [trainer.py:188] => lr_default: 0.02
2026-03-10 17:41:53,672 [trainer.py:188] => lr_LoRAs: 0.02
2026-03-10 17:41:53,672 [trainer.py:188] => lr_classifier: 0.02
2026-03-10 17:41:53,673 [trainer.py:188] => lr_temporary_classifier: 0.02
2026-03-10 17:41:53,673 [trainer.py:188] => lr_Auxiliary_network: 0.02
2026-03-10 17:41:53,673 [trainer.py:188] => lr_domain_classifiers: 0.002
2026-03-10 17:41:53,673 [trainer.py:188] => lr_transformation_module: 0.0001
2026-03-10 17:41:53,673 [trainer.py:188] => weight_decay: 0.0002
2026-03-10 17:41:53,673 [trainer.py:188] => weight_decay_classifiers: 2e-05
2026-03-10 17:41:53,673 [trainer.py:188] => weight_decay_domain_classifiers: 0.0002
2026-03-10 17:41:53,673 [trainer.py:188] => weight_decay_transformation_module: 0.0002
2026-03-10 17:41:53,673 [trainer.py:188] => bias_domain_classifier: False
2026-03-10 17:41:53,673 [trainer.py:188] => min_lr: 0
2026-03-10 17:41:53,673 [trainer.py:188] => optimizer: sgd
2026-03-10 17:41:53,673 [trainer.py:188] => scheduler: cosine
2026-03-10 17:41:53,673 [trainer.py:188] => lambda_1: 5.0
2026-03-10 17:41:53,673 [trainer.py:188] => lambda_2: 2.0
2026-03-10 17:41:53,673 [trainer.py:188] => margin: 1.0
2026-03-10 17:41:53,673 [trainer.py:188] => kd_temperature: 2.0
2026-03-10 17:41:53,673 [trainer.py:188] => LoRA_qkv_mask: [1, 0, 1]
2026-03-10 17:41:53,673 [trainer.py:188] => LoRA_shared_layers_ids_list: ['0', '1', '2', '3', '4', '5']
2026-03-10 17:41:53,673 [trainer.py:188] => LoRA_domain_specfic_layers_ids_list: ['6', '7', '8', '9', '10', '11']
2026-03-10 17:41:53,673 [trainer.py:188] => use_block_weight: False
2026-03-10 17:41:53,673 [trainer.py:188] => use_reweight: False
2026-03-10 17:41:53,673 [trainer.py:188] => embd_dim: 768
2026-03-10 17:41:53,673 [trainer.py:188] => seed: 0
2026-03-10 17:41:53,673 [trainer.py:188] => epsilon: 1e-08
2026-03-10 17:41:53,673 [trainer.py:188] => init_milestones: [20, 30, 40]
2026-03-10 17:41:53,673 [trainer.py:188] => lr_default_decay: 0.1
2026-03-10 17:41:53,673 [trainer.py:188] => milestones: [20, 30]
2026-03-10 17:41:53,673 [trainer.py:188] => batch_size: 64
2026-03-10 17:41:53,673 [trainer.py:188] => num_workers: 8
2026-03-10 17:41:53,673 [trainer.py:188] => debugging: False
2026-03-10 17:41:53,673 [trainer.py:188] => logdir: logs
2026-03-10 17:41:53,673 [trainer.py:188] => save_last_model: False
2026-03-10 17:41:53,673 [trainer.py:188] => save_model_after_each_task: False
2026-03-10 17:41:53,673 [trainer.py:188] => load_path: 
2026-03-10 17:41:53,673 [trainer.py:188] => temperature_stochastic_classifier: 16.0
2026-03-10 17:41:53,673 [trainer.py:188] => max_iter_for_GMM: 100
2026-03-10 17:41:53,673 [trainer.py:188] => tol_for_GMM: 0.001
2026-03-10 17:41:53,673 [trainer.py:188] => cache_synthetic_embeddings: True
2026-03-10 17:41:53,673 [trainer.py:188] => max_number_of_embeddings_in_memory: 100000000.0
2026-03-10 17:41:53,673 [trainer.py:188] => UMAP: False
2026-03-10 17:41:53,673 [trainer.py:189] => ----------------------------------------------------------------------------------------------------
2026-03-10 17:41:53,692 [data_manager.py:165] => [0, 1, 2, 3, 4, 5, 6, 7, 8, 9, 10, 11, 12, 13, 14, 15, 16, 17, 18, 19, 20, 21, 22, 23, 24, 25, 26, 27, 28, 29, 30, 31, 32, 33, 34, 35, 36, 37, 38, 39, 40, 41, 42, 43, 44, 45, 46, 47, 48, 49, 50, 51, 52, 53, 54, 55, 56, 57, 58, 59, 60, 61, 62, 63, 64, 65, 66, 67, 68, 69, 70, 71, 72, 73, 74, 75, 76, 77, 78, 79, 80, 81, 82, 83, 84, 85, 86, 87, 88, 89, 90, 91, 92, 93, 94, 95, 96, 97, 98, 99, 100, 101, 102, 103, 104, 105, 106, 107, 108, 109, 110, 111, 112, 113, 114, 115, 116, 117, 118, 119, 120, 121, 122, 123, 124, 125, 126, 127, 128, 129, 130, 131, 132, 133, 134, 135, 136, 137, 138, 139, 140, 141, 142, 143, 144, 145, 146, 147, 148, 149, 150, 151, 152, 153, 154, 155, 156, 157, 158, 159, 160, 161, 162, 163, 164, 165, 166, 167, 168, 169, 170, 171, 172, 173, 174, 175, 176, 177, 178, 179, 180, 181, 182, 183, 184, 185, 186, 187, 188, 189, 190, 191, 192, 193, 194, 195, 196, 197, 198, 199, 200, 201, 202, 203, 204, 205, 206, 207, 208, 209, 210, 211, 212, 213, 214, 215, 216, 217, 218, 219, 220, 221, 222, 223, 224, 225, 226, 227, 228, 229, 230, 231, 232, 233, 234, 235, 236, 237, 238, 239, 240, 241, 242, 243, 244, 245, 246, 247, 248, 249, 250, 251, 252, 253, 254, 255, 256, 257, 258, 259]
2026-03-10 17:41:54,580 [_builder.py:217] => Loading pretrained weights from Hugging Face hub (timm/vit_base_patch16_224.augreg2_in21k_ft_in1k)
2026-03-10 17:41:54,872 [_client.py:1025] => HTTP Request: HEAD https://huggingface.co/timm/vit_base_patch16_224.augreg2_in21k_ft_in1k/resolve/main/model.safetensors "HTTP/1.1 302 Found"
2026-03-10 17:41:54,873 [_hub.py:232] => [timm/vit_base_patch16_224.augreg2_in21k_ft_in1k] Safe alternative available for 'pytorch_model.bin' (as 'model.safetensors'). Loading weights using safetensors.
2026-03-10 17:41:54,922 [conec_lora.py:109] => Learning on 0-65
2026-03-10 17:41:54,965 [our_utils.py:157] => Number of learnable parameters of LoRAs regularized: 221184
2026-03-10 17:41:54,965 [our_utils.py:157] => Number of learnable parameters of proxy_fc regularized: 99840
2026-03-10 17:41:54,965 [our_utils.py:159] => Total number of learnable parameters: 321024
2026-03-10 17:41:54,966 [conec_lora.py:161] => Training the domain 0 ...
2026-03-10 17:42:00,323 [conec_lora.py:238] => Task 0, Epoch 1/40 => Loss 2.223, Train_accy 53.18
2026-03-10 17:42:05,450 [conec_lora.py:238] => Task 0, Epoch 2/40 => Loss 0.669, Train_accy 86.17
2026-03-10 17:42:10,569 [conec_lora.py:238] => Task 0, Epoch 3/40 => Loss 0.423, Train_accy 91.38
2026-03-10 17:42:15,722 [conec_lora.py:238] => Task 0, Epoch 4/40 => Loss 0.351, Train_accy 93.11
2026-03-10 17:42:20,853 [conec_lora.py:238] => Task 0, Epoch 5/40 => Loss 0.294, Train_accy 94.16
2026-03-10 17:42:26,005 [conec_lora.py:238] => Task 0, Epoch 6/40 => Loss 0.264, Train_accy 95.83
2026-03-10 17:42:31,131 [conec_lora.py:238] => Task 0, Epoch 7/40 => Loss 0.227, Train_accy 96.30
2026-03-10 17:42:36,299 [conec_lora.py:238] => Task 0, Epoch 8/40 => Loss 0.215, Train_accy 97.16
2026-03-10 17:42:41,446 [conec_lora.py:238] => Task 0, Epoch 9/40 => Loss 0.191, Train_accy 97.05
2026-03-10 17:42:46,608 [conec_lora.py:238] => Task 0, Epoch 10/40 => Loss 0.181, Train_accy 97.86
2026-03-10 17:42:51,779 [conec_lora.py:238] => Task 0, Epoch 11/40 => Loss 0.162, Train_accy 97.69
2026-03-10 17:42:56,918 [conec_lora.py:238] => Task 0, Epoch 12/40 => Loss 0.152, Train_accy 98.15
2026-03-10 17:43:02,085 [conec_lora.py:238] => Task 0, Epoch 13/40 => Loss 0.150, Train_accy 98.26
2026-03-10 17:43:07,216 [conec_lora.py:238] => Task 0, Epoch 14/40 => Loss 0.155, Train_accy 98.32
2026-03-10 17:43:12,361 [conec_lora.py:238] => Task 0, Epoch 15/40 => Loss 0.136, Train_accy 98.50
2026-03-10 17:43:17,533 [conec_lora.py:238] => Task 0, Epoch 16/40 => Loss 0.130, Train_accy 98.61
2026-03-10 17:43:22,675 [conec_lora.py:238] => Task 0, Epoch 17/40 => Loss 0.136, Train_accy 98.21
2026-03-10 17:43:27,845 [conec_lora.py:238] => Task 0, Epoch 18/40 => Loss 0.128, Train_accy 98.50
2026-03-10 17:43:33,006 [conec_lora.py:238] => Task 0, Epoch 19/40 => Loss 0.118, Train_accy 98.50
2026-03-10 17:43:38,169 [conec_lora.py:238] => Task 0, Epoch 20/40 => Loss 0.117, Train_accy 98.67
2026-03-10 17:43:43,345 [conec_lora.py:238] => Task 0, Epoch 21/40 => Loss 0.117, Train_accy 98.67
2026-03-10 17:43:48,507 [conec_lora.py:238] => Task 0, Epoch 22/40 => Loss 0.105, Train_accy 99.13
2026-03-10 17:43:53,699 [conec_lora.py:238] => Task 0, Epoch 23/40 => Loss 0.107, Train_accy 99.07
2026-03-10 17:43:58,858 [conec_lora.py:238] => Task 0, Epoch 24/40 => Loss 0.103, Train_accy 99.19
2026-03-10 17:44:04,027 [conec_lora.py:238] => Task 0, Epoch 25/40 => Loss 0.100, Train_accy 98.84
2026-03-10 17:44:09,211 [conec_lora.py:238] => Task 0, Epoch 26/40 => Loss 0.106, Train_accy 98.90
2026-03-10 17:44:14,397 [conec_lora.py:238] => Task 0, Epoch 27/40 => Loss 0.096, Train_accy 99.02
2026-03-10 17:44:19,569 [conec_lora.py:238] => Task 0, Epoch 28/40 => Loss 0.099, Train_accy 98.90
2026-03-10 17:44:24,768 [conec_lora.py:238] => Task 0, Epoch 29/40 => Loss 0.104, Train_accy 98.73
2026-03-10 17:44:29,952 [conec_lora.py:238] => Task 0, Epoch 30/40 => Loss 0.091, Train_accy 99.19
2026-03-10 17:44:35,103 [conec_lora.py:238] => Task 0, Epoch 31/40 => Loss 0.089, Train_accy 99.13
2026-03-10 17:44:40,299 [conec_lora.py:238] => Task 0, Epoch 32/40 => Loss 0.089, Train_accy 98.96
2026-03-10 17:44:45,466 [conec_lora.py:238] => Task 0, Epoch 33/40 => Loss 0.090, Train_accy 99.25
2026-03-10 17:44:50,639 [conec_lora.py:238] => Task 0, Epoch 34/40 => Loss 0.101, Train_accy 99.07
2026-03-10 17:44:55,813 [conec_lora.py:238] => Task 0, Epoch 35/40 => Loss 0.090, Train_accy 99.25
2026-03-10 17:45:00,984 [conec_lora.py:238] => Task 0, Epoch 36/40 => Loss 0.089, Train_accy 99.36
2026-03-10 17:45:06,149 [conec_lora.py:238] => Task 0, Epoch 37/40 => Loss 0.092, Train_accy 98.90
2026-03-10 17:45:11,363 [conec_lora.py:238] => Task 0, Epoch 38/40 => Loss 0.086, Train_accy 99.48
2026-03-10 17:45:16,533 [conec_lora.py:238] => Task 0, Epoch 39/40 => Loss 0.094, Train_accy 99.02
2026-03-10 17:45:21,748 [conec_lora.py:238] => Task 0, Epoch 40/40 => Loss 0.085, Train_accy 99.25
2026-03-10 17:45:21,749 [conec_lora.py:367] => Calculating the prototypes for the classifier ...
2026-03-10 17:45:21,749 [conec_lora.py:336] => Obtaining the embeddings for domain 0
2026-03-10 17:45:24,620 [conec_lora.py:425] => Training the domain classifier ...
2026-03-10 17:45:24,620 [conec_lora.py:410] => Finding the number of samples to be generated ...
2026-03-10 17:45:24,620 [conec_lora.py:416] =>     We use 0 old + 64 new samples for each batch
2026-03-10 17:45:24,687 [conec_lora.py:545] => ==> Computing the statistics ...
2026-03-10 17:45:24,687 [conec_lora.py:279] => Obtaining the embeddings for domain 0 ...
2026-03-10 17:45:27,255 [conec_lora.py:558] =>     Statistics are ready for task: 0
2026-03-10 17:45:27,255 [conec_lora.py:562] => ==> Compression ...
2026-03-10 17:45:58,581 [conec_lora.py:574] => ==> Compression is done!
2026-03-10 17:46:01,444 [conec_lora.py:535] => Domain classifier training: Task 0, Epoch [1/40] lr 0.00200 Loss 0.8928, Train_acc 89.42
2026-03-10 17:46:04,157 [conec_lora.py:535] => Domain classifier training: Task 0, Epoch [2/40] lr 0.00199 Loss 0.3278, Train_acc 100.00
2026-03-10 17:46:06,877 [conec_lora.py:535] => Domain classifier training: Task 0, Epoch [3/40] lr 0.00197 Loss 0.1816, Train_acc 100.00
2026-03-10 17:46:09,558 [conec_lora.py:535] => Domain classifier training: Task 0, Epoch [4/40] lr 0.00195 Loss 0.1270, Train_acc 100.00
2026-03-10 17:46:12,295 [conec_lora.py:535] => Domain classifier training: Task 0, Epoch [5/40] lr 0.00192 Loss 0.0987, Train_acc 100.00
2026-03-10 17:46:15,006 [conec_lora.py:535] => Domain classifier training: Task 0, Epoch [6/40] lr 0.00189 Loss 0.0814, Train_acc 100.00
2026-03-10 17:46:17,729 [conec_lora.py:535] => Domain classifier training: Task 0, Epoch [7/40] lr 0.00185 Loss 0.0696, Train_acc 100.00
2026-03-10 17:46:20,426 [conec_lora.py:535] => Domain classifier training: Task 0, Epoch [8/40] lr 0.00181 Loss 0.0611, Train_acc 100.00
2026-03-10 17:46:23,126 [conec_lora.py:535] => Domain classifier training: Task 0, Epoch [9/40] lr 0.00176 Loss 0.0546, Train_acc 100.00
2026-03-10 17:46:25,849 [conec_lora.py:535] => Domain classifier training: Task 0, Epoch [10/40] lr 0.00171 Loss 0.0495, Train_acc 100.00
2026-03-10 17:46:28,589 [conec_lora.py:535] => Domain classifier training: Task 0, Epoch [11/40] lr 0.00165 Loss 0.0455, Train_acc 100.00
2026-03-10 17:46:31,322 [conec_lora.py:535] => Domain classifier training: Task 0, Epoch [12/40] lr 0.00159 Loss 0.0421, Train_acc 100.00
2026-03-10 17:46:34,060 [conec_lora.py:535] => Domain classifier training: Task 0, Epoch [13/40] lr 0.00152 Loss 0.0393, Train_acc 100.00
2026-03-10 17:46:36,797 [conec_lora.py:535] => Domain classifier training: Task 0, Epoch [14/40] lr 0.00145 Loss 0.0370, Train_acc 100.00
2026-03-10 17:46:39,546 [conec_lora.py:535] => Domain classifier training: Task 0, Epoch [15/40] lr 0.00138 Loss 0.0350, Train_acc 100.00
2026-03-10 17:46:42,319 [conec_lora.py:535] => Domain classifier training: Task 0, Epoch [16/40] lr 0.00131 Loss 0.0333, Train_acc 100.00
2026-03-10 17:46:45,038 [conec_lora.py:535] => Domain classifier training: Task 0, Epoch [17/40] lr 0.00123 Loss 0.0320, Train_acc 100.00
2026-03-10 17:46:47,771 [conec_lora.py:535] => Domain classifier training: Task 0, Epoch [18/40] lr 0.00116 Loss 0.0307, Train_acc 100.00
2026-03-10 17:46:50,491 [conec_lora.py:535] => Domain classifier training: Task 0, Epoch [19/40] lr 0.00108 Loss 0.0296, Train_acc 100.00
2026-03-10 17:46:53,212 [conec_lora.py:535] => Domain classifier training: Task 0, Epoch [20/40] lr 0.00100 Loss 0.0286, Train_acc 100.00
2026-03-10 17:46:55,950 [conec_lora.py:535] => Domain classifier training: Task 0, Epoch [21/40] lr 0.00092 Loss 0.0278, Train_acc 100.00
2026-03-10 17:46:58,670 [conec_lora.py:535] => Domain classifier training: Task 0, Epoch [22/40] lr 0.00084 Loss 0.0272, Train_acc 100.00
2026-03-10 17:47:01,372 [conec_lora.py:535] => Domain classifier training: Task 0, Epoch [23/40] lr 0.00077 Loss 0.0265, Train_acc 100.00
2026-03-10 17:47:04,078 [conec_lora.py:535] => Domain classifier training: Task 0, Epoch [24/40] lr 0.00069 Loss 0.0259, Train_acc 100.00
2026-03-10 17:47:06,807 [conec_lora.py:535] => Domain classifier training: Task 0, Epoch [25/40] lr 0.00062 Loss 0.0254, Train_acc 100.00
2026-03-10 17:47:09,537 [conec_lora.py:535] => Domain classifier training: Task 0, Epoch [26/40] lr 0.00055 Loss 0.0250, Train_acc 100.00
2026-03-10 17:47:12,282 [conec_lora.py:535] => Domain classifier training: Task 0, Epoch [27/40] lr 0.00048 Loss 0.0247, Train_acc 100.00
2026-03-10 17:47:15,052 [conec_lora.py:535] => Domain classifier training: Task 0, Epoch [28/40] lr 0.00041 Loss 0.0244, Train_acc 100.00
2026-03-10 17:47:17,784 [conec_lora.py:535] => Domain classifier training: Task 0, Epoch [29/40] lr 0.00035 Loss 0.0242, Train_acc 100.00
2026-03-10 17:47:20,526 [conec_lora.py:535] => Domain classifier training: Task 0, Epoch [30/40] lr 0.00029 Loss 0.0239, Train_acc 100.00
2026-03-10 17:47:23,269 [conec_lora.py:535] => Domain classifier training: Task 0, Epoch [31/40] lr 0.00024 Loss 0.0237, Train_acc 100.00
2026-03-10 17:47:26,023 [conec_lora.py:535] => Domain classifier training: Task 0, Epoch [32/40] lr 0.00019 Loss 0.0236, Train_acc 100.00
2026-03-10 17:47:28,756 [conec_lora.py:535] => Domain classifier training: Task 0, Epoch [33/40] lr 0.00015 Loss 0.0235, Train_acc 100.00
2026-03-10 17:47:31,463 [conec_lora.py:535] => Domain classifier training: Task 0, Epoch [34/40] lr 0.00011 Loss 0.0234, Train_acc 100.00
2026-03-10 17:47:34,210 [conec_lora.py:535] => Domain classifier training: Task 0, Epoch [35/40] lr 0.00008 Loss 0.0234, Train_acc 100.00
2026-03-10 17:47:36,934 [conec_lora.py:535] => Domain classifier training: Task 0, Epoch [36/40] lr 0.00005 Loss 0.0232, Train_acc 100.00
2026-03-10 17:47:39,663 [conec_lora.py:535] => Domain classifier training: Task 0, Epoch [37/40] lr 0.00003 Loss 0.0232, Train_acc 100.00
2026-03-10 17:47:42,379 [conec_lora.py:535] => Domain classifier training: Task 0, Epoch [38/40] lr 0.00001 Loss 0.0232, Train_acc 100.00
2026-03-10 17:47:45,105 [conec_lora.py:535] => Domain classifier training: Task 0, Epoch [39/40] lr 0.00000 Loss 0.0232, Train_acc 100.00
2026-03-10 17:47:47,828 [conec_lora.py:535] => Domain classifier training: Task 0, Epoch [40/40] lr 0.00000 Loss 0.0232, Train_acc 100.00
2026-03-10 17:47:47,982 [conec_lora.py:701] => Evaluating on the test set ...
2026-03-10 17:47:50,182 [trainer.py:102] => CNN (w/o oracle): {'total': 84.62, '0': 84.62, '0_many': 95.71, '0_medium': 85.17, '0_few': 81.38, '00-01': 90.0, '02-03': 75.0, '04-05': 90.0, '06-07': 100.0, '08-09': 100.0, '10-11': 40.0, '12-13': 85.0, '14-15': 80.0, '16-17': 65.0, '18-19': 85.0, '20-21': 95.0, '22-23': 100.0, '24-25': 90.0, '26-27': 100.0, '28-29': 90.0, '30-31': 85.0, '32-33': 80.0, '34-35': 60.0, '36-37': 100.0, '38-39': 70.0, '40-41': 80.0, '42-43': 85.0, '44-45': 85.0, '46-47': 85.0, '48-49': 90.0, '50-51': 90.0, '52-53': 90.0, '54-55': 85.0, '56-57': 90.0, '58-59': 80.0, '60-61': 80.0, '62-63': 85.0, 'old': 0.0, 'new': 84.62, 'many_shot': np.float64(95.71), 'medium_shot': np.float64(85.17), 'few_shot': np.float64(81.38)}
2026-03-10 17:47:50,182 [trainer.py:107] => Accuracies (w/o oracle) for order 1: [84.62] -> Avg.: 84.62
2026-03-10 17:47:50,182 [trainer.py:110] => CNN (with oracle): {'total': 84.31, '0': 84.31, '0_many': 95.71, '0_medium': 84.83, '0_few': 81.03, '00-01': 90.0, '02-03': 75.0, '04-05': 90.0, '06-07': 100.0, '08-09': 100.0, '10-11': 40.0, '12-13': 85.0, '14-15': 80.0, '16-17': 60.0, '18-19': 85.0, '20-21': 95.0, '22-23': 100.0, '24-25': 90.0, '26-27': 100.0, '28-29': 90.0, '30-31': 85.0, '32-33': 80.0, '34-35': 55.0, '36-37': 100.0, '38-39': 70.0, '40-41': 80.0, '42-43': 85.0, '44-45': 85.0, '46-47': 85.0, '48-49': 90.0, '50-51': 90.0, '52-53': 90.0, '54-55': 85.0, '56-57': 90.0, '58-59': 80.0, '60-61': 80.0, '62-63': 85.0, 'old': 0.0, 'new': 84.31, 'many_shot': np.float64(95.71), 'medium_shot': np.float64(84.83), 'few_shot': np.float64(81.03)}
2026-03-10 17:47:50,183 [trainer.py:115] => Accuracies (with oracle) for order 1: [84.31] -> Avg.: 84.31
2026-03-10 17:47:50,183 [trainer.py:119] => Domain classification accuracies (after each domain) for order 1:  [100.00] -> Avg.: 100.00
2026-03-10 17:47:50,183 [conec_lora.py:109] => Learning on 65-130
2026-03-10 17:47:50,190 [our_utils.py:157] => Number of learnable parameters of LoRAs regularized: 221184
2026-03-10 17:47:50,190 [our_utils.py:157] => Number of learnable parameters of proxy_fc regularized: 99840
2026-03-10 17:47:50,190 [our_utils.py:159] => Total number of learnable parameters: 321024
2026-03-10 17:47:50,190 [conec_lora.py:161] => Training the domain 1 ...
